<?xml version="1.0" encoding="UTF-8"?>
<!-- Generated by org.testng.reporters.JUnitReportReporter -->
<testsuite skipped="0" hostname="sysadm-PC" name="tripServices.TS_GET_Trips_ItineraryId" tests="1" failures="0" timestamp="17 Jan 2020 05:13:48 GMT" time="0.503" errors="0">
  <testcase name="getTripsbyItineraryId" time="0.503" classname="tripServices.TS_GET_Trips_ItineraryId"/>
</testsuite> <!-- tripServices.TS_GET_Trips_ItineraryId -->
