<?xml version="1.0" encoding="UTF-8"?>
<!-- Generated by org.testng.reporters.JUnitReportReporter -->
<testsuite skipped="0" hostname="sysadm-PC" name="tripServices.TS_TripLockExpiry" tests="1" failures="0" timestamp="17 Jan 2020 05:13:48 GMT" time="0.070" errors="0">
  <testcase name="Trip_LockExpiry" time="0.070" classname="tripServices.TS_TripLockExpiry"/>
</testsuite> <!-- tripServices.TS_TripLockExpiry -->
