<?xml version="1.0" encoding="UTF-8"?>
<!-- Generated by org.testng.reporters.JUnitReportReporter -->
<testsuite skipped="0" hostname="sysadm-PC" name="tripServices.TS_GET_SUPPLIER" tests="1" failures="0" timestamp="17 Jan 2020 05:13:48 GMT" time="6.242" errors="0">
  <testcase name="getSupplier" time="6.242" classname="tripServices.TS_GET_SUPPLIER"/>
</testsuite> <!-- tripServices.TS_GET_SUPPLIER -->
