<?xml version="1.0" encoding="UTF-8"?>
<!-- Generated by org.testng.reporters.JUnitReportReporter -->
<testsuite skipped="0" hostname="sysadm-PC" name="tripServices.TS_Finance_Scrapers" tests="1" failures="0" timestamp="17 Jan 2020 05:13:48 GMT" time="1.712" errors="0">
  <testcase name="airPostCall" time="1.712" classname="tripServices.TS_Finance_Scrapers"/>
</testsuite> <!-- tripServices.TS_Finance_Scrapers -->
