<?xml version="1.0" encoding="UTF-8"?>
<!-- Generated by org.testng.reporters.JUnitReportReporter -->
<testsuite skipped="0" hostname="sysadm-PC" name="tripServices.TS_GET_TripcountbyPNR" tests="1" failures="0" timestamp="17 Jan 2020 05:13:48 GMT" time="40.001" errors="0">
  <testcase name="getTripcount" time="40.001" classname="tripServices.TS_GET_TripcountbyPNR"/>
</testsuite> <!-- tripServices.TS_GET_TripcountbyPNR -->
