<?xml version="1.0" encoding="UTF-8"?>
<!-- Generated by org.testng.reporters.JUnitReportReporter -->
<testsuite skipped="0" hostname="sysadm-PC" name="tripServices.Accounts_FetchtripdetailsByPersonid" tests="1" failures="0" timestamp="17 Jan 2020 05:13:48 GMT" time="3.606" errors="0">
  <testcase name="Accounts_FetchByPersonid" time="3.606" classname="tripServices.Accounts_FetchtripdetailsByPersonid"/>
</testsuite> <!-- tripServices.Accounts_FetchtripdetailsByPersonid -->
