<?xml version="1.0" encoding="UTF-8"?>
<!-- Generated by org.testng.reporters.JUnitReportReporter -->
<testsuite skipped="0" hostname="sysadm-PC" name="tripServices.Accounts_FetchtripdetailsByTripid" tests="1" failures="0" timestamp="17 Jan 2020 05:13:48 GMT" time="6.681" errors="0">
  <testcase name="Accounts_FetchByTripid" time="6.681" classname="tripServices.Accounts_FetchtripdetailsByTripid"/>
</testsuite> <!-- tripServices.Accounts_FetchtripdetailsByTripid -->
