<?xml version="1.0" encoding="UTF-8"?>
<!-- Generated by org.testng.reporters.JUnitReportReporter -->
<testsuite skipped="0" hostname="sysadm-PC" name="tripServices.Accounts_FetchtripdetailsByTripref" tests="1" failures="0" timestamp="17 Jan 2020 05:13:48 GMT" time="6.661" errors="0">
  <testcase name="Accounts_FetchByTripref" time="6.661" classname="tripServices.Accounts_FetchtripdetailsByTripref"/>
</testsuite> <!-- tripServices.Accounts_FetchtripdetailsByTripref -->
