<?xml version="1.0" encoding="UTF-8"?>
<!-- Generated by org.testng.reporters.JUnitReportReporter -->
<testsuite skipped="0" hostname="sysadm-PC" name="tripServices.Accounts_FetchtripdetailsByUserid" tests="1" failures="0" timestamp="17 Jan 2020 05:13:48 GMT" time="5.298" errors="0">
  <testcase name="Accounts_FetchByUserid" time="5.298" classname="tripServices.Accounts_FetchtripdetailsByUserid"/>
</testsuite> <!-- tripServices.Accounts_FetchtripdetailsByUserid -->
