<?xml version="1.0" encoding="UTF-8"?>
<!-- Generated by org.testng.reporters.JUnitReportReporter -->
<testsuite skipped="0" hostname="sysadm-PC" name="tripServices.TS_PUT_Trips" tests="1" failures="0" timestamp="17 Jan 2020 05:13:48 GMT" time="1.209" errors="0">
  <testcase name="PutTrips" time="1.209" classname="tripServices.TS_PUT_Trips"/>
</testsuite> <!-- tripServices.TS_PUT_Trips -->
