<?xml version="1.0" encoding="UTF-8"?>
<!-- Generated by org.testng.reporters.JUnitReportReporter -->
<testsuite name="com.cleartrip.platform.accounts.Wallet_Bal_Mob_API" tests="1" time="1.980" ignored="0" failures="0" timestamp="25 Apr 2019 11:24:09 GMT" skipped="0" hostname="sysadm-PC" errors="0">
  <testcase name="fetchWallet" time="1.980" classname="com.cleartrip.platform.accounts.Wallet_Bal_Mob_API"/>
</testsuite> <!-- com.cleartrip.platform.accounts.Wallet_Bal_Mob_API -->
