<?xml version="1.0" encoding="UTF-8"?>
<!-- Generated by org.testng.reporters.JUnitReportReporter -->
<testsuite name="com.cleartrip.platform.payments.API_GV" tests="1" time="8.728" ignored="0" failures="0" timestamp="10 Jan 2019 04:21:43 GMT" skipped="0" hostname="sysadm-PC" errors="0">
  <testcase name="paymentGV_API" time="8.728" classname="com.cleartrip.platform.payments.API_GV"/>
</testsuite> <!-- com.cleartrip.platform.payments.API_GV -->
