<?xml version="1.0" encoding="UTF-8"?>
<!-- Generated by org.testng.reporters.JUnitReportReporter -->
<testsuite name="com.cleartrip.payment.nodejs.Air_Emails" tests="1809" time="2.434" ignored="0" failures="0" timestamp="14 May 2019 11:03:41 GMT" skipped="1808" hostname="sysadm-PC" errors="1">
  <testcase name="gmailsignin" time="0.001" classname="com.cleartrip.payment.nodejs.Air_Emails">
    <skipped/>
  </testcase> <!-- gmailsignin -->
  <testcase name="gmailsignin" time="0.002" classname="com.cleartrip.payment.nodejs.Air_Emails">
    <skipped/>
  </testcase> <!-- gmailsignin -->
  <testcase name="gmailsignin" time="0.001" classname="com.cleartrip.payment.nodejs.Air_Emails">
    <skipped/>
  </testcase> <!-- gmailsignin -->
  <testcase name="gmailsignin" time="0.002" classname="com.cleartrip.payment.nodejs.Air_Emails">
    <skipped/>
  </testcase> <!-- gmailsignin -->
  <testcase name="gmailsignin" time="0.000" classname="com.cleartrip.payment.nodejs.Air_Emails">
    <skipped/>
  </testcase> <!-- gmailsignin -->
  <testcase name="gmailsignin" time="0.000" classname="com.cleartrip.payment.nodejs.Air_Emails">
    <skipped/>
  </testcase> <!-- gmailsignin -->
  <testcase name="gmailsignin" time="0.001" classname="com.cleartrip.payment.nodejs.Air_Emails">
    <skipped/>
  </testcase> <!-- gmailsignin -->
  <testcase name="gmailsignin" time="0.001" classname="com.cleartrip.payment.nodejs.Air_Emails">
    <skipped/>
  </testcase> <!-- gmailsignin -->
  <testcase name="gmailsignin" time="0.002" classname="com.cleartrip.payment.nodejs.Air_Emails">
    <skipped/>
  </testcase> <!-- gmailsignin -->
  <testcase name="gmailsignin" time="0.001" classname="com.cleartrip.payment.nodejs.Air_Emails">
    <skipped/>
  </testcase> <!-- gmailsignin -->
  <testcase name="gmailsignin" time="0.000" classname="com.cleartrip.payment.nodejs.Air_Emails">
    <skipped/>
  </testcase> <!-- gmailsignin -->
  <testcase name="gmailsignin" time="0.002" classname="com.cleartrip.payment.nodejs.Air_Emails">
    <skipped/>
  </testcase> <!-- gmailsignin -->
  <testcase name="gmailsignin" time="0.000" classname="com.cleartrip.payment.nodejs.Air_Emails">
    <skipped/>
  </testcase> <!-- gmailsignin -->
  <testcase name="gmailsignin" time="0.004" classname="com.cleartrip.payment.nodejs.Air_Emails">
    <skipped/>
  </testcase> <!-- gmailsignin -->
  <testcase name="gmailsignin" time="0.003" classname="com.cleartrip.payment.nodejs.Air_Emails">
    <skipped/>
  </testcase> <!-- gmailsignin -->
  <testcase name="gmailsignin" time="0.000" classname="com.cleartrip.payment.nodejs.Air_Emails">
    <skipped/>
  </testcase> <!-- gmailsignin -->
  <testcase name="gmailsignin" time="0.000" classname="com.cleartrip.payment.nodejs.Air_Emails">
    <skipped/>
  </testcase> <!-- gmailsignin -->
  <testcase name="gmailsignin" time="0.000" classname="com.cleartrip.payment.nodejs.Air_Emails">
    <skipped/>
  </testcase> <!-- gmailsignin -->
  <testcase name="gmailsignin" time="0.000" classname="com.cleartrip.payment.nodejs.Air_Emails">
    <skipped/>
  </testcase> <!-- gmailsignin -->
  <testcase name="gmailsignin" time="0.000" classname="com.cleartrip.payment.nodejs.Air_Emails">
    <skipped/>
  </testcase> <!-- gmailsignin -->
  <testcase name="gmailsignin" time="0.004" classname="com.cleartrip.payment.nodejs.Air_Emails">
    <skipped/>
  </testcase> <!-- gmailsignin -->
  <testcase name="gmailsignin" time="0.001" classname="com.cleartrip.payment.nodejs.Air_Emails">
    <skipped/>
  </testcase> <!-- gmailsignin -->
  <testcase name="gmailsignin" time="0.001" classname="com.cleartrip.payment.nodejs.Air_Emails">
    <skipped/>
  </testcase> <!-- gmailsignin -->
  <testcase name="gmailsignin" time="0.001" classname="com.cleartrip.payment.nodejs.Air_Emails">
    <skipped/>
  </testcase> <!-- gmailsignin -->
  <testcase name="gmailsignin" time="0.000" classname="com.cleartrip.payment.nodejs.Air_Emails">
    <skipped/>
  </testcase> <!-- gmailsignin -->
  <testcase name="gmailsignin" time="0.000" classname="com.cleartrip.payment.nodejs.Air_Emails">
    <skipped/>
  </testcase> <!-- gmailsignin -->
  <testcase name="gmailsignin" time="0.000" classname="com.cleartrip.payment.nodejs.Air_Emails">
    <skipped/>
  </testcase> <!-- gmailsignin -->
  <testcase name="gmailsignin" time="0.004" classname="com.cleartrip.payment.nodejs.Air_Emails">
    <skipped/>
  </testcase> <!-- gmailsignin -->
  <testcase name="gmailsignin" time="0.000" classname="com.cleartrip.payment.nodejs.Air_Emails">
    <skipped/>
  </testcase> <!-- gmailsignin -->
  <testcase name="gmailsignin" time="0.001" classname="com.cleartrip.payment.nodejs.Air_Emails">
    <skipped/>
  </testcase> <!-- gmailsignin -->
  <testcase name="gmailsignin" time="0.000" classname="com.cleartrip.payment.nodejs.Air_Emails">
    <skipped/>
  </testcase> <!-- gmailsignin -->
  <testcase name="gmailsignin" time="0.000" classname="com.cleartrip.payment.nodejs.Air_Emails">
    <skipped/>
  </testcase> <!-- gmailsignin -->
  <testcase name="gmailsignin" time="0.000" classname="com.cleartrip.payment.nodejs.Air_Emails">
    <skipped/>
  </testcase> <!-- gmailsignin -->
  <testcase name="gmailsignin" time="0.000" classname="com.cleartrip.payment.nodejs.Air_Emails">
    <skipped/>
  </testcase> <!-- gmailsignin -->
  <testcase name="gmailsignin" time="0.001" classname="com.cleartrip.payment.nodejs.Air_Emails">
    <skipped/>
  </testcase> <!-- gmailsignin -->
  <testcase name="gmailsignin" time="0.000" classname="com.cleartrip.payment.nodejs.Air_Emails">
    <skipped/>
  </testcase> <!-- gmailsignin -->
  <testcase name="gmailsignin" time="0.000" classname="com.cleartrip.payment.nodejs.Air_Emails">
    <skipped/>
  </testcase> <!-- gmailsignin -->
  <testcase name="gmailsignin" time="0.000" classname="com.cleartrip.payment.nodejs.Air_Emails">
    <skipped/>
  </testcase> <!-- gmailsignin -->
  <testcase name="gmailsignin" time="0.002" classname="com.cleartrip.payment.nodejs.Air_Emails">
    <skipped/>
  </testcase> <!-- gmailsignin -->
  <testcase name="gmailsignin" time="0.000" classname="com.cleartrip.payment.nodejs.Air_Emails">
    <skipped/>
  </testcase> <!-- gmailsignin -->
  <testcase name="gmailsignin" time="0.000" classname="com.cleartrip.payment.nodejs.Air_Emails">
    <skipped/>
  </testcase> <!-- gmailsignin -->
  <testcase name="gmailsignin" time="0.003" classname="com.cleartrip.payment.nodejs.Air_Emails">
    <skipped/>
  </testcase> <!-- gmailsignin -->
  <testcase name="gmailsignin" time="0.001" classname="com.cleartrip.payment.nodejs.Air_Emails">
    <skipped/>
  </testcase> <!-- gmailsignin -->
  <testcase name="gmailsignin" time="0.000" classname="com.cleartrip.payment.nodejs.Air_Emails">
    <skipped/>
  </testcase> <!-- gmailsignin -->
  <testcase name="gmailsignin" time="0.000" classname="com.cleartrip.payment.nodejs.Air_Emails">
    <skipped/>
  </testcase> <!-- gmailsignin -->
  <testcase name="gmailsignin" time="0.000" classname="com.cleartrip.payment.nodejs.Air_Emails">
    <skipped/>
  </testcase> <!-- gmailsignin -->
  <testcase name="gmailsignin" time="0.003" classname="com.cleartrip.payment.nodejs.Air_Emails">
    <skipped/>
  </testcase> <!-- gmailsignin -->
  <testcase name="gmailsignin" time="0.000" classname="com.cleartrip.payment.nodejs.Air_Emails">
    <skipped/>
  </testcase> <!-- gmailsignin -->
  <testcase name="gmailsignin" time="0.000" classname="com.cleartrip.payment.nodejs.Air_Emails">
    <skipped/>
  </testcase> <!-- gmailsignin -->
  <testcase name="gmailsignin" time="0.000" classname="com.cleartrip.payment.nodejs.Air_Emails">
    <skipped/>
  </testcase> <!-- gmailsignin -->
  <testcase name="gmailsignin" time="0.001" classname="com.cleartrip.payment.nodejs.Air_Emails">
    <skipped/>
  </testcase> <!-- gmailsignin -->
  <testcase name="gmailsignin" time="0.000" classname="com.cleartrip.payment.nodejs.Air_Emails">
    <skipped/>
  </testcase> <!-- gmailsignin -->
  <testcase name="gmailsignin" time="0.000" classname="com.cleartrip.payment.nodejs.Air_Emails">
    <skipped/>
  </testcase> <!-- gmailsignin -->
  <testcase name="gmailsignin" time="0.000" classname="com.cleartrip.payment.nodejs.Air_Emails">
    <skipped/>
  </testcase> <!-- gmailsignin -->
  <testcase name="gmailsignin" time="0.000" classname="com.cleartrip.payment.nodejs.Air_Emails">
    <skipped/>
  </testcase> <!-- gmailsignin -->
  <testcase name="gmailsignin" time="0.000" classname="com.cleartrip.payment.nodejs.Air_Emails">
    <skipped/>
  </testcase> <!-- gmailsignin -->
  <testcase name="gmailsignin" time="0.000" classname="com.cleartrip.payment.nodejs.Air_Emails">
    <skipped/>
  </testcase> <!-- gmailsignin -->
  <testcase name="gmailsignin" time="0.002" classname="com.cleartrip.payment.nodejs.Air_Emails">
    <skipped/>
  </testcase> <!-- gmailsignin -->
  <testcase name="gmailsignin" time="0.000" classname="com.cleartrip.payment.nodejs.Air_Emails">
    <skipped/>
  </testcase> <!-- gmailsignin -->
  <testcase name="gmailsignin" time="0.000" classname="com.cleartrip.payment.nodejs.Air_Emails">
    <skipped/>
  </testcase> <!-- gmailsignin -->
  <testcase name="gmailsignin" time="0.000" classname="com.cleartrip.payment.nodejs.Air_Emails">
    <skipped/>
  </testcase> <!-- gmailsignin -->
  <testcase name="gmailsignin" time="0.000" classname="com.cleartrip.payment.nodejs.Air_Emails">
    <skipped/>
  </testcase> <!-- gmailsignin -->
  <testcase name="gmailsignin" time="0.000" classname="com.cleartrip.payment.nodejs.Air_Emails">
    <skipped/>
  </testcase> <!-- gmailsignin -->
  <testcase name="gmailsignin" time="0.001" classname="com.cleartrip.payment.nodejs.Air_Emails">
    <skipped/>
  </testcase> <!-- gmailsignin -->
  <testcase name="gmailsignin" time="0.001" classname="com.cleartrip.payment.nodejs.Air_Emails">
    <skipped/>
  </testcase> <!-- gmailsignin -->
  <testcase name="gmailsignin" time="0.003" classname="com.cleartrip.payment.nodejs.Air_Emails">
    <skipped/>
  </testcase> <!-- gmailsignin -->
  <testcase name="gmailsignin" time="0.001" classname="com.cleartrip.payment.nodejs.Air_Emails">
    <skipped/>
  </testcase> <!-- gmailsignin -->
  <testcase name="gmailsignin" time="0.000" classname="com.cleartrip.payment.nodejs.Air_Emails">
    <skipped/>
  </testcase> <!-- gmailsignin -->
  <testcase name="gmailsignin" time="0.001" classname="com.cleartrip.payment.nodejs.Air_Emails">
    <skipped/>
  </testcase> <!-- gmailsignin -->
  <testcase name="gmailsignin" time="0.003" classname="com.cleartrip.payment.nodejs.Air_Emails">
    <skipped/>
  </testcase> <!-- gmailsignin -->
  <testcase name="gmailsignin" time="0.000" classname="com.cleartrip.payment.nodejs.Air_Emails">
    <skipped/>
  </testcase> <!-- gmailsignin -->
  <testcase name="gmailsignin" time="0.000" classname="com.cleartrip.payment.nodejs.Air_Emails">
    <skipped/>
  </testcase> <!-- gmailsignin -->
  <testcase name="gmailsignin" time="0.000" classname="com.cleartrip.payment.nodejs.Air_Emails">
    <skipped/>
  </testcase> <!-- gmailsignin -->
  <testcase name="gmailsignin" time="0.000" classname="com.cleartrip.payment.nodejs.Air_Emails">
    <skipped/>
  </testcase> <!-- gmailsignin -->
  <testcase name="gmailsignin" time="0.004" classname="com.cleartrip.payment.nodejs.Air_Emails">
    <skipped/>
  </testcase> <!-- gmailsignin -->
  <testcase name="gmailsignin" time="0.001" classname="com.cleartrip.payment.nodejs.Air_Emails">
    <skipped/>
  </testcase> <!-- gmailsignin -->
  <testcase name="gmailsignin" time="0.000" classname="com.cleartrip.payment.nodejs.Air_Emails">
    <skipped/>
  </testcase> <!-- gmailsignin -->
  <testcase name="gmailsignin" time="0.000" classname="com.cleartrip.payment.nodejs.Air_Emails">
    <skipped/>
  </testcase> <!-- gmailsignin -->
  <testcase name="gmailsignin" time="0.001" classname="com.cleartrip.payment.nodejs.Air_Emails">
    <skipped/>
  </testcase> <!-- gmailsignin -->
  <testcase name="gmailsignin" time="0.001" classname="com.cleartrip.payment.nodejs.Air_Emails">
    <skipped/>
  </testcase> <!-- gmailsignin -->
  <testcase name="gmailsignin" time="0.001" classname="com.cleartrip.payment.nodejs.Air_Emails">
    <skipped/>
  </testcase> <!-- gmailsignin -->
  <testcase name="gmailsignin" time="0.000" classname="com.cleartrip.payment.nodejs.Air_Emails">
    <skipped/>
  </testcase> <!-- gmailsignin -->
  <testcase name="gmailsignin" time="0.000" classname="com.cleartrip.payment.nodejs.Air_Emails">
    <skipped/>
  </testcase> <!-- gmailsignin -->
  <testcase name="gmailsignin" time="0.000" classname="com.cleartrip.payment.nodejs.Air_Emails">
    <skipped/>
  </testcase> <!-- gmailsignin -->
  <testcase name="gmailsignin" time="0.001" classname="com.cleartrip.payment.nodejs.Air_Emails">
    <skipped/>
  </testcase> <!-- gmailsignin -->
  <testcase name="gmailsignin" time="0.002" classname="com.cleartrip.payment.nodejs.Air_Emails">
    <skipped/>
  </testcase> <!-- gmailsignin -->
  <testcase name="gmailsignin" time="0.001" classname="com.cleartrip.payment.nodejs.Air_Emails">
    <skipped/>
  </testcase> <!-- gmailsignin -->
  <testcase name="gmailsignin" time="0.001" classname="com.cleartrip.payment.nodejs.Air_Emails">
    <skipped/>
  </testcase> <!-- gmailsignin -->
  <testcase name="gmailsignin" time="0.001" classname="com.cleartrip.payment.nodejs.Air_Emails">
    <skipped/>
  </testcase> <!-- gmailsignin -->
  <testcase name="gmailsignin" time="0.000" classname="com.cleartrip.payment.nodejs.Air_Emails">
    <skipped/>
  </testcase> <!-- gmailsignin -->
  <testcase name="gmailsignin" time="0.001" classname="com.cleartrip.payment.nodejs.Air_Emails">
    <skipped/>
  </testcase> <!-- gmailsignin -->
  <testcase name="gmailsignin" time="0.001" classname="com.cleartrip.payment.nodejs.Air_Emails">
    <skipped/>
  </testcase> <!-- gmailsignin -->
  <testcase name="gmailsignin" time="0.001" classname="com.cleartrip.payment.nodejs.Air_Emails">
    <skipped/>
  </testcase> <!-- gmailsignin -->
  <testcase name="gmailsignin" time="0.002" classname="com.cleartrip.payment.nodejs.Air_Emails">
    <skipped/>
  </testcase> <!-- gmailsignin -->
  <testcase name="gmailsignin" time="0.001" classname="com.cleartrip.payment.nodejs.Air_Emails">
    <skipped/>
  </testcase> <!-- gmailsignin -->
  <testcase name="gmailsignin" time="0.001" classname="com.cleartrip.payment.nodejs.Air_Emails">
    <skipped/>
  </testcase> <!-- gmailsignin -->
  <testcase name="gmailsignin" time="0.000" classname="com.cleartrip.payment.nodejs.Air_Emails">
    <skipped/>
  </testcase> <!-- gmailsignin -->
  <testcase name="gmailsignin" time="0.000" classname="com.cleartrip.payment.nodejs.Air_Emails">
    <skipped/>
  </testcase> <!-- gmailsignin -->
  <testcase name="gmailsignin" time="0.005" classname="com.cleartrip.payment.nodejs.Air_Emails">
    <skipped/>
  </testcase> <!-- gmailsignin -->
  <testcase name="gmailsignin" time="0.000" classname="com.cleartrip.payment.nodejs.Air_Emails">
    <skipped/>
  </testcase> <!-- gmailsignin -->
  <testcase name="gmailsignin" time="0.000" classname="com.cleartrip.payment.nodejs.Air_Emails">
    <skipped/>
  </testcase> <!-- gmailsignin -->
  <testcase name="gmailsignin" time="0.001" classname="com.cleartrip.payment.nodejs.Air_Emails">
    <skipped/>
  </testcase> <!-- gmailsignin -->
  <testcase name="gmailsignin" time="0.002" classname="com.cleartrip.payment.nodejs.Air_Emails">
    <skipped/>
  </testcase> <!-- gmailsignin -->
  <testcase name="gmailsignin" time="0.003" classname="com.cleartrip.payment.nodejs.Air_Emails">
    <skipped/>
  </testcase> <!-- gmailsignin -->
  <testcase name="gmailsignin" time="0.001" classname="com.cleartrip.payment.nodejs.Air_Emails">
    <skipped/>
  </testcase> <!-- gmailsignin -->
  <testcase name="gmailsignin" time="0.005" classname="com.cleartrip.payment.nodejs.Air_Emails">
    <skipped/>
  </testcase> <!-- gmailsignin -->
  <testcase name="gmailsignin" time="0.001" classname="com.cleartrip.payment.nodejs.Air_Emails">
    <skipped/>
  </testcase> <!-- gmailsignin -->
  <testcase name="gmailsignin" time="0.002" classname="com.cleartrip.payment.nodejs.Air_Emails">
    <skipped/>
  </testcase> <!-- gmailsignin -->
  <testcase name="gmailsignin" time="0.001" classname="com.cleartrip.payment.nodejs.Air_Emails">
    <skipped/>
  </testcase> <!-- gmailsignin -->
  <testcase name="gmailsignin" time="0.000" classname="com.cleartrip.payment.nodejs.Air_Emails">
    <skipped/>
  </testcase> <!-- gmailsignin -->
  <testcase name="gmailsignin" time="0.001" classname="com.cleartrip.payment.nodejs.Air_Emails">
    <skipped/>
  </testcase> <!-- gmailsignin -->
  <testcase name="gmailsignin" time="0.000" classname="com.cleartrip.payment.nodejs.Air_Emails">
    <skipped/>
  </testcase> <!-- gmailsignin -->
  <testcase name="gmailsignin" time="0.001" classname="com.cleartrip.payment.nodejs.Air_Emails">
    <skipped/>
  </testcase> <!-- gmailsignin -->
  <testcase name="gmailsignin" time="0.002" classname="com.cleartrip.payment.nodejs.Air_Emails">
    <skipped/>
  </testcase> <!-- gmailsignin -->
  <testcase name="gmailsignin" time="0.001" classname="com.cleartrip.payment.nodejs.Air_Emails">
    <skipped/>
  </testcase> <!-- gmailsignin -->
  <testcase name="gmailsignin" time="0.000" classname="com.cleartrip.payment.nodejs.Air_Emails">
    <skipped/>
  </testcase> <!-- gmailsignin -->
  <testcase name="gmailsignin" time="0.000" classname="com.cleartrip.payment.nodejs.Air_Emails">
    <skipped/>
  </testcase> <!-- gmailsignin -->
  <testcase name="gmailsignin" time="0.001" classname="com.cleartrip.payment.nodejs.Air_Emails">
    <skipped/>
  </testcase> <!-- gmailsignin -->
  <testcase name="gmailsignin" time="0.000" classname="com.cleartrip.payment.nodejs.Air_Emails">
    <skipped/>
  </testcase> <!-- gmailsignin -->
  <testcase name="gmailsignin" time="0.000" classname="com.cleartrip.payment.nodejs.Air_Emails">
    <skipped/>
  </testcase> <!-- gmailsignin -->
  <testcase name="gmailsignin" time="0.001" classname="com.cleartrip.payment.nodejs.Air_Emails">
    <skipped/>
  </testcase> <!-- gmailsignin -->
  <testcase name="gmailsignin" time="0.001" classname="com.cleartrip.payment.nodejs.Air_Emails">
    <skipped/>
  </testcase> <!-- gmailsignin -->
  <testcase name="gmailsignin" time="0.001" classname="com.cleartrip.payment.nodejs.Air_Emails">
    <skipped/>
  </testcase> <!-- gmailsignin -->
  <testcase name="gmailsignin" time="0.002" classname="com.cleartrip.payment.nodejs.Air_Emails">
    <skipped/>
  </testcase> <!-- gmailsignin -->
  <testcase name="gmailsignin" time="0.000" classname="com.cleartrip.payment.nodejs.Air_Emails">
    <skipped/>
  </testcase> <!-- gmailsignin -->
  <testcase name="gmailsignin" time="0.000" classname="com.cleartrip.payment.nodejs.Air_Emails">
    <skipped/>
  </testcase> <!-- gmailsignin -->
  <testcase name="gmailsignin" time="0.000" classname="com.cleartrip.payment.nodejs.Air_Emails">
    <skipped/>
  </testcase> <!-- gmailsignin -->
  <testcase name="gmailsignin" time="0.000" classname="com.cleartrip.payment.nodejs.Air_Emails">
    <skipped/>
  </testcase> <!-- gmailsignin -->
  <testcase name="gmailsignin" time="0.000" classname="com.cleartrip.payment.nodejs.Air_Emails">
    <skipped/>
  </testcase> <!-- gmailsignin -->
  <testcase name="gmailsignin" time="0.000" classname="com.cleartrip.payment.nodejs.Air_Emails">
    <skipped/>
  </testcase> <!-- gmailsignin -->
  <testcase name="gmailsignin" time="0.000" classname="com.cleartrip.payment.nodejs.Air_Emails">
    <skipped/>
  </testcase> <!-- gmailsignin -->
  <testcase name="gmailsignin" time="0.002" classname="com.cleartrip.payment.nodejs.Air_Emails">
    <skipped/>
  </testcase> <!-- gmailsignin -->
  <testcase name="gmailsignin" time="0.001" classname="com.cleartrip.payment.nodejs.Air_Emails">
    <skipped/>
  </testcase> <!-- gmailsignin -->
  <testcase name="gmailsignin" time="0.004" classname="com.cleartrip.payment.nodejs.Air_Emails">
    <skipped/>
  </testcase> <!-- gmailsignin -->
  <testcase name="gmailsignin" time="0.003" classname="com.cleartrip.payment.nodejs.Air_Emails">
    <skipped/>
  </testcase> <!-- gmailsignin -->
  <testcase name="gmailsignin" time="0.010" classname="com.cleartrip.payment.nodejs.Air_Emails">
    <skipped/>
  </testcase> <!-- gmailsignin -->
  <testcase name="gmailsignin" time="0.002" classname="com.cleartrip.payment.nodejs.Air_Emails">
    <skipped/>
  </testcase> <!-- gmailsignin -->
  <testcase name="gmailsignin" time="0.000" classname="com.cleartrip.payment.nodejs.Air_Emails">
    <skipped/>
  </testcase> <!-- gmailsignin -->
  <testcase name="gmailsignin" time="0.001" classname="com.cleartrip.payment.nodejs.Air_Emails">
    <skipped/>
  </testcase> <!-- gmailsignin -->
  <testcase name="gmailsignin" time="0.002" classname="com.cleartrip.payment.nodejs.Air_Emails">
    <skipped/>
  </testcase> <!-- gmailsignin -->
  <testcase name="gmailsignin" time="0.001" classname="com.cleartrip.payment.nodejs.Air_Emails">
    <skipped/>
  </testcase> <!-- gmailsignin -->
  <testcase name="gmailsignin" time="0.001" classname="com.cleartrip.payment.nodejs.Air_Emails">
    <skipped/>
  </testcase> <!-- gmailsignin -->
  <testcase name="gmailsignin" time="0.004" classname="com.cleartrip.payment.nodejs.Air_Emails">
    <skipped/>
  </testcase> <!-- gmailsignin -->
  <testcase name="gmailsignin" time="0.001" classname="com.cleartrip.payment.nodejs.Air_Emails">
    <skipped/>
  </testcase> <!-- gmailsignin -->
  <testcase name="gmailsignin" time="0.000" classname="com.cleartrip.payment.nodejs.Air_Emails">
    <skipped/>
  </testcase> <!-- gmailsignin -->
  <testcase name="gmailsignin" time="0.000" classname="com.cleartrip.payment.nodejs.Air_Emails">
    <skipped/>
  </testcase> <!-- gmailsignin -->
  <testcase name="gmailsignin" time="0.000" classname="com.cleartrip.payment.nodejs.Air_Emails">
    <skipped/>
  </testcase> <!-- gmailsignin -->
  <testcase name="gmailsignin" time="0.002" classname="com.cleartrip.payment.nodejs.Air_Emails">
    <skipped/>
  </testcase> <!-- gmailsignin -->
  <testcase name="gmailsignin" time="0.003" classname="com.cleartrip.payment.nodejs.Air_Emails">
    <skipped/>
  </testcase> <!-- gmailsignin -->
  <testcase name="gmailsignin" time="0.001" classname="com.cleartrip.payment.nodejs.Air_Emails">
    <skipped/>
  </testcase> <!-- gmailsignin -->
  <testcase name="gmailsignin" time="0.001" classname="com.cleartrip.payment.nodejs.Air_Emails">
    <skipped/>
  </testcase> <!-- gmailsignin -->
  <testcase name="gmailsignin" time="0.000" classname="com.cleartrip.payment.nodejs.Air_Emails">
    <skipped/>
  </testcase> <!-- gmailsignin -->
  <testcase name="gmailsignin" time="0.002" classname="com.cleartrip.payment.nodejs.Air_Emails">
    <skipped/>
  </testcase> <!-- gmailsignin -->
  <testcase name="gmailsignin" time="0.010" classname="com.cleartrip.payment.nodejs.Air_Emails">
    <skipped/>
  </testcase> <!-- gmailsignin -->
  <testcase name="gmailsignin" time="0.001" classname="com.cleartrip.payment.nodejs.Air_Emails">
    <skipped/>
  </testcase> <!-- gmailsignin -->
  <testcase name="gmailsignin" time="0.002" classname="com.cleartrip.payment.nodejs.Air_Emails">
    <skipped/>
  </testcase> <!-- gmailsignin -->
  <testcase name="gmailsignin" time="0.001" classname="com.cleartrip.payment.nodejs.Air_Emails">
    <skipped/>
  </testcase> <!-- gmailsignin -->
  <testcase name="gmailsignin" time="0.000" classname="com.cleartrip.payment.nodejs.Air_Emails">
    <skipped/>
  </testcase> <!-- gmailsignin -->
  <testcase name="gmailsignin" time="0.001" classname="com.cleartrip.payment.nodejs.Air_Emails">
    <skipped/>
  </testcase> <!-- gmailsignin -->
  <testcase name="gmailsignin" time="0.002" classname="com.cleartrip.payment.nodejs.Air_Emails">
    <skipped/>
  </testcase> <!-- gmailsignin -->
  <testcase name="gmailsignin" time="0.000" classname="com.cleartrip.payment.nodejs.Air_Emails">
    <skipped/>
  </testcase> <!-- gmailsignin -->
  <testcase name="gmailsignin" time="0.000" classname="com.cleartrip.payment.nodejs.Air_Emails">
    <skipped/>
  </testcase> <!-- gmailsignin -->
  <testcase name="gmailsignin" time="0.001" classname="com.cleartrip.payment.nodejs.Air_Emails">
    <skipped/>
  </testcase> <!-- gmailsignin -->
  <testcase name="gmailsignin" time="0.000" classname="com.cleartrip.payment.nodejs.Air_Emails">
    <skipped/>
  </testcase> <!-- gmailsignin -->
  <testcase name="gmailsignin" time="0.000" classname="com.cleartrip.payment.nodejs.Air_Emails">
    <skipped/>
  </testcase> <!-- gmailsignin -->
  <testcase name="gmailsignin" time="0.000" classname="com.cleartrip.payment.nodejs.Air_Emails">
    <skipped/>
  </testcase> <!-- gmailsignin -->
  <testcase name="gmailsignin" time="0.000" classname="com.cleartrip.payment.nodejs.Air_Emails">
    <skipped/>
  </testcase> <!-- gmailsignin -->
  <testcase name="gmailsignin" time="0.005" classname="com.cleartrip.payment.nodejs.Air_Emails">
    <skipped/>
  </testcase> <!-- gmailsignin -->
  <testcase name="gmailsignin" time="0.001" classname="com.cleartrip.payment.nodejs.Air_Emails">
    <skipped/>
  </testcase> <!-- gmailsignin -->
  <testcase name="gmailsignin" time="0.000" classname="com.cleartrip.payment.nodejs.Air_Emails">
    <skipped/>
  </testcase> <!-- gmailsignin -->
  <testcase name="gmailsignin" time="0.001" classname="com.cleartrip.payment.nodejs.Air_Emails">
    <skipped/>
  </testcase> <!-- gmailsignin -->
  <testcase name="gmailsignin" time="0.003" classname="com.cleartrip.payment.nodejs.Air_Emails">
    <skipped/>
  </testcase> <!-- gmailsignin -->
  <testcase name="gmailsignin" time="0.001" classname="com.cleartrip.payment.nodejs.Air_Emails">
    <skipped/>
  </testcase> <!-- gmailsignin -->
  <testcase name="gmailsignin" time="0.003" classname="com.cleartrip.payment.nodejs.Air_Emails">
    <skipped/>
  </testcase> <!-- gmailsignin -->
  <testcase name="gmailsignin" time="0.001" classname="com.cleartrip.payment.nodejs.Air_Emails">
    <skipped/>
  </testcase> <!-- gmailsignin -->
  <testcase name="gmailsignin" time="0.001" classname="com.cleartrip.payment.nodejs.Air_Emails">
    <skipped/>
  </testcase> <!-- gmailsignin -->
  <testcase name="gmailsignin" time="0.004" classname="com.cleartrip.payment.nodejs.Air_Emails">
    <skipped/>
  </testcase> <!-- gmailsignin -->
  <testcase name="gmailsignin" time="0.002" classname="com.cleartrip.payment.nodejs.Air_Emails">
    <skipped/>
  </testcase> <!-- gmailsignin -->
  <testcase name="gmailsignin" time="0.000" classname="com.cleartrip.payment.nodejs.Air_Emails">
    <skipped/>
  </testcase> <!-- gmailsignin -->
  <testcase name="gmailsignin" time="0.002" classname="com.cleartrip.payment.nodejs.Air_Emails">
    <skipped/>
  </testcase> <!-- gmailsignin -->
  <testcase name="gmailsignin" time="0.016" classname="com.cleartrip.payment.nodejs.Air_Emails">
    <skipped/>
  </testcase> <!-- gmailsignin -->
  <testcase name="gmailsignin" time="0.000" classname="com.cleartrip.payment.nodejs.Air_Emails">
    <skipped/>
  </testcase> <!-- gmailsignin -->
  <testcase name="gmailsignin" time="0.004" classname="com.cleartrip.payment.nodejs.Air_Emails">
    <skipped/>
  </testcase> <!-- gmailsignin -->
  <testcase name="gmailsignin" time="0.002" classname="com.cleartrip.payment.nodejs.Air_Emails">
    <skipped/>
  </testcase> <!-- gmailsignin -->
  <testcase name="gmailsignin" time="0.001" classname="com.cleartrip.payment.nodejs.Air_Emails">
    <skipped/>
  </testcase> <!-- gmailsignin -->
  <testcase name="gmailsignin" time="0.001" classname="com.cleartrip.payment.nodejs.Air_Emails">
    <skipped/>
  </testcase> <!-- gmailsignin -->
  <testcase name="gmailsignin" time="0.002" classname="com.cleartrip.payment.nodejs.Air_Emails">
    <skipped/>
  </testcase> <!-- gmailsignin -->
  <testcase name="gmailsignin" time="0.001" classname="com.cleartrip.payment.nodejs.Air_Emails">
    <skipped/>
  </testcase> <!-- gmailsignin -->
  <testcase name="gmailsignin" time="0.000" classname="com.cleartrip.payment.nodejs.Air_Emails">
    <skipped/>
  </testcase> <!-- gmailsignin -->
  <testcase name="gmailsignin" time="0.001" classname="com.cleartrip.payment.nodejs.Air_Emails">
    <skipped/>
  </testcase> <!-- gmailsignin -->
  <testcase name="gmailsignin" time="0.003" classname="com.cleartrip.payment.nodejs.Air_Emails">
    <skipped/>
  </testcase> <!-- gmailsignin -->
  <testcase name="gmailsignin" time="0.001" classname="com.cleartrip.payment.nodejs.Air_Emails">
    <skipped/>
  </testcase> <!-- gmailsignin -->
  <testcase name="gmailsignin" time="0.000" classname="com.cleartrip.payment.nodejs.Air_Emails">
    <skipped/>
  </testcase> <!-- gmailsignin -->
  <testcase name="gmailsignin" time="0.000" classname="com.cleartrip.payment.nodejs.Air_Emails">
    <skipped/>
  </testcase> <!-- gmailsignin -->
  <testcase name="gmailsignin" time="0.000" classname="com.cleartrip.payment.nodejs.Air_Emails">
    <skipped/>
  </testcase> <!-- gmailsignin -->
  <testcase name="gmailsignin" time="0.000" classname="com.cleartrip.payment.nodejs.Air_Emails">
    <skipped/>
  </testcase> <!-- gmailsignin -->
  <testcase name="gmailsignin" time="0.001" classname="com.cleartrip.payment.nodejs.Air_Emails">
    <skipped/>
  </testcase> <!-- gmailsignin -->
  <testcase name="gmailsignin" time="0.000" classname="com.cleartrip.payment.nodejs.Air_Emails">
    <skipped/>
  </testcase> <!-- gmailsignin -->
  <testcase name="gmailsignin" time="0.000" classname="com.cleartrip.payment.nodejs.Air_Emails">
    <skipped/>
  </testcase> <!-- gmailsignin -->
  <testcase name="gmailsignin" time="0.012" classname="com.cleartrip.payment.nodejs.Air_Emails">
    <skipped/>
  </testcase> <!-- gmailsignin -->
  <testcase name="gmailsignin" time="0.001" classname="com.cleartrip.payment.nodejs.Air_Emails">
    <skipped/>
  </testcase> <!-- gmailsignin -->
  <testcase name="gmailsignin" time="0.001" classname="com.cleartrip.payment.nodejs.Air_Emails">
    <skipped/>
  </testcase> <!-- gmailsignin -->
  <testcase name="gmailsignin" time="0.001" classname="com.cleartrip.payment.nodejs.Air_Emails">
    <skipped/>
  </testcase> <!-- gmailsignin -->
  <testcase name="gmailsignin" time="0.000" classname="com.cleartrip.payment.nodejs.Air_Emails">
    <skipped/>
  </testcase> <!-- gmailsignin -->
  <testcase name="gmailsignin" time="0.000" classname="com.cleartrip.payment.nodejs.Air_Emails">
    <skipped/>
  </testcase> <!-- gmailsignin -->
  <testcase name="gmailsignin" time="0.000" classname="com.cleartrip.payment.nodejs.Air_Emails">
    <skipped/>
  </testcase> <!-- gmailsignin -->
  <testcase name="gmailsignin" time="0.001" classname="com.cleartrip.payment.nodejs.Air_Emails">
    <skipped/>
  </testcase> <!-- gmailsignin -->
  <testcase name="gmailsignin" time="0.001" classname="com.cleartrip.payment.nodejs.Air_Emails">
    <skipped/>
  </testcase> <!-- gmailsignin -->
  <testcase name="gmailsignin" time="0.000" classname="com.cleartrip.payment.nodejs.Air_Emails">
    <skipped/>
  </testcase> <!-- gmailsignin -->
  <testcase name="gmailsignin" time="0.001" classname="com.cleartrip.payment.nodejs.Air_Emails">
    <skipped/>
  </testcase> <!-- gmailsignin -->
  <testcase name="gmailsignin" time="0.002" classname="com.cleartrip.payment.nodejs.Air_Emails">
    <skipped/>
  </testcase> <!-- gmailsignin -->
  <testcase name="gmailsignin" time="0.001" classname="com.cleartrip.payment.nodejs.Air_Emails">
    <skipped/>
  </testcase> <!-- gmailsignin -->
  <testcase name="gmailsignin" time="0.001" classname="com.cleartrip.payment.nodejs.Air_Emails">
    <skipped/>
  </testcase> <!-- gmailsignin -->
  <testcase name="gmailsignin" time="0.000" classname="com.cleartrip.payment.nodejs.Air_Emails">
    <skipped/>
  </testcase> <!-- gmailsignin -->
  <testcase name="gmailsignin" time="0.000" classname="com.cleartrip.payment.nodejs.Air_Emails">
    <skipped/>
  </testcase> <!-- gmailsignin -->
  <testcase name="gmailsignin" time="0.000" classname="com.cleartrip.payment.nodejs.Air_Emails">
    <skipped/>
  </testcase> <!-- gmailsignin -->
  <testcase name="gmailsignin" time="0.000" classname="com.cleartrip.payment.nodejs.Air_Emails">
    <skipped/>
  </testcase> <!-- gmailsignin -->
  <testcase name="gmailsignin" time="0.000" classname="com.cleartrip.payment.nodejs.Air_Emails">
    <skipped/>
  </testcase> <!-- gmailsignin -->
  <testcase name="gmailsignin" time="0.001" classname="com.cleartrip.payment.nodejs.Air_Emails">
    <skipped/>
  </testcase> <!-- gmailsignin -->
  <testcase name="gmailsignin" time="0.001" classname="com.cleartrip.payment.nodejs.Air_Emails">
    <skipped/>
  </testcase> <!-- gmailsignin -->
  <testcase name="gmailsignin" time="0.000" classname="com.cleartrip.payment.nodejs.Air_Emails">
    <skipped/>
  </testcase> <!-- gmailsignin -->
  <testcase name="gmailsignin" time="0.002" classname="com.cleartrip.payment.nodejs.Air_Emails">
    <skipped/>
  </testcase> <!-- gmailsignin -->
  <testcase name="gmailsignin" time="0.000" classname="com.cleartrip.payment.nodejs.Air_Emails">
    <skipped/>
  </testcase> <!-- gmailsignin -->
  <testcase name="gmailsignin" time="0.006" classname="com.cleartrip.payment.nodejs.Air_Emails">
    <skipped/>
  </testcase> <!-- gmailsignin -->
  <testcase name="gmailsignin" time="0.001" classname="com.cleartrip.payment.nodejs.Air_Emails">
    <skipped/>
  </testcase> <!-- gmailsignin -->
  <testcase name="gmailsignin" time="0.002" classname="com.cleartrip.payment.nodejs.Air_Emails">
    <skipped/>
  </testcase> <!-- gmailsignin -->
  <testcase name="gmailsignin" time="0.002" classname="com.cleartrip.payment.nodejs.Air_Emails">
    <skipped/>
  </testcase> <!-- gmailsignin -->
  <testcase name="gmailsignin" time="0.000" classname="com.cleartrip.payment.nodejs.Air_Emails">
    <skipped/>
  </testcase> <!-- gmailsignin -->
  <testcase name="gmailsignin" time="0.001" classname="com.cleartrip.payment.nodejs.Air_Emails">
    <skipped/>
  </testcase> <!-- gmailsignin -->
  <testcase name="gmailsignin" time="0.001" classname="com.cleartrip.payment.nodejs.Air_Emails">
    <skipped/>
  </testcase> <!-- gmailsignin -->
  <testcase name="gmailsignin" time="0.000" classname="com.cleartrip.payment.nodejs.Air_Emails">
    <skipped/>
  </testcase> <!-- gmailsignin -->
  <testcase name="gmailsignin" time="0.000" classname="com.cleartrip.payment.nodejs.Air_Emails">
    <skipped/>
  </testcase> <!-- gmailsignin -->
  <testcase name="gmailsignin" time="0.000" classname="com.cleartrip.payment.nodejs.Air_Emails">
    <skipped/>
  </testcase> <!-- gmailsignin -->
  <testcase name="gmailsignin" time="0.000" classname="com.cleartrip.payment.nodejs.Air_Emails">
    <skipped/>
  </testcase> <!-- gmailsignin -->
  <testcase name="gmailsignin" time="0.002" classname="com.cleartrip.payment.nodejs.Air_Emails">
    <skipped/>
  </testcase> <!-- gmailsignin -->
  <testcase name="gmailsignin" time="0.000" classname="com.cleartrip.payment.nodejs.Air_Emails">
    <skipped/>
  </testcase> <!-- gmailsignin -->
  <testcase name="gmailsignin" time="0.000" classname="com.cleartrip.payment.nodejs.Air_Emails">
    <skipped/>
  </testcase> <!-- gmailsignin -->
  <testcase name="gmailsignin" time="0.000" classname="com.cleartrip.payment.nodejs.Air_Emails">
    <skipped/>
  </testcase> <!-- gmailsignin -->
  <testcase name="gmailsignin" time="0.001" classname="com.cleartrip.payment.nodejs.Air_Emails">
    <skipped/>
  </testcase> <!-- gmailsignin -->
  <testcase name="gmailsignin" time="0.000" classname="com.cleartrip.payment.nodejs.Air_Emails">
    <skipped/>
  </testcase> <!-- gmailsignin -->
  <testcase name="gmailsignin" time="0.004" classname="com.cleartrip.payment.nodejs.Air_Emails">
    <skipped/>
  </testcase> <!-- gmailsignin -->
  <testcase name="gmailsignin" time="0.000" classname="com.cleartrip.payment.nodejs.Air_Emails">
    <skipped/>
  </testcase> <!-- gmailsignin -->
  <testcase name="gmailsignin" time="0.000" classname="com.cleartrip.payment.nodejs.Air_Emails">
    <skipped/>
  </testcase> <!-- gmailsignin -->
  <testcase name="gmailsignin" time="0.001" classname="com.cleartrip.payment.nodejs.Air_Emails">
    <skipped/>
  </testcase> <!-- gmailsignin -->
  <testcase name="gmailsignin" time="0.000" classname="com.cleartrip.payment.nodejs.Air_Emails">
    <skipped/>
  </testcase> <!-- gmailsignin -->
  <testcase name="gmailsignin" time="0.002" classname="com.cleartrip.payment.nodejs.Air_Emails">
    <skipped/>
  </testcase> <!-- gmailsignin -->
  <testcase name="gmailsignin" time="0.000" classname="com.cleartrip.payment.nodejs.Air_Emails">
    <skipped/>
  </testcase> <!-- gmailsignin -->
  <testcase name="gmailsignin" time="0.003" classname="com.cleartrip.payment.nodejs.Air_Emails">
    <skipped/>
  </testcase> <!-- gmailsignin -->
  <testcase name="gmailsignin" time="0.001" classname="com.cleartrip.payment.nodejs.Air_Emails">
    <skipped/>
  </testcase> <!-- gmailsignin -->
  <testcase name="gmailsignin" time="0.001" classname="com.cleartrip.payment.nodejs.Air_Emails">
    <skipped/>
  </testcase> <!-- gmailsignin -->
  <testcase name="gmailsignin" time="0.000" classname="com.cleartrip.payment.nodejs.Air_Emails">
    <skipped/>
  </testcase> <!-- gmailsignin -->
  <testcase name="gmailsignin" time="0.003" classname="com.cleartrip.payment.nodejs.Air_Emails">
    <skipped/>
  </testcase> <!-- gmailsignin -->
  <testcase name="gmailsignin" time="0.000" classname="com.cleartrip.payment.nodejs.Air_Emails">
    <skipped/>
  </testcase> <!-- gmailsignin -->
  <testcase name="gmailsignin" time="0.000" classname="com.cleartrip.payment.nodejs.Air_Emails">
    <skipped/>
  </testcase> <!-- gmailsignin -->
  <testcase name="gmailsignin" time="0.000" classname="com.cleartrip.payment.nodejs.Air_Emails">
    <skipped/>
  </testcase> <!-- gmailsignin -->
  <testcase name="gmailsignin" time="0.001" classname="com.cleartrip.payment.nodejs.Air_Emails">
    <skipped/>
  </testcase> <!-- gmailsignin -->
  <testcase name="gmailsignin" time="0.000" classname="com.cleartrip.payment.nodejs.Air_Emails">
    <skipped/>
  </testcase> <!-- gmailsignin -->
  <testcase name="gmailsignin" time="0.000" classname="com.cleartrip.payment.nodejs.Air_Emails">
    <skipped/>
  </testcase> <!-- gmailsignin -->
  <testcase name="gmailsignin" time="0.000" classname="com.cleartrip.payment.nodejs.Air_Emails">
    <skipped/>
  </testcase> <!-- gmailsignin -->
  <testcase name="gmailsignin" time="0.002" classname="com.cleartrip.payment.nodejs.Air_Emails">
    <skipped/>
  </testcase> <!-- gmailsignin -->
  <testcase name="gmailsignin" time="0.000" classname="com.cleartrip.payment.nodejs.Air_Emails">
    <skipped/>
  </testcase> <!-- gmailsignin -->
  <testcase name="gmailsignin" time="0.001" classname="com.cleartrip.payment.nodejs.Air_Emails">
    <skipped/>
  </testcase> <!-- gmailsignin -->
  <testcase name="gmailsignin" time="0.006" classname="com.cleartrip.payment.nodejs.Air_Emails">
    <skipped/>
  </testcase> <!-- gmailsignin -->
  <testcase name="gmailsignin" time="0.000" classname="com.cleartrip.payment.nodejs.Air_Emails">
    <skipped/>
  </testcase> <!-- gmailsignin -->
  <testcase name="gmailsignin" time="0.000" classname="com.cleartrip.payment.nodejs.Air_Emails">
    <skipped/>
  </testcase> <!-- gmailsignin -->
  <testcase name="gmailsignin" time="0.001" classname="com.cleartrip.payment.nodejs.Air_Emails">
    <skipped/>
  </testcase> <!-- gmailsignin -->
  <testcase name="gmailsignin" time="0.001" classname="com.cleartrip.payment.nodejs.Air_Emails">
    <skipped/>
  </testcase> <!-- gmailsignin -->
  <testcase name="gmailsignin" time="0.001" classname="com.cleartrip.payment.nodejs.Air_Emails">
    <skipped/>
  </testcase> <!-- gmailsignin -->
  <testcase name="gmailsignin" time="0.001" classname="com.cleartrip.payment.nodejs.Air_Emails">
    <skipped/>
  </testcase> <!-- gmailsignin -->
  <testcase name="gmailsignin" time="0.001" classname="com.cleartrip.payment.nodejs.Air_Emails">
    <skipped/>
  </testcase> <!-- gmailsignin -->
  <testcase name="gmailsignin" time="0.002" classname="com.cleartrip.payment.nodejs.Air_Emails">
    <skipped/>
  </testcase> <!-- gmailsignin -->
  <testcase name="gmailsignin" time="0.002" classname="com.cleartrip.payment.nodejs.Air_Emails">
    <skipped/>
  </testcase> <!-- gmailsignin -->
  <testcase name="gmailsignin" time="0.001" classname="com.cleartrip.payment.nodejs.Air_Emails">
    <skipped/>
  </testcase> <!-- gmailsignin -->
  <testcase name="gmailsignin" time="0.000" classname="com.cleartrip.payment.nodejs.Air_Emails">
    <skipped/>
  </testcase> <!-- gmailsignin -->
  <testcase name="gmailsignin" time="0.001" classname="com.cleartrip.payment.nodejs.Air_Emails">
    <skipped/>
  </testcase> <!-- gmailsignin -->
  <testcase name="gmailsignin" time="0.001" classname="com.cleartrip.payment.nodejs.Air_Emails">
    <skipped/>
  </testcase> <!-- gmailsignin -->
  <testcase name="gmailsignin" time="0.001" classname="com.cleartrip.payment.nodejs.Air_Emails">
    <skipped/>
  </testcase> <!-- gmailsignin -->
  <testcase name="gmailsignin" time="0.000" classname="com.cleartrip.payment.nodejs.Air_Emails">
    <skipped/>
  </testcase> <!-- gmailsignin -->
  <testcase name="gmailsignin" time="0.000" classname="com.cleartrip.payment.nodejs.Air_Emails">
    <skipped/>
  </testcase> <!-- gmailsignin -->
  <testcase name="gmailsignin" time="0.002" classname="com.cleartrip.payment.nodejs.Air_Emails">
    <skipped/>
  </testcase> <!-- gmailsignin -->
  <testcase name="gmailsignin" time="0.001" classname="com.cleartrip.payment.nodejs.Air_Emails">
    <skipped/>
  </testcase> <!-- gmailsignin -->
  <testcase name="gmailsignin" time="0.000" classname="com.cleartrip.payment.nodejs.Air_Emails">
    <skipped/>
  </testcase> <!-- gmailsignin -->
  <testcase name="gmailsignin" time="0.000" classname="com.cleartrip.payment.nodejs.Air_Emails">
    <skipped/>
  </testcase> <!-- gmailsignin -->
  <testcase name="gmailsignin" time="0.000" classname="com.cleartrip.payment.nodejs.Air_Emails">
    <skipped/>
  </testcase> <!-- gmailsignin -->
  <testcase name="gmailsignin" time="0.000" classname="com.cleartrip.payment.nodejs.Air_Emails">
    <skipped/>
  </testcase> <!-- gmailsignin -->
  <testcase name="gmailsignin" time="0.000" classname="com.cleartrip.payment.nodejs.Air_Emails">
    <skipped/>
  </testcase> <!-- gmailsignin -->
  <testcase name="gmailsignin" time="0.011" classname="com.cleartrip.payment.nodejs.Air_Emails">
    <skipped/>
  </testcase> <!-- gmailsignin -->
  <testcase name="gmailsignin" time="0.000" classname="com.cleartrip.payment.nodejs.Air_Emails">
    <skipped/>
  </testcase> <!-- gmailsignin -->
  <testcase name="gmailsignin" time="0.002" classname="com.cleartrip.payment.nodejs.Air_Emails">
    <skipped/>
  </testcase> <!-- gmailsignin -->
  <testcase name="gmailsignin" time="0.000" classname="com.cleartrip.payment.nodejs.Air_Emails">
    <skipped/>
  </testcase> <!-- gmailsignin -->
  <testcase name="gmailsignin" time="0.001" classname="com.cleartrip.payment.nodejs.Air_Emails">
    <skipped/>
  </testcase> <!-- gmailsignin -->
  <testcase name="gmailsignin" time="0.000" classname="com.cleartrip.payment.nodejs.Air_Emails">
    <skipped/>
  </testcase> <!-- gmailsignin -->
  <testcase name="gmailsignin" time="0.000" classname="com.cleartrip.payment.nodejs.Air_Emails">
    <skipped/>
  </testcase> <!-- gmailsignin -->
  <testcase name="gmailsignin" time="0.001" classname="com.cleartrip.payment.nodejs.Air_Emails">
    <skipped/>
  </testcase> <!-- gmailsignin -->
  <testcase name="gmailsignin" time="0.001" classname="com.cleartrip.payment.nodejs.Air_Emails">
    <skipped/>
  </testcase> <!-- gmailsignin -->
  <testcase name="gmailsignin" time="0.000" classname="com.cleartrip.payment.nodejs.Air_Emails">
    <skipped/>
  </testcase> <!-- gmailsignin -->
  <testcase name="gmailsignin" time="0.001" classname="com.cleartrip.payment.nodejs.Air_Emails">
    <skipped/>
  </testcase> <!-- gmailsignin -->
  <testcase name="gmailsignin" time="0.000" classname="com.cleartrip.payment.nodejs.Air_Emails">
    <skipped/>
  </testcase> <!-- gmailsignin -->
  <testcase name="gmailsignin" time="0.000" classname="com.cleartrip.payment.nodejs.Air_Emails">
    <skipped/>
  </testcase> <!-- gmailsignin -->
  <testcase name="gmailsignin" time="0.001" classname="com.cleartrip.payment.nodejs.Air_Emails">
    <skipped/>
  </testcase> <!-- gmailsignin -->
  <testcase name="gmailsignin" time="0.000" classname="com.cleartrip.payment.nodejs.Air_Emails">
    <skipped/>
  </testcase> <!-- gmailsignin -->
  <testcase name="gmailsignin" time="0.001" classname="com.cleartrip.payment.nodejs.Air_Emails">
    <skipped/>
  </testcase> <!-- gmailsignin -->
  <testcase name="gmailsignin" time="0.000" classname="com.cleartrip.payment.nodejs.Air_Emails">
    <skipped/>
  </testcase> <!-- gmailsignin -->
  <testcase name="gmailsignin" time="0.001" classname="com.cleartrip.payment.nodejs.Air_Emails">
    <skipped/>
  </testcase> <!-- gmailsignin -->
  <testcase name="gmailsignin" time="0.000" classname="com.cleartrip.payment.nodejs.Air_Emails">
    <skipped/>
  </testcase> <!-- gmailsignin -->
  <testcase name="gmailsignin" time="0.000" classname="com.cleartrip.payment.nodejs.Air_Emails">
    <skipped/>
  </testcase> <!-- gmailsignin -->
  <testcase name="gmailsignin" time="0.001" classname="com.cleartrip.payment.nodejs.Air_Emails">
    <skipped/>
  </testcase> <!-- gmailsignin -->
  <testcase name="gmailsignin" time="0.000" classname="com.cleartrip.payment.nodejs.Air_Emails">
    <skipped/>
  </testcase> <!-- gmailsignin -->
  <testcase name="gmailsignin" time="0.002" classname="com.cleartrip.payment.nodejs.Air_Emails">
    <skipped/>
  </testcase> <!-- gmailsignin -->
  <testcase name="gmailsignin" time="0.000" classname="com.cleartrip.payment.nodejs.Air_Emails">
    <skipped/>
  </testcase> <!-- gmailsignin -->
  <testcase name="gmailsignin" time="0.000" classname="com.cleartrip.payment.nodejs.Air_Emails">
    <skipped/>
  </testcase> <!-- gmailsignin -->
  <testcase name="gmailsignin" time="0.001" classname="com.cleartrip.payment.nodejs.Air_Emails">
    <skipped/>
  </testcase> <!-- gmailsignin -->
  <testcase name="gmailsignin" time="0.007" classname="com.cleartrip.payment.nodejs.Air_Emails">
    <skipped/>
  </testcase> <!-- gmailsignin -->
  <testcase name="gmailsignin" time="0.001" classname="com.cleartrip.payment.nodejs.Air_Emails">
    <skipped/>
  </testcase> <!-- gmailsignin -->
  <testcase name="gmailsignin" time="0.000" classname="com.cleartrip.payment.nodejs.Air_Emails">
    <skipped/>
  </testcase> <!-- gmailsignin -->
  <testcase name="gmailsignin" time="0.000" classname="com.cleartrip.payment.nodejs.Air_Emails">
    <skipped/>
  </testcase> <!-- gmailsignin -->
  <testcase name="gmailsignin" time="0.001" classname="com.cleartrip.payment.nodejs.Air_Emails">
    <skipped/>
  </testcase> <!-- gmailsignin -->
  <testcase name="gmailsignin" time="0.000" classname="com.cleartrip.payment.nodejs.Air_Emails">
    <skipped/>
  </testcase> <!-- gmailsignin -->
  <testcase name="gmailsignin" time="0.003" classname="com.cleartrip.payment.nodejs.Air_Emails">
    <skipped/>
  </testcase> <!-- gmailsignin -->
  <testcase name="gmailsignin" time="0.000" classname="com.cleartrip.payment.nodejs.Air_Emails">
    <skipped/>
  </testcase> <!-- gmailsignin -->
  <testcase name="gmailsignin" time="0.000" classname="com.cleartrip.payment.nodejs.Air_Emails">
    <skipped/>
  </testcase> <!-- gmailsignin -->
  <testcase name="gmailsignin" time="0.002" classname="com.cleartrip.payment.nodejs.Air_Emails">
    <skipped/>
  </testcase> <!-- gmailsignin -->
  <testcase name="gmailsignin" time="0.001" classname="com.cleartrip.payment.nodejs.Air_Emails">
    <skipped/>
  </testcase> <!-- gmailsignin -->
  <testcase name="gmailsignin" time="0.004" classname="com.cleartrip.payment.nodejs.Air_Emails">
    <skipped/>
  </testcase> <!-- gmailsignin -->
  <testcase name="gmailsignin" time="0.000" classname="com.cleartrip.payment.nodejs.Air_Emails">
    <skipped/>
  </testcase> <!-- gmailsignin -->
  <testcase name="gmailsignin" time="0.001" classname="com.cleartrip.payment.nodejs.Air_Emails">
    <skipped/>
  </testcase> <!-- gmailsignin -->
  <testcase name="gmailsignin" time="0.000" classname="com.cleartrip.payment.nodejs.Air_Emails">
    <skipped/>
  </testcase> <!-- gmailsignin -->
  <testcase name="gmailsignin" time="0.000" classname="com.cleartrip.payment.nodejs.Air_Emails">
    <skipped/>
  </testcase> <!-- gmailsignin -->
  <testcase name="gmailsignin" time="0.001" classname="com.cleartrip.payment.nodejs.Air_Emails">
    <skipped/>
  </testcase> <!-- gmailsignin -->
  <testcase name="gmailsignin" time="0.002" classname="com.cleartrip.payment.nodejs.Air_Emails">
    <skipped/>
  </testcase> <!-- gmailsignin -->
  <testcase name="gmailsignin" time="0.000" classname="com.cleartrip.payment.nodejs.Air_Emails">
    <skipped/>
  </testcase> <!-- gmailsignin -->
  <testcase name="gmailsignin" time="0.001" classname="com.cleartrip.payment.nodejs.Air_Emails">
    <skipped/>
  </testcase> <!-- gmailsignin -->
  <testcase name="gmailsignin" time="0.003" classname="com.cleartrip.payment.nodejs.Air_Emails">
    <skipped/>
  </testcase> <!-- gmailsignin -->
  <testcase name="gmailsignin" time="0.002" classname="com.cleartrip.payment.nodejs.Air_Emails">
    <skipped/>
  </testcase> <!-- gmailsignin -->
  <testcase name="gmailsignin" time="0.001" classname="com.cleartrip.payment.nodejs.Air_Emails">
    <skipped/>
  </testcase> <!-- gmailsignin -->
  <testcase name="gmailsignin" time="0.000" classname="com.cleartrip.payment.nodejs.Air_Emails">
    <skipped/>
  </testcase> <!-- gmailsignin -->
  <testcase name="gmailsignin" time="0.002" classname="com.cleartrip.payment.nodejs.Air_Emails">
    <skipped/>
  </testcase> <!-- gmailsignin -->
  <testcase name="gmailsignin" time="0.001" classname="com.cleartrip.payment.nodejs.Air_Emails">
    <skipped/>
  </testcase> <!-- gmailsignin -->
  <testcase name="gmailsignin" time="0.000" classname="com.cleartrip.payment.nodejs.Air_Emails">
    <skipped/>
  </testcase> <!-- gmailsignin -->
  <testcase name="gmailsignin" time="0.001" classname="com.cleartrip.payment.nodejs.Air_Emails">
    <skipped/>
  </testcase> <!-- gmailsignin -->
  <testcase name="gmailsignin" time="0.000" classname="com.cleartrip.payment.nodejs.Air_Emails">
    <skipped/>
  </testcase> <!-- gmailsignin -->
  <testcase name="gmailsignin" time="0.016" classname="com.cleartrip.payment.nodejs.Air_Emails">
    <skipped/>
  </testcase> <!-- gmailsignin -->
  <testcase name="gmailsignin" time="0.000" classname="com.cleartrip.payment.nodejs.Air_Emails">
    <skipped/>
  </testcase> <!-- gmailsignin -->
  <testcase name="gmailsignin" time="0.000" classname="com.cleartrip.payment.nodejs.Air_Emails">
    <skipped/>
  </testcase> <!-- gmailsignin -->
  <testcase name="gmailsignin" time="0.000" classname="com.cleartrip.payment.nodejs.Air_Emails">
    <skipped/>
  </testcase> <!-- gmailsignin -->
  <testcase name="gmailsignin" time="0.000" classname="com.cleartrip.payment.nodejs.Air_Emails">
    <skipped/>
  </testcase> <!-- gmailsignin -->
  <testcase name="gmailsignin" time="0.003" classname="com.cleartrip.payment.nodejs.Air_Emails">
    <skipped/>
  </testcase> <!-- gmailsignin -->
  <testcase name="gmailsignin" time="0.001" classname="com.cleartrip.payment.nodejs.Air_Emails">
    <skipped/>
  </testcase> <!-- gmailsignin -->
  <testcase name="gmailsignin" time="0.001" classname="com.cleartrip.payment.nodejs.Air_Emails">
    <skipped/>
  </testcase> <!-- gmailsignin -->
  <testcase name="gmailsignin" time="0.068" classname="com.cleartrip.payment.nodejs.Air_Emails">
    <skipped/>
  </testcase> <!-- gmailsignin -->
  <testcase name="gmailsignin" time="0.001" classname="com.cleartrip.payment.nodejs.Air_Emails">
    <skipped/>
  </testcase> <!-- gmailsignin -->
  <testcase name="gmailsignin" time="0.000" classname="com.cleartrip.payment.nodejs.Air_Emails">
    <skipped/>
  </testcase> <!-- gmailsignin -->
  <testcase name="gmailsignin" time="0.001" classname="com.cleartrip.payment.nodejs.Air_Emails">
    <skipped/>
  </testcase> <!-- gmailsignin -->
  <testcase name="gmailsignin" time="0.001" classname="com.cleartrip.payment.nodejs.Air_Emails">
    <skipped/>
  </testcase> <!-- gmailsignin -->
  <testcase name="gmailsignin" time="0.006" classname="com.cleartrip.payment.nodejs.Air_Emails">
    <skipped/>
  </testcase> <!-- gmailsignin -->
  <testcase name="gmailsignin" time="0.002" classname="com.cleartrip.payment.nodejs.Air_Emails">
    <skipped/>
  </testcase> <!-- gmailsignin -->
  <testcase name="gmailsignin" time="0.000" classname="com.cleartrip.payment.nodejs.Air_Emails">
    <skipped/>
  </testcase> <!-- gmailsignin -->
  <testcase name="gmailsignin" time="0.002" classname="com.cleartrip.payment.nodejs.Air_Emails">
    <skipped/>
  </testcase> <!-- gmailsignin -->
  <testcase name="gmailsignin" time="0.000" classname="com.cleartrip.payment.nodejs.Air_Emails">
    <skipped/>
  </testcase> <!-- gmailsignin -->
  <testcase name="gmailsignin" time="0.000" classname="com.cleartrip.payment.nodejs.Air_Emails">
    <skipped/>
  </testcase> <!-- gmailsignin -->
  <testcase name="gmailsignin" time="0.000" classname="com.cleartrip.payment.nodejs.Air_Emails">
    <skipped/>
  </testcase> <!-- gmailsignin -->
  <testcase name="gmailsignin" time="0.005" classname="com.cleartrip.payment.nodejs.Air_Emails">
    <skipped/>
  </testcase> <!-- gmailsignin -->
  <testcase name="gmailsignin" time="0.001" classname="com.cleartrip.payment.nodejs.Air_Emails">
    <skipped/>
  </testcase> <!-- gmailsignin -->
  <testcase name="gmailsignin" time="0.003" classname="com.cleartrip.payment.nodejs.Air_Emails">
    <skipped/>
  </testcase> <!-- gmailsignin -->
  <testcase name="gmailsignin" time="0.004" classname="com.cleartrip.payment.nodejs.Air_Emails">
    <skipped/>
  </testcase> <!-- gmailsignin -->
  <testcase name="gmailsignin" time="0.000" classname="com.cleartrip.payment.nodejs.Air_Emails">
    <skipped/>
  </testcase> <!-- gmailsignin -->
  <testcase name="gmailsignin" time="0.000" classname="com.cleartrip.payment.nodejs.Air_Emails">
    <skipped/>
  </testcase> <!-- gmailsignin -->
  <testcase name="gmailsignin" time="0.001" classname="com.cleartrip.payment.nodejs.Air_Emails">
    <skipped/>
  </testcase> <!-- gmailsignin -->
  <testcase name="gmailsignin" time="0.001" classname="com.cleartrip.payment.nodejs.Air_Emails">
    <skipped/>
  </testcase> <!-- gmailsignin -->
  <testcase name="gmailsignin" time="0.001" classname="com.cleartrip.payment.nodejs.Air_Emails">
    <skipped/>
  </testcase> <!-- gmailsignin -->
  <testcase name="gmailsignin" time="0.002" classname="com.cleartrip.payment.nodejs.Air_Emails">
    <skipped/>
  </testcase> <!-- gmailsignin -->
  <testcase name="gmailsignin" time="0.001" classname="com.cleartrip.payment.nodejs.Air_Emails">
    <skipped/>
  </testcase> <!-- gmailsignin -->
  <testcase name="gmailsignin" time="0.001" classname="com.cleartrip.payment.nodejs.Air_Emails">
    <skipped/>
  </testcase> <!-- gmailsignin -->
  <testcase name="gmailsignin" time="0.000" classname="com.cleartrip.payment.nodejs.Air_Emails">
    <skipped/>
  </testcase> <!-- gmailsignin -->
  <testcase name="gmailsignin" time="0.001" classname="com.cleartrip.payment.nodejs.Air_Emails">
    <skipped/>
  </testcase> <!-- gmailsignin -->
  <testcase name="gmailsignin" time="0.002" classname="com.cleartrip.payment.nodejs.Air_Emails">
    <skipped/>
  </testcase> <!-- gmailsignin -->
  <testcase name="gmailsignin" time="0.002" classname="com.cleartrip.payment.nodejs.Air_Emails">
    <skipped/>
  </testcase> <!-- gmailsignin -->
  <testcase name="gmailsignin" time="0.000" classname="com.cleartrip.payment.nodejs.Air_Emails">
    <skipped/>
  </testcase> <!-- gmailsignin -->
  <testcase name="gmailsignin" time="0.000" classname="com.cleartrip.payment.nodejs.Air_Emails">
    <skipped/>
  </testcase> <!-- gmailsignin -->
  <testcase name="gmailsignin" time="0.000" classname="com.cleartrip.payment.nodejs.Air_Emails">
    <skipped/>
  </testcase> <!-- gmailsignin -->
  <testcase name="gmailsignin" time="0.002" classname="com.cleartrip.payment.nodejs.Air_Emails">
    <skipped/>
  </testcase> <!-- gmailsignin -->
  <testcase name="gmailsignin" time="0.000" classname="com.cleartrip.payment.nodejs.Air_Emails">
    <skipped/>
  </testcase> <!-- gmailsignin -->
  <testcase name="gmailsignin" time="0.000" classname="com.cleartrip.payment.nodejs.Air_Emails">
    <skipped/>
  </testcase> <!-- gmailsignin -->
  <testcase name="gmailsignin" time="0.000" classname="com.cleartrip.payment.nodejs.Air_Emails">
    <skipped/>
  </testcase> <!-- gmailsignin -->
  <testcase name="gmailsignin" time="0.000" classname="com.cleartrip.payment.nodejs.Air_Emails">
    <skipped/>
  </testcase> <!-- gmailsignin -->
  <testcase name="gmailsignin" time="0.000" classname="com.cleartrip.payment.nodejs.Air_Emails">
    <skipped/>
  </testcase> <!-- gmailsignin -->
  <testcase name="gmailsignin" time="0.000" classname="com.cleartrip.payment.nodejs.Air_Emails">
    <skipped/>
  </testcase> <!-- gmailsignin -->
  <testcase name="gmailsignin" time="0.001" classname="com.cleartrip.payment.nodejs.Air_Emails">
    <skipped/>
  </testcase> <!-- gmailsignin -->
  <testcase name="gmailsignin" time="0.001" classname="com.cleartrip.payment.nodejs.Air_Emails">
    <skipped/>
  </testcase> <!-- gmailsignin -->
  <testcase name="gmailsignin" time="0.000" classname="com.cleartrip.payment.nodejs.Air_Emails">
    <skipped/>
  </testcase> <!-- gmailsignin -->
  <testcase name="gmailsignin" time="0.001" classname="com.cleartrip.payment.nodejs.Air_Emails">
    <skipped/>
  </testcase> <!-- gmailsignin -->
  <testcase name="gmailsignin" time="0.002" classname="com.cleartrip.payment.nodejs.Air_Emails">
    <skipped/>
  </testcase> <!-- gmailsignin -->
  <testcase name="gmailsignin" time="0.000" classname="com.cleartrip.payment.nodejs.Air_Emails">
    <skipped/>
  </testcase> <!-- gmailsignin -->
  <testcase name="gmailsignin" time="0.000" classname="com.cleartrip.payment.nodejs.Air_Emails">
    <skipped/>
  </testcase> <!-- gmailsignin -->
  <testcase name="gmailsignin" time="0.000" classname="com.cleartrip.payment.nodejs.Air_Emails">
    <skipped/>
  </testcase> <!-- gmailsignin -->
  <testcase name="gmailsignin" time="0.000" classname="com.cleartrip.payment.nodejs.Air_Emails">
    <skipped/>
  </testcase> <!-- gmailsignin -->
  <testcase name="setUp" time="0.000" classname="com.cleartrip.payment.nodejs.Air_Emails">
    <error type="org.openqa.selenium.remote.UnreachableBrowserException" message="Could not start a new session. Possible causes are invalid address of the remote server or browser start-up failure.
Build info: version: &#039;3.4.0&#039;, revision: &#039;unknown&#039;, time: &#039;unknown&#039;
System info: host: &#039;SYSADM-PC&#039;, ip: &#039;192.168.50.232&#039;, os.name: &#039;Windows 7&#039;, os.arch: &#039;amd64&#039;, os.version: &#039;6.1&#039;, java.version: &#039;1.8.0_191&#039;
Driver info: driver.version: RemoteWebDriver">
      <![CDATA[org.openqa.selenium.remote.UnreachableBrowserException: Could not start a new session. Possible causes are invalid address of the remote server or browser start-up failure.
Build info: version: '3.4.0', revision: 'unknown', time: 'unknown'
System info: host: 'SYSADM-PC', ip: '192.168.50.232', os.name: 'Windows 7', os.arch: 'amd64', os.version: '6.1', java.version: '1.8.0_191'
Driver info: driver.version: RemoteWebDriver
	at org.openqa.selenium.remote.RemoteWebDriver.execute(RemoteWebDriver.java:658)
	at org.openqa.selenium.remote.RemoteWebDriver.startSession(RemoteWebDriver.java:250)
	at org.openqa.selenium.remote.RemoteWebDriver.startSession(RemoteWebDriver.java:236)
	at org.openqa.selenium.remote.RemoteWebDriver.<init>(RemoteWebDriver.java:137)
	at org.openqa.selenium.remote.RemoteWebDriver.<init>(RemoteWebDriver.java:174)
	at commonServices.WrapperMethod.getDriver(WrapperMethod.java:277)
	at com.cleartrip.payment.nodejs.Air_Emails.setUp(Air_Emails.java:28)
	at sun.reflect.NativeMethodAccessorImpl.invoke0(Native Method)
	at sun.reflect.NativeMethodAccessorImpl.invoke(Unknown Source)
	at sun.reflect.DelegatingMethodAccessorImpl.invoke(Unknown Source)
	at java.lang.reflect.Method.invoke(Unknown Source)
	at org.testng.internal.MethodInvocationHelper.invokeMethod(MethodInvocationHelper.java:104)
	at org.testng.internal.Invoker.invokeConfigurationMethod(Invoker.java:515)
	at org.testng.internal.Invoker.invokeConfigurations(Invoker.java:217)
	at org.testng.internal.Invoker.invokeConfigurations(Invoker.java:144)
	at org.testng.internal.TestMethodWorker.invokeBeforeClassMethods(TestMethodWorker.java:169)
	at org.testng.internal.TestMethodWorker.run(TestMethodWorker.java:108)
	at org.testng.TestRunner.privateRun(TestRunner.java:756)
	at org.testng.TestRunner.run(TestRunner.java:610)
	at org.testng.SuiteRunner.runTest(SuiteRunner.java:387)
	at org.testng.SuiteRunner.runSequentially(SuiteRunner.java:382)
	at org.testng.SuiteRunner.privateRun(SuiteRunner.java:340)
	at org.testng.SuiteRunner.run(SuiteRunner.java:289)
	at org.testng.SuiteRunnerWorker.runSuite(SuiteRunnerWorker.java:52)
	at org.testng.SuiteRunnerWorker.run(SuiteRunnerWorker.java:86)
	at org.testng.TestNG.runSuitesSequentially(TestNG.java:1293)
	at org.testng.TestNG.runSuitesLocally(TestNG.java:1218)
	at org.testng.TestNG.runSuites(TestNG.java:1133)
	at org.testng.TestNG.run(TestNG.java:1104)
	at org.testng.remote.AbstractRemoteTestNG.run(AbstractRemoteTestNG.java:114)
	at org.testng.remote.RemoteTestNG.initAndRun(RemoteTestNG.java:251)
	at org.testng.remote.RemoteTestNG.main(RemoteTestNG.java:77)
Caused by: org.apache.http.conn.HttpHostConnectException: Connect to localhost:4444 [localhost/127.0.0.1, localhost/0:0:0:0:0:0:0:1] failed: Connection refused: connect
	at org.apache.http.impl.conn.DefaultHttpClientConnectionOperator.connect(DefaultHttpClientConnectionOperator.java:159)
	at org.apache.http.impl.conn.PoolingHttpClientConnectionManager.connect(PoolingHttpClientConnectionManager.java:359)
	at org.apache.http.impl.execchain.MainClientExec.establishRoute(MainClientExec.java:381)
	at org.apache.http.impl.execchain.MainClientExec.execute(MainClientExec.java:237)
	at org.apache.http.impl.execchain.ProtocolExec.execute(ProtocolExec.java:185)
	at org.apache.http.impl.execchain.RetryExec.execute(RetryExec.java:89)
	at org.apache.http.impl.execchain.RedirectExec.execute(RedirectExec.java:111)
	at org.apache.http.impl.client.InternalHttpClient.doExecute(InternalHttpClient.java:185)
	at org.apache.http.impl.client.CloseableHttpClient.execute(CloseableHttpClient.java:72)
	at org.apache.http.impl.client.CloseableHttpClient.execute(CloseableHttpClient.java:56)
	at org.openqa.selenium.remote.internal.ApacheHttpClient.fallBackExecute(ApacheHttpClient.java:139)
	at org.openqa.selenium.remote.internal.ApacheHttpClient.execute(ApacheHttpClient.java:87)
	at org.openqa.selenium.remote.ProtocolHandshake.createSession(ProtocolHandshake.java:343)
	at org.openqa.selenium.remote.ProtocolHandshake.createSession(ProtocolHandshake.java:159)
	at org.openqa.selenium.remote.HttpCommandExecutor.execute(HttpCommandExecutor.java:142)
	at org.openqa.selenium.remote.RemoteWebDriver.execute(RemoteWebDriver.java:637)
	... 31 more
Caused by: java.net.ConnectException: Connection refused: connect
	at java.net.DualStackPlainSocketImpl.waitForConnect(Native Method)
	at java.net.DualStackPlainSocketImpl.socketConnect(Unknown Source)
	at java.net.AbstractPlainSocketImpl.doConnect(Unknown Source)
	at java.net.AbstractPlainSocketImpl.connectToAddress(Unknown Source)
	at java.net.AbstractPlainSocketImpl.connect(Unknown Source)
	at java.net.PlainSocketImpl.connect(Unknown Source)
	at java.net.SocksSocketImpl.connect(Unknown Source)
	at java.net.Socket.connect(Unknown Source)
	at org.apache.http.conn.socket.PlainConnectionSocketFactory.connectSocket(PlainConnectionSocketFactory.java:75)
	at org.apache.http.impl.conn.DefaultHttpClientConnectionOperator.connect(DefaultHttpClientConnectionOperator.java:142)
	... 46 more
]]>
    </error>
  </testcase> <!-- setUp -->
  <testcase name="gmailsignin" time="0.000" classname="com.cleartrip.payment.nodejs.Air_Emails">
    <skipped/>
  </testcase> <!-- gmailsignin -->
  <testcase name="gmailsignin" time="0.009" classname="com.cleartrip.payment.nodejs.Air_Emails">
    <skipped/>
  </testcase> <!-- gmailsignin -->
  <testcase name="gmailsignin" time="0.004" classname="com.cleartrip.payment.nodejs.Air_Emails">
    <skipped/>
  </testcase> <!-- gmailsignin -->
  <testcase name="gmailsignin" time="0.001" classname="com.cleartrip.payment.nodejs.Air_Emails">
    <skipped/>
  </testcase> <!-- gmailsignin -->
  <testcase name="gmailsignin" time="0.001" classname="com.cleartrip.payment.nodejs.Air_Emails">
    <skipped/>
  </testcase> <!-- gmailsignin -->
  <testcase name="gmailsignin" time="0.000" classname="com.cleartrip.payment.nodejs.Air_Emails">
    <skipped/>
  </testcase> <!-- gmailsignin -->
  <testcase name="gmailsignin" time="0.001" classname="com.cleartrip.payment.nodejs.Air_Emails">
    <skipped/>
  </testcase> <!-- gmailsignin -->
  <testcase name="gmailsignin" time="0.000" classname="com.cleartrip.payment.nodejs.Air_Emails">
    <skipped/>
  </testcase> <!-- gmailsignin -->
  <testcase name="gmailsignin" time="0.000" classname="com.cleartrip.payment.nodejs.Air_Emails">
    <skipped/>
  </testcase> <!-- gmailsignin -->
  <testcase name="gmailsignin" time="0.001" classname="com.cleartrip.payment.nodejs.Air_Emails">
    <skipped/>
  </testcase> <!-- gmailsignin -->
  <testcase name="gmailsignin" time="0.000" classname="com.cleartrip.payment.nodejs.Air_Emails">
    <skipped/>
  </testcase> <!-- gmailsignin -->
  <testcase name="gmailsignin" time="0.001" classname="com.cleartrip.payment.nodejs.Air_Emails">
    <skipped/>
  </testcase> <!-- gmailsignin -->
  <testcase name="gmailsignin" time="0.001" classname="com.cleartrip.payment.nodejs.Air_Emails">
    <skipped/>
  </testcase> <!-- gmailsignin -->
  <testcase name="gmailsignin" time="0.000" classname="com.cleartrip.payment.nodejs.Air_Emails">
    <skipped/>
  </testcase> <!-- gmailsignin -->
  <testcase name="gmailsignin" time="0.000" classname="com.cleartrip.payment.nodejs.Air_Emails">
    <skipped/>
  </testcase> <!-- gmailsignin -->
  <testcase name="gmailsignin" time="0.000" classname="com.cleartrip.payment.nodejs.Air_Emails">
    <skipped/>
  </testcase> <!-- gmailsignin -->
  <testcase name="gmailsignin" time="0.001" classname="com.cleartrip.payment.nodejs.Air_Emails">
    <skipped/>
  </testcase> <!-- gmailsignin -->
  <testcase name="gmailsignin" time="0.002" classname="com.cleartrip.payment.nodejs.Air_Emails">
    <skipped/>
  </testcase> <!-- gmailsignin -->
  <testcase name="gmailsignin" time="0.004" classname="com.cleartrip.payment.nodejs.Air_Emails">
    <skipped/>
  </testcase> <!-- gmailsignin -->
  <testcase name="gmailsignin" time="0.002" classname="com.cleartrip.payment.nodejs.Air_Emails">
    <skipped/>
  </testcase> <!-- gmailsignin -->
  <testcase name="gmailsignin" time="0.004" classname="com.cleartrip.payment.nodejs.Air_Emails">
    <skipped/>
  </testcase> <!-- gmailsignin -->
  <testcase name="gmailsignin" time="0.000" classname="com.cleartrip.payment.nodejs.Air_Emails">
    <skipped/>
  </testcase> <!-- gmailsignin -->
  <testcase name="gmailsignin" time="0.000" classname="com.cleartrip.payment.nodejs.Air_Emails">
    <skipped/>
  </testcase> <!-- gmailsignin -->
  <testcase name="gmailsignin" time="0.004" classname="com.cleartrip.payment.nodejs.Air_Emails">
    <skipped/>
  </testcase> <!-- gmailsignin -->
  <testcase name="gmailsignin" time="0.000" classname="com.cleartrip.payment.nodejs.Air_Emails">
    <skipped/>
  </testcase> <!-- gmailsignin -->
  <testcase name="gmailsignin" time="0.002" classname="com.cleartrip.payment.nodejs.Air_Emails">
    <skipped/>
  </testcase> <!-- gmailsignin -->
  <testcase name="gmailsignin" time="0.000" classname="com.cleartrip.payment.nodejs.Air_Emails">
    <skipped/>
  </testcase> <!-- gmailsignin -->
  <testcase name="gmailsignin" time="0.001" classname="com.cleartrip.payment.nodejs.Air_Emails">
    <skipped/>
  </testcase> <!-- gmailsignin -->
  <testcase name="gmailsignin" time="0.002" classname="com.cleartrip.payment.nodejs.Air_Emails">
    <skipped/>
  </testcase> <!-- gmailsignin -->
  <testcase name="gmailsignin" time="0.000" classname="com.cleartrip.payment.nodejs.Air_Emails">
    <skipped/>
  </testcase> <!-- gmailsignin -->
  <testcase name="gmailsignin" time="0.000" classname="com.cleartrip.payment.nodejs.Air_Emails">
    <skipped/>
  </testcase> <!-- gmailsignin -->
  <testcase name="gmailsignin" time="0.000" classname="com.cleartrip.payment.nodejs.Air_Emails">
    <skipped/>
  </testcase> <!-- gmailsignin -->
  <testcase name="gmailsignin" time="0.000" classname="com.cleartrip.payment.nodejs.Air_Emails">
    <skipped/>
  </testcase> <!-- gmailsignin -->
  <testcase name="gmailsignin" time="0.000" classname="com.cleartrip.payment.nodejs.Air_Emails">
    <skipped/>
  </testcase> <!-- gmailsignin -->
  <testcase name="gmailsignin" time="0.002" classname="com.cleartrip.payment.nodejs.Air_Emails">
    <skipped/>
  </testcase> <!-- gmailsignin -->
  <testcase name="gmailsignin" time="0.001" classname="com.cleartrip.payment.nodejs.Air_Emails">
    <skipped/>
  </testcase> <!-- gmailsignin -->
  <testcase name="gmailsignin" time="0.000" classname="com.cleartrip.payment.nodejs.Air_Emails">
    <skipped/>
  </testcase> <!-- gmailsignin -->
  <testcase name="gmailsignin" time="0.003" classname="com.cleartrip.payment.nodejs.Air_Emails">
    <skipped/>
  </testcase> <!-- gmailsignin -->
  <testcase name="gmailsignin" time="0.001" classname="com.cleartrip.payment.nodejs.Air_Emails">
    <skipped/>
  </testcase> <!-- gmailsignin -->
  <testcase name="gmailsignin" time="0.000" classname="com.cleartrip.payment.nodejs.Air_Emails">
    <skipped/>
  </testcase> <!-- gmailsignin -->
  <testcase name="gmailsignin" time="0.004" classname="com.cleartrip.payment.nodejs.Air_Emails">
    <skipped/>
  </testcase> <!-- gmailsignin -->
  <testcase name="gmailsignin" time="0.000" classname="com.cleartrip.payment.nodejs.Air_Emails">
    <skipped/>
  </testcase> <!-- gmailsignin -->
  <testcase name="gmailsignin" time="0.001" classname="com.cleartrip.payment.nodejs.Air_Emails">
    <skipped/>
  </testcase> <!-- gmailsignin -->
  <testcase name="gmailsignin" time="0.000" classname="com.cleartrip.payment.nodejs.Air_Emails">
    <skipped/>
  </testcase> <!-- gmailsignin -->
  <testcase name="gmailsignin" time="0.000" classname="com.cleartrip.payment.nodejs.Air_Emails">
    <skipped/>
  </testcase> <!-- gmailsignin -->
  <testcase name="gmailsignin" time="0.000" classname="com.cleartrip.payment.nodejs.Air_Emails">
    <skipped/>
  </testcase> <!-- gmailsignin -->
  <testcase name="gmailsignin" time="0.001" classname="com.cleartrip.payment.nodejs.Air_Emails">
    <skipped/>
  </testcase> <!-- gmailsignin -->
  <testcase name="gmailsignin" time="0.001" classname="com.cleartrip.payment.nodejs.Air_Emails">
    <skipped/>
  </testcase> <!-- gmailsignin -->
  <testcase name="gmailsignin" time="0.001" classname="com.cleartrip.payment.nodejs.Air_Emails">
    <skipped/>
  </testcase> <!-- gmailsignin -->
  <testcase name="gmailsignin" time="0.000" classname="com.cleartrip.payment.nodejs.Air_Emails">
    <skipped/>
  </testcase> <!-- gmailsignin -->
  <testcase name="gmailsignin" time="0.002" classname="com.cleartrip.payment.nodejs.Air_Emails">
    <skipped/>
  </testcase> <!-- gmailsignin -->
  <testcase name="gmailsignin" time="0.000" classname="com.cleartrip.payment.nodejs.Air_Emails">
    <skipped/>
  </testcase> <!-- gmailsignin -->
  <testcase name="gmailsignin" time="0.000" classname="com.cleartrip.payment.nodejs.Air_Emails">
    <skipped/>
  </testcase> <!-- gmailsignin -->
  <testcase name="gmailsignin" time="0.010" classname="com.cleartrip.payment.nodejs.Air_Emails">
    <skipped/>
  </testcase> <!-- gmailsignin -->
  <testcase name="gmailsignin" time="0.001" classname="com.cleartrip.payment.nodejs.Air_Emails">
    <skipped/>
  </testcase> <!-- gmailsignin -->
  <testcase name="gmailsignin" time="0.000" classname="com.cleartrip.payment.nodejs.Air_Emails">
    <skipped/>
  </testcase> <!-- gmailsignin -->
  <testcase name="gmailsignin" time="0.000" classname="com.cleartrip.payment.nodejs.Air_Emails">
    <skipped/>
  </testcase> <!-- gmailsignin -->
  <testcase name="gmailsignin" time="0.001" classname="com.cleartrip.payment.nodejs.Air_Emails">
    <skipped/>
  </testcase> <!-- gmailsignin -->
  <testcase name="gmailsignin" time="0.000" classname="com.cleartrip.payment.nodejs.Air_Emails">
    <skipped/>
  </testcase> <!-- gmailsignin -->
  <testcase name="gmailsignin" time="0.013" classname="com.cleartrip.payment.nodejs.Air_Emails">
    <skipped/>
  </testcase> <!-- gmailsignin -->
  <testcase name="gmailsignin" time="0.001" classname="com.cleartrip.payment.nodejs.Air_Emails">
    <skipped/>
  </testcase> <!-- gmailsignin -->
  <testcase name="gmailsignin" time="0.000" classname="com.cleartrip.payment.nodejs.Air_Emails">
    <skipped/>
  </testcase> <!-- gmailsignin -->
  <testcase name="gmailsignin" time="0.000" classname="com.cleartrip.payment.nodejs.Air_Emails">
    <skipped/>
  </testcase> <!-- gmailsignin -->
  <testcase name="gmailsignin" time="0.002" classname="com.cleartrip.payment.nodejs.Air_Emails">
    <skipped/>
  </testcase> <!-- gmailsignin -->
  <testcase name="gmailsignin" time="0.001" classname="com.cleartrip.payment.nodejs.Air_Emails">
    <skipped/>
  </testcase> <!-- gmailsignin -->
  <testcase name="gmailsignin" time="0.001" classname="com.cleartrip.payment.nodejs.Air_Emails">
    <skipped/>
  </testcase> <!-- gmailsignin -->
  <testcase name="gmailsignin" time="0.002" classname="com.cleartrip.payment.nodejs.Air_Emails">
    <skipped/>
  </testcase> <!-- gmailsignin -->
  <testcase name="gmailsignin" time="0.002" classname="com.cleartrip.payment.nodejs.Air_Emails">
    <skipped/>
  </testcase> <!-- gmailsignin -->
  <testcase name="gmailsignin" time="0.004" classname="com.cleartrip.payment.nodejs.Air_Emails">
    <skipped/>
  </testcase> <!-- gmailsignin -->
  <testcase name="gmailsignin" time="0.000" classname="com.cleartrip.payment.nodejs.Air_Emails">
    <skipped/>
  </testcase> <!-- gmailsignin -->
  <testcase name="gmailsignin" time="0.000" classname="com.cleartrip.payment.nodejs.Air_Emails">
    <skipped/>
  </testcase> <!-- gmailsignin -->
  <testcase name="gmailsignin" time="0.000" classname="com.cleartrip.payment.nodejs.Air_Emails">
    <skipped/>
  </testcase> <!-- gmailsignin -->
  <testcase name="gmailsignin" time="0.000" classname="com.cleartrip.payment.nodejs.Air_Emails">
    <skipped/>
  </testcase> <!-- gmailsignin -->
  <testcase name="gmailsignin" time="0.002" classname="com.cleartrip.payment.nodejs.Air_Emails">
    <skipped/>
  </testcase> <!-- gmailsignin -->
  <testcase name="gmailsignin" time="0.002" classname="com.cleartrip.payment.nodejs.Air_Emails">
    <skipped/>
  </testcase> <!-- gmailsignin -->
  <testcase name="gmailsignin" time="0.002" classname="com.cleartrip.payment.nodejs.Air_Emails">
    <skipped/>
  </testcase> <!-- gmailsignin -->
  <testcase name="gmailsignin" time="0.000" classname="com.cleartrip.payment.nodejs.Air_Emails">
    <skipped/>
  </testcase> <!-- gmailsignin -->
  <testcase name="gmailsignin" time="0.001" classname="com.cleartrip.payment.nodejs.Air_Emails">
    <skipped/>
  </testcase> <!-- gmailsignin -->
  <testcase name="gmailsignin" time="0.002" classname="com.cleartrip.payment.nodejs.Air_Emails">
    <skipped/>
  </testcase> <!-- gmailsignin -->
  <testcase name="gmailsignin" time="0.001" classname="com.cleartrip.payment.nodejs.Air_Emails">
    <skipped/>
  </testcase> <!-- gmailsignin -->
  <testcase name="gmailsignin" time="0.005" classname="com.cleartrip.payment.nodejs.Air_Emails">
    <skipped/>
  </testcase> <!-- gmailsignin -->
  <testcase name="gmailsignin" time="0.000" classname="com.cleartrip.payment.nodejs.Air_Emails">
    <skipped/>
  </testcase> <!-- gmailsignin -->
  <testcase name="gmailsignin" time="0.002" classname="com.cleartrip.payment.nodejs.Air_Emails">
    <skipped/>
  </testcase> <!-- gmailsignin -->
  <testcase name="gmailsignin" time="0.000" classname="com.cleartrip.payment.nodejs.Air_Emails">
    <skipped/>
  </testcase> <!-- gmailsignin -->
  <testcase name="gmailsignin" time="0.001" classname="com.cleartrip.payment.nodejs.Air_Emails">
    <skipped/>
  </testcase> <!-- gmailsignin -->
  <testcase name="gmailsignin" time="0.001" classname="com.cleartrip.payment.nodejs.Air_Emails">
    <skipped/>
  </testcase> <!-- gmailsignin -->
  <testcase name="gmailsignin" time="0.017" classname="com.cleartrip.payment.nodejs.Air_Emails">
    <skipped/>
  </testcase> <!-- gmailsignin -->
  <testcase name="gmailsignin" time="0.000" classname="com.cleartrip.payment.nodejs.Air_Emails">
    <skipped/>
  </testcase> <!-- gmailsignin -->
  <testcase name="gmailsignin" time="0.000" classname="com.cleartrip.payment.nodejs.Air_Emails">
    <skipped/>
  </testcase> <!-- gmailsignin -->
  <testcase name="gmailsignin" time="0.000" classname="com.cleartrip.payment.nodejs.Air_Emails">
    <skipped/>
  </testcase> <!-- gmailsignin -->
  <testcase name="gmailsignin" time="0.006" classname="com.cleartrip.payment.nodejs.Air_Emails">
    <skipped/>
  </testcase> <!-- gmailsignin -->
  <testcase name="gmailsignin" time="0.001" classname="com.cleartrip.payment.nodejs.Air_Emails">
    <skipped/>
  </testcase> <!-- gmailsignin -->
  <testcase name="gmailsignin" time="0.000" classname="com.cleartrip.payment.nodejs.Air_Emails">
    <skipped/>
  </testcase> <!-- gmailsignin -->
  <testcase name="gmailsignin" time="0.000" classname="com.cleartrip.payment.nodejs.Air_Emails">
    <skipped/>
  </testcase> <!-- gmailsignin -->
  <testcase name="gmailsignin" time="0.003" classname="com.cleartrip.payment.nodejs.Air_Emails">
    <skipped/>
  </testcase> <!-- gmailsignin -->
  <testcase name="gmailsignin" time="0.000" classname="com.cleartrip.payment.nodejs.Air_Emails">
    <skipped/>
  </testcase> <!-- gmailsignin -->
  <testcase name="gmailsignin" time="0.002" classname="com.cleartrip.payment.nodejs.Air_Emails">
    <skipped/>
  </testcase> <!-- gmailsignin -->
  <testcase name="gmailsignin" time="0.000" classname="com.cleartrip.payment.nodejs.Air_Emails">
    <skipped/>
  </testcase> <!-- gmailsignin -->
  <testcase name="gmailsignin" time="0.000" classname="com.cleartrip.payment.nodejs.Air_Emails">
    <skipped/>
  </testcase> <!-- gmailsignin -->
  <testcase name="gmailsignin" time="0.000" classname="com.cleartrip.payment.nodejs.Air_Emails">
    <skipped/>
  </testcase> <!-- gmailsignin -->
  <testcase name="gmailsignin" time="0.001" classname="com.cleartrip.payment.nodejs.Air_Emails">
    <skipped/>
  </testcase> <!-- gmailsignin -->
  <testcase name="gmailsignin" time="0.000" classname="com.cleartrip.payment.nodejs.Air_Emails">
    <skipped/>
  </testcase> <!-- gmailsignin -->
  <testcase name="gmailsignin" time="0.002" classname="com.cleartrip.payment.nodejs.Air_Emails">
    <skipped/>
  </testcase> <!-- gmailsignin -->
  <testcase name="gmailsignin" time="0.001" classname="com.cleartrip.payment.nodejs.Air_Emails">
    <skipped/>
  </testcase> <!-- gmailsignin -->
  <testcase name="gmailsignin" time="0.000" classname="com.cleartrip.payment.nodejs.Air_Emails">
    <skipped/>
  </testcase> <!-- gmailsignin -->
  <testcase name="gmailsignin" time="0.002" classname="com.cleartrip.payment.nodejs.Air_Emails">
    <skipped/>
  </testcase> <!-- gmailsignin -->
  <testcase name="gmailsignin" time="0.001" classname="com.cleartrip.payment.nodejs.Air_Emails">
    <skipped/>
  </testcase> <!-- gmailsignin -->
  <testcase name="gmailsignin" time="0.000" classname="com.cleartrip.payment.nodejs.Air_Emails">
    <skipped/>
  </testcase> <!-- gmailsignin -->
  <testcase name="gmailsignin" time="0.001" classname="com.cleartrip.payment.nodejs.Air_Emails">
    <skipped/>
  </testcase> <!-- gmailsignin -->
  <testcase name="gmailsignin" time="0.002" classname="com.cleartrip.payment.nodejs.Air_Emails">
    <skipped/>
  </testcase> <!-- gmailsignin -->
  <testcase name="gmailsignin" time="0.001" classname="com.cleartrip.payment.nodejs.Air_Emails">
    <skipped/>
  </testcase> <!-- gmailsignin -->
  <testcase name="gmailsignin" time="0.000" classname="com.cleartrip.payment.nodejs.Air_Emails">
    <skipped/>
  </testcase> <!-- gmailsignin -->
  <testcase name="gmailsignin" time="0.001" classname="com.cleartrip.payment.nodejs.Air_Emails">
    <skipped/>
  </testcase> <!-- gmailsignin -->
  <testcase name="gmailsignin" time="0.001" classname="com.cleartrip.payment.nodejs.Air_Emails">
    <skipped/>
  </testcase> <!-- gmailsignin -->
  <testcase name="gmailsignin" time="0.005" classname="com.cleartrip.payment.nodejs.Air_Emails">
    <skipped/>
  </testcase> <!-- gmailsignin -->
  <testcase name="gmailsignin" time="0.000" classname="com.cleartrip.payment.nodejs.Air_Emails">
    <skipped/>
  </testcase> <!-- gmailsignin -->
  <testcase name="gmailsignin" time="0.000" classname="com.cleartrip.payment.nodejs.Air_Emails">
    <skipped/>
  </testcase> <!-- gmailsignin -->
  <testcase name="gmailsignin" time="0.046" classname="com.cleartrip.payment.nodejs.Air_Emails">
    <skipped/>
  </testcase> <!-- gmailsignin -->
  <testcase name="gmailsignin" time="0.000" classname="com.cleartrip.payment.nodejs.Air_Emails">
    <skipped/>
  </testcase> <!-- gmailsignin -->
  <testcase name="gmailsignin" time="0.000" classname="com.cleartrip.payment.nodejs.Air_Emails">
    <skipped/>
  </testcase> <!-- gmailsignin -->
  <testcase name="gmailsignin" time="0.000" classname="com.cleartrip.payment.nodejs.Air_Emails">
    <skipped/>
  </testcase> <!-- gmailsignin -->
  <testcase name="gmailsignin" time="0.000" classname="com.cleartrip.payment.nodejs.Air_Emails">
    <skipped/>
  </testcase> <!-- gmailsignin -->
  <testcase name="gmailsignin" time="0.001" classname="com.cleartrip.payment.nodejs.Air_Emails">
    <skipped/>
  </testcase> <!-- gmailsignin -->
  <testcase name="gmailsignin" time="0.001" classname="com.cleartrip.payment.nodejs.Air_Emails">
    <skipped/>
  </testcase> <!-- gmailsignin -->
  <testcase name="gmailsignin" time="0.001" classname="com.cleartrip.payment.nodejs.Air_Emails">
    <skipped/>
  </testcase> <!-- gmailsignin -->
  <testcase name="gmailsignin" time="0.000" classname="com.cleartrip.payment.nodejs.Air_Emails">
    <skipped/>
  </testcase> <!-- gmailsignin -->
  <testcase name="gmailsignin" time="0.002" classname="com.cleartrip.payment.nodejs.Air_Emails">
    <skipped/>
  </testcase> <!-- gmailsignin -->
  <testcase name="gmailsignin" time="0.002" classname="com.cleartrip.payment.nodejs.Air_Emails">
    <skipped/>
  </testcase> <!-- gmailsignin -->
  <testcase name="gmailsignin" time="0.004" classname="com.cleartrip.payment.nodejs.Air_Emails">
    <skipped/>
  </testcase> <!-- gmailsignin -->
  <testcase name="gmailsignin" time="0.001" classname="com.cleartrip.payment.nodejs.Air_Emails">
    <skipped/>
  </testcase> <!-- gmailsignin -->
  <testcase name="gmailsignin" time="0.000" classname="com.cleartrip.payment.nodejs.Air_Emails">
    <skipped/>
  </testcase> <!-- gmailsignin -->
  <testcase name="gmailsignin" time="0.002" classname="com.cleartrip.payment.nodejs.Air_Emails">
    <skipped/>
  </testcase> <!-- gmailsignin -->
  <testcase name="gmailsignin" time="0.002" classname="com.cleartrip.payment.nodejs.Air_Emails">
    <skipped/>
  </testcase> <!-- gmailsignin -->
  <testcase name="gmailsignin" time="0.002" classname="com.cleartrip.payment.nodejs.Air_Emails">
    <skipped/>
  </testcase> <!-- gmailsignin -->
  <testcase name="gmailsignin" time="0.000" classname="com.cleartrip.payment.nodejs.Air_Emails">
    <skipped/>
  </testcase> <!-- gmailsignin -->
  <testcase name="gmailsignin" time="0.001" classname="com.cleartrip.payment.nodejs.Air_Emails">
    <skipped/>
  </testcase> <!-- gmailsignin -->
  <testcase name="gmailsignin" time="0.002" classname="com.cleartrip.payment.nodejs.Air_Emails">
    <skipped/>
  </testcase> <!-- gmailsignin -->
  <testcase name="gmailsignin" time="0.001" classname="com.cleartrip.payment.nodejs.Air_Emails">
    <skipped/>
  </testcase> <!-- gmailsignin -->
  <testcase name="gmailsignin" time="0.001" classname="com.cleartrip.payment.nodejs.Air_Emails">
    <skipped/>
  </testcase> <!-- gmailsignin -->
  <testcase name="gmailsignin" time="0.000" classname="com.cleartrip.payment.nodejs.Air_Emails">
    <skipped/>
  </testcase> <!-- gmailsignin -->
  <testcase name="gmailsignin" time="0.002" classname="com.cleartrip.payment.nodejs.Air_Emails">
    <skipped/>
  </testcase> <!-- gmailsignin -->
  <testcase name="gmailsignin" time="0.002" classname="com.cleartrip.payment.nodejs.Air_Emails">
    <skipped/>
  </testcase> <!-- gmailsignin -->
  <testcase name="gmailsignin" time="0.000" classname="com.cleartrip.payment.nodejs.Air_Emails">
    <skipped/>
  </testcase> <!-- gmailsignin -->
  <testcase name="gmailsignin" time="0.002" classname="com.cleartrip.payment.nodejs.Air_Emails">
    <skipped/>
  </testcase> <!-- gmailsignin -->
  <testcase name="gmailsignin" time="0.000" classname="com.cleartrip.payment.nodejs.Air_Emails">
    <skipped/>
  </testcase> <!-- gmailsignin -->
  <testcase name="gmailsignin" time="0.002" classname="com.cleartrip.payment.nodejs.Air_Emails">
    <skipped/>
  </testcase> <!-- gmailsignin -->
  <testcase name="gmailsignin" time="0.003" classname="com.cleartrip.payment.nodejs.Air_Emails">
    <skipped/>
  </testcase> <!-- gmailsignin -->
  <testcase name="gmailsignin" time="0.000" classname="com.cleartrip.payment.nodejs.Air_Emails">
    <skipped/>
  </testcase> <!-- gmailsignin -->
  <testcase name="gmailsignin" time="0.003" classname="com.cleartrip.payment.nodejs.Air_Emails">
    <skipped/>
  </testcase> <!-- gmailsignin -->
  <testcase name="gmailsignin" time="0.001" classname="com.cleartrip.payment.nodejs.Air_Emails">
    <skipped/>
  </testcase> <!-- gmailsignin -->
  <testcase name="gmailsignin" time="0.002" classname="com.cleartrip.payment.nodejs.Air_Emails">
    <skipped/>
  </testcase> <!-- gmailsignin -->
  <testcase name="gmailsignin" time="0.000" classname="com.cleartrip.payment.nodejs.Air_Emails">
    <skipped/>
  </testcase> <!-- gmailsignin -->
  <testcase name="gmailsignin" time="0.001" classname="com.cleartrip.payment.nodejs.Air_Emails">
    <skipped/>
  </testcase> <!-- gmailsignin -->
  <testcase name="gmailsignin" time="0.002" classname="com.cleartrip.payment.nodejs.Air_Emails">
    <skipped/>
  </testcase> <!-- gmailsignin -->
  <testcase name="gmailsignin" time="0.000" classname="com.cleartrip.payment.nodejs.Air_Emails">
    <skipped/>
  </testcase> <!-- gmailsignin -->
  <testcase name="gmailsignin" time="0.001" classname="com.cleartrip.payment.nodejs.Air_Emails">
    <skipped/>
  </testcase> <!-- gmailsignin -->
  <testcase name="gmailsignin" time="0.001" classname="com.cleartrip.payment.nodejs.Air_Emails">
    <skipped/>
  </testcase> <!-- gmailsignin -->
  <testcase name="gmailsignin" time="0.000" classname="com.cleartrip.payment.nodejs.Air_Emails">
    <skipped/>
  </testcase> <!-- gmailsignin -->
  <testcase name="gmailsignin" time="0.000" classname="com.cleartrip.payment.nodejs.Air_Emails">
    <skipped/>
  </testcase> <!-- gmailsignin -->
  <testcase name="gmailsignin" time="0.001" classname="com.cleartrip.payment.nodejs.Air_Emails">
    <skipped/>
  </testcase> <!-- gmailsignin -->
  <testcase name="gmailsignin" time="0.000" classname="com.cleartrip.payment.nodejs.Air_Emails">
    <skipped/>
  </testcase> <!-- gmailsignin -->
  <testcase name="gmailsignin" time="0.000" classname="com.cleartrip.payment.nodejs.Air_Emails">
    <skipped/>
  </testcase> <!-- gmailsignin -->
  <testcase name="gmailsignin" time="0.001" classname="com.cleartrip.payment.nodejs.Air_Emails">
    <skipped/>
  </testcase> <!-- gmailsignin -->
  <testcase name="gmailsignin" time="0.001" classname="com.cleartrip.payment.nodejs.Air_Emails">
    <skipped/>
  </testcase> <!-- gmailsignin -->
  <testcase name="gmailsignin" time="0.000" classname="com.cleartrip.payment.nodejs.Air_Emails">
    <skipped/>
  </testcase> <!-- gmailsignin -->
  <testcase name="gmailsignin" time="0.001" classname="com.cleartrip.payment.nodejs.Air_Emails">
    <skipped/>
  </testcase> <!-- gmailsignin -->
  <testcase name="gmailsignin" time="0.000" classname="com.cleartrip.payment.nodejs.Air_Emails">
    <skipped/>
  </testcase> <!-- gmailsignin -->
  <testcase name="gmailsignin" time="0.008" classname="com.cleartrip.payment.nodejs.Air_Emails">
    <skipped/>
  </testcase> <!-- gmailsignin -->
  <testcase name="gmailsignin" time="0.000" classname="com.cleartrip.payment.nodejs.Air_Emails">
    <skipped/>
  </testcase> <!-- gmailsignin -->
  <testcase name="gmailsignin" time="0.000" classname="com.cleartrip.payment.nodejs.Air_Emails">
    <skipped/>
  </testcase> <!-- gmailsignin -->
  <testcase name="gmailsignin" time="0.002" classname="com.cleartrip.payment.nodejs.Air_Emails">
    <skipped/>
  </testcase> <!-- gmailsignin -->
  <testcase name="gmailsignin" time="0.000" classname="com.cleartrip.payment.nodejs.Air_Emails">
    <skipped/>
  </testcase> <!-- gmailsignin -->
  <testcase name="gmailsignin" time="0.000" classname="com.cleartrip.payment.nodejs.Air_Emails">
    <skipped/>
  </testcase> <!-- gmailsignin -->
  <testcase name="gmailsignin" time="0.009" classname="com.cleartrip.payment.nodejs.Air_Emails">
    <skipped/>
  </testcase> <!-- gmailsignin -->
  <testcase name="gmailsignin" time="0.000" classname="com.cleartrip.payment.nodejs.Air_Emails">
    <skipped/>
  </testcase> <!-- gmailsignin -->
  <testcase name="gmailsignin" time="0.010" classname="com.cleartrip.payment.nodejs.Air_Emails">
    <skipped/>
  </testcase> <!-- gmailsignin -->
  <testcase name="gmailsignin" time="0.002" classname="com.cleartrip.payment.nodejs.Air_Emails">
    <skipped/>
  </testcase> <!-- gmailsignin -->
  <testcase name="gmailsignin" time="0.001" classname="com.cleartrip.payment.nodejs.Air_Emails">
    <skipped/>
  </testcase> <!-- gmailsignin -->
  <testcase name="gmailsignin" time="0.000" classname="com.cleartrip.payment.nodejs.Air_Emails">
    <skipped/>
  </testcase> <!-- gmailsignin -->
  <testcase name="gmailsignin" time="0.001" classname="com.cleartrip.payment.nodejs.Air_Emails">
    <skipped/>
  </testcase> <!-- gmailsignin -->
  <testcase name="gmailsignin" time="0.002" classname="com.cleartrip.payment.nodejs.Air_Emails">
    <skipped/>
  </testcase> <!-- gmailsignin -->
  <testcase name="gmailsignin" time="0.001" classname="com.cleartrip.payment.nodejs.Air_Emails">
    <skipped/>
  </testcase> <!-- gmailsignin -->
  <testcase name="gmailsignin" time="0.000" classname="com.cleartrip.payment.nodejs.Air_Emails">
    <skipped/>
  </testcase> <!-- gmailsignin -->
  <testcase name="gmailsignin" time="0.000" classname="com.cleartrip.payment.nodejs.Air_Emails">
    <skipped/>
  </testcase> <!-- gmailsignin -->
  <testcase name="gmailsignin" time="0.000" classname="com.cleartrip.payment.nodejs.Air_Emails">
    <skipped/>
  </testcase> <!-- gmailsignin -->
  <testcase name="gmailsignin" time="0.001" classname="com.cleartrip.payment.nodejs.Air_Emails">
    <skipped/>
  </testcase> <!-- gmailsignin -->
  <testcase name="gmailsignin" time="0.000" classname="com.cleartrip.payment.nodejs.Air_Emails">
    <skipped/>
  </testcase> <!-- gmailsignin -->
  <testcase name="gmailsignin" time="0.000" classname="com.cleartrip.payment.nodejs.Air_Emails">
    <skipped/>
  </testcase> <!-- gmailsignin -->
  <testcase name="gmailsignin" time="0.000" classname="com.cleartrip.payment.nodejs.Air_Emails">
    <skipped/>
  </testcase> <!-- gmailsignin -->
  <testcase name="gmailsignin" time="0.001" classname="com.cleartrip.payment.nodejs.Air_Emails">
    <skipped/>
  </testcase> <!-- gmailsignin -->
  <testcase name="gmailsignin" time="0.005" classname="com.cleartrip.payment.nodejs.Air_Emails">
    <skipped/>
  </testcase> <!-- gmailsignin -->
  <testcase name="gmailsignin" time="0.000" classname="com.cleartrip.payment.nodejs.Air_Emails">
    <skipped/>
  </testcase> <!-- gmailsignin -->
  <testcase name="gmailsignin" time="0.000" classname="com.cleartrip.payment.nodejs.Air_Emails">
    <skipped/>
  </testcase> <!-- gmailsignin -->
  <testcase name="gmailsignin" time="0.000" classname="com.cleartrip.payment.nodejs.Air_Emails">
    <skipped/>
  </testcase> <!-- gmailsignin -->
  <testcase name="gmailsignin" time="0.000" classname="com.cleartrip.payment.nodejs.Air_Emails">
    <skipped/>
  </testcase> <!-- gmailsignin -->
  <testcase name="gmailsignin" time="0.000" classname="com.cleartrip.payment.nodejs.Air_Emails">
    <skipped/>
  </testcase> <!-- gmailsignin -->
  <testcase name="gmailsignin" time="0.000" classname="com.cleartrip.payment.nodejs.Air_Emails">
    <skipped/>
  </testcase> <!-- gmailsignin -->
  <testcase name="gmailsignin" time="0.000" classname="com.cleartrip.payment.nodejs.Air_Emails">
    <skipped/>
  </testcase> <!-- gmailsignin -->
  <testcase name="gmailsignin" time="0.000" classname="com.cleartrip.payment.nodejs.Air_Emails">
    <skipped/>
  </testcase> <!-- gmailsignin -->
  <testcase name="gmailsignin" time="0.002" classname="com.cleartrip.payment.nodejs.Air_Emails">
    <skipped/>
  </testcase> <!-- gmailsignin -->
  <testcase name="gmailsignin" time="0.000" classname="com.cleartrip.payment.nodejs.Air_Emails">
    <skipped/>
  </testcase> <!-- gmailsignin -->
  <testcase name="gmailsignin" time="0.003" classname="com.cleartrip.payment.nodejs.Air_Emails">
    <skipped/>
  </testcase> <!-- gmailsignin -->
  <testcase name="gmailsignin" time="0.002" classname="com.cleartrip.payment.nodejs.Air_Emails">
    <skipped/>
  </testcase> <!-- gmailsignin -->
  <testcase name="gmailsignin" time="0.000" classname="com.cleartrip.payment.nodejs.Air_Emails">
    <skipped/>
  </testcase> <!-- gmailsignin -->
  <testcase name="gmailsignin" time="0.001" classname="com.cleartrip.payment.nodejs.Air_Emails">
    <skipped/>
  </testcase> <!-- gmailsignin -->
  <testcase name="gmailsignin" time="0.003" classname="com.cleartrip.payment.nodejs.Air_Emails">
    <skipped/>
  </testcase> <!-- gmailsignin -->
  <testcase name="gmailsignin" time="0.001" classname="com.cleartrip.payment.nodejs.Air_Emails">
    <skipped/>
  </testcase> <!-- gmailsignin -->
  <testcase name="gmailsignin" time="0.000" classname="com.cleartrip.payment.nodejs.Air_Emails">
    <skipped/>
  </testcase> <!-- gmailsignin -->
  <testcase name="gmailsignin" time="0.003" classname="com.cleartrip.payment.nodejs.Air_Emails">
    <skipped/>
  </testcase> <!-- gmailsignin -->
  <testcase name="gmailsignin" time="0.000" classname="com.cleartrip.payment.nodejs.Air_Emails">
    <skipped/>
  </testcase> <!-- gmailsignin -->
  <testcase name="gmailsignin" time="0.003" classname="com.cleartrip.payment.nodejs.Air_Emails">
    <skipped/>
  </testcase> <!-- gmailsignin -->
  <testcase name="gmailsignin" time="0.001" classname="com.cleartrip.payment.nodejs.Air_Emails">
    <skipped/>
  </testcase> <!-- gmailsignin -->
  <testcase name="gmailsignin" time="0.015" classname="com.cleartrip.payment.nodejs.Air_Emails">
    <skipped/>
  </testcase> <!-- gmailsignin -->
  <testcase name="gmailsignin" time="0.001" classname="com.cleartrip.payment.nodejs.Air_Emails">
    <skipped/>
  </testcase> <!-- gmailsignin -->
  <testcase name="gmailsignin" time="0.000" classname="com.cleartrip.payment.nodejs.Air_Emails">
    <skipped/>
  </testcase> <!-- gmailsignin -->
  <testcase name="gmailsignin" time="0.002" classname="com.cleartrip.payment.nodejs.Air_Emails">
    <skipped/>
  </testcase> <!-- gmailsignin -->
  <testcase name="gmailsignin" time="0.003" classname="com.cleartrip.payment.nodejs.Air_Emails">
    <skipped/>
  </testcase> <!-- gmailsignin -->
  <testcase name="gmailsignin" time="0.000" classname="com.cleartrip.payment.nodejs.Air_Emails">
    <skipped/>
  </testcase> <!-- gmailsignin -->
  <testcase name="gmailsignin" time="0.000" classname="com.cleartrip.payment.nodejs.Air_Emails">
    <skipped/>
  </testcase> <!-- gmailsignin -->
  <testcase name="gmailsignin" time="0.001" classname="com.cleartrip.payment.nodejs.Air_Emails">
    <skipped/>
  </testcase> <!-- gmailsignin -->
  <testcase name="gmailsignin" time="0.000" classname="com.cleartrip.payment.nodejs.Air_Emails">
    <skipped/>
  </testcase> <!-- gmailsignin -->
  <testcase name="gmailsignin" time="0.000" classname="com.cleartrip.payment.nodejs.Air_Emails">
    <skipped/>
  </testcase> <!-- gmailsignin -->
  <testcase name="gmailsignin" time="0.000" classname="com.cleartrip.payment.nodejs.Air_Emails">
    <skipped/>
  </testcase> <!-- gmailsignin -->
  <testcase name="gmailsignin" time="0.002" classname="com.cleartrip.payment.nodejs.Air_Emails">
    <skipped/>
  </testcase> <!-- gmailsignin -->
  <testcase name="gmailsignin" time="0.001" classname="com.cleartrip.payment.nodejs.Air_Emails">
    <skipped/>
  </testcase> <!-- gmailsignin -->
  <testcase name="gmailsignin" time="0.002" classname="com.cleartrip.payment.nodejs.Air_Emails">
    <skipped/>
  </testcase> <!-- gmailsignin -->
  <testcase name="gmailsignin" time="0.001" classname="com.cleartrip.payment.nodejs.Air_Emails">
    <skipped/>
  </testcase> <!-- gmailsignin -->
  <testcase name="gmailsignin" time="0.000" classname="com.cleartrip.payment.nodejs.Air_Emails">
    <skipped/>
  </testcase> <!-- gmailsignin -->
  <testcase name="gmailsignin" time="0.002" classname="com.cleartrip.payment.nodejs.Air_Emails">
    <skipped/>
  </testcase> <!-- gmailsignin -->
  <testcase name="gmailsignin" time="0.000" classname="com.cleartrip.payment.nodejs.Air_Emails">
    <skipped/>
  </testcase> <!-- gmailsignin -->
  <testcase name="gmailsignin" time="0.000" classname="com.cleartrip.payment.nodejs.Air_Emails">
    <skipped/>
  </testcase> <!-- gmailsignin -->
  <testcase name="gmailsignin" time="0.002" classname="com.cleartrip.payment.nodejs.Air_Emails">
    <skipped/>
  </testcase> <!-- gmailsignin -->
  <testcase name="gmailsignin" time="0.000" classname="com.cleartrip.payment.nodejs.Air_Emails">
    <skipped/>
  </testcase> <!-- gmailsignin -->
  <testcase name="gmailsignin" time="0.000" classname="com.cleartrip.payment.nodejs.Air_Emails">
    <skipped/>
  </testcase> <!-- gmailsignin -->
  <testcase name="gmailsignin" time="0.001" classname="com.cleartrip.payment.nodejs.Air_Emails">
    <skipped/>
  </testcase> <!-- gmailsignin -->
  <testcase name="gmailsignin" time="0.005" classname="com.cleartrip.payment.nodejs.Air_Emails">
    <skipped/>
  </testcase> <!-- gmailsignin -->
  <testcase name="gmailsignin" time="0.000" classname="com.cleartrip.payment.nodejs.Air_Emails">
    <skipped/>
  </testcase> <!-- gmailsignin -->
  <testcase name="gmailsignin" time="0.000" classname="com.cleartrip.payment.nodejs.Air_Emails">
    <skipped/>
  </testcase> <!-- gmailsignin -->
  <testcase name="gmailsignin" time="0.000" classname="com.cleartrip.payment.nodejs.Air_Emails">
    <skipped/>
  </testcase> <!-- gmailsignin -->
  <testcase name="gmailsignin" time="0.002" classname="com.cleartrip.payment.nodejs.Air_Emails">
    <skipped/>
  </testcase> <!-- gmailsignin -->
  <testcase name="gmailsignin" time="0.004" classname="com.cleartrip.payment.nodejs.Air_Emails">
    <skipped/>
  </testcase> <!-- gmailsignin -->
  <testcase name="gmailsignin" time="0.000" classname="com.cleartrip.payment.nodejs.Air_Emails">
    <skipped/>
  </testcase> <!-- gmailsignin -->
  <testcase name="gmailsignin" time="0.000" classname="com.cleartrip.payment.nodejs.Air_Emails">
    <skipped/>
  </testcase> <!-- gmailsignin -->
  <testcase name="gmailsignin" time="0.001" classname="com.cleartrip.payment.nodejs.Air_Emails">
    <skipped/>
  </testcase> <!-- gmailsignin -->
  <testcase name="gmailsignin" time="0.001" classname="com.cleartrip.payment.nodejs.Air_Emails">
    <skipped/>
  </testcase> <!-- gmailsignin -->
  <testcase name="gmailsignin" time="0.005" classname="com.cleartrip.payment.nodejs.Air_Emails">
    <skipped/>
  </testcase> <!-- gmailsignin -->
  <testcase name="gmailsignin" time="0.001" classname="com.cleartrip.payment.nodejs.Air_Emails">
    <skipped/>
  </testcase> <!-- gmailsignin -->
  <testcase name="gmailsignin" time="0.001" classname="com.cleartrip.payment.nodejs.Air_Emails">
    <skipped/>
  </testcase> <!-- gmailsignin -->
  <testcase name="gmailsignin" time="0.001" classname="com.cleartrip.payment.nodejs.Air_Emails">
    <skipped/>
  </testcase> <!-- gmailsignin -->
  <testcase name="gmailsignin" time="0.004" classname="com.cleartrip.payment.nodejs.Air_Emails">
    <skipped/>
  </testcase> <!-- gmailsignin -->
  <testcase name="gmailsignin" time="0.001" classname="com.cleartrip.payment.nodejs.Air_Emails">
    <skipped/>
  </testcase> <!-- gmailsignin -->
  <testcase name="gmailsignin" time="0.002" classname="com.cleartrip.payment.nodejs.Air_Emails">
    <skipped/>
  </testcase> <!-- gmailsignin -->
  <testcase name="gmailsignin" time="0.000" classname="com.cleartrip.payment.nodejs.Air_Emails">
    <skipped/>
  </testcase> <!-- gmailsignin -->
  <testcase name="gmailsignin" time="0.001" classname="com.cleartrip.payment.nodejs.Air_Emails">
    <skipped/>
  </testcase> <!-- gmailsignin -->
  <testcase name="gmailsignin" time="0.000" classname="com.cleartrip.payment.nodejs.Air_Emails">
    <skipped/>
  </testcase> <!-- gmailsignin -->
  <testcase name="gmailsignin" time="0.001" classname="com.cleartrip.payment.nodejs.Air_Emails">
    <skipped/>
  </testcase> <!-- gmailsignin -->
  <testcase name="gmailsignin" time="0.000" classname="com.cleartrip.payment.nodejs.Air_Emails">
    <skipped/>
  </testcase> <!-- gmailsignin -->
  <testcase name="gmailsignin" time="0.000" classname="com.cleartrip.payment.nodejs.Air_Emails">
    <skipped/>
  </testcase> <!-- gmailsignin -->
  <testcase name="gmailsignin" time="0.000" classname="com.cleartrip.payment.nodejs.Air_Emails">
    <skipped/>
  </testcase> <!-- gmailsignin -->
  <testcase name="gmailsignin" time="0.001" classname="com.cleartrip.payment.nodejs.Air_Emails">
    <skipped/>
  </testcase> <!-- gmailsignin -->
  <testcase name="gmailsignin" time="0.000" classname="com.cleartrip.payment.nodejs.Air_Emails">
    <skipped/>
  </testcase> <!-- gmailsignin -->
  <testcase name="gmailsignin" time="0.001" classname="com.cleartrip.payment.nodejs.Air_Emails">
    <skipped/>
  </testcase> <!-- gmailsignin -->
  <testcase name="gmailsignin" time="0.001" classname="com.cleartrip.payment.nodejs.Air_Emails">
    <skipped/>
  </testcase> <!-- gmailsignin -->
  <testcase name="gmailsignin" time="0.000" classname="com.cleartrip.payment.nodejs.Air_Emails">
    <skipped/>
  </testcase> <!-- gmailsignin -->
  <testcase name="gmailsignin" time="0.001" classname="com.cleartrip.payment.nodejs.Air_Emails">
    <skipped/>
  </testcase> <!-- gmailsignin -->
  <testcase name="gmailsignin" time="0.000" classname="com.cleartrip.payment.nodejs.Air_Emails">
    <skipped/>
  </testcase> <!-- gmailsignin -->
  <testcase name="gmailsignin" time="0.000" classname="com.cleartrip.payment.nodejs.Air_Emails">
    <skipped/>
  </testcase> <!-- gmailsignin -->
  <testcase name="gmailsignin" time="0.001" classname="com.cleartrip.payment.nodejs.Air_Emails">
    <skipped/>
  </testcase> <!-- gmailsignin -->
  <testcase name="gmailsignin" time="0.007" classname="com.cleartrip.payment.nodejs.Air_Emails">
    <skipped/>
  </testcase> <!-- gmailsignin -->
  <testcase name="gmailsignin" time="0.002" classname="com.cleartrip.payment.nodejs.Air_Emails">
    <skipped/>
  </testcase> <!-- gmailsignin -->
  <testcase name="gmailsignin" time="0.000" classname="com.cleartrip.payment.nodejs.Air_Emails">
    <skipped/>
  </testcase> <!-- gmailsignin -->
  <testcase name="gmailsignin" time="0.000" classname="com.cleartrip.payment.nodejs.Air_Emails">
    <skipped/>
  </testcase> <!-- gmailsignin -->
  <testcase name="gmailsignin" time="0.000" classname="com.cleartrip.payment.nodejs.Air_Emails">
    <skipped/>
  </testcase> <!-- gmailsignin -->
  <testcase name="gmailsignin" time="0.002" classname="com.cleartrip.payment.nodejs.Air_Emails">
    <skipped/>
  </testcase> <!-- gmailsignin -->
  <testcase name="gmailsignin" time="0.002" classname="com.cleartrip.payment.nodejs.Air_Emails">
    <skipped/>
  </testcase> <!-- gmailsignin -->
  <testcase name="gmailsignin" time="0.001" classname="com.cleartrip.payment.nodejs.Air_Emails">
    <skipped/>
  </testcase> <!-- gmailsignin -->
  <testcase name="gmailsignin" time="0.003" classname="com.cleartrip.payment.nodejs.Air_Emails">
    <skipped/>
  </testcase> <!-- gmailsignin -->
  <testcase name="gmailsignin" time="0.000" classname="com.cleartrip.payment.nodejs.Air_Emails">
    <skipped/>
  </testcase> <!-- gmailsignin -->
  <testcase name="gmailsignin" time="0.001" classname="com.cleartrip.payment.nodejs.Air_Emails">
    <skipped/>
  </testcase> <!-- gmailsignin -->
  <testcase name="gmailsignin" time="0.001" classname="com.cleartrip.payment.nodejs.Air_Emails">
    <skipped/>
  </testcase> <!-- gmailsignin -->
  <testcase name="gmailsignin" time="0.001" classname="com.cleartrip.payment.nodejs.Air_Emails">
    <skipped/>
  </testcase> <!-- gmailsignin -->
  <testcase name="gmailsignin" time="0.000" classname="com.cleartrip.payment.nodejs.Air_Emails">
    <skipped/>
  </testcase> <!-- gmailsignin -->
  <testcase name="gmailsignin" time="0.000" classname="com.cleartrip.payment.nodejs.Air_Emails">
    <skipped/>
  </testcase> <!-- gmailsignin -->
  <testcase name="gmailsignin" time="0.000" classname="com.cleartrip.payment.nodejs.Air_Emails">
    <skipped/>
  </testcase> <!-- gmailsignin -->
  <testcase name="gmailsignin" time="0.000" classname="com.cleartrip.payment.nodejs.Air_Emails">
    <skipped/>
  </testcase> <!-- gmailsignin -->
  <testcase name="gmailsignin" time="0.000" classname="com.cleartrip.payment.nodejs.Air_Emails">
    <skipped/>
  </testcase> <!-- gmailsignin -->
  <testcase name="gmailsignin" time="0.000" classname="com.cleartrip.payment.nodejs.Air_Emails">
    <skipped/>
  </testcase> <!-- gmailsignin -->
  <testcase name="gmailsignin" time="0.002" classname="com.cleartrip.payment.nodejs.Air_Emails">
    <skipped/>
  </testcase> <!-- gmailsignin -->
  <testcase name="gmailsignin" time="0.003" classname="com.cleartrip.payment.nodejs.Air_Emails">
    <skipped/>
  </testcase> <!-- gmailsignin -->
  <testcase name="gmailsignin" time="0.000" classname="com.cleartrip.payment.nodejs.Air_Emails">
    <skipped/>
  </testcase> <!-- gmailsignin -->
  <testcase name="gmailsignin" time="0.003" classname="com.cleartrip.payment.nodejs.Air_Emails">
    <skipped/>
  </testcase> <!-- gmailsignin -->
  <testcase name="gmailsignin" time="0.000" classname="com.cleartrip.payment.nodejs.Air_Emails">
    <skipped/>
  </testcase> <!-- gmailsignin -->
  <testcase name="gmailsignin" time="0.002" classname="com.cleartrip.payment.nodejs.Air_Emails">
    <skipped/>
  </testcase> <!-- gmailsignin -->
  <testcase name="gmailsignin" time="0.001" classname="com.cleartrip.payment.nodejs.Air_Emails">
    <skipped/>
  </testcase> <!-- gmailsignin -->
  <testcase name="gmailsignin" time="0.000" classname="com.cleartrip.payment.nodejs.Air_Emails">
    <skipped/>
  </testcase> <!-- gmailsignin -->
  <testcase name="gmailsignin" time="0.001" classname="com.cleartrip.payment.nodejs.Air_Emails">
    <skipped/>
  </testcase> <!-- gmailsignin -->
  <testcase name="gmailsignin" time="0.002" classname="com.cleartrip.payment.nodejs.Air_Emails">
    <skipped/>
  </testcase> <!-- gmailsignin -->
  <testcase name="gmailsignin" time="0.000" classname="com.cleartrip.payment.nodejs.Air_Emails">
    <skipped/>
  </testcase> <!-- gmailsignin -->
  <testcase name="gmailsignin" time="0.001" classname="com.cleartrip.payment.nodejs.Air_Emails">
    <skipped/>
  </testcase> <!-- gmailsignin -->
  <testcase name="gmailsignin" time="0.009" classname="com.cleartrip.payment.nodejs.Air_Emails">
    <skipped/>
  </testcase> <!-- gmailsignin -->
  <testcase name="gmailsignin" time="0.000" classname="com.cleartrip.payment.nodejs.Air_Emails">
    <skipped/>
  </testcase> <!-- gmailsignin -->
  <testcase name="gmailsignin" time="0.000" classname="com.cleartrip.payment.nodejs.Air_Emails">
    <skipped/>
  </testcase> <!-- gmailsignin -->
  <testcase name="gmailsignin" time="0.001" classname="com.cleartrip.payment.nodejs.Air_Emails">
    <skipped/>
  </testcase> <!-- gmailsignin -->
  <testcase name="gmailsignin" time="0.000" classname="com.cleartrip.payment.nodejs.Air_Emails">
    <skipped/>
  </testcase> <!-- gmailsignin -->
  <testcase name="gmailsignin" time="0.001" classname="com.cleartrip.payment.nodejs.Air_Emails">
    <skipped/>
  </testcase> <!-- gmailsignin -->
  <testcase name="gmailsignin" time="0.001" classname="com.cleartrip.payment.nodejs.Air_Emails">
    <skipped/>
  </testcase> <!-- gmailsignin -->
  <testcase name="gmailsignin" time="0.003" classname="com.cleartrip.payment.nodejs.Air_Emails">
    <skipped/>
  </testcase> <!-- gmailsignin -->
  <testcase name="gmailsignin" time="0.000" classname="com.cleartrip.payment.nodejs.Air_Emails">
    <skipped/>
  </testcase> <!-- gmailsignin -->
  <testcase name="gmailsignin" time="0.001" classname="com.cleartrip.payment.nodejs.Air_Emails">
    <skipped/>
  </testcase> <!-- gmailsignin -->
  <testcase name="gmailsignin" time="0.001" classname="com.cleartrip.payment.nodejs.Air_Emails">
    <skipped/>
  </testcase> <!-- gmailsignin -->
  <testcase name="gmailsignin" time="0.020" classname="com.cleartrip.payment.nodejs.Air_Emails">
    <skipped/>
  </testcase> <!-- gmailsignin -->
  <testcase name="gmailsignin" time="0.000" classname="com.cleartrip.payment.nodejs.Air_Emails">
    <skipped/>
  </testcase> <!-- gmailsignin -->
  <testcase name="gmailsignin" time="0.000" classname="com.cleartrip.payment.nodejs.Air_Emails">
    <skipped/>
  </testcase> <!-- gmailsignin -->
  <testcase name="gmailsignin" time="0.002" classname="com.cleartrip.payment.nodejs.Air_Emails">
    <skipped/>
  </testcase> <!-- gmailsignin -->
  <testcase name="gmailsignin" time="0.001" classname="com.cleartrip.payment.nodejs.Air_Emails">
    <skipped/>
  </testcase> <!-- gmailsignin -->
  <testcase name="gmailsignin" time="0.000" classname="com.cleartrip.payment.nodejs.Air_Emails">
    <skipped/>
  </testcase> <!-- gmailsignin -->
  <testcase name="gmailsignin" time="0.000" classname="com.cleartrip.payment.nodejs.Air_Emails">
    <skipped/>
  </testcase> <!-- gmailsignin -->
  <testcase name="gmailsignin" time="0.000" classname="com.cleartrip.payment.nodejs.Air_Emails">
    <skipped/>
  </testcase> <!-- gmailsignin -->
  <testcase name="gmailsignin" time="0.000" classname="com.cleartrip.payment.nodejs.Air_Emails">
    <skipped/>
  </testcase> <!-- gmailsignin -->
  <testcase name="gmailsignin" time="0.000" classname="com.cleartrip.payment.nodejs.Air_Emails">
    <skipped/>
  </testcase> <!-- gmailsignin -->
  <testcase name="gmailsignin" time="0.000" classname="com.cleartrip.payment.nodejs.Air_Emails">
    <skipped/>
  </testcase> <!-- gmailsignin -->
  <testcase name="gmailsignin" time="0.000" classname="com.cleartrip.payment.nodejs.Air_Emails">
    <skipped/>
  </testcase> <!-- gmailsignin -->
  <testcase name="gmailsignin" time="0.003" classname="com.cleartrip.payment.nodejs.Air_Emails">
    <skipped/>
  </testcase> <!-- gmailsignin -->
  <testcase name="gmailsignin" time="0.001" classname="com.cleartrip.payment.nodejs.Air_Emails">
    <skipped/>
  </testcase> <!-- gmailsignin -->
  <testcase name="gmailsignin" time="0.001" classname="com.cleartrip.payment.nodejs.Air_Emails">
    <skipped/>
  </testcase> <!-- gmailsignin -->
  <testcase name="gmailsignin" time="0.005" classname="com.cleartrip.payment.nodejs.Air_Emails">
    <skipped/>
  </testcase> <!-- gmailsignin -->
  <testcase name="gmailsignin" time="0.000" classname="com.cleartrip.payment.nodejs.Air_Emails">
    <skipped/>
  </testcase> <!-- gmailsignin -->
  <testcase name="gmailsignin" time="0.001" classname="com.cleartrip.payment.nodejs.Air_Emails">
    <skipped/>
  </testcase> <!-- gmailsignin -->
  <testcase name="gmailsignin" time="0.020" classname="com.cleartrip.payment.nodejs.Air_Emails">
    <skipped/>
  </testcase> <!-- gmailsignin -->
  <testcase name="gmailsignin" time="0.000" classname="com.cleartrip.payment.nodejs.Air_Emails">
    <skipped/>
  </testcase> <!-- gmailsignin -->
  <testcase name="gmailsignin" time="0.000" classname="com.cleartrip.payment.nodejs.Air_Emails">
    <skipped/>
  </testcase> <!-- gmailsignin -->
  <testcase name="gmailsignin" time="0.000" classname="com.cleartrip.payment.nodejs.Air_Emails">
    <skipped/>
  </testcase> <!-- gmailsignin -->
  <testcase name="gmailsignin" time="0.003" classname="com.cleartrip.payment.nodejs.Air_Emails">
    <skipped/>
  </testcase> <!-- gmailsignin -->
  <testcase name="gmailsignin" time="0.000" classname="com.cleartrip.payment.nodejs.Air_Emails">
    <skipped/>
  </testcase> <!-- gmailsignin -->
  <testcase name="gmailsignin" time="0.000" classname="com.cleartrip.payment.nodejs.Air_Emails">
    <skipped/>
  </testcase> <!-- gmailsignin -->
  <testcase name="gmailsignin" time="0.000" classname="com.cleartrip.payment.nodejs.Air_Emails">
    <skipped/>
  </testcase> <!-- gmailsignin -->
  <testcase name="gmailsignin" time="0.000" classname="com.cleartrip.payment.nodejs.Air_Emails">
    <skipped/>
  </testcase> <!-- gmailsignin -->
  <testcase name="gmailsignin" time="0.001" classname="com.cleartrip.payment.nodejs.Air_Emails">
    <skipped/>
  </testcase> <!-- gmailsignin -->
  <testcase name="gmailsignin" time="0.003" classname="com.cleartrip.payment.nodejs.Air_Emails">
    <skipped/>
  </testcase> <!-- gmailsignin -->
  <testcase name="gmailsignin" time="0.002" classname="com.cleartrip.payment.nodejs.Air_Emails">
    <skipped/>
  </testcase> <!-- gmailsignin -->
  <testcase name="gmailsignin" time="0.001" classname="com.cleartrip.payment.nodejs.Air_Emails">
    <skipped/>
  </testcase> <!-- gmailsignin -->
  <testcase name="gmailsignin" time="0.000" classname="com.cleartrip.payment.nodejs.Air_Emails">
    <skipped/>
  </testcase> <!-- gmailsignin -->
  <testcase name="gmailsignin" time="0.000" classname="com.cleartrip.payment.nodejs.Air_Emails">
    <skipped/>
  </testcase> <!-- gmailsignin -->
  <testcase name="gmailsignin" time="0.000" classname="com.cleartrip.payment.nodejs.Air_Emails">
    <skipped/>
  </testcase> <!-- gmailsignin -->
  <testcase name="gmailsignin" time="0.000" classname="com.cleartrip.payment.nodejs.Air_Emails">
    <skipped/>
  </testcase> <!-- gmailsignin -->
  <testcase name="gmailsignin" time="0.000" classname="com.cleartrip.payment.nodejs.Air_Emails">
    <skipped/>
  </testcase> <!-- gmailsignin -->
  <testcase name="gmailsignin" time="0.002" classname="com.cleartrip.payment.nodejs.Air_Emails">
    <skipped/>
  </testcase> <!-- gmailsignin -->
  <testcase name="gmailsignin" time="0.003" classname="com.cleartrip.payment.nodejs.Air_Emails">
    <skipped/>
  </testcase> <!-- gmailsignin -->
  <testcase name="gmailsignin" time="0.000" classname="com.cleartrip.payment.nodejs.Air_Emails">
    <skipped/>
  </testcase> <!-- gmailsignin -->
  <testcase name="gmailsignin" time="0.000" classname="com.cleartrip.payment.nodejs.Air_Emails">
    <skipped/>
  </testcase> <!-- gmailsignin -->
  <testcase name="gmailsignin" time="0.000" classname="com.cleartrip.payment.nodejs.Air_Emails">
    <skipped/>
  </testcase> <!-- gmailsignin -->
  <testcase name="gmailsignin" time="0.000" classname="com.cleartrip.payment.nodejs.Air_Emails">
    <skipped/>
  </testcase> <!-- gmailsignin -->
  <testcase name="gmailsignin" time="0.000" classname="com.cleartrip.payment.nodejs.Air_Emails">
    <skipped/>
  </testcase> <!-- gmailsignin -->
  <testcase name="gmailsignin" time="0.000" classname="com.cleartrip.payment.nodejs.Air_Emails">
    <skipped/>
  </testcase> <!-- gmailsignin -->
  <testcase name="gmailsignin" time="0.002" classname="com.cleartrip.payment.nodejs.Air_Emails">
    <skipped/>
  </testcase> <!-- gmailsignin -->
  <testcase name="gmailsignin" time="0.000" classname="com.cleartrip.payment.nodejs.Air_Emails">
    <skipped/>
  </testcase> <!-- gmailsignin -->
  <testcase name="gmailsignin" time="0.001" classname="com.cleartrip.payment.nodejs.Air_Emails">
    <skipped/>
  </testcase> <!-- gmailsignin -->
  <testcase name="gmailsignin" time="0.000" classname="com.cleartrip.payment.nodejs.Air_Emails">
    <skipped/>
  </testcase> <!-- gmailsignin -->
  <testcase name="gmailsignin" time="0.000" classname="com.cleartrip.payment.nodejs.Air_Emails">
    <skipped/>
  </testcase> <!-- gmailsignin -->
  <testcase name="gmailsignin" time="0.000" classname="com.cleartrip.payment.nodejs.Air_Emails">
    <skipped/>
  </testcase> <!-- gmailsignin -->
  <testcase name="gmailsignin" time="0.001" classname="com.cleartrip.payment.nodejs.Air_Emails">
    <skipped/>
  </testcase> <!-- gmailsignin -->
  <testcase name="gmailsignin" time="0.000" classname="com.cleartrip.payment.nodejs.Air_Emails">
    <skipped/>
  </testcase> <!-- gmailsignin -->
  <testcase name="gmailsignin" time="0.001" classname="com.cleartrip.payment.nodejs.Air_Emails">
    <skipped/>
  </testcase> <!-- gmailsignin -->
  <testcase name="gmailsignin" time="0.002" classname="com.cleartrip.payment.nodejs.Air_Emails">
    <skipped/>
  </testcase> <!-- gmailsignin -->
  <testcase name="gmailsignin" time="0.007" classname="com.cleartrip.payment.nodejs.Air_Emails">
    <skipped/>
  </testcase> <!-- gmailsignin -->
  <testcase name="gmailsignin" time="0.000" classname="com.cleartrip.payment.nodejs.Air_Emails">
    <skipped/>
  </testcase> <!-- gmailsignin -->
  <testcase name="gmailsignin" time="0.002" classname="com.cleartrip.payment.nodejs.Air_Emails">
    <skipped/>
  </testcase> <!-- gmailsignin -->
  <testcase name="gmailsignin" time="0.001" classname="com.cleartrip.payment.nodejs.Air_Emails">
    <skipped/>
  </testcase> <!-- gmailsignin -->
  <testcase name="gmailsignin" time="0.001" classname="com.cleartrip.payment.nodejs.Air_Emails">
    <skipped/>
  </testcase> <!-- gmailsignin -->
  <testcase name="gmailsignin" time="0.000" classname="com.cleartrip.payment.nodejs.Air_Emails">
    <skipped/>
  </testcase> <!-- gmailsignin -->
  <testcase name="gmailsignin" time="0.001" classname="com.cleartrip.payment.nodejs.Air_Emails">
    <skipped/>
  </testcase> <!-- gmailsignin -->
  <testcase name="gmailsignin" time="0.000" classname="com.cleartrip.payment.nodejs.Air_Emails">
    <skipped/>
  </testcase> <!-- gmailsignin -->
  <testcase name="gmailsignin" time="0.000" classname="com.cleartrip.payment.nodejs.Air_Emails">
    <skipped/>
  </testcase> <!-- gmailsignin -->
  <testcase name="gmailsignin" time="0.003" classname="com.cleartrip.payment.nodejs.Air_Emails">
    <skipped/>
  </testcase> <!-- gmailsignin -->
  <testcase name="gmailsignin" time="0.001" classname="com.cleartrip.payment.nodejs.Air_Emails">
    <skipped/>
  </testcase> <!-- gmailsignin -->
  <testcase name="gmailsignin" time="0.000" classname="com.cleartrip.payment.nodejs.Air_Emails">
    <skipped/>
  </testcase> <!-- gmailsignin -->
  <testcase name="gmailsignin" time="0.000" classname="com.cleartrip.payment.nodejs.Air_Emails">
    <skipped/>
  </testcase> <!-- gmailsignin -->
  <testcase name="gmailsignin" time="0.000" classname="com.cleartrip.payment.nodejs.Air_Emails">
    <skipped/>
  </testcase> <!-- gmailsignin -->
  <testcase name="gmailsignin" time="0.001" classname="com.cleartrip.payment.nodejs.Air_Emails">
    <skipped/>
  </testcase> <!-- gmailsignin -->
  <testcase name="gmailsignin" time="0.002" classname="com.cleartrip.payment.nodejs.Air_Emails">
    <skipped/>
  </testcase> <!-- gmailsignin -->
  <testcase name="gmailsignin" time="0.000" classname="com.cleartrip.payment.nodejs.Air_Emails">
    <skipped/>
  </testcase> <!-- gmailsignin -->
  <testcase name="gmailsignin" time="0.001" classname="com.cleartrip.payment.nodejs.Air_Emails">
    <skipped/>
  </testcase> <!-- gmailsignin -->
  <testcase name="gmailsignin" time="0.001" classname="com.cleartrip.payment.nodejs.Air_Emails">
    <skipped/>
  </testcase> <!-- gmailsignin -->
  <testcase name="gmailsignin" time="0.000" classname="com.cleartrip.payment.nodejs.Air_Emails">
    <skipped/>
  </testcase> <!-- gmailsignin -->
  <testcase name="gmailsignin" time="0.003" classname="com.cleartrip.payment.nodejs.Air_Emails">
    <skipped/>
  </testcase> <!-- gmailsignin -->
  <testcase name="gmailsignin" time="0.000" classname="com.cleartrip.payment.nodejs.Air_Emails">
    <skipped/>
  </testcase> <!-- gmailsignin -->
  <testcase name="gmailsignin" time="0.000" classname="com.cleartrip.payment.nodejs.Air_Emails">
    <skipped/>
  </testcase> <!-- gmailsignin -->
  <testcase name="gmailsignin" time="0.000" classname="com.cleartrip.payment.nodejs.Air_Emails">
    <skipped/>
  </testcase> <!-- gmailsignin -->
  <testcase name="gmailsignin" time="0.000" classname="com.cleartrip.payment.nodejs.Air_Emails">
    <skipped/>
  </testcase> <!-- gmailsignin -->
  <testcase name="gmailsignin" time="0.000" classname="com.cleartrip.payment.nodejs.Air_Emails">
    <skipped/>
  </testcase> <!-- gmailsignin -->
  <testcase name="gmailsignin" time="0.000" classname="com.cleartrip.payment.nodejs.Air_Emails">
    <skipped/>
  </testcase> <!-- gmailsignin -->
  <testcase name="gmailsignin" time="0.001" classname="com.cleartrip.payment.nodejs.Air_Emails">
    <skipped/>
  </testcase> <!-- gmailsignin -->
  <testcase name="gmailsignin" time="0.001" classname="com.cleartrip.payment.nodejs.Air_Emails">
    <skipped/>
  </testcase> <!-- gmailsignin -->
  <testcase name="gmailsignin" time="0.001" classname="com.cleartrip.payment.nodejs.Air_Emails">
    <skipped/>
  </testcase> <!-- gmailsignin -->
  <testcase name="gmailsignin" time="0.000" classname="com.cleartrip.payment.nodejs.Air_Emails">
    <skipped/>
  </testcase> <!-- gmailsignin -->
  <testcase name="gmailsignin" time="0.002" classname="com.cleartrip.payment.nodejs.Air_Emails">
    <skipped/>
  </testcase> <!-- gmailsignin -->
  <testcase name="gmailsignin" time="0.001" classname="com.cleartrip.payment.nodejs.Air_Emails">
    <skipped/>
  </testcase> <!-- gmailsignin -->
  <testcase name="gmailsignin" time="0.000" classname="com.cleartrip.payment.nodejs.Air_Emails">
    <skipped/>
  </testcase> <!-- gmailsignin -->
  <testcase name="gmailsignin" time="0.002" classname="com.cleartrip.payment.nodejs.Air_Emails">
    <skipped/>
  </testcase> <!-- gmailsignin -->
  <testcase name="gmailsignin" time="0.000" classname="com.cleartrip.payment.nodejs.Air_Emails">
    <skipped/>
  </testcase> <!-- gmailsignin -->
  <testcase name="gmailsignin" time="0.001" classname="com.cleartrip.payment.nodejs.Air_Emails">
    <skipped/>
  </testcase> <!-- gmailsignin -->
  <testcase name="gmailsignin" time="0.000" classname="com.cleartrip.payment.nodejs.Air_Emails">
    <skipped/>
  </testcase> <!-- gmailsignin -->
  <testcase name="gmailsignin" time="0.002" classname="com.cleartrip.payment.nodejs.Air_Emails">
    <skipped/>
  </testcase> <!-- gmailsignin -->
  <testcase name="gmailsignin" time="0.007" classname="com.cleartrip.payment.nodejs.Air_Emails">
    <skipped/>
  </testcase> <!-- gmailsignin -->
  <testcase name="gmailsignin" time="0.002" classname="com.cleartrip.payment.nodejs.Air_Emails">
    <skipped/>
  </testcase> <!-- gmailsignin -->
  <testcase name="gmailsignin" time="0.000" classname="com.cleartrip.payment.nodejs.Air_Emails">
    <skipped/>
  </testcase> <!-- gmailsignin -->
  <testcase name="gmailsignin" time="0.004" classname="com.cleartrip.payment.nodejs.Air_Emails">
    <skipped/>
  </testcase> <!-- gmailsignin -->
  <testcase name="gmailsignin" time="0.002" classname="com.cleartrip.payment.nodejs.Air_Emails">
    <skipped/>
  </testcase> <!-- gmailsignin -->
  <testcase name="gmailsignin" time="0.001" classname="com.cleartrip.payment.nodejs.Air_Emails">
    <skipped/>
  </testcase> <!-- gmailsignin -->
  <testcase name="gmailsignin" time="0.002" classname="com.cleartrip.payment.nodejs.Air_Emails">
    <skipped/>
  </testcase> <!-- gmailsignin -->
  <testcase name="gmailsignin" time="0.000" classname="com.cleartrip.payment.nodejs.Air_Emails">
    <skipped/>
  </testcase> <!-- gmailsignin -->
  <testcase name="gmailsignin" time="0.000" classname="com.cleartrip.payment.nodejs.Air_Emails">
    <skipped/>
  </testcase> <!-- gmailsignin -->
  <testcase name="gmailsignin" time="0.002" classname="com.cleartrip.payment.nodejs.Air_Emails">
    <skipped/>
  </testcase> <!-- gmailsignin -->
  <testcase name="gmailsignin" time="0.000" classname="com.cleartrip.payment.nodejs.Air_Emails">
    <skipped/>
  </testcase> <!-- gmailsignin -->
  <testcase name="gmailsignin" time="0.000" classname="com.cleartrip.payment.nodejs.Air_Emails">
    <skipped/>
  </testcase> <!-- gmailsignin -->
  <testcase name="gmailsignin" time="0.000" classname="com.cleartrip.payment.nodejs.Air_Emails">
    <skipped/>
  </testcase> <!-- gmailsignin -->
  <testcase name="gmailsignin" time="0.000" classname="com.cleartrip.payment.nodejs.Air_Emails">
    <skipped/>
  </testcase> <!-- gmailsignin -->
  <testcase name="gmailsignin" time="0.000" classname="com.cleartrip.payment.nodejs.Air_Emails">
    <skipped/>
  </testcase> <!-- gmailsignin -->
  <testcase name="gmailsignin" time="0.000" classname="com.cleartrip.payment.nodejs.Air_Emails">
    <skipped/>
  </testcase> <!-- gmailsignin -->
  <testcase name="gmailsignin" time="0.000" classname="com.cleartrip.payment.nodejs.Air_Emails">
    <skipped/>
  </testcase> <!-- gmailsignin -->
  <testcase name="gmailsignin" time="0.000" classname="com.cleartrip.payment.nodejs.Air_Emails">
    <skipped/>
  </testcase> <!-- gmailsignin -->
  <testcase name="gmailsignin" time="0.000" classname="com.cleartrip.payment.nodejs.Air_Emails">
    <skipped/>
  </testcase> <!-- gmailsignin -->
  <testcase name="gmailsignin" time="0.000" classname="com.cleartrip.payment.nodejs.Air_Emails">
    <skipped/>
  </testcase> <!-- gmailsignin -->
  <testcase name="gmailsignin" time="0.000" classname="com.cleartrip.payment.nodejs.Air_Emails">
    <skipped/>
  </testcase> <!-- gmailsignin -->
  <testcase name="gmailsignin" time="0.000" classname="com.cleartrip.payment.nodejs.Air_Emails">
    <skipped/>
  </testcase> <!-- gmailsignin -->
  <testcase name="gmailsignin" time="0.004" classname="com.cleartrip.payment.nodejs.Air_Emails">
    <skipped/>
  </testcase> <!-- gmailsignin -->
  <testcase name="gmailsignin" time="0.001" classname="com.cleartrip.payment.nodejs.Air_Emails">
    <skipped/>
  </testcase> <!-- gmailsignin -->
  <testcase name="gmailsignin" time="0.001" classname="com.cleartrip.payment.nodejs.Air_Emails">
    <skipped/>
  </testcase> <!-- gmailsignin -->
  <testcase name="gmailsignin" time="0.004" classname="com.cleartrip.payment.nodejs.Air_Emails">
    <skipped/>
  </testcase> <!-- gmailsignin -->
  <testcase name="gmailsignin" time="0.001" classname="com.cleartrip.payment.nodejs.Air_Emails">
    <skipped/>
  </testcase> <!-- gmailsignin -->
  <testcase name="gmailsignin" time="0.001" classname="com.cleartrip.payment.nodejs.Air_Emails">
    <skipped/>
  </testcase> <!-- gmailsignin -->
  <testcase name="gmailsignin" time="0.000" classname="com.cleartrip.payment.nodejs.Air_Emails">
    <skipped/>
  </testcase> <!-- gmailsignin -->
  <testcase name="gmailsignin" time="0.000" classname="com.cleartrip.payment.nodejs.Air_Emails">
    <skipped/>
  </testcase> <!-- gmailsignin -->
  <testcase name="gmailsignin" time="0.000" classname="com.cleartrip.payment.nodejs.Air_Emails">
    <skipped/>
  </testcase> <!-- gmailsignin -->
  <testcase name="gmailsignin" time="0.005" classname="com.cleartrip.payment.nodejs.Air_Emails">
    <skipped/>
  </testcase> <!-- gmailsignin -->
  <testcase name="gmailsignin" time="0.001" classname="com.cleartrip.payment.nodejs.Air_Emails">
    <skipped/>
  </testcase> <!-- gmailsignin -->
  <testcase name="gmailsignin" time="0.003" classname="com.cleartrip.payment.nodejs.Air_Emails">
    <skipped/>
  </testcase> <!-- gmailsignin -->
  <testcase name="gmailsignin" time="0.000" classname="com.cleartrip.payment.nodejs.Air_Emails">
    <skipped/>
  </testcase> <!-- gmailsignin -->
  <testcase name="gmailsignin" time="0.001" classname="com.cleartrip.payment.nodejs.Air_Emails">
    <skipped/>
  </testcase> <!-- gmailsignin -->
  <testcase name="gmailsignin" time="0.000" classname="com.cleartrip.payment.nodejs.Air_Emails">
    <skipped/>
  </testcase> <!-- gmailsignin -->
  <testcase name="gmailsignin" time="0.002" classname="com.cleartrip.payment.nodejs.Air_Emails">
    <skipped/>
  </testcase> <!-- gmailsignin -->
  <testcase name="gmailsignin" time="0.000" classname="com.cleartrip.payment.nodejs.Air_Emails">
    <skipped/>
  </testcase> <!-- gmailsignin -->
  <testcase name="gmailsignin" time="0.000" classname="com.cleartrip.payment.nodejs.Air_Emails">
    <skipped/>
  </testcase> <!-- gmailsignin -->
  <testcase name="gmailsignin" time="0.000" classname="com.cleartrip.payment.nodejs.Air_Emails">
    <skipped/>
  </testcase> <!-- gmailsignin -->
  <testcase name="gmailsignin" time="0.001" classname="com.cleartrip.payment.nodejs.Air_Emails">
    <skipped/>
  </testcase> <!-- gmailsignin -->
  <testcase name="gmailsignin" time="0.000" classname="com.cleartrip.payment.nodejs.Air_Emails">
    <skipped/>
  </testcase> <!-- gmailsignin -->
  <testcase name="gmailsignin" time="0.000" classname="com.cleartrip.payment.nodejs.Air_Emails">
    <skipped/>
  </testcase> <!-- gmailsignin -->
  <testcase name="gmailsignin" time="0.005" classname="com.cleartrip.payment.nodejs.Air_Emails">
    <skipped/>
  </testcase> <!-- gmailsignin -->
  <testcase name="gmailsignin" time="0.001" classname="com.cleartrip.payment.nodejs.Air_Emails">
    <skipped/>
  </testcase> <!-- gmailsignin -->
  <testcase name="gmailsignin" time="0.001" classname="com.cleartrip.payment.nodejs.Air_Emails">
    <skipped/>
  </testcase> <!-- gmailsignin -->
  <testcase name="gmailsignin" time="0.000" classname="com.cleartrip.payment.nodejs.Air_Emails">
    <skipped/>
  </testcase> <!-- gmailsignin -->
  <testcase name="gmailsignin" time="0.000" classname="com.cleartrip.payment.nodejs.Air_Emails">
    <skipped/>
  </testcase> <!-- gmailsignin -->
  <testcase name="gmailsignin" time="0.002" classname="com.cleartrip.payment.nodejs.Air_Emails">
    <skipped/>
  </testcase> <!-- gmailsignin -->
  <testcase name="gmailsignin" time="0.000" classname="com.cleartrip.payment.nodejs.Air_Emails">
    <skipped/>
  </testcase> <!-- gmailsignin -->
  <testcase name="gmailsignin" time="0.002" classname="com.cleartrip.payment.nodejs.Air_Emails">
    <skipped/>
  </testcase> <!-- gmailsignin -->
  <testcase name="gmailsignin" time="0.001" classname="com.cleartrip.payment.nodejs.Air_Emails">
    <skipped/>
  </testcase> <!-- gmailsignin -->
  <testcase name="gmailsignin" time="0.000" classname="com.cleartrip.payment.nodejs.Air_Emails">
    <skipped/>
  </testcase> <!-- gmailsignin -->
  <testcase name="gmailsignin" time="0.000" classname="com.cleartrip.payment.nodejs.Air_Emails">
    <skipped/>
  </testcase> <!-- gmailsignin -->
  <testcase name="gmailsignin" time="0.002" classname="com.cleartrip.payment.nodejs.Air_Emails">
    <skipped/>
  </testcase> <!-- gmailsignin -->
  <testcase name="gmailsignin" time="0.000" classname="com.cleartrip.payment.nodejs.Air_Emails">
    <skipped/>
  </testcase> <!-- gmailsignin -->
  <testcase name="gmailsignin" time="0.008" classname="com.cleartrip.payment.nodejs.Air_Emails">
    <skipped/>
  </testcase> <!-- gmailsignin -->
  <testcase name="gmailsignin" time="0.001" classname="com.cleartrip.payment.nodejs.Air_Emails">
    <skipped/>
  </testcase> <!-- gmailsignin -->
  <testcase name="gmailsignin" time="0.000" classname="com.cleartrip.payment.nodejs.Air_Emails">
    <skipped/>
  </testcase> <!-- gmailsignin -->
  <testcase name="gmailsignin" time="0.001" classname="com.cleartrip.payment.nodejs.Air_Emails">
    <skipped/>
  </testcase> <!-- gmailsignin -->
  <testcase name="gmailsignin" time="0.000" classname="com.cleartrip.payment.nodejs.Air_Emails">
    <skipped/>
  </testcase> <!-- gmailsignin -->
  <testcase name="gmailsignin" time="0.000" classname="com.cleartrip.payment.nodejs.Air_Emails">
    <skipped/>
  </testcase> <!-- gmailsignin -->
  <testcase name="gmailsignin" time="0.001" classname="com.cleartrip.payment.nodejs.Air_Emails">
    <skipped/>
  </testcase> <!-- gmailsignin -->
  <testcase name="gmailsignin" time="0.002" classname="com.cleartrip.payment.nodejs.Air_Emails">
    <skipped/>
  </testcase> <!-- gmailsignin -->
  <testcase name="gmailsignin" time="0.000" classname="com.cleartrip.payment.nodejs.Air_Emails">
    <skipped/>
  </testcase> <!-- gmailsignin -->
  <testcase name="gmailsignin" time="0.000" classname="com.cleartrip.payment.nodejs.Air_Emails">
    <skipped/>
  </testcase> <!-- gmailsignin -->
  <testcase name="gmailsignin" time="0.003" classname="com.cleartrip.payment.nodejs.Air_Emails">
    <skipped/>
  </testcase> <!-- gmailsignin -->
  <testcase name="gmailsignin" time="0.001" classname="com.cleartrip.payment.nodejs.Air_Emails">
    <skipped/>
  </testcase> <!-- gmailsignin -->
  <testcase name="gmailsignin" time="0.000" classname="com.cleartrip.payment.nodejs.Air_Emails">
    <skipped/>
  </testcase> <!-- gmailsignin -->
  <testcase name="gmailsignin" time="0.002" classname="com.cleartrip.payment.nodejs.Air_Emails">
    <skipped/>
  </testcase> <!-- gmailsignin -->
  <testcase name="gmailsignin" time="0.001" classname="com.cleartrip.payment.nodejs.Air_Emails">
    <skipped/>
  </testcase> <!-- gmailsignin -->
  <testcase name="gmailsignin" time="0.003" classname="com.cleartrip.payment.nodejs.Air_Emails">
    <skipped/>
  </testcase> <!-- gmailsignin -->
  <testcase name="gmailsignin" time="0.000" classname="com.cleartrip.payment.nodejs.Air_Emails">
    <skipped/>
  </testcase> <!-- gmailsignin -->
  <testcase name="gmailsignin" time="0.000" classname="com.cleartrip.payment.nodejs.Air_Emails">
    <skipped/>
  </testcase> <!-- gmailsignin -->
  <testcase name="gmailsignin" time="0.007" classname="com.cleartrip.payment.nodejs.Air_Emails">
    <skipped/>
  </testcase> <!-- gmailsignin -->
  <testcase name="gmailsignin" time="0.002" classname="com.cleartrip.payment.nodejs.Air_Emails">
    <skipped/>
  </testcase> <!-- gmailsignin -->
  <testcase name="gmailsignin" time="0.001" classname="com.cleartrip.payment.nodejs.Air_Emails">
    <skipped/>
  </testcase> <!-- gmailsignin -->
  <testcase name="gmailsignin" time="0.000" classname="com.cleartrip.payment.nodejs.Air_Emails">
    <skipped/>
  </testcase> <!-- gmailsignin -->
  <testcase name="gmailsignin" time="0.001" classname="com.cleartrip.payment.nodejs.Air_Emails">
    <skipped/>
  </testcase> <!-- gmailsignin -->
  <testcase name="gmailsignin" time="0.004" classname="com.cleartrip.payment.nodejs.Air_Emails">
    <skipped/>
  </testcase> <!-- gmailsignin -->
  <testcase name="gmailsignin" time="0.001" classname="com.cleartrip.payment.nodejs.Air_Emails">
    <skipped/>
  </testcase> <!-- gmailsignin -->
  <testcase name="gmailsignin" time="0.000" classname="com.cleartrip.payment.nodejs.Air_Emails">
    <skipped/>
  </testcase> <!-- gmailsignin -->
  <testcase name="gmailsignin" time="0.001" classname="com.cleartrip.payment.nodejs.Air_Emails">
    <skipped/>
  </testcase> <!-- gmailsignin -->
  <testcase name="gmailsignin" time="0.001" classname="com.cleartrip.payment.nodejs.Air_Emails">
    <skipped/>
  </testcase> <!-- gmailsignin -->
  <testcase name="gmailsignin" time="0.003" classname="com.cleartrip.payment.nodejs.Air_Emails">
    <skipped/>
  </testcase> <!-- gmailsignin -->
  <testcase name="gmailsignin" time="0.002" classname="com.cleartrip.payment.nodejs.Air_Emails">
    <skipped/>
  </testcase> <!-- gmailsignin -->
  <testcase name="gmailsignin" time="0.000" classname="com.cleartrip.payment.nodejs.Air_Emails">
    <skipped/>
  </testcase> <!-- gmailsignin -->
  <testcase name="gmailsignin" time="0.000" classname="com.cleartrip.payment.nodejs.Air_Emails">
    <skipped/>
  </testcase> <!-- gmailsignin -->
  <testcase name="gmailsignin" time="0.000" classname="com.cleartrip.payment.nodejs.Air_Emails">
    <skipped/>
  </testcase> <!-- gmailsignin -->
  <testcase name="gmailsignin" time="0.001" classname="com.cleartrip.payment.nodejs.Air_Emails">
    <skipped/>
  </testcase> <!-- gmailsignin -->
  <testcase name="gmailsignin" time="0.000" classname="com.cleartrip.payment.nodejs.Air_Emails">
    <skipped/>
  </testcase> <!-- gmailsignin -->
  <testcase name="gmailsignin" time="0.001" classname="com.cleartrip.payment.nodejs.Air_Emails">
    <skipped/>
  </testcase> <!-- gmailsignin -->
  <testcase name="gmailsignin" time="0.000" classname="com.cleartrip.payment.nodejs.Air_Emails">
    <skipped/>
  </testcase> <!-- gmailsignin -->
  <testcase name="gmailsignin" time="0.000" classname="com.cleartrip.payment.nodejs.Air_Emails">
    <skipped/>
  </testcase> <!-- gmailsignin -->
  <testcase name="gmailsignin" time="0.001" classname="com.cleartrip.payment.nodejs.Air_Emails">
    <skipped/>
  </testcase> <!-- gmailsignin -->
  <testcase name="gmailsignin" time="0.002" classname="com.cleartrip.payment.nodejs.Air_Emails">
    <skipped/>
  </testcase> <!-- gmailsignin -->
  <testcase name="gmailsignin" time="0.000" classname="com.cleartrip.payment.nodejs.Air_Emails">
    <skipped/>
  </testcase> <!-- gmailsignin -->
  <testcase name="gmailsignin" time="0.000" classname="com.cleartrip.payment.nodejs.Air_Emails">
    <skipped/>
  </testcase> <!-- gmailsignin -->
  <testcase name="gmailsignin" time="0.000" classname="com.cleartrip.payment.nodejs.Air_Emails">
    <skipped/>
  </testcase> <!-- gmailsignin -->
  <testcase name="gmailsignin" time="0.000" classname="com.cleartrip.payment.nodejs.Air_Emails">
    <skipped/>
  </testcase> <!-- gmailsignin -->
  <testcase name="gmailsignin" time="0.004" classname="com.cleartrip.payment.nodejs.Air_Emails">
    <skipped/>
  </testcase> <!-- gmailsignin -->
  <testcase name="gmailsignin" time="0.000" classname="com.cleartrip.payment.nodejs.Air_Emails">
    <skipped/>
  </testcase> <!-- gmailsignin -->
  <testcase name="gmailsignin" time="0.001" classname="com.cleartrip.payment.nodejs.Air_Emails">
    <skipped/>
  </testcase> <!-- gmailsignin -->
  <testcase name="gmailsignin" time="0.000" classname="com.cleartrip.payment.nodejs.Air_Emails">
    <skipped/>
  </testcase> <!-- gmailsignin -->
  <testcase name="gmailsignin" time="0.002" classname="com.cleartrip.payment.nodejs.Air_Emails">
    <skipped/>
  </testcase> <!-- gmailsignin -->
  <testcase name="gmailsignin" time="0.000" classname="com.cleartrip.payment.nodejs.Air_Emails">
    <skipped/>
  </testcase> <!-- gmailsignin -->
  <testcase name="gmailsignin" time="0.002" classname="com.cleartrip.payment.nodejs.Air_Emails">
    <skipped/>
  </testcase> <!-- gmailsignin -->
  <testcase name="gmailsignin" time="0.001" classname="com.cleartrip.payment.nodejs.Air_Emails">
    <skipped/>
  </testcase> <!-- gmailsignin -->
  <testcase name="gmailsignin" time="0.002" classname="com.cleartrip.payment.nodejs.Air_Emails">
    <skipped/>
  </testcase> <!-- gmailsignin -->
  <testcase name="gmailsignin" time="0.000" classname="com.cleartrip.payment.nodejs.Air_Emails">
    <skipped/>
  </testcase> <!-- gmailsignin -->
  <testcase name="gmailsignin" time="0.000" classname="com.cleartrip.payment.nodejs.Air_Emails">
    <skipped/>
  </testcase> <!-- gmailsignin -->
  <testcase name="gmailsignin" time="0.002" classname="com.cleartrip.payment.nodejs.Air_Emails">
    <skipped/>
  </testcase> <!-- gmailsignin -->
  <testcase name="gmailsignin" time="0.001" classname="com.cleartrip.payment.nodejs.Air_Emails">
    <skipped/>
  </testcase> <!-- gmailsignin -->
  <testcase name="gmailsignin" time="0.001" classname="com.cleartrip.payment.nodejs.Air_Emails">
    <skipped/>
  </testcase> <!-- gmailsignin -->
  <testcase name="gmailsignin" time="0.000" classname="com.cleartrip.payment.nodejs.Air_Emails">
    <skipped/>
  </testcase> <!-- gmailsignin -->
  <testcase name="gmailsignin" time="0.001" classname="com.cleartrip.payment.nodejs.Air_Emails">
    <skipped/>
  </testcase> <!-- gmailsignin -->
  <testcase name="gmailsignin" time="0.002" classname="com.cleartrip.payment.nodejs.Air_Emails">
    <skipped/>
  </testcase> <!-- gmailsignin -->
  <testcase name="gmailsignin" time="0.001" classname="com.cleartrip.payment.nodejs.Air_Emails">
    <skipped/>
  </testcase> <!-- gmailsignin -->
  <testcase name="gmailsignin" time="0.000" classname="com.cleartrip.payment.nodejs.Air_Emails">
    <skipped/>
  </testcase> <!-- gmailsignin -->
  <testcase name="gmailsignin" time="0.000" classname="com.cleartrip.payment.nodejs.Air_Emails">
    <skipped/>
  </testcase> <!-- gmailsignin -->
  <testcase name="gmailsignin" time="0.003" classname="com.cleartrip.payment.nodejs.Air_Emails">
    <skipped/>
  </testcase> <!-- gmailsignin -->
  <testcase name="gmailsignin" time="0.000" classname="com.cleartrip.payment.nodejs.Air_Emails">
    <skipped/>
  </testcase> <!-- gmailsignin -->
  <testcase name="gmailsignin" time="0.000" classname="com.cleartrip.payment.nodejs.Air_Emails">
    <skipped/>
  </testcase> <!-- gmailsignin -->
  <testcase name="gmailsignin" time="0.002" classname="com.cleartrip.payment.nodejs.Air_Emails">
    <skipped/>
  </testcase> <!-- gmailsignin -->
  <testcase name="gmailsignin" time="0.000" classname="com.cleartrip.payment.nodejs.Air_Emails">
    <skipped/>
  </testcase> <!-- gmailsignin -->
  <testcase name="gmailsignin" time="0.000" classname="com.cleartrip.payment.nodejs.Air_Emails">
    <skipped/>
  </testcase> <!-- gmailsignin -->
  <testcase name="gmailsignin" time="0.001" classname="com.cleartrip.payment.nodejs.Air_Emails">
    <skipped/>
  </testcase> <!-- gmailsignin -->
  <testcase name="gmailsignin" time="0.001" classname="com.cleartrip.payment.nodejs.Air_Emails">
    <skipped/>
  </testcase> <!-- gmailsignin -->
  <testcase name="gmailsignin" time="0.003" classname="com.cleartrip.payment.nodejs.Air_Emails">
    <skipped/>
  </testcase> <!-- gmailsignin -->
  <testcase name="gmailsignin" time="0.010" classname="com.cleartrip.payment.nodejs.Air_Emails">
    <skipped/>
  </testcase> <!-- gmailsignin -->
  <testcase name="gmailsignin" time="0.003" classname="com.cleartrip.payment.nodejs.Air_Emails">
    <skipped/>
  </testcase> <!-- gmailsignin -->
  <testcase name="gmailsignin" time="0.000" classname="com.cleartrip.payment.nodejs.Air_Emails">
    <skipped/>
  </testcase> <!-- gmailsignin -->
  <testcase name="gmailsignin" time="0.000" classname="com.cleartrip.payment.nodejs.Air_Emails">
    <skipped/>
  </testcase> <!-- gmailsignin -->
  <testcase name="gmailsignin" time="0.000" classname="com.cleartrip.payment.nodejs.Air_Emails">
    <skipped/>
  </testcase> <!-- gmailsignin -->
  <testcase name="gmailsignin" time="0.000" classname="com.cleartrip.payment.nodejs.Air_Emails">
    <skipped/>
  </testcase> <!-- gmailsignin -->
  <testcase name="gmailsignin" time="0.001" classname="com.cleartrip.payment.nodejs.Air_Emails">
    <skipped/>
  </testcase> <!-- gmailsignin -->
  <testcase name="gmailsignin" time="0.000" classname="com.cleartrip.payment.nodejs.Air_Emails">
    <skipped/>
  </testcase> <!-- gmailsignin -->
  <testcase name="gmailsignin" time="0.001" classname="com.cleartrip.payment.nodejs.Air_Emails">
    <skipped/>
  </testcase> <!-- gmailsignin -->
  <testcase name="gmailsignin" time="0.003" classname="com.cleartrip.payment.nodejs.Air_Emails">
    <skipped/>
  </testcase> <!-- gmailsignin -->
  <testcase name="gmailsignin" time="0.002" classname="com.cleartrip.payment.nodejs.Air_Emails">
    <skipped/>
  </testcase> <!-- gmailsignin -->
  <testcase name="gmailsignin" time="0.001" classname="com.cleartrip.payment.nodejs.Air_Emails">
    <skipped/>
  </testcase> <!-- gmailsignin -->
  <testcase name="gmailsignin" time="0.000" classname="com.cleartrip.payment.nodejs.Air_Emails">
    <skipped/>
  </testcase> <!-- gmailsignin -->
  <testcase name="gmailsignin" time="0.001" classname="com.cleartrip.payment.nodejs.Air_Emails">
    <skipped/>
  </testcase> <!-- gmailsignin -->
  <testcase name="gmailsignin" time="0.000" classname="com.cleartrip.payment.nodejs.Air_Emails">
    <skipped/>
  </testcase> <!-- gmailsignin -->
  <testcase name="gmailsignin" time="0.000" classname="com.cleartrip.payment.nodejs.Air_Emails">
    <skipped/>
  </testcase> <!-- gmailsignin -->
  <testcase name="gmailsignin" time="0.000" classname="com.cleartrip.payment.nodejs.Air_Emails">
    <skipped/>
  </testcase> <!-- gmailsignin -->
  <testcase name="gmailsignin" time="0.000" classname="com.cleartrip.payment.nodejs.Air_Emails">
    <skipped/>
  </testcase> <!-- gmailsignin -->
  <testcase name="gmailsignin" time="0.000" classname="com.cleartrip.payment.nodejs.Air_Emails">
    <skipped/>
  </testcase> <!-- gmailsignin -->
  <testcase name="gmailsignin" time="0.004" classname="com.cleartrip.payment.nodejs.Air_Emails">
    <skipped/>
  </testcase> <!-- gmailsignin -->
  <testcase name="gmailsignin" time="0.000" classname="com.cleartrip.payment.nodejs.Air_Emails">
    <skipped/>
  </testcase> <!-- gmailsignin -->
  <testcase name="gmailsignin" time="0.002" classname="com.cleartrip.payment.nodejs.Air_Emails">
    <skipped/>
  </testcase> <!-- gmailsignin -->
  <testcase name="gmailsignin" time="0.000" classname="com.cleartrip.payment.nodejs.Air_Emails">
    <skipped/>
  </testcase> <!-- gmailsignin -->
  <testcase name="gmailsignin" time="0.000" classname="com.cleartrip.payment.nodejs.Air_Emails">
    <skipped/>
  </testcase> <!-- gmailsignin -->
  <testcase name="gmailsignin" time="0.004" classname="com.cleartrip.payment.nodejs.Air_Emails">
    <skipped/>
  </testcase> <!-- gmailsignin -->
  <testcase name="gmailsignin" time="0.001" classname="com.cleartrip.payment.nodejs.Air_Emails">
    <skipped/>
  </testcase> <!-- gmailsignin -->
  <testcase name="gmailsignin" time="0.000" classname="com.cleartrip.payment.nodejs.Air_Emails">
    <skipped/>
  </testcase> <!-- gmailsignin -->
  <testcase name="gmailsignin" time="0.001" classname="com.cleartrip.payment.nodejs.Air_Emails">
    <skipped/>
  </testcase> <!-- gmailsignin -->
  <testcase name="gmailsignin" time="0.002" classname="com.cleartrip.payment.nodejs.Air_Emails">
    <skipped/>
  </testcase> <!-- gmailsignin -->
  <testcase name="gmailsignin" time="0.001" classname="com.cleartrip.payment.nodejs.Air_Emails">
    <skipped/>
  </testcase> <!-- gmailsignin -->
  <testcase name="gmailsignin" time="0.000" classname="com.cleartrip.payment.nodejs.Air_Emails">
    <skipped/>
  </testcase> <!-- gmailsignin -->
  <testcase name="gmailsignin" time="0.002" classname="com.cleartrip.payment.nodejs.Air_Emails">
    <skipped/>
  </testcase> <!-- gmailsignin -->
  <testcase name="gmailsignin" time="0.001" classname="com.cleartrip.payment.nodejs.Air_Emails">
    <skipped/>
  </testcase> <!-- gmailsignin -->
  <testcase name="gmailsignin" time="0.000" classname="com.cleartrip.payment.nodejs.Air_Emails">
    <skipped/>
  </testcase> <!-- gmailsignin -->
  <testcase name="gmailsignin" time="0.000" classname="com.cleartrip.payment.nodejs.Air_Emails">
    <skipped/>
  </testcase> <!-- gmailsignin -->
  <testcase name="gmailsignin" time="0.002" classname="com.cleartrip.payment.nodejs.Air_Emails">
    <skipped/>
  </testcase> <!-- gmailsignin -->
  <testcase name="gmailsignin" time="0.004" classname="com.cleartrip.payment.nodejs.Air_Emails">
    <skipped/>
  </testcase> <!-- gmailsignin -->
  <testcase name="gmailsignin" time="0.001" classname="com.cleartrip.payment.nodejs.Air_Emails">
    <skipped/>
  </testcase> <!-- gmailsignin -->
  <testcase name="gmailsignin" time="0.001" classname="com.cleartrip.payment.nodejs.Air_Emails">
    <skipped/>
  </testcase> <!-- gmailsignin -->
  <testcase name="gmailsignin" time="0.001" classname="com.cleartrip.payment.nodejs.Air_Emails">
    <skipped/>
  </testcase> <!-- gmailsignin -->
  <testcase name="gmailsignin" time="0.000" classname="com.cleartrip.payment.nodejs.Air_Emails">
    <skipped/>
  </testcase> <!-- gmailsignin -->
  <testcase name="gmailsignin" time="0.084" classname="com.cleartrip.payment.nodejs.Air_Emails">
    <skipped/>
  </testcase> <!-- gmailsignin -->
  <testcase name="gmailsignin" time="0.001" classname="com.cleartrip.payment.nodejs.Air_Emails">
    <skipped/>
  </testcase> <!-- gmailsignin -->
  <testcase name="gmailsignin" time="0.001" classname="com.cleartrip.payment.nodejs.Air_Emails">
    <skipped/>
  </testcase> <!-- gmailsignin -->
  <testcase name="gmailsignin" time="0.000" classname="com.cleartrip.payment.nodejs.Air_Emails">
    <skipped/>
  </testcase> <!-- gmailsignin -->
  <testcase name="gmailsignin" time="0.000" classname="com.cleartrip.payment.nodejs.Air_Emails">
    <skipped/>
  </testcase> <!-- gmailsignin -->
  <testcase name="gmailsignin" time="0.000" classname="com.cleartrip.payment.nodejs.Air_Emails">
    <skipped/>
  </testcase> <!-- gmailsignin -->
  <testcase name="gmailsignin" time="0.001" classname="com.cleartrip.payment.nodejs.Air_Emails">
    <skipped/>
  </testcase> <!-- gmailsignin -->
  <testcase name="gmailsignin" time="0.006" classname="com.cleartrip.payment.nodejs.Air_Emails">
    <skipped/>
  </testcase> <!-- gmailsignin -->
  <testcase name="gmailsignin" time="0.006" classname="com.cleartrip.payment.nodejs.Air_Emails">
    <skipped/>
  </testcase> <!-- gmailsignin -->
  <testcase name="gmailsignin" time="0.000" classname="com.cleartrip.payment.nodejs.Air_Emails">
    <skipped/>
  </testcase> <!-- gmailsignin -->
  <testcase name="gmailsignin" time="0.000" classname="com.cleartrip.payment.nodejs.Air_Emails">
    <skipped/>
  </testcase> <!-- gmailsignin -->
  <testcase name="gmailsignin" time="0.000" classname="com.cleartrip.payment.nodejs.Air_Emails">
    <skipped/>
  </testcase> <!-- gmailsignin -->
  <testcase name="gmailsignin" time="0.001" classname="com.cleartrip.payment.nodejs.Air_Emails">
    <skipped/>
  </testcase> <!-- gmailsignin -->
  <testcase name="gmailsignin" time="0.000" classname="com.cleartrip.payment.nodejs.Air_Emails">
    <skipped/>
  </testcase> <!-- gmailsignin -->
  <testcase name="gmailsignin" time="0.000" classname="com.cleartrip.payment.nodejs.Air_Emails">
    <skipped/>
  </testcase> <!-- gmailsignin -->
  <testcase name="gmailsignin" time="0.003" classname="com.cleartrip.payment.nodejs.Air_Emails">
    <skipped/>
  </testcase> <!-- gmailsignin -->
  <testcase name="gmailsignin" time="0.000" classname="com.cleartrip.payment.nodejs.Air_Emails">
    <skipped/>
  </testcase> <!-- gmailsignin -->
  <testcase name="gmailsignin" time="0.000" classname="com.cleartrip.payment.nodejs.Air_Emails">
    <skipped/>
  </testcase> <!-- gmailsignin -->
  <testcase name="gmailsignin" time="0.001" classname="com.cleartrip.payment.nodejs.Air_Emails">
    <skipped/>
  </testcase> <!-- gmailsignin -->
  <testcase name="gmailsignin" time="0.002" classname="com.cleartrip.payment.nodejs.Air_Emails">
    <skipped/>
  </testcase> <!-- gmailsignin -->
  <testcase name="gmailsignin" time="0.001" classname="com.cleartrip.payment.nodejs.Air_Emails">
    <skipped/>
  </testcase> <!-- gmailsignin -->
  <testcase name="gmailsignin" time="0.000" classname="com.cleartrip.payment.nodejs.Air_Emails">
    <skipped/>
  </testcase> <!-- gmailsignin -->
  <testcase name="gmailsignin" time="0.001" classname="com.cleartrip.payment.nodejs.Air_Emails">
    <skipped/>
  </testcase> <!-- gmailsignin -->
  <testcase name="gmailsignin" time="0.006" classname="com.cleartrip.payment.nodejs.Air_Emails">
    <skipped/>
  </testcase> <!-- gmailsignin -->
  <testcase name="gmailsignin" time="0.001" classname="com.cleartrip.payment.nodejs.Air_Emails">
    <skipped/>
  </testcase> <!-- gmailsignin -->
  <testcase name="gmailsignin" time="0.000" classname="com.cleartrip.payment.nodejs.Air_Emails">
    <skipped/>
  </testcase> <!-- gmailsignin -->
  <testcase name="gmailsignin" time="0.005" classname="com.cleartrip.payment.nodejs.Air_Emails">
    <skipped/>
  </testcase> <!-- gmailsignin -->
  <testcase name="gmailsignin" time="0.001" classname="com.cleartrip.payment.nodejs.Air_Emails">
    <skipped/>
  </testcase> <!-- gmailsignin -->
  <testcase name="gmailsignin" time="0.001" classname="com.cleartrip.payment.nodejs.Air_Emails">
    <skipped/>
  </testcase> <!-- gmailsignin -->
  <testcase name="gmailsignin" time="0.000" classname="com.cleartrip.payment.nodejs.Air_Emails">
    <skipped/>
  </testcase> <!-- gmailsignin -->
  <testcase name="gmailsignin" time="0.002" classname="com.cleartrip.payment.nodejs.Air_Emails">
    <skipped/>
  </testcase> <!-- gmailsignin -->
  <testcase name="gmailsignin" time="0.000" classname="com.cleartrip.payment.nodejs.Air_Emails">
    <skipped/>
  </testcase> <!-- gmailsignin -->
  <testcase name="gmailsignin" time="0.002" classname="com.cleartrip.payment.nodejs.Air_Emails">
    <skipped/>
  </testcase> <!-- gmailsignin -->
  <testcase name="gmailsignin" time="0.000" classname="com.cleartrip.payment.nodejs.Air_Emails">
    <skipped/>
  </testcase> <!-- gmailsignin -->
  <testcase name="gmailsignin" time="0.000" classname="com.cleartrip.payment.nodejs.Air_Emails">
    <skipped/>
  </testcase> <!-- gmailsignin -->
  <testcase name="gmailsignin" time="0.001" classname="com.cleartrip.payment.nodejs.Air_Emails">
    <skipped/>
  </testcase> <!-- gmailsignin -->
  <testcase name="gmailsignin" time="0.000" classname="com.cleartrip.payment.nodejs.Air_Emails">
    <skipped/>
  </testcase> <!-- gmailsignin -->
  <testcase name="gmailsignin" time="0.000" classname="com.cleartrip.payment.nodejs.Air_Emails">
    <skipped/>
  </testcase> <!-- gmailsignin -->
  <testcase name="gmailsignin" time="0.000" classname="com.cleartrip.payment.nodejs.Air_Emails">
    <skipped/>
  </testcase> <!-- gmailsignin -->
  <testcase name="gmailsignin" time="0.000" classname="com.cleartrip.payment.nodejs.Air_Emails">
    <skipped/>
  </testcase> <!-- gmailsignin -->
  <testcase name="gmailsignin" time="0.001" classname="com.cleartrip.payment.nodejs.Air_Emails">
    <skipped/>
  </testcase> <!-- gmailsignin -->
  <testcase name="gmailsignin" time="0.001" classname="com.cleartrip.payment.nodejs.Air_Emails">
    <skipped/>
  </testcase> <!-- gmailsignin -->
  <testcase name="gmailsignin" time="0.001" classname="com.cleartrip.payment.nodejs.Air_Emails">
    <skipped/>
  </testcase> <!-- gmailsignin -->
  <testcase name="gmailsignin" time="0.000" classname="com.cleartrip.payment.nodejs.Air_Emails">
    <skipped/>
  </testcase> <!-- gmailsignin -->
  <testcase name="gmailsignin" time="0.001" classname="com.cleartrip.payment.nodejs.Air_Emails">
    <skipped/>
  </testcase> <!-- gmailsignin -->
  <testcase name="gmailsignin" time="0.000" classname="com.cleartrip.payment.nodejs.Air_Emails">
    <skipped/>
  </testcase> <!-- gmailsignin -->
  <testcase name="gmailsignin" time="0.000" classname="com.cleartrip.payment.nodejs.Air_Emails">
    <skipped/>
  </testcase> <!-- gmailsignin -->
  <testcase name="gmailsignin" time="0.003" classname="com.cleartrip.payment.nodejs.Air_Emails">
    <skipped/>
  </testcase> <!-- gmailsignin -->
  <testcase name="gmailsignin" time="0.001" classname="com.cleartrip.payment.nodejs.Air_Emails">
    <skipped/>
  </testcase> <!-- gmailsignin -->
  <testcase name="gmailsignin" time="0.002" classname="com.cleartrip.payment.nodejs.Air_Emails">
    <skipped/>
  </testcase> <!-- gmailsignin -->
  <testcase name="gmailsignin" time="0.004" classname="com.cleartrip.payment.nodejs.Air_Emails">
    <skipped/>
  </testcase> <!-- gmailsignin -->
  <testcase name="gmailsignin" time="0.001" classname="com.cleartrip.payment.nodejs.Air_Emails">
    <skipped/>
  </testcase> <!-- gmailsignin -->
  <testcase name="gmailsignin" time="0.001" classname="com.cleartrip.payment.nodejs.Air_Emails">
    <skipped/>
  </testcase> <!-- gmailsignin -->
  <testcase name="gmailsignin" time="0.000" classname="com.cleartrip.payment.nodejs.Air_Emails">
    <skipped/>
  </testcase> <!-- gmailsignin -->
  <testcase name="gmailsignin" time="0.001" classname="com.cleartrip.payment.nodejs.Air_Emails">
    <skipped/>
  </testcase> <!-- gmailsignin -->
  <testcase name="gmailsignin" time="0.006" classname="com.cleartrip.payment.nodejs.Air_Emails">
    <skipped/>
  </testcase> <!-- gmailsignin -->
  <testcase name="gmailsignin" time="0.004" classname="com.cleartrip.payment.nodejs.Air_Emails">
    <skipped/>
  </testcase> <!-- gmailsignin -->
  <testcase name="gmailsignin" time="0.001" classname="com.cleartrip.payment.nodejs.Air_Emails">
    <skipped/>
  </testcase> <!-- gmailsignin -->
  <testcase name="gmailsignin" time="0.000" classname="com.cleartrip.payment.nodejs.Air_Emails">
    <skipped/>
  </testcase> <!-- gmailsignin -->
  <testcase name="gmailsignin" time="0.000" classname="com.cleartrip.payment.nodejs.Air_Emails">
    <skipped/>
  </testcase> <!-- gmailsignin -->
  <testcase name="gmailsignin" time="0.000" classname="com.cleartrip.payment.nodejs.Air_Emails">
    <skipped/>
  </testcase> <!-- gmailsignin -->
  <testcase name="gmailsignin" time="0.003" classname="com.cleartrip.payment.nodejs.Air_Emails">
    <skipped/>
  </testcase> <!-- gmailsignin -->
  <testcase name="gmailsignin" time="0.000" classname="com.cleartrip.payment.nodejs.Air_Emails">
    <skipped/>
  </testcase> <!-- gmailsignin -->
  <testcase name="gmailsignin" time="0.001" classname="com.cleartrip.payment.nodejs.Air_Emails">
    <skipped/>
  </testcase> <!-- gmailsignin -->
  <testcase name="gmailsignin" time="0.002" classname="com.cleartrip.payment.nodejs.Air_Emails">
    <skipped/>
  </testcase> <!-- gmailsignin -->
  <testcase name="gmailsignin" time="0.000" classname="com.cleartrip.payment.nodejs.Air_Emails">
    <skipped/>
  </testcase> <!-- gmailsignin -->
  <testcase name="gmailsignin" time="0.000" classname="com.cleartrip.payment.nodejs.Air_Emails">
    <skipped/>
  </testcase> <!-- gmailsignin -->
  <testcase name="gmailsignin" time="0.000" classname="com.cleartrip.payment.nodejs.Air_Emails">
    <skipped/>
  </testcase> <!-- gmailsignin -->
  <testcase name="gmailsignin" time="0.001" classname="com.cleartrip.payment.nodejs.Air_Emails">
    <skipped/>
  </testcase> <!-- gmailsignin -->
  <testcase name="gmailsignin" time="0.000" classname="com.cleartrip.payment.nodejs.Air_Emails">
    <skipped/>
  </testcase> <!-- gmailsignin -->
  <testcase name="gmailsignin" time="0.005" classname="com.cleartrip.payment.nodejs.Air_Emails">
    <skipped/>
  </testcase> <!-- gmailsignin -->
  <testcase name="gmailsignin" time="0.000" classname="com.cleartrip.payment.nodejs.Air_Emails">
    <skipped/>
  </testcase> <!-- gmailsignin -->
  <testcase name="gmailsignin" time="0.004" classname="com.cleartrip.payment.nodejs.Air_Emails">
    <skipped/>
  </testcase> <!-- gmailsignin -->
  <testcase name="gmailsignin" time="0.000" classname="com.cleartrip.payment.nodejs.Air_Emails">
    <skipped/>
  </testcase> <!-- gmailsignin -->
  <testcase name="gmailsignin" time="0.003" classname="com.cleartrip.payment.nodejs.Air_Emails">
    <skipped/>
  </testcase> <!-- gmailsignin -->
  <testcase name="gmailsignin" time="0.000" classname="com.cleartrip.payment.nodejs.Air_Emails">
    <skipped/>
  </testcase> <!-- gmailsignin -->
  <testcase name="gmailsignin" time="0.000" classname="com.cleartrip.payment.nodejs.Air_Emails">
    <skipped/>
  </testcase> <!-- gmailsignin -->
  <testcase name="gmailsignin" time="0.003" classname="com.cleartrip.payment.nodejs.Air_Emails">
    <skipped/>
  </testcase> <!-- gmailsignin -->
  <testcase name="gmailsignin" time="0.001" classname="com.cleartrip.payment.nodejs.Air_Emails">
    <skipped/>
  </testcase> <!-- gmailsignin -->
  <testcase name="gmailsignin" time="0.000" classname="com.cleartrip.payment.nodejs.Air_Emails">
    <skipped/>
  </testcase> <!-- gmailsignin -->
  <testcase name="gmailsignin" time="0.001" classname="com.cleartrip.payment.nodejs.Air_Emails">
    <skipped/>
  </testcase> <!-- gmailsignin -->
  <testcase name="gmailsignin" time="0.000" classname="com.cleartrip.payment.nodejs.Air_Emails">
    <skipped/>
  </testcase> <!-- gmailsignin -->
  <testcase name="gmailsignin" time="0.000" classname="com.cleartrip.payment.nodejs.Air_Emails">
    <skipped/>
  </testcase> <!-- gmailsignin -->
  <testcase name="gmailsignin" time="0.000" classname="com.cleartrip.payment.nodejs.Air_Emails">
    <skipped/>
  </testcase> <!-- gmailsignin -->
  <testcase name="gmailsignin" time="0.000" classname="com.cleartrip.payment.nodejs.Air_Emails">
    <skipped/>
  </testcase> <!-- gmailsignin -->
  <testcase name="gmailsignin" time="0.001" classname="com.cleartrip.payment.nodejs.Air_Emails">
    <skipped/>
  </testcase> <!-- gmailsignin -->
  <testcase name="gmailsignin" time="0.001" classname="com.cleartrip.payment.nodejs.Air_Emails">
    <skipped/>
  </testcase> <!-- gmailsignin -->
  <testcase name="gmailsignin" time="0.000" classname="com.cleartrip.payment.nodejs.Air_Emails">
    <skipped/>
  </testcase> <!-- gmailsignin -->
  <testcase name="gmailsignin" time="0.000" classname="com.cleartrip.payment.nodejs.Air_Emails">
    <skipped/>
  </testcase> <!-- gmailsignin -->
  <testcase name="gmailsignin" time="0.002" classname="com.cleartrip.payment.nodejs.Air_Emails">
    <skipped/>
  </testcase> <!-- gmailsignin -->
  <testcase name="gmailsignin" time="0.001" classname="com.cleartrip.payment.nodejs.Air_Emails">
    <skipped/>
  </testcase> <!-- gmailsignin -->
  <testcase name="gmailsignin" time="0.000" classname="com.cleartrip.payment.nodejs.Air_Emails">
    <skipped/>
  </testcase> <!-- gmailsignin -->
  <testcase name="gmailsignin" time="0.002" classname="com.cleartrip.payment.nodejs.Air_Emails">
    <skipped/>
  </testcase> <!-- gmailsignin -->
  <testcase name="gmailsignin" time="0.000" classname="com.cleartrip.payment.nodejs.Air_Emails">
    <skipped/>
  </testcase> <!-- gmailsignin -->
  <testcase name="gmailsignin" time="0.000" classname="com.cleartrip.payment.nodejs.Air_Emails">
    <skipped/>
  </testcase> <!-- gmailsignin -->
  <testcase name="gmailsignin" time="0.001" classname="com.cleartrip.payment.nodejs.Air_Emails">
    <skipped/>
  </testcase> <!-- gmailsignin -->
  <testcase name="gmailsignin" time="0.007" classname="com.cleartrip.payment.nodejs.Air_Emails">
    <skipped/>
  </testcase> <!-- gmailsignin -->
  <testcase name="gmailsignin" time="0.000" classname="com.cleartrip.payment.nodejs.Air_Emails">
    <skipped/>
  </testcase> <!-- gmailsignin -->
  <testcase name="gmailsignin" time="0.001" classname="com.cleartrip.payment.nodejs.Air_Emails">
    <skipped/>
  </testcase> <!-- gmailsignin -->
  <testcase name="gmailsignin" time="0.001" classname="com.cleartrip.payment.nodejs.Air_Emails">
    <skipped/>
  </testcase> <!-- gmailsignin -->
  <testcase name="gmailsignin" time="0.002" classname="com.cleartrip.payment.nodejs.Air_Emails">
    <skipped/>
  </testcase> <!-- gmailsignin -->
  <testcase name="gmailsignin" time="0.002" classname="com.cleartrip.payment.nodejs.Air_Emails">
    <skipped/>
  </testcase> <!-- gmailsignin -->
  <testcase name="gmailsignin" time="0.000" classname="com.cleartrip.payment.nodejs.Air_Emails">
    <skipped/>
  </testcase> <!-- gmailsignin -->
  <testcase name="gmailsignin" time="0.002" classname="com.cleartrip.payment.nodejs.Air_Emails">
    <skipped/>
  </testcase> <!-- gmailsignin -->
  <testcase name="gmailsignin" time="0.000" classname="com.cleartrip.payment.nodejs.Air_Emails">
    <skipped/>
  </testcase> <!-- gmailsignin -->
  <testcase name="gmailsignin" time="0.000" classname="com.cleartrip.payment.nodejs.Air_Emails">
    <skipped/>
  </testcase> <!-- gmailsignin -->
  <testcase name="gmailsignin" time="0.002" classname="com.cleartrip.payment.nodejs.Air_Emails">
    <skipped/>
  </testcase> <!-- gmailsignin -->
  <testcase name="gmailsignin" time="0.002" classname="com.cleartrip.payment.nodejs.Air_Emails">
    <skipped/>
  </testcase> <!-- gmailsignin -->
  <testcase name="gmailsignin" time="0.000" classname="com.cleartrip.payment.nodejs.Air_Emails">
    <skipped/>
  </testcase> <!-- gmailsignin -->
  <testcase name="gmailsignin" time="0.000" classname="com.cleartrip.payment.nodejs.Air_Emails">
    <skipped/>
  </testcase> <!-- gmailsignin -->
  <testcase name="gmailsignin" time="0.001" classname="com.cleartrip.payment.nodejs.Air_Emails">
    <skipped/>
  </testcase> <!-- gmailsignin -->
  <testcase name="gmailsignin" time="0.001" classname="com.cleartrip.payment.nodejs.Air_Emails">
    <skipped/>
  </testcase> <!-- gmailsignin -->
  <testcase name="gmailsignin" time="0.008" classname="com.cleartrip.payment.nodejs.Air_Emails">
    <skipped/>
  </testcase> <!-- gmailsignin -->
  <testcase name="gmailsignin" time="0.003" classname="com.cleartrip.payment.nodejs.Air_Emails">
    <skipped/>
  </testcase> <!-- gmailsignin -->
  <testcase name="gmailsignin" time="0.000" classname="com.cleartrip.payment.nodejs.Air_Emails">
    <skipped/>
  </testcase> <!-- gmailsignin -->
  <testcase name="gmailsignin" time="0.001" classname="com.cleartrip.payment.nodejs.Air_Emails">
    <skipped/>
  </testcase> <!-- gmailsignin -->
  <testcase name="gmailsignin" time="0.000" classname="com.cleartrip.payment.nodejs.Air_Emails">
    <skipped/>
  </testcase> <!-- gmailsignin -->
  <testcase name="gmailsignin" time="0.001" classname="com.cleartrip.payment.nodejs.Air_Emails">
    <skipped/>
  </testcase> <!-- gmailsignin -->
  <testcase name="gmailsignin" time="0.000" classname="com.cleartrip.payment.nodejs.Air_Emails">
    <skipped/>
  </testcase> <!-- gmailsignin -->
  <testcase name="gmailsignin" time="0.001" classname="com.cleartrip.payment.nodejs.Air_Emails">
    <skipped/>
  </testcase> <!-- gmailsignin -->
  <testcase name="gmailsignin" time="0.001" classname="com.cleartrip.payment.nodejs.Air_Emails">
    <skipped/>
  </testcase> <!-- gmailsignin -->
  <testcase name="gmailsignin" time="0.000" classname="com.cleartrip.payment.nodejs.Air_Emails">
    <skipped/>
  </testcase> <!-- gmailsignin -->
  <testcase name="gmailsignin" time="0.000" classname="com.cleartrip.payment.nodejs.Air_Emails">
    <skipped/>
  </testcase> <!-- gmailsignin -->
  <testcase name="gmailsignin" time="0.000" classname="com.cleartrip.payment.nodejs.Air_Emails">
    <skipped/>
  </testcase> <!-- gmailsignin -->
  <testcase name="gmailsignin" time="0.003" classname="com.cleartrip.payment.nodejs.Air_Emails">
    <skipped/>
  </testcase> <!-- gmailsignin -->
  <testcase name="gmailsignin" time="0.001" classname="com.cleartrip.payment.nodejs.Air_Emails">
    <skipped/>
  </testcase> <!-- gmailsignin -->
  <testcase name="gmailsignin" time="0.000" classname="com.cleartrip.payment.nodejs.Air_Emails">
    <skipped/>
  </testcase> <!-- gmailsignin -->
  <testcase name="gmailsignin" time="0.001" classname="com.cleartrip.payment.nodejs.Air_Emails">
    <skipped/>
  </testcase> <!-- gmailsignin -->
  <testcase name="gmailsignin" time="0.000" classname="com.cleartrip.payment.nodejs.Air_Emails">
    <skipped/>
  </testcase> <!-- gmailsignin -->
  <testcase name="gmailsignin" time="0.006" classname="com.cleartrip.payment.nodejs.Air_Emails">
    <skipped/>
  </testcase> <!-- gmailsignin -->
  <testcase name="gmailsignin" time="0.000" classname="com.cleartrip.payment.nodejs.Air_Emails">
    <skipped/>
  </testcase> <!-- gmailsignin -->
  <testcase name="gmailsignin" time="0.003" classname="com.cleartrip.payment.nodejs.Air_Emails">
    <skipped/>
  </testcase> <!-- gmailsignin -->
  <testcase name="gmailsignin" time="0.002" classname="com.cleartrip.payment.nodejs.Air_Emails">
    <skipped/>
  </testcase> <!-- gmailsignin -->
  <testcase name="gmailsignin" time="0.000" classname="com.cleartrip.payment.nodejs.Air_Emails">
    <skipped/>
  </testcase> <!-- gmailsignin -->
  <testcase name="gmailsignin" time="0.001" classname="com.cleartrip.payment.nodejs.Air_Emails">
    <skipped/>
  </testcase> <!-- gmailsignin -->
  <testcase name="gmailsignin" time="0.000" classname="com.cleartrip.payment.nodejs.Air_Emails">
    <skipped/>
  </testcase> <!-- gmailsignin -->
  <testcase name="gmailsignin" time="0.001" classname="com.cleartrip.payment.nodejs.Air_Emails">
    <skipped/>
  </testcase> <!-- gmailsignin -->
  <testcase name="gmailsignin" time="0.000" classname="com.cleartrip.payment.nodejs.Air_Emails">
    <skipped/>
  </testcase> <!-- gmailsignin -->
  <testcase name="gmailsignin" time="0.003" classname="com.cleartrip.payment.nodejs.Air_Emails">
    <skipped/>
  </testcase> <!-- gmailsignin -->
  <testcase name="gmailsignin" time="0.001" classname="com.cleartrip.payment.nodejs.Air_Emails">
    <skipped/>
  </testcase> <!-- gmailsignin -->
  <testcase name="gmailsignin" time="0.001" classname="com.cleartrip.payment.nodejs.Air_Emails">
    <skipped/>
  </testcase> <!-- gmailsignin -->
  <testcase name="gmailsignin" time="0.000" classname="com.cleartrip.payment.nodejs.Air_Emails">
    <skipped/>
  </testcase> <!-- gmailsignin -->
  <testcase name="gmailsignin" time="0.001" classname="com.cleartrip.payment.nodejs.Air_Emails">
    <skipped/>
  </testcase> <!-- gmailsignin -->
  <testcase name="gmailsignin" time="0.001" classname="com.cleartrip.payment.nodejs.Air_Emails">
    <skipped/>
  </testcase> <!-- gmailsignin -->
  <testcase name="gmailsignin" time="0.000" classname="com.cleartrip.payment.nodejs.Air_Emails">
    <skipped/>
  </testcase> <!-- gmailsignin -->
  <testcase name="gmailsignin" time="0.003" classname="com.cleartrip.payment.nodejs.Air_Emails">
    <skipped/>
  </testcase> <!-- gmailsignin -->
  <testcase name="gmailsignin" time="0.001" classname="com.cleartrip.payment.nodejs.Air_Emails">
    <skipped/>
  </testcase> <!-- gmailsignin -->
  <testcase name="gmailsignin" time="0.001" classname="com.cleartrip.payment.nodejs.Air_Emails">
    <skipped/>
  </testcase> <!-- gmailsignin -->
  <testcase name="gmailsignin" time="0.005" classname="com.cleartrip.payment.nodejs.Air_Emails">
    <skipped/>
  </testcase> <!-- gmailsignin -->
  <testcase name="gmailsignin" time="0.002" classname="com.cleartrip.payment.nodejs.Air_Emails">
    <skipped/>
  </testcase> <!-- gmailsignin -->
  <testcase name="gmailsignin" time="0.001" classname="com.cleartrip.payment.nodejs.Air_Emails">
    <skipped/>
  </testcase> <!-- gmailsignin -->
  <testcase name="gmailsignin" time="0.001" classname="com.cleartrip.payment.nodejs.Air_Emails">
    <skipped/>
  </testcase> <!-- gmailsignin -->
  <testcase name="gmailsignin" time="0.001" classname="com.cleartrip.payment.nodejs.Air_Emails">
    <skipped/>
  </testcase> <!-- gmailsignin -->
  <testcase name="gmailsignin" time="0.001" classname="com.cleartrip.payment.nodejs.Air_Emails">
    <skipped/>
  </testcase> <!-- gmailsignin -->
  <testcase name="gmailsignin" time="0.000" classname="com.cleartrip.payment.nodejs.Air_Emails">
    <skipped/>
  </testcase> <!-- gmailsignin -->
  <testcase name="gmailsignin" time="0.000" classname="com.cleartrip.payment.nodejs.Air_Emails">
    <skipped/>
  </testcase> <!-- gmailsignin -->
  <testcase name="gmailsignin" time="0.002" classname="com.cleartrip.payment.nodejs.Air_Emails">
    <skipped/>
  </testcase> <!-- gmailsignin -->
  <testcase name="gmailsignin" time="0.008" classname="com.cleartrip.payment.nodejs.Air_Emails">
    <skipped/>
  </testcase> <!-- gmailsignin -->
  <testcase name="gmailsignin" time="0.000" classname="com.cleartrip.payment.nodejs.Air_Emails">
    <skipped/>
  </testcase> <!-- gmailsignin -->
  <testcase name="gmailsignin" time="0.000" classname="com.cleartrip.payment.nodejs.Air_Emails">
    <skipped/>
  </testcase> <!-- gmailsignin -->
  <testcase name="gmailsignin" time="0.003" classname="com.cleartrip.payment.nodejs.Air_Emails">
    <skipped/>
  </testcase> <!-- gmailsignin -->
  <testcase name="gmailsignin" time="0.003" classname="com.cleartrip.payment.nodejs.Air_Emails">
    <skipped/>
  </testcase> <!-- gmailsignin -->
  <testcase name="gmailsignin" time="0.001" classname="com.cleartrip.payment.nodejs.Air_Emails">
    <skipped/>
  </testcase> <!-- gmailsignin -->
  <testcase name="gmailsignin" time="0.001" classname="com.cleartrip.payment.nodejs.Air_Emails">
    <skipped/>
  </testcase> <!-- gmailsignin -->
  <testcase name="gmailsignin" time="0.000" classname="com.cleartrip.payment.nodejs.Air_Emails">
    <skipped/>
  </testcase> <!-- gmailsignin -->
  <testcase name="gmailsignin" time="0.001" classname="com.cleartrip.payment.nodejs.Air_Emails">
    <skipped/>
  </testcase> <!-- gmailsignin -->
  <testcase name="gmailsignin" time="0.001" classname="com.cleartrip.payment.nodejs.Air_Emails">
    <skipped/>
  </testcase> <!-- gmailsignin -->
  <testcase name="gmailsignin" time="0.001" classname="com.cleartrip.payment.nodejs.Air_Emails">
    <skipped/>
  </testcase> <!-- gmailsignin -->
  <testcase name="gmailsignin" time="0.000" classname="com.cleartrip.payment.nodejs.Air_Emails">
    <skipped/>
  </testcase> <!-- gmailsignin -->
  <testcase name="gmailsignin" time="0.002" classname="com.cleartrip.payment.nodejs.Air_Emails">
    <skipped/>
  </testcase> <!-- gmailsignin -->
  <testcase name="gmailsignin" time="0.001" classname="com.cleartrip.payment.nodejs.Air_Emails">
    <skipped/>
  </testcase> <!-- gmailsignin -->
  <testcase name="gmailsignin" time="0.000" classname="com.cleartrip.payment.nodejs.Air_Emails">
    <skipped/>
  </testcase> <!-- gmailsignin -->
  <testcase name="gmailsignin" time="0.001" classname="com.cleartrip.payment.nodejs.Air_Emails">
    <skipped/>
  </testcase> <!-- gmailsignin -->
  <testcase name="gmailsignin" time="0.001" classname="com.cleartrip.payment.nodejs.Air_Emails">
    <skipped/>
  </testcase> <!-- gmailsignin -->
  <testcase name="gmailsignin" time="0.000" classname="com.cleartrip.payment.nodejs.Air_Emails">
    <skipped/>
  </testcase> <!-- gmailsignin -->
  <testcase name="gmailsignin" time="0.000" classname="com.cleartrip.payment.nodejs.Air_Emails">
    <skipped/>
  </testcase> <!-- gmailsignin -->
  <testcase name="gmailsignin" time="0.000" classname="com.cleartrip.payment.nodejs.Air_Emails">
    <skipped/>
  </testcase> <!-- gmailsignin -->
  <testcase name="gmailsignin" time="0.001" classname="com.cleartrip.payment.nodejs.Air_Emails">
    <skipped/>
  </testcase> <!-- gmailsignin -->
  <testcase name="gmailsignin" time="0.001" classname="com.cleartrip.payment.nodejs.Air_Emails">
    <skipped/>
  </testcase> <!-- gmailsignin -->
  <testcase name="gmailsignin" time="0.002" classname="com.cleartrip.payment.nodejs.Air_Emails">
    <skipped/>
  </testcase> <!-- gmailsignin -->
  <testcase name="gmailsignin" time="0.002" classname="com.cleartrip.payment.nodejs.Air_Emails">
    <skipped/>
  </testcase> <!-- gmailsignin -->
  <testcase name="gmailsignin" time="0.000" classname="com.cleartrip.payment.nodejs.Air_Emails">
    <skipped/>
  </testcase> <!-- gmailsignin -->
  <testcase name="gmailsignin" time="0.000" classname="com.cleartrip.payment.nodejs.Air_Emails">
    <skipped/>
  </testcase> <!-- gmailsignin -->
  <testcase name="gmailsignin" time="0.001" classname="com.cleartrip.payment.nodejs.Air_Emails">
    <skipped/>
  </testcase> <!-- gmailsignin -->
  <testcase name="gmailsignin" time="0.000" classname="com.cleartrip.payment.nodejs.Air_Emails">
    <skipped/>
  </testcase> <!-- gmailsignin -->
  <testcase name="gmailsignin" time="0.000" classname="com.cleartrip.payment.nodejs.Air_Emails">
    <skipped/>
  </testcase> <!-- gmailsignin -->
  <testcase name="gmailsignin" time="0.000" classname="com.cleartrip.payment.nodejs.Air_Emails">
    <skipped/>
  </testcase> <!-- gmailsignin -->
  <testcase name="gmailsignin" time="0.000" classname="com.cleartrip.payment.nodejs.Air_Emails">
    <skipped/>
  </testcase> <!-- gmailsignin -->
  <testcase name="gmailsignin" time="0.000" classname="com.cleartrip.payment.nodejs.Air_Emails">
    <skipped/>
  </testcase> <!-- gmailsignin -->
  <testcase name="gmailsignin" time="0.001" classname="com.cleartrip.payment.nodejs.Air_Emails">
    <skipped/>
  </testcase> <!-- gmailsignin -->
  <testcase name="gmailsignin" time="0.000" classname="com.cleartrip.payment.nodejs.Air_Emails">
    <skipped/>
  </testcase> <!-- gmailsignin -->
  <testcase name="gmailsignin" time="0.000" classname="com.cleartrip.payment.nodejs.Air_Emails">
    <skipped/>
  </testcase> <!-- gmailsignin -->
  <testcase name="gmailsignin" time="0.000" classname="com.cleartrip.payment.nodejs.Air_Emails">
    <skipped/>
  </testcase> <!-- gmailsignin -->
  <testcase name="gmailsignin" time="0.001" classname="com.cleartrip.payment.nodejs.Air_Emails">
    <skipped/>
  </testcase> <!-- gmailsignin -->
  <testcase name="gmailsignin" time="0.002" classname="com.cleartrip.payment.nodejs.Air_Emails">
    <skipped/>
  </testcase> <!-- gmailsignin -->
  <testcase name="gmailsignin" time="0.000" classname="com.cleartrip.payment.nodejs.Air_Emails">
    <skipped/>
  </testcase> <!-- gmailsignin -->
  <testcase name="gmailsignin" time="0.001" classname="com.cleartrip.payment.nodejs.Air_Emails">
    <skipped/>
  </testcase> <!-- gmailsignin -->
  <testcase name="gmailsignin" time="0.000" classname="com.cleartrip.payment.nodejs.Air_Emails">
    <skipped/>
  </testcase> <!-- gmailsignin -->
  <testcase name="gmailsignin" time="0.001" classname="com.cleartrip.payment.nodejs.Air_Emails">
    <skipped/>
  </testcase> <!-- gmailsignin -->
  <testcase name="gmailsignin" time="0.000" classname="com.cleartrip.payment.nodejs.Air_Emails">
    <skipped/>
  </testcase> <!-- gmailsignin -->
  <testcase name="gmailsignin" time="0.001" classname="com.cleartrip.payment.nodejs.Air_Emails">
    <skipped/>
  </testcase> <!-- gmailsignin -->
  <testcase name="gmailsignin" time="0.000" classname="com.cleartrip.payment.nodejs.Air_Emails">
    <skipped/>
  </testcase> <!-- gmailsignin -->
  <testcase name="gmailsignin" time="0.000" classname="com.cleartrip.payment.nodejs.Air_Emails">
    <skipped/>
  </testcase> <!-- gmailsignin -->
  <testcase name="gmailsignin" time="0.001" classname="com.cleartrip.payment.nodejs.Air_Emails">
    <skipped/>
  </testcase> <!-- gmailsignin -->
  <testcase name="gmailsignin" time="0.003" classname="com.cleartrip.payment.nodejs.Air_Emails">
    <skipped/>
  </testcase> <!-- gmailsignin -->
  <testcase name="gmailsignin" time="0.006" classname="com.cleartrip.payment.nodejs.Air_Emails">
    <skipped/>
  </testcase> <!-- gmailsignin -->
  <testcase name="gmailsignin" time="0.001" classname="com.cleartrip.payment.nodejs.Air_Emails">
    <skipped/>
  </testcase> <!-- gmailsignin -->
  <testcase name="gmailsignin" time="0.000" classname="com.cleartrip.payment.nodejs.Air_Emails">
    <skipped/>
  </testcase> <!-- gmailsignin -->
  <testcase name="gmailsignin" time="0.005" classname="com.cleartrip.payment.nodejs.Air_Emails">
    <skipped/>
  </testcase> <!-- gmailsignin -->
  <testcase name="gmailsignin" time="0.003" classname="com.cleartrip.payment.nodejs.Air_Emails">
    <skipped/>
  </testcase> <!-- gmailsignin -->
  <testcase name="gmailsignin" time="0.000" classname="com.cleartrip.payment.nodejs.Air_Emails">
    <skipped/>
  </testcase> <!-- gmailsignin -->
  <testcase name="gmailsignin" time="0.000" classname="com.cleartrip.payment.nodejs.Air_Emails">
    <skipped/>
  </testcase> <!-- gmailsignin -->
  <testcase name="gmailsignin" time="0.000" classname="com.cleartrip.payment.nodejs.Air_Emails">
    <skipped/>
  </testcase> <!-- gmailsignin -->
  <testcase name="gmailsignin" time="0.005" classname="com.cleartrip.payment.nodejs.Air_Emails">
    <skipped/>
  </testcase> <!-- gmailsignin -->
  <testcase name="gmailsignin" time="0.001" classname="com.cleartrip.payment.nodejs.Air_Emails">
    <skipped/>
  </testcase> <!-- gmailsignin -->
  <testcase name="gmailsignin" time="0.006" classname="com.cleartrip.payment.nodejs.Air_Emails">
    <skipped/>
  </testcase> <!-- gmailsignin -->
  <testcase name="gmailsignin" time="0.005" classname="com.cleartrip.payment.nodejs.Air_Emails">
    <skipped/>
  </testcase> <!-- gmailsignin -->
  <testcase name="gmailsignin" time="0.002" classname="com.cleartrip.payment.nodejs.Air_Emails">
    <skipped/>
  </testcase> <!-- gmailsignin -->
  <testcase name="gmailsignin" time="0.001" classname="com.cleartrip.payment.nodejs.Air_Emails">
    <skipped/>
  </testcase> <!-- gmailsignin -->
  <testcase name="gmailsignin" time="0.002" classname="com.cleartrip.payment.nodejs.Air_Emails">
    <skipped/>
  </testcase> <!-- gmailsignin -->
  <testcase name="gmailsignin" time="0.001" classname="com.cleartrip.payment.nodejs.Air_Emails">
    <skipped/>
  </testcase> <!-- gmailsignin -->
  <testcase name="gmailsignin" time="0.000" classname="com.cleartrip.payment.nodejs.Air_Emails">
    <skipped/>
  </testcase> <!-- gmailsignin -->
  <testcase name="gmailsignin" time="0.001" classname="com.cleartrip.payment.nodejs.Air_Emails">
    <skipped/>
  </testcase> <!-- gmailsignin -->
  <testcase name="gmailsignin" time="0.001" classname="com.cleartrip.payment.nodejs.Air_Emails">
    <skipped/>
  </testcase> <!-- gmailsignin -->
  <testcase name="gmailsignin" time="0.001" classname="com.cleartrip.payment.nodejs.Air_Emails">
    <skipped/>
  </testcase> <!-- gmailsignin -->
  <testcase name="gmailsignin" time="0.003" classname="com.cleartrip.payment.nodejs.Air_Emails">
    <skipped/>
  </testcase> <!-- gmailsignin -->
  <testcase name="gmailsignin" time="0.001" classname="com.cleartrip.payment.nodejs.Air_Emails">
    <skipped/>
  </testcase> <!-- gmailsignin -->
  <testcase name="gmailsignin" time="0.000" classname="com.cleartrip.payment.nodejs.Air_Emails">
    <skipped/>
  </testcase> <!-- gmailsignin -->
  <testcase name="gmailsignin" time="0.003" classname="com.cleartrip.payment.nodejs.Air_Emails">
    <skipped/>
  </testcase> <!-- gmailsignin -->
  <testcase name="gmailsignin" time="0.001" classname="com.cleartrip.payment.nodejs.Air_Emails">
    <skipped/>
  </testcase> <!-- gmailsignin -->
  <testcase name="gmailsignin" time="0.001" classname="com.cleartrip.payment.nodejs.Air_Emails">
    <skipped/>
  </testcase> <!-- gmailsignin -->
  <testcase name="gmailsignin" time="0.003" classname="com.cleartrip.payment.nodejs.Air_Emails">
    <skipped/>
  </testcase> <!-- gmailsignin -->
  <testcase name="gmailsignin" time="0.015" classname="com.cleartrip.payment.nodejs.Air_Emails">
    <skipped/>
  </testcase> <!-- gmailsignin -->
  <testcase name="gmailsignin" time="0.001" classname="com.cleartrip.payment.nodejs.Air_Emails">
    <skipped/>
  </testcase> <!-- gmailsignin -->
  <testcase name="gmailsignin" time="0.001" classname="com.cleartrip.payment.nodejs.Air_Emails">
    <skipped/>
  </testcase> <!-- gmailsignin -->
  <testcase name="gmailsignin" time="0.005" classname="com.cleartrip.payment.nodejs.Air_Emails">
    <skipped/>
  </testcase> <!-- gmailsignin -->
  <testcase name="gmailsignin" time="0.000" classname="com.cleartrip.payment.nodejs.Air_Emails">
    <skipped/>
  </testcase> <!-- gmailsignin -->
  <testcase name="gmailsignin" time="0.000" classname="com.cleartrip.payment.nodejs.Air_Emails">
    <skipped/>
  </testcase> <!-- gmailsignin -->
  <testcase name="gmailsignin" time="0.001" classname="com.cleartrip.payment.nodejs.Air_Emails">
    <skipped/>
  </testcase> <!-- gmailsignin -->
  <testcase name="gmailsignin" time="0.000" classname="com.cleartrip.payment.nodejs.Air_Emails">
    <skipped/>
  </testcase> <!-- gmailsignin -->
  <testcase name="gmailsignin" time="0.001" classname="com.cleartrip.payment.nodejs.Air_Emails">
    <skipped/>
  </testcase> <!-- gmailsignin -->
  <testcase name="gmailsignin" time="0.002" classname="com.cleartrip.payment.nodejs.Air_Emails">
    <skipped/>
  </testcase> <!-- gmailsignin -->
  <testcase name="gmailsignin" time="0.000" classname="com.cleartrip.payment.nodejs.Air_Emails">
    <skipped/>
  </testcase> <!-- gmailsignin -->
  <testcase name="gmailsignin" time="0.000" classname="com.cleartrip.payment.nodejs.Air_Emails">
    <skipped/>
  </testcase> <!-- gmailsignin -->
  <testcase name="gmailsignin" time="0.001" classname="com.cleartrip.payment.nodejs.Air_Emails">
    <skipped/>
  </testcase> <!-- gmailsignin -->
  <testcase name="gmailsignin" time="0.002" classname="com.cleartrip.payment.nodejs.Air_Emails">
    <skipped/>
  </testcase> <!-- gmailsignin -->
  <testcase name="gmailsignin" time="0.002" classname="com.cleartrip.payment.nodejs.Air_Emails">
    <skipped/>
  </testcase> <!-- gmailsignin -->
  <testcase name="gmailsignin" time="0.000" classname="com.cleartrip.payment.nodejs.Air_Emails">
    <skipped/>
  </testcase> <!-- gmailsignin -->
  <testcase name="gmailsignin" time="0.012" classname="com.cleartrip.payment.nodejs.Air_Emails">
    <skipped/>
  </testcase> <!-- gmailsignin -->
  <testcase name="gmailsignin" time="0.001" classname="com.cleartrip.payment.nodejs.Air_Emails">
    <skipped/>
  </testcase> <!-- gmailsignin -->
  <testcase name="gmailsignin" time="0.000" classname="com.cleartrip.payment.nodejs.Air_Emails">
    <skipped/>
  </testcase> <!-- gmailsignin -->
  <testcase name="gmailsignin" time="0.001" classname="com.cleartrip.payment.nodejs.Air_Emails">
    <skipped/>
  </testcase> <!-- gmailsignin -->
  <testcase name="gmailsignin" time="0.001" classname="com.cleartrip.payment.nodejs.Air_Emails">
    <skipped/>
  </testcase> <!-- gmailsignin -->
  <testcase name="gmailsignin" time="0.002" classname="com.cleartrip.payment.nodejs.Air_Emails">
    <skipped/>
  </testcase> <!-- gmailsignin -->
  <testcase name="gmailsignin" time="0.001" classname="com.cleartrip.payment.nodejs.Air_Emails">
    <skipped/>
  </testcase> <!-- gmailsignin -->
  <testcase name="gmailsignin" time="0.000" classname="com.cleartrip.payment.nodejs.Air_Emails">
    <skipped/>
  </testcase> <!-- gmailsignin -->
  <testcase name="gmailsignin" time="0.000" classname="com.cleartrip.payment.nodejs.Air_Emails">
    <skipped/>
  </testcase> <!-- gmailsignin -->
  <testcase name="gmailsignin" time="0.002" classname="com.cleartrip.payment.nodejs.Air_Emails">
    <skipped/>
  </testcase> <!-- gmailsignin -->
  <testcase name="gmailsignin" time="0.001" classname="com.cleartrip.payment.nodejs.Air_Emails">
    <skipped/>
  </testcase> <!-- gmailsignin -->
  <testcase name="gmailsignin" time="0.012" classname="com.cleartrip.payment.nodejs.Air_Emails">
    <skipped/>
  </testcase> <!-- gmailsignin -->
  <testcase name="gmailsignin" time="0.001" classname="com.cleartrip.payment.nodejs.Air_Emails">
    <skipped/>
  </testcase> <!-- gmailsignin -->
  <testcase name="gmailsignin" time="0.001" classname="com.cleartrip.payment.nodejs.Air_Emails">
    <skipped/>
  </testcase> <!-- gmailsignin -->
  <testcase name="gmailsignin" time="0.001" classname="com.cleartrip.payment.nodejs.Air_Emails">
    <skipped/>
  </testcase> <!-- gmailsignin -->
  <testcase name="gmailsignin" time="0.001" classname="com.cleartrip.payment.nodejs.Air_Emails">
    <skipped/>
  </testcase> <!-- gmailsignin -->
  <testcase name="gmailsignin" time="0.000" classname="com.cleartrip.payment.nodejs.Air_Emails">
    <skipped/>
  </testcase> <!-- gmailsignin -->
  <testcase name="gmailsignin" time="0.000" classname="com.cleartrip.payment.nodejs.Air_Emails">
    <skipped/>
  </testcase> <!-- gmailsignin -->
  <testcase name="gmailsignin" time="0.000" classname="com.cleartrip.payment.nodejs.Air_Emails">
    <skipped/>
  </testcase> <!-- gmailsignin -->
  <testcase name="gmailsignin" time="0.001" classname="com.cleartrip.payment.nodejs.Air_Emails">
    <skipped/>
  </testcase> <!-- gmailsignin -->
  <testcase name="gmailsignin" time="0.003" classname="com.cleartrip.payment.nodejs.Air_Emails">
    <skipped/>
  </testcase> <!-- gmailsignin -->
  <testcase name="gmailsignin" time="0.000" classname="com.cleartrip.payment.nodejs.Air_Emails">
    <skipped/>
  </testcase> <!-- gmailsignin -->
  <testcase name="gmailsignin" time="0.000" classname="com.cleartrip.payment.nodejs.Air_Emails">
    <skipped/>
  </testcase> <!-- gmailsignin -->
  <testcase name="gmailsignin" time="0.002" classname="com.cleartrip.payment.nodejs.Air_Emails">
    <skipped/>
  </testcase> <!-- gmailsignin -->
  <testcase name="gmailsignin" time="0.000" classname="com.cleartrip.payment.nodejs.Air_Emails">
    <skipped/>
  </testcase> <!-- gmailsignin -->
  <testcase name="gmailsignin" time="0.000" classname="com.cleartrip.payment.nodejs.Air_Emails">
    <skipped/>
  </testcase> <!-- gmailsignin -->
  <testcase name="gmailsignin" time="0.005" classname="com.cleartrip.payment.nodejs.Air_Emails">
    <skipped/>
  </testcase> <!-- gmailsignin -->
  <testcase name="gmailsignin" time="0.003" classname="com.cleartrip.payment.nodejs.Air_Emails">
    <skipped/>
  </testcase> <!-- gmailsignin -->
  <testcase name="gmailsignin" time="0.000" classname="com.cleartrip.payment.nodejs.Air_Emails">
    <skipped/>
  </testcase> <!-- gmailsignin -->
  <testcase name="gmailsignin" time="0.000" classname="com.cleartrip.payment.nodejs.Air_Emails">
    <skipped/>
  </testcase> <!-- gmailsignin -->
  <testcase name="gmailsignin" time="0.000" classname="com.cleartrip.payment.nodejs.Air_Emails">
    <skipped/>
  </testcase> <!-- gmailsignin -->
  <testcase name="gmailsignin" time="0.003" classname="com.cleartrip.payment.nodejs.Air_Emails">
    <skipped/>
  </testcase> <!-- gmailsignin -->
  <testcase name="gmailsignin" time="0.001" classname="com.cleartrip.payment.nodejs.Air_Emails">
    <skipped/>
  </testcase> <!-- gmailsignin -->
  <testcase name="gmailsignin" time="0.000" classname="com.cleartrip.payment.nodejs.Air_Emails">
    <skipped/>
  </testcase> <!-- gmailsignin -->
  <testcase name="gmailsignin" time="0.000" classname="com.cleartrip.payment.nodejs.Air_Emails">
    <skipped/>
  </testcase> <!-- gmailsignin -->
  <testcase name="gmailsignin" time="0.001" classname="com.cleartrip.payment.nodejs.Air_Emails">
    <skipped/>
  </testcase> <!-- gmailsignin -->
  <testcase name="gmailsignin" time="0.000" classname="com.cleartrip.payment.nodejs.Air_Emails">
    <skipped/>
  </testcase> <!-- gmailsignin -->
  <testcase name="gmailsignin" time="0.000" classname="com.cleartrip.payment.nodejs.Air_Emails">
    <skipped/>
  </testcase> <!-- gmailsignin -->
  <testcase name="gmailsignin" time="0.001" classname="com.cleartrip.payment.nodejs.Air_Emails">
    <skipped/>
  </testcase> <!-- gmailsignin -->
  <testcase name="gmailsignin" time="0.001" classname="com.cleartrip.payment.nodejs.Air_Emails">
    <skipped/>
  </testcase> <!-- gmailsignin -->
  <testcase name="gmailsignin" time="0.001" classname="com.cleartrip.payment.nodejs.Air_Emails">
    <skipped/>
  </testcase> <!-- gmailsignin -->
  <testcase name="gmailsignin" time="0.000" classname="com.cleartrip.payment.nodejs.Air_Emails">
    <skipped/>
  </testcase> <!-- gmailsignin -->
  <testcase name="gmailsignin" time="0.001" classname="com.cleartrip.payment.nodejs.Air_Emails">
    <skipped/>
  </testcase> <!-- gmailsignin -->
  <testcase name="gmailsignin" time="0.000" classname="com.cleartrip.payment.nodejs.Air_Emails">
    <skipped/>
  </testcase> <!-- gmailsignin -->
  <testcase name="gmailsignin" time="0.000" classname="com.cleartrip.payment.nodejs.Air_Emails">
    <skipped/>
  </testcase> <!-- gmailsignin -->
  <testcase name="gmailsignin" time="0.002" classname="com.cleartrip.payment.nodejs.Air_Emails">
    <skipped/>
  </testcase> <!-- gmailsignin -->
  <testcase name="gmailsignin" time="0.001" classname="com.cleartrip.payment.nodejs.Air_Emails">
    <skipped/>
  </testcase> <!-- gmailsignin -->
  <testcase name="gmailsignin" time="0.000" classname="com.cleartrip.payment.nodejs.Air_Emails">
    <skipped/>
  </testcase> <!-- gmailsignin -->
  <testcase name="gmailsignin" time="0.002" classname="com.cleartrip.payment.nodejs.Air_Emails">
    <skipped/>
  </testcase> <!-- gmailsignin -->
  <testcase name="gmailsignin" time="0.002" classname="com.cleartrip.payment.nodejs.Air_Emails">
    <skipped/>
  </testcase> <!-- gmailsignin -->
  <testcase name="gmailsignin" time="0.001" classname="com.cleartrip.payment.nodejs.Air_Emails">
    <skipped/>
  </testcase> <!-- gmailsignin -->
  <testcase name="gmailsignin" time="0.000" classname="com.cleartrip.payment.nodejs.Air_Emails">
    <skipped/>
  </testcase> <!-- gmailsignin -->
  <testcase name="gmailsignin" time="0.003" classname="com.cleartrip.payment.nodejs.Air_Emails">
    <skipped/>
  </testcase> <!-- gmailsignin -->
  <testcase name="gmailsignin" time="0.001" classname="com.cleartrip.payment.nodejs.Air_Emails">
    <skipped/>
  </testcase> <!-- gmailsignin -->
  <testcase name="gmailsignin" time="0.000" classname="com.cleartrip.payment.nodejs.Air_Emails">
    <skipped/>
  </testcase> <!-- gmailsignin -->
  <testcase name="gmailsignin" time="0.004" classname="com.cleartrip.payment.nodejs.Air_Emails">
    <skipped/>
  </testcase> <!-- gmailsignin -->
  <testcase name="gmailsignin" time="0.000" classname="com.cleartrip.payment.nodejs.Air_Emails">
    <skipped/>
  </testcase> <!-- gmailsignin -->
  <testcase name="gmailsignin" time="0.000" classname="com.cleartrip.payment.nodejs.Air_Emails">
    <skipped/>
  </testcase> <!-- gmailsignin -->
  <testcase name="gmailsignin" time="0.002" classname="com.cleartrip.payment.nodejs.Air_Emails">
    <skipped/>
  </testcase> <!-- gmailsignin -->
  <testcase name="gmailsignin" time="0.003" classname="com.cleartrip.payment.nodejs.Air_Emails">
    <skipped/>
  </testcase> <!-- gmailsignin -->
  <testcase name="gmailsignin" time="0.011" classname="com.cleartrip.payment.nodejs.Air_Emails">
    <skipped/>
  </testcase> <!-- gmailsignin -->
  <testcase name="gmailsignin" time="0.000" classname="com.cleartrip.payment.nodejs.Air_Emails">
    <skipped/>
  </testcase> <!-- gmailsignin -->
  <testcase name="gmailsignin" time="0.000" classname="com.cleartrip.payment.nodejs.Air_Emails">
    <skipped/>
  </testcase> <!-- gmailsignin -->
  <testcase name="gmailsignin" time="0.000" classname="com.cleartrip.payment.nodejs.Air_Emails">
    <skipped/>
  </testcase> <!-- gmailsignin -->
  <testcase name="gmailsignin" time="0.003" classname="com.cleartrip.payment.nodejs.Air_Emails">
    <skipped/>
  </testcase> <!-- gmailsignin -->
  <testcase name="gmailsignin" time="0.000" classname="com.cleartrip.payment.nodejs.Air_Emails">
    <skipped/>
  </testcase> <!-- gmailsignin -->
  <testcase name="gmailsignin" time="0.001" classname="com.cleartrip.payment.nodejs.Air_Emails">
    <skipped/>
  </testcase> <!-- gmailsignin -->
  <testcase name="gmailsignin" time="0.001" classname="com.cleartrip.payment.nodejs.Air_Emails">
    <skipped/>
  </testcase> <!-- gmailsignin -->
  <testcase name="gmailsignin" time="0.000" classname="com.cleartrip.payment.nodejs.Air_Emails">
    <skipped/>
  </testcase> <!-- gmailsignin -->
  <testcase name="gmailsignin" time="0.003" classname="com.cleartrip.payment.nodejs.Air_Emails">
    <skipped/>
  </testcase> <!-- gmailsignin -->
  <testcase name="gmailsignin" time="0.007" classname="com.cleartrip.payment.nodejs.Air_Emails">
    <skipped/>
  </testcase> <!-- gmailsignin -->
  <testcase name="gmailsignin" time="0.000" classname="com.cleartrip.payment.nodejs.Air_Emails">
    <skipped/>
  </testcase> <!-- gmailsignin -->
  <testcase name="gmailsignin" time="0.001" classname="com.cleartrip.payment.nodejs.Air_Emails">
    <skipped/>
  </testcase> <!-- gmailsignin -->
  <testcase name="gmailsignin" time="0.000" classname="com.cleartrip.payment.nodejs.Air_Emails">
    <skipped/>
  </testcase> <!-- gmailsignin -->
  <testcase name="gmailsignin" time="0.001" classname="com.cleartrip.payment.nodejs.Air_Emails">
    <skipped/>
  </testcase> <!-- gmailsignin -->
  <testcase name="gmailsignin" time="0.000" classname="com.cleartrip.payment.nodejs.Air_Emails">
    <skipped/>
  </testcase> <!-- gmailsignin -->
  <testcase name="gmailsignin" time="0.003" classname="com.cleartrip.payment.nodejs.Air_Emails">
    <skipped/>
  </testcase> <!-- gmailsignin -->
  <testcase name="gmailsignin" time="0.001" classname="com.cleartrip.payment.nodejs.Air_Emails">
    <skipped/>
  </testcase> <!-- gmailsignin -->
  <testcase name="gmailsignin" time="0.000" classname="com.cleartrip.payment.nodejs.Air_Emails">
    <skipped/>
  </testcase> <!-- gmailsignin -->
  <testcase name="gmailsignin" time="0.001" classname="com.cleartrip.payment.nodejs.Air_Emails">
    <skipped/>
  </testcase> <!-- gmailsignin -->
  <testcase name="gmailsignin" time="0.000" classname="com.cleartrip.payment.nodejs.Air_Emails">
    <skipped/>
  </testcase> <!-- gmailsignin -->
  <testcase name="gmailsignin" time="0.013" classname="com.cleartrip.payment.nodejs.Air_Emails">
    <skipped/>
  </testcase> <!-- gmailsignin -->
  <testcase name="gmailsignin" time="0.001" classname="com.cleartrip.payment.nodejs.Air_Emails">
    <skipped/>
  </testcase> <!-- gmailsignin -->
  <testcase name="gmailsignin" time="0.000" classname="com.cleartrip.payment.nodejs.Air_Emails">
    <skipped/>
  </testcase> <!-- gmailsignin -->
  <testcase name="gmailsignin" time="0.006" classname="com.cleartrip.payment.nodejs.Air_Emails">
    <skipped/>
  </testcase> <!-- gmailsignin -->
  <testcase name="gmailsignin" time="0.001" classname="com.cleartrip.payment.nodejs.Air_Emails">
    <skipped/>
  </testcase> <!-- gmailsignin -->
  <testcase name="gmailsignin" time="0.001" classname="com.cleartrip.payment.nodejs.Air_Emails">
    <skipped/>
  </testcase> <!-- gmailsignin -->
  <testcase name="gmailsignin" time="0.000" classname="com.cleartrip.payment.nodejs.Air_Emails">
    <skipped/>
  </testcase> <!-- gmailsignin -->
  <testcase name="gmailsignin" time="0.000" classname="com.cleartrip.payment.nodejs.Air_Emails">
    <skipped/>
  </testcase> <!-- gmailsignin -->
  <testcase name="gmailsignin" time="0.002" classname="com.cleartrip.payment.nodejs.Air_Emails">
    <skipped/>
  </testcase> <!-- gmailsignin -->
  <testcase name="gmailsignin" time="0.000" classname="com.cleartrip.payment.nodejs.Air_Emails">
    <skipped/>
  </testcase> <!-- gmailsignin -->
  <testcase name="gmailsignin" time="0.008" classname="com.cleartrip.payment.nodejs.Air_Emails">
    <skipped/>
  </testcase> <!-- gmailsignin -->
  <testcase name="gmailsignin" time="0.000" classname="com.cleartrip.payment.nodejs.Air_Emails">
    <skipped/>
  </testcase> <!-- gmailsignin -->
  <testcase name="gmailsignin" time="0.001" classname="com.cleartrip.payment.nodejs.Air_Emails">
    <skipped/>
  </testcase> <!-- gmailsignin -->
  <testcase name="gmailsignin" time="0.005" classname="com.cleartrip.payment.nodejs.Air_Emails">
    <skipped/>
  </testcase> <!-- gmailsignin -->
  <testcase name="gmailsignin" time="0.000" classname="com.cleartrip.payment.nodejs.Air_Emails">
    <skipped/>
  </testcase> <!-- gmailsignin -->
  <testcase name="gmailsignin" time="0.003" classname="com.cleartrip.payment.nodejs.Air_Emails">
    <skipped/>
  </testcase> <!-- gmailsignin -->
  <testcase name="gmailsignin" time="0.001" classname="com.cleartrip.payment.nodejs.Air_Emails">
    <skipped/>
  </testcase> <!-- gmailsignin -->
  <testcase name="gmailsignin" time="0.001" classname="com.cleartrip.payment.nodejs.Air_Emails">
    <skipped/>
  </testcase> <!-- gmailsignin -->
  <testcase name="gmailsignin" time="0.001" classname="com.cleartrip.payment.nodejs.Air_Emails">
    <skipped/>
  </testcase> <!-- gmailsignin -->
  <testcase name="gmailsignin" time="0.000" classname="com.cleartrip.payment.nodejs.Air_Emails">
    <skipped/>
  </testcase> <!-- gmailsignin -->
  <testcase name="gmailsignin" time="0.000" classname="com.cleartrip.payment.nodejs.Air_Emails">
    <skipped/>
  </testcase> <!-- gmailsignin -->
  <testcase name="gmailsignin" time="0.003" classname="com.cleartrip.payment.nodejs.Air_Emails">
    <skipped/>
  </testcase> <!-- gmailsignin -->
  <testcase name="gmailsignin" time="0.000" classname="com.cleartrip.payment.nodejs.Air_Emails">
    <skipped/>
  </testcase> <!-- gmailsignin -->
  <testcase name="gmailsignin" time="0.000" classname="com.cleartrip.payment.nodejs.Air_Emails">
    <skipped/>
  </testcase> <!-- gmailsignin -->
  <testcase name="gmailsignin" time="0.001" classname="com.cleartrip.payment.nodejs.Air_Emails">
    <skipped/>
  </testcase> <!-- gmailsignin -->
  <testcase name="gmailsignin" time="0.000" classname="com.cleartrip.payment.nodejs.Air_Emails">
    <skipped/>
  </testcase> <!-- gmailsignin -->
  <testcase name="gmailsignin" time="0.000" classname="com.cleartrip.payment.nodejs.Air_Emails">
    <skipped/>
  </testcase> <!-- gmailsignin -->
  <testcase name="gmailsignin" time="0.001" classname="com.cleartrip.payment.nodejs.Air_Emails">
    <skipped/>
  </testcase> <!-- gmailsignin -->
  <testcase name="gmailsignin" time="0.001" classname="com.cleartrip.payment.nodejs.Air_Emails">
    <skipped/>
  </testcase> <!-- gmailsignin -->
  <testcase name="gmailsignin" time="0.000" classname="com.cleartrip.payment.nodejs.Air_Emails">
    <skipped/>
  </testcase> <!-- gmailsignin -->
  <testcase name="gmailsignin" time="0.001" classname="com.cleartrip.payment.nodejs.Air_Emails">
    <skipped/>
  </testcase> <!-- gmailsignin -->
  <testcase name="gmailsignin" time="0.001" classname="com.cleartrip.payment.nodejs.Air_Emails">
    <skipped/>
  </testcase> <!-- gmailsignin -->
  <testcase name="gmailsignin" time="0.003" classname="com.cleartrip.payment.nodejs.Air_Emails">
    <skipped/>
  </testcase> <!-- gmailsignin -->
  <testcase name="gmailsignin" time="0.001" classname="com.cleartrip.payment.nodejs.Air_Emails">
    <skipped/>
  </testcase> <!-- gmailsignin -->
  <testcase name="gmailsignin" time="0.001" classname="com.cleartrip.payment.nodejs.Air_Emails">
    <skipped/>
  </testcase> <!-- gmailsignin -->
  <testcase name="gmailsignin" time="0.001" classname="com.cleartrip.payment.nodejs.Air_Emails">
    <skipped/>
  </testcase> <!-- gmailsignin -->
  <testcase name="gmailsignin" time="0.000" classname="com.cleartrip.payment.nodejs.Air_Emails">
    <skipped/>
  </testcase> <!-- gmailsignin -->
  <testcase name="gmailsignin" time="0.000" classname="com.cleartrip.payment.nodejs.Air_Emails">
    <skipped/>
  </testcase> <!-- gmailsignin -->
  <testcase name="gmailsignin" time="0.001" classname="com.cleartrip.payment.nodejs.Air_Emails">
    <skipped/>
  </testcase> <!-- gmailsignin -->
  <testcase name="gmailsignin" time="0.001" classname="com.cleartrip.payment.nodejs.Air_Emails">
    <skipped/>
  </testcase> <!-- gmailsignin -->
  <testcase name="gmailsignin" time="0.000" classname="com.cleartrip.payment.nodejs.Air_Emails">
    <skipped/>
  </testcase> <!-- gmailsignin -->
  <testcase name="gmailsignin" time="0.000" classname="com.cleartrip.payment.nodejs.Air_Emails">
    <skipped/>
  </testcase> <!-- gmailsignin -->
  <testcase name="gmailsignin" time="0.001" classname="com.cleartrip.payment.nodejs.Air_Emails">
    <skipped/>
  </testcase> <!-- gmailsignin -->
  <testcase name="gmailsignin" time="0.000" classname="com.cleartrip.payment.nodejs.Air_Emails">
    <skipped/>
  </testcase> <!-- gmailsignin -->
  <testcase name="gmailsignin" time="0.000" classname="com.cleartrip.payment.nodejs.Air_Emails">
    <skipped/>
  </testcase> <!-- gmailsignin -->
  <testcase name="gmailsignin" time="0.002" classname="com.cleartrip.payment.nodejs.Air_Emails">
    <skipped/>
  </testcase> <!-- gmailsignin -->
  <testcase name="gmailsignin" time="0.003" classname="com.cleartrip.payment.nodejs.Air_Emails">
    <skipped/>
  </testcase> <!-- gmailsignin -->
  <testcase name="gmailsignin" time="0.000" classname="com.cleartrip.payment.nodejs.Air_Emails">
    <skipped/>
  </testcase> <!-- gmailsignin -->
  <testcase name="gmailsignin" time="0.000" classname="com.cleartrip.payment.nodejs.Air_Emails">
    <skipped/>
  </testcase> <!-- gmailsignin -->
  <testcase name="gmailsignin" time="0.000" classname="com.cleartrip.payment.nodejs.Air_Emails">
    <skipped/>
  </testcase> <!-- gmailsignin -->
  <testcase name="gmailsignin" time="0.001" classname="com.cleartrip.payment.nodejs.Air_Emails">
    <skipped/>
  </testcase> <!-- gmailsignin -->
  <testcase name="gmailsignin" time="0.000" classname="com.cleartrip.payment.nodejs.Air_Emails">
    <skipped/>
  </testcase> <!-- gmailsignin -->
  <testcase name="gmailsignin" time="0.001" classname="com.cleartrip.payment.nodejs.Air_Emails">
    <skipped/>
  </testcase> <!-- gmailsignin -->
  <testcase name="gmailsignin" time="0.000" classname="com.cleartrip.payment.nodejs.Air_Emails">
    <skipped/>
  </testcase> <!-- gmailsignin -->
  <testcase name="gmailsignin" time="0.001" classname="com.cleartrip.payment.nodejs.Air_Emails">
    <skipped/>
  </testcase> <!-- gmailsignin -->
  <testcase name="gmailsignin" time="0.002" classname="com.cleartrip.payment.nodejs.Air_Emails">
    <skipped/>
  </testcase> <!-- gmailsignin -->
  <testcase name="gmailsignin" time="0.001" classname="com.cleartrip.payment.nodejs.Air_Emails">
    <skipped/>
  </testcase> <!-- gmailsignin -->
  <testcase name="gmailsignin" time="0.000" classname="com.cleartrip.payment.nodejs.Air_Emails">
    <skipped/>
  </testcase> <!-- gmailsignin -->
  <testcase name="gmailsignin" time="0.001" classname="com.cleartrip.payment.nodejs.Air_Emails">
    <skipped/>
  </testcase> <!-- gmailsignin -->
  <testcase name="gmailsignin" time="0.000" classname="com.cleartrip.payment.nodejs.Air_Emails">
    <skipped/>
  </testcase> <!-- gmailsignin -->
  <testcase name="gmailsignin" time="0.000" classname="com.cleartrip.payment.nodejs.Air_Emails">
    <skipped/>
  </testcase> <!-- gmailsignin -->
  <testcase name="gmailsignin" time="0.001" classname="com.cleartrip.payment.nodejs.Air_Emails">
    <skipped/>
  </testcase> <!-- gmailsignin -->
  <testcase name="gmailsignin" time="0.002" classname="com.cleartrip.payment.nodejs.Air_Emails">
    <skipped/>
  </testcase> <!-- gmailsignin -->
  <testcase name="gmailsignin" time="0.000" classname="com.cleartrip.payment.nodejs.Air_Emails">
    <skipped/>
  </testcase> <!-- gmailsignin -->
  <testcase name="gmailsignin" time="0.003" classname="com.cleartrip.payment.nodejs.Air_Emails">
    <skipped/>
  </testcase> <!-- gmailsignin -->
  <testcase name="gmailsignin" time="0.001" classname="com.cleartrip.payment.nodejs.Air_Emails">
    <skipped/>
  </testcase> <!-- gmailsignin -->
  <testcase name="gmailsignin" time="0.000" classname="com.cleartrip.payment.nodejs.Air_Emails">
    <skipped/>
  </testcase> <!-- gmailsignin -->
  <testcase name="gmailsignin" time="0.000" classname="com.cleartrip.payment.nodejs.Air_Emails">
    <skipped/>
  </testcase> <!-- gmailsignin -->
  <testcase name="gmailsignin" time="0.002" classname="com.cleartrip.payment.nodejs.Air_Emails">
    <skipped/>
  </testcase> <!-- gmailsignin -->
  <testcase name="gmailsignin" time="0.001" classname="com.cleartrip.payment.nodejs.Air_Emails">
    <skipped/>
  </testcase> <!-- gmailsignin -->
  <testcase name="gmailsignin" time="0.005" classname="com.cleartrip.payment.nodejs.Air_Emails">
    <skipped/>
  </testcase> <!-- gmailsignin -->
  <testcase name="gmailsignin" time="0.001" classname="com.cleartrip.payment.nodejs.Air_Emails">
    <skipped/>
  </testcase> <!-- gmailsignin -->
  <testcase name="gmailsignin" time="0.001" classname="com.cleartrip.payment.nodejs.Air_Emails">
    <skipped/>
  </testcase> <!-- gmailsignin -->
  <testcase name="gmailsignin" time="0.001" classname="com.cleartrip.payment.nodejs.Air_Emails">
    <skipped/>
  </testcase> <!-- gmailsignin -->
  <testcase name="gmailsignin" time="0.007" classname="com.cleartrip.payment.nodejs.Air_Emails">
    <skipped/>
  </testcase> <!-- gmailsignin -->
  <testcase name="gmailsignin" time="0.002" classname="com.cleartrip.payment.nodejs.Air_Emails">
    <skipped/>
  </testcase> <!-- gmailsignin -->
  <testcase name="gmailsignin" time="0.001" classname="com.cleartrip.payment.nodejs.Air_Emails">
    <skipped/>
  </testcase> <!-- gmailsignin -->
  <testcase name="gmailsignin" time="0.002" classname="com.cleartrip.payment.nodejs.Air_Emails">
    <skipped/>
  </testcase> <!-- gmailsignin -->
  <testcase name="gmailsignin" time="0.000" classname="com.cleartrip.payment.nodejs.Air_Emails">
    <skipped/>
  </testcase> <!-- gmailsignin -->
  <testcase name="gmailsignin" time="0.000" classname="com.cleartrip.payment.nodejs.Air_Emails">
    <skipped/>
  </testcase> <!-- gmailsignin -->
  <testcase name="gmailsignin" time="0.002" classname="com.cleartrip.payment.nodejs.Air_Emails">
    <skipped/>
  </testcase> <!-- gmailsignin -->
  <testcase name="gmailsignin" time="0.002" classname="com.cleartrip.payment.nodejs.Air_Emails">
    <skipped/>
  </testcase> <!-- gmailsignin -->
  <testcase name="gmailsignin" time="0.002" classname="com.cleartrip.payment.nodejs.Air_Emails">
    <skipped/>
  </testcase> <!-- gmailsignin -->
  <testcase name="gmailsignin" time="0.001" classname="com.cleartrip.payment.nodejs.Air_Emails">
    <skipped/>
  </testcase> <!-- gmailsignin -->
  <testcase name="gmailsignin" time="0.001" classname="com.cleartrip.payment.nodejs.Air_Emails">
    <skipped/>
  </testcase> <!-- gmailsignin -->
  <testcase name="gmailsignin" time="0.001" classname="com.cleartrip.payment.nodejs.Air_Emails">
    <skipped/>
  </testcase> <!-- gmailsignin -->
  <testcase name="gmailsignin" time="0.001" classname="com.cleartrip.payment.nodejs.Air_Emails">
    <skipped/>
  </testcase> <!-- gmailsignin -->
  <testcase name="gmailsignin" time="0.000" classname="com.cleartrip.payment.nodejs.Air_Emails">
    <skipped/>
  </testcase> <!-- gmailsignin -->
  <testcase name="gmailsignin" time="0.000" classname="com.cleartrip.payment.nodejs.Air_Emails">
    <skipped/>
  </testcase> <!-- gmailsignin -->
  <testcase name="gmailsignin" time="0.001" classname="com.cleartrip.payment.nodejs.Air_Emails">
    <skipped/>
  </testcase> <!-- gmailsignin -->
  <testcase name="gmailsignin" time="0.000" classname="com.cleartrip.payment.nodejs.Air_Emails">
    <skipped/>
  </testcase> <!-- gmailsignin -->
  <testcase name="gmailsignin" time="0.000" classname="com.cleartrip.payment.nodejs.Air_Emails">
    <skipped/>
  </testcase> <!-- gmailsignin -->
  <testcase name="gmailsignin" time="0.000" classname="com.cleartrip.payment.nodejs.Air_Emails">
    <skipped/>
  </testcase> <!-- gmailsignin -->
  <testcase name="gmailsignin" time="0.000" classname="com.cleartrip.payment.nodejs.Air_Emails">
    <skipped/>
  </testcase> <!-- gmailsignin -->
  <testcase name="gmailsignin" time="0.002" classname="com.cleartrip.payment.nodejs.Air_Emails">
    <skipped/>
  </testcase> <!-- gmailsignin -->
  <testcase name="gmailsignin" time="0.001" classname="com.cleartrip.payment.nodejs.Air_Emails">
    <skipped/>
  </testcase> <!-- gmailsignin -->
  <testcase name="gmailsignin" time="0.000" classname="com.cleartrip.payment.nodejs.Air_Emails">
    <skipped/>
  </testcase> <!-- gmailsignin -->
  <testcase name="gmailsignin" time="0.004" classname="com.cleartrip.payment.nodejs.Air_Emails">
    <skipped/>
  </testcase> <!-- gmailsignin -->
  <testcase name="gmailsignin" time="0.003" classname="com.cleartrip.payment.nodejs.Air_Emails">
    <skipped/>
  </testcase> <!-- gmailsignin -->
  <testcase name="gmailsignin" time="0.001" classname="com.cleartrip.payment.nodejs.Air_Emails">
    <skipped/>
  </testcase> <!-- gmailsignin -->
  <testcase name="gmailsignin" time="0.003" classname="com.cleartrip.payment.nodejs.Air_Emails">
    <skipped/>
  </testcase> <!-- gmailsignin -->
  <testcase name="gmailsignin" time="0.001" classname="com.cleartrip.payment.nodejs.Air_Emails">
    <skipped/>
  </testcase> <!-- gmailsignin -->
  <testcase name="gmailsignin" time="0.000" classname="com.cleartrip.payment.nodejs.Air_Emails">
    <skipped/>
  </testcase> <!-- gmailsignin -->
  <testcase name="gmailsignin" time="0.000" classname="com.cleartrip.payment.nodejs.Air_Emails">
    <skipped/>
  </testcase> <!-- gmailsignin -->
  <testcase name="gmailsignin" time="0.002" classname="com.cleartrip.payment.nodejs.Air_Emails">
    <skipped/>
  </testcase> <!-- gmailsignin -->
  <testcase name="gmailsignin" time="0.004" classname="com.cleartrip.payment.nodejs.Air_Emails">
    <skipped/>
  </testcase> <!-- gmailsignin -->
  <testcase name="gmailsignin" time="0.000" classname="com.cleartrip.payment.nodejs.Air_Emails">
    <skipped/>
  </testcase> <!-- gmailsignin -->
  <testcase name="gmailsignin" time="0.001" classname="com.cleartrip.payment.nodejs.Air_Emails">
    <skipped/>
  </testcase> <!-- gmailsignin -->
  <testcase name="gmailsignin" time="0.000" classname="com.cleartrip.payment.nodejs.Air_Emails">
    <skipped/>
  </testcase> <!-- gmailsignin -->
  <testcase name="gmailsignin" time="0.001" classname="com.cleartrip.payment.nodejs.Air_Emails">
    <skipped/>
  </testcase> <!-- gmailsignin -->
  <testcase name="gmailsignin" time="0.000" classname="com.cleartrip.payment.nodejs.Air_Emails">
    <skipped/>
  </testcase> <!-- gmailsignin -->
  <testcase name="gmailsignin" time="0.000" classname="com.cleartrip.payment.nodejs.Air_Emails">
    <skipped/>
  </testcase> <!-- gmailsignin -->
  <testcase name="gmailsignin" time="0.000" classname="com.cleartrip.payment.nodejs.Air_Emails">
    <skipped/>
  </testcase> <!-- gmailsignin -->
  <testcase name="gmailsignin" time="0.001" classname="com.cleartrip.payment.nodejs.Air_Emails">
    <skipped/>
  </testcase> <!-- gmailsignin -->
  <testcase name="gmailsignin" time="0.009" classname="com.cleartrip.payment.nodejs.Air_Emails">
    <skipped/>
  </testcase> <!-- gmailsignin -->
  <testcase name="gmailsignin" time="0.000" classname="com.cleartrip.payment.nodejs.Air_Emails">
    <skipped/>
  </testcase> <!-- gmailsignin -->
  <testcase name="gmailsignin" time="0.007" classname="com.cleartrip.payment.nodejs.Air_Emails">
    <skipped/>
  </testcase> <!-- gmailsignin -->
  <testcase name="gmailsignin" time="0.001" classname="com.cleartrip.payment.nodejs.Air_Emails">
    <skipped/>
  </testcase> <!-- gmailsignin -->
  <testcase name="gmailsignin" time="0.000" classname="com.cleartrip.payment.nodejs.Air_Emails">
    <skipped/>
  </testcase> <!-- gmailsignin -->
  <testcase name="gmailsignin" time="0.001" classname="com.cleartrip.payment.nodejs.Air_Emails">
    <skipped/>
  </testcase> <!-- gmailsignin -->
  <testcase name="gmailsignin" time="0.000" classname="com.cleartrip.payment.nodejs.Air_Emails">
    <skipped/>
  </testcase> <!-- gmailsignin -->
  <testcase name="gmailsignin" time="0.000" classname="com.cleartrip.payment.nodejs.Air_Emails">
    <skipped/>
  </testcase> <!-- gmailsignin -->
  <testcase name="gmailsignin" time="0.000" classname="com.cleartrip.payment.nodejs.Air_Emails">
    <skipped/>
  </testcase> <!-- gmailsignin -->
  <testcase name="gmailsignin" time="0.004" classname="com.cleartrip.payment.nodejs.Air_Emails">
    <skipped/>
  </testcase> <!-- gmailsignin -->
  <testcase name="gmailsignin" time="0.001" classname="com.cleartrip.payment.nodejs.Air_Emails">
    <skipped/>
  </testcase> <!-- gmailsignin -->
  <testcase name="gmailsignin" time="0.004" classname="com.cleartrip.payment.nodejs.Air_Emails">
    <skipped/>
  </testcase> <!-- gmailsignin -->
  <testcase name="gmailsignin" time="0.000" classname="com.cleartrip.payment.nodejs.Air_Emails">
    <skipped/>
  </testcase> <!-- gmailsignin -->
  <testcase name="gmailsignin" time="0.000" classname="com.cleartrip.payment.nodejs.Air_Emails">
    <skipped/>
  </testcase> <!-- gmailsignin -->
  <testcase name="gmailsignin" time="0.001" classname="com.cleartrip.payment.nodejs.Air_Emails">
    <skipped/>
  </testcase> <!-- gmailsignin -->
  <testcase name="gmailsignin" time="0.001" classname="com.cleartrip.payment.nodejs.Air_Emails">
    <skipped/>
  </testcase> <!-- gmailsignin -->
  <testcase name="gmailsignin" time="0.001" classname="com.cleartrip.payment.nodejs.Air_Emails">
    <skipped/>
  </testcase> <!-- gmailsignin -->
  <testcase name="gmailsignin" time="0.003" classname="com.cleartrip.payment.nodejs.Air_Emails">
    <skipped/>
  </testcase> <!-- gmailsignin -->
  <testcase name="gmailsignin" time="0.001" classname="com.cleartrip.payment.nodejs.Air_Emails">
    <skipped/>
  </testcase> <!-- gmailsignin -->
  <testcase name="gmailsignin" time="0.000" classname="com.cleartrip.payment.nodejs.Air_Emails">
    <skipped/>
  </testcase> <!-- gmailsignin -->
  <testcase name="gmailsignin" time="0.005" classname="com.cleartrip.payment.nodejs.Air_Emails">
    <skipped/>
  </testcase> <!-- gmailsignin -->
  <testcase name="gmailsignin" time="0.001" classname="com.cleartrip.payment.nodejs.Air_Emails">
    <skipped/>
  </testcase> <!-- gmailsignin -->
  <testcase name="gmailsignin" time="0.001" classname="com.cleartrip.payment.nodejs.Air_Emails">
    <skipped/>
  </testcase> <!-- gmailsignin -->
  <testcase name="gmailsignin" time="0.001" classname="com.cleartrip.payment.nodejs.Air_Emails">
    <skipped/>
  </testcase> <!-- gmailsignin -->
  <testcase name="gmailsignin" time="0.000" classname="com.cleartrip.payment.nodejs.Air_Emails">
    <skipped/>
  </testcase> <!-- gmailsignin -->
  <testcase name="gmailsignin" time="0.003" classname="com.cleartrip.payment.nodejs.Air_Emails">
    <skipped/>
  </testcase> <!-- gmailsignin -->
  <testcase name="gmailsignin" time="0.001" classname="com.cleartrip.payment.nodejs.Air_Emails">
    <skipped/>
  </testcase> <!-- gmailsignin -->
  <testcase name="gmailsignin" time="0.000" classname="com.cleartrip.payment.nodejs.Air_Emails">
    <skipped/>
  </testcase> <!-- gmailsignin -->
  <testcase name="gmailsignin" time="0.001" classname="com.cleartrip.payment.nodejs.Air_Emails">
    <skipped/>
  </testcase> <!-- gmailsignin -->
  <testcase name="gmailsignin" time="0.000" classname="com.cleartrip.payment.nodejs.Air_Emails">
    <skipped/>
  </testcase> <!-- gmailsignin -->
  <testcase name="gmailsignin" time="0.000" classname="com.cleartrip.payment.nodejs.Air_Emails">
    <skipped/>
  </testcase> <!-- gmailsignin -->
  <testcase name="gmailsignin" time="0.000" classname="com.cleartrip.payment.nodejs.Air_Emails">
    <skipped/>
  </testcase> <!-- gmailsignin -->
  <testcase name="gmailsignin" time="0.000" classname="com.cleartrip.payment.nodejs.Air_Emails">
    <skipped/>
  </testcase> <!-- gmailsignin -->
  <testcase name="gmailsignin" time="0.000" classname="com.cleartrip.payment.nodejs.Air_Emails">
    <skipped/>
  </testcase> <!-- gmailsignin -->
  <testcase name="gmailsignin" time="0.000" classname="com.cleartrip.payment.nodejs.Air_Emails">
    <skipped/>
  </testcase> <!-- gmailsignin -->
  <testcase name="gmailsignin" time="0.002" classname="com.cleartrip.payment.nodejs.Air_Emails">
    <skipped/>
  </testcase> <!-- gmailsignin -->
  <testcase name="gmailsignin" time="0.001" classname="com.cleartrip.payment.nodejs.Air_Emails">
    <skipped/>
  </testcase> <!-- gmailsignin -->
  <testcase name="gmailsignin" time="0.004" classname="com.cleartrip.payment.nodejs.Air_Emails">
    <skipped/>
  </testcase> <!-- gmailsignin -->
  <testcase name="gmailsignin" time="0.000" classname="com.cleartrip.payment.nodejs.Air_Emails">
    <skipped/>
  </testcase> <!-- gmailsignin -->
  <testcase name="gmailsignin" time="0.001" classname="com.cleartrip.payment.nodejs.Air_Emails">
    <skipped/>
  </testcase> <!-- gmailsignin -->
  <testcase name="gmailsignin" time="0.001" classname="com.cleartrip.payment.nodejs.Air_Emails">
    <skipped/>
  </testcase> <!-- gmailsignin -->
  <testcase name="gmailsignin" time="0.001" classname="com.cleartrip.payment.nodejs.Air_Emails">
    <skipped/>
  </testcase> <!-- gmailsignin -->
  <testcase name="gmailsignin" time="0.002" classname="com.cleartrip.payment.nodejs.Air_Emails">
    <skipped/>
  </testcase> <!-- gmailsignin -->
  <testcase name="gmailsignin" time="0.001" classname="com.cleartrip.payment.nodejs.Air_Emails">
    <skipped/>
  </testcase> <!-- gmailsignin -->
  <testcase name="gmailsignin" time="0.000" classname="com.cleartrip.payment.nodejs.Air_Emails">
    <skipped/>
  </testcase> <!-- gmailsignin -->
  <testcase name="gmailsignin" time="0.001" classname="com.cleartrip.payment.nodejs.Air_Emails">
    <skipped/>
  </testcase> <!-- gmailsignin -->
  <testcase name="gmailsignin" time="0.000" classname="com.cleartrip.payment.nodejs.Air_Emails">
    <skipped/>
  </testcase> <!-- gmailsignin -->
  <testcase name="gmailsignin" time="0.001" classname="com.cleartrip.payment.nodejs.Air_Emails">
    <skipped/>
  </testcase> <!-- gmailsignin -->
  <testcase name="gmailsignin" time="0.001" classname="com.cleartrip.payment.nodejs.Air_Emails">
    <skipped/>
  </testcase> <!-- gmailsignin -->
  <testcase name="gmailsignin" time="0.001" classname="com.cleartrip.payment.nodejs.Air_Emails">
    <skipped/>
  </testcase> <!-- gmailsignin -->
  <testcase name="gmailsignin" time="0.001" classname="com.cleartrip.payment.nodejs.Air_Emails">
    <skipped/>
  </testcase> <!-- gmailsignin -->
  <testcase name="gmailsignin" time="0.000" classname="com.cleartrip.payment.nodejs.Air_Emails">
    <skipped/>
  </testcase> <!-- gmailsignin -->
  <testcase name="gmailsignin" time="0.000" classname="com.cleartrip.payment.nodejs.Air_Emails">
    <skipped/>
  </testcase> <!-- gmailsignin -->
  <testcase name="gmailsignin" time="0.000" classname="com.cleartrip.payment.nodejs.Air_Emails">
    <skipped/>
  </testcase> <!-- gmailsignin -->
  <testcase name="gmailsignin" time="0.000" classname="com.cleartrip.payment.nodejs.Air_Emails">
    <skipped/>
  </testcase> <!-- gmailsignin -->
  <testcase name="gmailsignin" time="0.000" classname="com.cleartrip.payment.nodejs.Air_Emails">
    <skipped/>
  </testcase> <!-- gmailsignin -->
  <testcase name="gmailsignin" time="0.000" classname="com.cleartrip.payment.nodejs.Air_Emails">
    <skipped/>
  </testcase> <!-- gmailsignin -->
  <testcase name="gmailsignin" time="0.001" classname="com.cleartrip.payment.nodejs.Air_Emails">
    <skipped/>
  </testcase> <!-- gmailsignin -->
  <testcase name="gmailsignin" time="0.005" classname="com.cleartrip.payment.nodejs.Air_Emails">
    <skipped/>
  </testcase> <!-- gmailsignin -->
  <testcase name="gmailsignin" time="0.000" classname="com.cleartrip.payment.nodejs.Air_Emails">
    <skipped/>
  </testcase> <!-- gmailsignin -->
  <testcase name="gmailsignin" time="0.001" classname="com.cleartrip.payment.nodejs.Air_Emails">
    <skipped/>
  </testcase> <!-- gmailsignin -->
  <testcase name="gmailsignin" time="0.000" classname="com.cleartrip.payment.nodejs.Air_Emails">
    <skipped/>
  </testcase> <!-- gmailsignin -->
  <testcase name="gmailsignin" time="0.002" classname="com.cleartrip.payment.nodejs.Air_Emails">
    <skipped/>
  </testcase> <!-- gmailsignin -->
  <testcase name="gmailsignin" time="0.002" classname="com.cleartrip.payment.nodejs.Air_Emails">
    <skipped/>
  </testcase> <!-- gmailsignin -->
  <testcase name="gmailsignin" time="0.003" classname="com.cleartrip.payment.nodejs.Air_Emails">
    <skipped/>
  </testcase> <!-- gmailsignin -->
  <testcase name="gmailsignin" time="0.000" classname="com.cleartrip.payment.nodejs.Air_Emails">
    <skipped/>
  </testcase> <!-- gmailsignin -->
  <testcase name="gmailsignin" time="0.001" classname="com.cleartrip.payment.nodejs.Air_Emails">
    <skipped/>
  </testcase> <!-- gmailsignin -->
  <testcase name="gmailsignin" time="0.001" classname="com.cleartrip.payment.nodejs.Air_Emails">
    <skipped/>
  </testcase> <!-- gmailsignin -->
  <testcase name="gmailsignin" time="0.004" classname="com.cleartrip.payment.nodejs.Air_Emails">
    <skipped/>
  </testcase> <!-- gmailsignin -->
  <testcase name="gmailsignin" time="0.002" classname="com.cleartrip.payment.nodejs.Air_Emails">
    <skipped/>
  </testcase> <!-- gmailsignin -->
  <testcase name="gmailsignin" time="0.002" classname="com.cleartrip.payment.nodejs.Air_Emails">
    <skipped/>
  </testcase> <!-- gmailsignin -->
  <testcase name="gmailsignin" time="0.000" classname="com.cleartrip.payment.nodejs.Air_Emails">
    <skipped/>
  </testcase> <!-- gmailsignin -->
  <testcase name="gmailsignin" time="0.002" classname="com.cleartrip.payment.nodejs.Air_Emails">
    <skipped/>
  </testcase> <!-- gmailsignin -->
  <testcase name="gmailsignin" time="0.010" classname="com.cleartrip.payment.nodejs.Air_Emails">
    <skipped/>
  </testcase> <!-- gmailsignin -->
  <testcase name="gmailsignin" time="0.002" classname="com.cleartrip.payment.nodejs.Air_Emails">
    <skipped/>
  </testcase> <!-- gmailsignin -->
  <testcase name="gmailsignin" time="0.000" classname="com.cleartrip.payment.nodejs.Air_Emails">
    <skipped/>
  </testcase> <!-- gmailsignin -->
  <testcase name="gmailsignin" time="0.000" classname="com.cleartrip.payment.nodejs.Air_Emails">
    <skipped/>
  </testcase> <!-- gmailsignin -->
  <testcase name="gmailsignin" time="0.000" classname="com.cleartrip.payment.nodejs.Air_Emails">
    <skipped/>
  </testcase> <!-- gmailsignin -->
  <testcase name="gmailsignin" time="0.003" classname="com.cleartrip.payment.nodejs.Air_Emails">
    <skipped/>
  </testcase> <!-- gmailsignin -->
  <testcase name="gmailsignin" time="0.000" classname="com.cleartrip.payment.nodejs.Air_Emails">
    <skipped/>
  </testcase> <!-- gmailsignin -->
  <testcase name="gmailsignin" time="0.000" classname="com.cleartrip.payment.nodejs.Air_Emails">
    <skipped/>
  </testcase> <!-- gmailsignin -->
  <testcase name="gmailsignin" time="0.003" classname="com.cleartrip.payment.nodejs.Air_Emails">
    <skipped/>
  </testcase> <!-- gmailsignin -->
  <testcase name="gmailsignin" time="0.003" classname="com.cleartrip.payment.nodejs.Air_Emails">
    <skipped/>
  </testcase> <!-- gmailsignin -->
  <testcase name="gmailsignin" time="0.003" classname="com.cleartrip.payment.nodejs.Air_Emails">
    <skipped/>
  </testcase> <!-- gmailsignin -->
  <testcase name="gmailsignin" time="0.001" classname="com.cleartrip.payment.nodejs.Air_Emails">
    <skipped/>
  </testcase> <!-- gmailsignin -->
  <testcase name="gmailsignin" time="0.001" classname="com.cleartrip.payment.nodejs.Air_Emails">
    <skipped/>
  </testcase> <!-- gmailsignin -->
  <testcase name="gmailsignin" time="0.011" classname="com.cleartrip.payment.nodejs.Air_Emails">
    <skipped/>
  </testcase> <!-- gmailsignin -->
  <testcase name="gmailsignin" time="0.001" classname="com.cleartrip.payment.nodejs.Air_Emails">
    <skipped/>
  </testcase> <!-- gmailsignin -->
  <testcase name="gmailsignin" time="0.000" classname="com.cleartrip.payment.nodejs.Air_Emails">
    <skipped/>
  </testcase> <!-- gmailsignin -->
  <testcase name="gmailsignin" time="0.000" classname="com.cleartrip.payment.nodejs.Air_Emails">
    <skipped/>
  </testcase> <!-- gmailsignin -->
  <testcase name="gmailsignin" time="0.001" classname="com.cleartrip.payment.nodejs.Air_Emails">
    <skipped/>
  </testcase> <!-- gmailsignin -->
  <testcase name="gmailsignin" time="0.003" classname="com.cleartrip.payment.nodejs.Air_Emails">
    <skipped/>
  </testcase> <!-- gmailsignin -->
  <testcase name="gmailsignin" time="0.000" classname="com.cleartrip.payment.nodejs.Air_Emails">
    <skipped/>
  </testcase> <!-- gmailsignin -->
  <testcase name="gmailsignin" time="0.001" classname="com.cleartrip.payment.nodejs.Air_Emails">
    <skipped/>
  </testcase> <!-- gmailsignin -->
  <testcase name="gmailsignin" time="0.000" classname="com.cleartrip.payment.nodejs.Air_Emails">
    <skipped/>
  </testcase> <!-- gmailsignin -->
  <testcase name="gmailsignin" time="0.002" classname="com.cleartrip.payment.nodejs.Air_Emails">
    <skipped/>
  </testcase> <!-- gmailsignin -->
  <testcase name="gmailsignin" time="0.000" classname="com.cleartrip.payment.nodejs.Air_Emails">
    <skipped/>
  </testcase> <!-- gmailsignin -->
  <testcase name="gmailsignin" time="0.001" classname="com.cleartrip.payment.nodejs.Air_Emails">
    <skipped/>
  </testcase> <!-- gmailsignin -->
  <testcase name="gmailsignin" time="0.001" classname="com.cleartrip.payment.nodejs.Air_Emails">
    <skipped/>
  </testcase> <!-- gmailsignin -->
  <testcase name="gmailsignin" time="0.000" classname="com.cleartrip.payment.nodejs.Air_Emails">
    <skipped/>
  </testcase> <!-- gmailsignin -->
  <testcase name="gmailsignin" time="0.002" classname="com.cleartrip.payment.nodejs.Air_Emails">
    <skipped/>
  </testcase> <!-- gmailsignin -->
  <testcase name="gmailsignin" time="0.000" classname="com.cleartrip.payment.nodejs.Air_Emails">
    <skipped/>
  </testcase> <!-- gmailsignin -->
  <testcase name="gmailsignin" time="0.000" classname="com.cleartrip.payment.nodejs.Air_Emails">
    <skipped/>
  </testcase> <!-- gmailsignin -->
  <testcase name="gmailsignin" time="0.000" classname="com.cleartrip.payment.nodejs.Air_Emails">
    <skipped/>
  </testcase> <!-- gmailsignin -->
  <testcase name="gmailsignin" time="0.002" classname="com.cleartrip.payment.nodejs.Air_Emails">
    <skipped/>
  </testcase> <!-- gmailsignin -->
  <testcase name="gmailsignin" time="0.001" classname="com.cleartrip.payment.nodejs.Air_Emails">
    <skipped/>
  </testcase> <!-- gmailsignin -->
  <testcase name="gmailsignin" time="0.002" classname="com.cleartrip.payment.nodejs.Air_Emails">
    <skipped/>
  </testcase> <!-- gmailsignin -->
  <testcase name="gmailsignin" time="0.001" classname="com.cleartrip.payment.nodejs.Air_Emails">
    <skipped/>
  </testcase> <!-- gmailsignin -->
  <testcase name="gmailsignin" time="0.001" classname="com.cleartrip.payment.nodejs.Air_Emails">
    <skipped/>
  </testcase> <!-- gmailsignin -->
  <testcase name="gmailsignin" time="0.000" classname="com.cleartrip.payment.nodejs.Air_Emails">
    <skipped/>
  </testcase> <!-- gmailsignin -->
  <testcase name="gmailsignin" time="0.001" classname="com.cleartrip.payment.nodejs.Air_Emails">
    <skipped/>
  </testcase> <!-- gmailsignin -->
  <testcase name="gmailsignin" time="0.000" classname="com.cleartrip.payment.nodejs.Air_Emails">
    <skipped/>
  </testcase> <!-- gmailsignin -->
  <testcase name="gmailsignin" time="0.001" classname="com.cleartrip.payment.nodejs.Air_Emails">
    <skipped/>
  </testcase> <!-- gmailsignin -->
  <testcase name="gmailsignin" time="0.004" classname="com.cleartrip.payment.nodejs.Air_Emails">
    <skipped/>
  </testcase> <!-- gmailsignin -->
  <testcase name="gmailsignin" time="0.000" classname="com.cleartrip.payment.nodejs.Air_Emails">
    <skipped/>
  </testcase> <!-- gmailsignin -->
  <testcase name="gmailsignin" time="0.001" classname="com.cleartrip.payment.nodejs.Air_Emails">
    <skipped/>
  </testcase> <!-- gmailsignin -->
  <testcase name="gmailsignin" time="0.001" classname="com.cleartrip.payment.nodejs.Air_Emails">
    <skipped/>
  </testcase> <!-- gmailsignin -->
  <testcase name="gmailsignin" time="0.000" classname="com.cleartrip.payment.nodejs.Air_Emails">
    <skipped/>
  </testcase> <!-- gmailsignin -->
  <testcase name="gmailsignin" time="0.009" classname="com.cleartrip.payment.nodejs.Air_Emails">
    <skipped/>
  </testcase> <!-- gmailsignin -->
  <testcase name="gmailsignin" time="0.000" classname="com.cleartrip.payment.nodejs.Air_Emails">
    <skipped/>
  </testcase> <!-- gmailsignin -->
  <testcase name="gmailsignin" time="0.001" classname="com.cleartrip.payment.nodejs.Air_Emails">
    <skipped/>
  </testcase> <!-- gmailsignin -->
  <testcase name="gmailsignin" time="0.002" classname="com.cleartrip.payment.nodejs.Air_Emails">
    <skipped/>
  </testcase> <!-- gmailsignin -->
  <testcase name="gmailsignin" time="0.000" classname="com.cleartrip.payment.nodejs.Air_Emails">
    <skipped/>
  </testcase> <!-- gmailsignin -->
  <testcase name="gmailsignin" time="0.000" classname="com.cleartrip.payment.nodejs.Air_Emails">
    <skipped/>
  </testcase> <!-- gmailsignin -->
  <testcase name="gmailsignin" time="0.002" classname="com.cleartrip.payment.nodejs.Air_Emails">
    <skipped/>
  </testcase> <!-- gmailsignin -->
  <testcase name="gmailsignin" time="0.002" classname="com.cleartrip.payment.nodejs.Air_Emails">
    <skipped/>
  </testcase> <!-- gmailsignin -->
  <testcase name="gmailsignin" time="0.001" classname="com.cleartrip.payment.nodejs.Air_Emails">
    <skipped/>
  </testcase> <!-- gmailsignin -->
  <testcase name="gmailsignin" time="0.001" classname="com.cleartrip.payment.nodejs.Air_Emails">
    <skipped/>
  </testcase> <!-- gmailsignin -->
  <testcase name="gmailsignin" time="0.000" classname="com.cleartrip.payment.nodejs.Air_Emails">
    <skipped/>
  </testcase> <!-- gmailsignin -->
  <testcase name="gmailsignin" time="0.001" classname="com.cleartrip.payment.nodejs.Air_Emails">
    <skipped/>
  </testcase> <!-- gmailsignin -->
  <testcase name="gmailsignin" time="0.000" classname="com.cleartrip.payment.nodejs.Air_Emails">
    <skipped/>
  </testcase> <!-- gmailsignin -->
  <testcase name="gmailsignin" time="0.000" classname="com.cleartrip.payment.nodejs.Air_Emails">
    <skipped/>
  </testcase> <!-- gmailsignin -->
  <testcase name="gmailsignin" time="0.000" classname="com.cleartrip.payment.nodejs.Air_Emails">
    <skipped/>
  </testcase> <!-- gmailsignin -->
  <testcase name="gmailsignin" time="0.000" classname="com.cleartrip.payment.nodejs.Air_Emails">
    <skipped/>
  </testcase> <!-- gmailsignin -->
  <testcase name="gmailsignin" time="0.000" classname="com.cleartrip.payment.nodejs.Air_Emails">
    <skipped/>
  </testcase> <!-- gmailsignin -->
  <testcase name="gmailsignin" time="0.000" classname="com.cleartrip.payment.nodejs.Air_Emails">
    <skipped/>
  </testcase> <!-- gmailsignin -->
  <testcase name="gmailsignin" time="0.000" classname="com.cleartrip.payment.nodejs.Air_Emails">
    <skipped/>
  </testcase> <!-- gmailsignin -->
  <testcase name="gmailsignin" time="0.000" classname="com.cleartrip.payment.nodejs.Air_Emails">
    <skipped/>
  </testcase> <!-- gmailsignin -->
  <testcase name="gmailsignin" time="0.000" classname="com.cleartrip.payment.nodejs.Air_Emails">
    <skipped/>
  </testcase> <!-- gmailsignin -->
  <testcase name="gmailsignin" time="0.000" classname="com.cleartrip.payment.nodejs.Air_Emails">
    <skipped/>
  </testcase> <!-- gmailsignin -->
  <testcase name="gmailsignin" time="0.001" classname="com.cleartrip.payment.nodejs.Air_Emails">
    <skipped/>
  </testcase> <!-- gmailsignin -->
  <testcase name="gmailsignin" time="0.001" classname="com.cleartrip.payment.nodejs.Air_Emails">
    <skipped/>
  </testcase> <!-- gmailsignin -->
  <testcase name="gmailsignin" time="0.001" classname="com.cleartrip.payment.nodejs.Air_Emails">
    <skipped/>
  </testcase> <!-- gmailsignin -->
  <testcase name="gmailsignin" time="0.001" classname="com.cleartrip.payment.nodejs.Air_Emails">
    <skipped/>
  </testcase> <!-- gmailsignin -->
  <testcase name="gmailsignin" time="0.000" classname="com.cleartrip.payment.nodejs.Air_Emails">
    <skipped/>
  </testcase> <!-- gmailsignin -->
  <testcase name="gmailsignin" time="0.001" classname="com.cleartrip.payment.nodejs.Air_Emails">
    <skipped/>
  </testcase> <!-- gmailsignin -->
  <testcase name="gmailsignin" time="0.000" classname="com.cleartrip.payment.nodejs.Air_Emails">
    <skipped/>
  </testcase> <!-- gmailsignin -->
  <testcase name="gmailsignin" time="0.000" classname="com.cleartrip.payment.nodejs.Air_Emails">
    <skipped/>
  </testcase> <!-- gmailsignin -->
  <testcase name="gmailsignin" time="0.000" classname="com.cleartrip.payment.nodejs.Air_Emails">
    <skipped/>
  </testcase> <!-- gmailsignin -->
  <testcase name="gmailsignin" time="0.002" classname="com.cleartrip.payment.nodejs.Air_Emails">
    <skipped/>
  </testcase> <!-- gmailsignin -->
  <testcase name="gmailsignin" time="0.000" classname="com.cleartrip.payment.nodejs.Air_Emails">
    <skipped/>
  </testcase> <!-- gmailsignin -->
  <testcase name="gmailsignin" time="0.002" classname="com.cleartrip.payment.nodejs.Air_Emails">
    <skipped/>
  </testcase> <!-- gmailsignin -->
  <testcase name="gmailsignin" time="0.000" classname="com.cleartrip.payment.nodejs.Air_Emails">
    <skipped/>
  </testcase> <!-- gmailsignin -->
  <testcase name="gmailsignin" time="0.002" classname="com.cleartrip.payment.nodejs.Air_Emails">
    <skipped/>
  </testcase> <!-- gmailsignin -->
  <testcase name="gmailsignin" time="0.000" classname="com.cleartrip.payment.nodejs.Air_Emails">
    <skipped/>
  </testcase> <!-- gmailsignin -->
  <testcase name="gmailsignin" time="0.002" classname="com.cleartrip.payment.nodejs.Air_Emails">
    <skipped/>
  </testcase> <!-- gmailsignin -->
  <testcase name="gmailsignin" time="0.002" classname="com.cleartrip.payment.nodejs.Air_Emails">
    <skipped/>
  </testcase> <!-- gmailsignin -->
  <testcase name="gmailsignin" time="0.000" classname="com.cleartrip.payment.nodejs.Air_Emails">
    <skipped/>
  </testcase> <!-- gmailsignin -->
  <testcase name="gmailsignin" time="0.011" classname="com.cleartrip.payment.nodejs.Air_Emails">
    <skipped/>
  </testcase> <!-- gmailsignin -->
  <testcase name="gmailsignin" time="0.000" classname="com.cleartrip.payment.nodejs.Air_Emails">
    <skipped/>
  </testcase> <!-- gmailsignin -->
  <testcase name="gmailsignin" time="0.000" classname="com.cleartrip.payment.nodejs.Air_Emails">
    <skipped/>
  </testcase> <!-- gmailsignin -->
  <testcase name="gmailsignin" time="0.001" classname="com.cleartrip.payment.nodejs.Air_Emails">
    <skipped/>
  </testcase> <!-- gmailsignin -->
  <testcase name="gmailsignin" time="0.000" classname="com.cleartrip.payment.nodejs.Air_Emails">
    <skipped/>
  </testcase> <!-- gmailsignin -->
  <testcase name="gmailsignin" time="0.003" classname="com.cleartrip.payment.nodejs.Air_Emails">
    <skipped/>
  </testcase> <!-- gmailsignin -->
  <testcase name="gmailsignin" time="0.000" classname="com.cleartrip.payment.nodejs.Air_Emails">
    <skipped/>
  </testcase> <!-- gmailsignin -->
  <testcase name="gmailsignin" time="0.001" classname="com.cleartrip.payment.nodejs.Air_Emails">
    <skipped/>
  </testcase> <!-- gmailsignin -->
  <testcase name="gmailsignin" time="0.000" classname="com.cleartrip.payment.nodejs.Air_Emails">
    <skipped/>
  </testcase> <!-- gmailsignin -->
  <testcase name="gmailsignin" time="0.002" classname="com.cleartrip.payment.nodejs.Air_Emails">
    <skipped/>
  </testcase> <!-- gmailsignin -->
  <testcase name="gmailsignin" time="0.001" classname="com.cleartrip.payment.nodejs.Air_Emails">
    <skipped/>
  </testcase> <!-- gmailsignin -->
  <testcase name="gmailsignin" time="0.001" classname="com.cleartrip.payment.nodejs.Air_Emails">
    <skipped/>
  </testcase> <!-- gmailsignin -->
  <testcase name="gmailsignin" time="0.000" classname="com.cleartrip.payment.nodejs.Air_Emails">
    <skipped/>
  </testcase> <!-- gmailsignin -->
  <testcase name="gmailsignin" time="0.000" classname="com.cleartrip.payment.nodejs.Air_Emails">
    <skipped/>
  </testcase> <!-- gmailsignin -->
  <testcase name="gmailsignin" time="0.001" classname="com.cleartrip.payment.nodejs.Air_Emails">
    <skipped/>
  </testcase> <!-- gmailsignin -->
  <testcase name="gmailsignin" time="0.001" classname="com.cleartrip.payment.nodejs.Air_Emails">
    <skipped/>
  </testcase> <!-- gmailsignin -->
  <testcase name="gmailsignin" time="0.001" classname="com.cleartrip.payment.nodejs.Air_Emails">
    <skipped/>
  </testcase> <!-- gmailsignin -->
  <testcase name="gmailsignin" time="0.002" classname="com.cleartrip.payment.nodejs.Air_Emails">
    <skipped/>
  </testcase> <!-- gmailsignin -->
  <testcase name="gmailsignin" time="0.000" classname="com.cleartrip.payment.nodejs.Air_Emails">
    <skipped/>
  </testcase> <!-- gmailsignin -->
  <testcase name="gmailsignin" time="0.000" classname="com.cleartrip.payment.nodejs.Air_Emails">
    <skipped/>
  </testcase> <!-- gmailsignin -->
  <testcase name="gmailsignin" time="0.002" classname="com.cleartrip.payment.nodejs.Air_Emails">
    <skipped/>
  </testcase> <!-- gmailsignin -->
  <testcase name="gmailsignin" time="0.000" classname="com.cleartrip.payment.nodejs.Air_Emails">
    <skipped/>
  </testcase> <!-- gmailsignin -->
  <testcase name="gmailsignin" time="0.000" classname="com.cleartrip.payment.nodejs.Air_Emails">
    <skipped/>
  </testcase> <!-- gmailsignin -->
  <testcase name="gmailsignin" time="0.001" classname="com.cleartrip.payment.nodejs.Air_Emails">
    <skipped/>
  </testcase> <!-- gmailsignin -->
  <testcase name="gmailsignin" time="0.000" classname="com.cleartrip.payment.nodejs.Air_Emails">
    <skipped/>
  </testcase> <!-- gmailsignin -->
  <testcase name="gmailsignin" time="0.000" classname="com.cleartrip.payment.nodejs.Air_Emails">
    <skipped/>
  </testcase> <!-- gmailsignin -->
  <testcase name="gmailsignin" time="0.001" classname="com.cleartrip.payment.nodejs.Air_Emails">
    <skipped/>
  </testcase> <!-- gmailsignin -->
  <testcase name="gmailsignin" time="0.002" classname="com.cleartrip.payment.nodejs.Air_Emails">
    <skipped/>
  </testcase> <!-- gmailsignin -->
  <testcase name="gmailsignin" time="0.002" classname="com.cleartrip.payment.nodejs.Air_Emails">
    <skipped/>
  </testcase> <!-- gmailsignin -->
  <testcase name="gmailsignin" time="0.001" classname="com.cleartrip.payment.nodejs.Air_Emails">
    <skipped/>
  </testcase> <!-- gmailsignin -->
  <testcase name="gmailsignin" time="0.001" classname="com.cleartrip.payment.nodejs.Air_Emails">
    <skipped/>
  </testcase> <!-- gmailsignin -->
  <testcase name="gmailsignin" time="0.001" classname="com.cleartrip.payment.nodejs.Air_Emails">
    <skipped/>
  </testcase> <!-- gmailsignin -->
  <testcase name="gmailsignin" time="0.001" classname="com.cleartrip.payment.nodejs.Air_Emails">
    <skipped/>
  </testcase> <!-- gmailsignin -->
  <testcase name="gmailsignin" time="0.000" classname="com.cleartrip.payment.nodejs.Air_Emails">
    <skipped/>
  </testcase> <!-- gmailsignin -->
  <testcase name="gmailsignin" time="0.000" classname="com.cleartrip.payment.nodejs.Air_Emails">
    <skipped/>
  </testcase> <!-- gmailsignin -->
  <testcase name="gmailsignin" time="0.000" classname="com.cleartrip.payment.nodejs.Air_Emails">
    <skipped/>
  </testcase> <!-- gmailsignin -->
  <testcase name="gmailsignin" time="0.003" classname="com.cleartrip.payment.nodejs.Air_Emails">
    <skipped/>
  </testcase> <!-- gmailsignin -->
  <testcase name="gmailsignin" time="0.003" classname="com.cleartrip.payment.nodejs.Air_Emails">
    <skipped/>
  </testcase> <!-- gmailsignin -->
  <testcase name="gmailsignin" time="0.002" classname="com.cleartrip.payment.nodejs.Air_Emails">
    <skipped/>
  </testcase> <!-- gmailsignin -->
  <testcase name="gmailsignin" time="0.001" classname="com.cleartrip.payment.nodejs.Air_Emails">
    <skipped/>
  </testcase> <!-- gmailsignin -->
  <testcase name="gmailsignin" time="0.000" classname="com.cleartrip.payment.nodejs.Air_Emails">
    <skipped/>
  </testcase> <!-- gmailsignin -->
  <testcase name="gmailsignin" time="0.001" classname="com.cleartrip.payment.nodejs.Air_Emails">
    <skipped/>
  </testcase> <!-- gmailsignin -->
  <testcase name="gmailsignin" time="0.002" classname="com.cleartrip.payment.nodejs.Air_Emails">
    <skipped/>
  </testcase> <!-- gmailsignin -->
  <testcase name="gmailsignin" time="0.001" classname="com.cleartrip.payment.nodejs.Air_Emails">
    <skipped/>
  </testcase> <!-- gmailsignin -->
  <testcase name="gmailsignin" time="0.002" classname="com.cleartrip.payment.nodejs.Air_Emails">
    <skipped/>
  </testcase> <!-- gmailsignin -->
  <testcase name="gmailsignin" time="0.000" classname="com.cleartrip.payment.nodejs.Air_Emails">
    <skipped/>
  </testcase> <!-- gmailsignin -->
  <testcase name="gmailsignin" time="0.001" classname="com.cleartrip.payment.nodejs.Air_Emails">
    <skipped/>
  </testcase> <!-- gmailsignin -->
  <testcase name="gmailsignin" time="0.000" classname="com.cleartrip.payment.nodejs.Air_Emails">
    <skipped/>
  </testcase> <!-- gmailsignin -->
  <testcase name="gmailsignin" time="0.000" classname="com.cleartrip.payment.nodejs.Air_Emails">
    <skipped/>
  </testcase> <!-- gmailsignin -->
  <testcase name="gmailsignin" time="0.001" classname="com.cleartrip.payment.nodejs.Air_Emails">
    <skipped/>
  </testcase> <!-- gmailsignin -->
  <testcase name="gmailsignin" time="0.000" classname="com.cleartrip.payment.nodejs.Air_Emails">
    <skipped/>
  </testcase> <!-- gmailsignin -->
  <testcase name="gmailsignin" time="0.001" classname="com.cleartrip.payment.nodejs.Air_Emails">
    <skipped/>
  </testcase> <!-- gmailsignin -->
  <testcase name="gmailsignin" time="0.001" classname="com.cleartrip.payment.nodejs.Air_Emails">
    <skipped/>
  </testcase> <!-- gmailsignin -->
  <testcase name="gmailsignin" time="0.002" classname="com.cleartrip.payment.nodejs.Air_Emails">
    <skipped/>
  </testcase> <!-- gmailsignin -->
  <testcase name="gmailsignin" time="0.017" classname="com.cleartrip.payment.nodejs.Air_Emails">
    <skipped/>
  </testcase> <!-- gmailsignin -->
  <testcase name="gmailsignin" time="0.001" classname="com.cleartrip.payment.nodejs.Air_Emails">
    <skipped/>
  </testcase> <!-- gmailsignin -->
  <testcase name="gmailsignin" time="0.004" classname="com.cleartrip.payment.nodejs.Air_Emails">
    <skipped/>
  </testcase> <!-- gmailsignin -->
  <testcase name="gmailsignin" time="0.000" classname="com.cleartrip.payment.nodejs.Air_Emails">
    <skipped/>
  </testcase> <!-- gmailsignin -->
  <testcase name="gmailsignin" time="0.000" classname="com.cleartrip.payment.nodejs.Air_Emails">
    <skipped/>
  </testcase> <!-- gmailsignin -->
  <testcase name="gmailsignin" time="0.006" classname="com.cleartrip.payment.nodejs.Air_Emails">
    <skipped/>
  </testcase> <!-- gmailsignin -->
  <testcase name="gmailsignin" time="0.003" classname="com.cleartrip.payment.nodejs.Air_Emails">
    <skipped/>
  </testcase> <!-- gmailsignin -->
  <testcase name="gmailsignin" time="0.000" classname="com.cleartrip.payment.nodejs.Air_Emails">
    <skipped/>
  </testcase> <!-- gmailsignin -->
  <testcase name="gmailsignin" time="0.000" classname="com.cleartrip.payment.nodejs.Air_Emails">
    <skipped/>
  </testcase> <!-- gmailsignin -->
  <testcase name="gmailsignin" time="0.004" classname="com.cleartrip.payment.nodejs.Air_Emails">
    <skipped/>
  </testcase> <!-- gmailsignin -->
  <testcase name="gmailsignin" time="0.001" classname="com.cleartrip.payment.nodejs.Air_Emails">
    <skipped/>
  </testcase> <!-- gmailsignin -->
  <testcase name="gmailsignin" time="0.001" classname="com.cleartrip.payment.nodejs.Air_Emails">
    <skipped/>
  </testcase> <!-- gmailsignin -->
  <testcase name="gmailsignin" time="0.000" classname="com.cleartrip.payment.nodejs.Air_Emails">
    <skipped/>
  </testcase> <!-- gmailsignin -->
  <testcase name="gmailsignin" time="0.000" classname="com.cleartrip.payment.nodejs.Air_Emails">
    <skipped/>
  </testcase> <!-- gmailsignin -->
  <testcase name="gmailsignin" time="0.002" classname="com.cleartrip.payment.nodejs.Air_Emails">
    <skipped/>
  </testcase> <!-- gmailsignin -->
  <testcase name="gmailsignin" time="0.001" classname="com.cleartrip.payment.nodejs.Air_Emails">
    <skipped/>
  </testcase> <!-- gmailsignin -->
  <testcase name="gmailsignin" time="0.001" classname="com.cleartrip.payment.nodejs.Air_Emails">
    <skipped/>
  </testcase> <!-- gmailsignin -->
  <testcase name="gmailsignin" time="0.000" classname="com.cleartrip.payment.nodejs.Air_Emails">
    <skipped/>
  </testcase> <!-- gmailsignin -->
  <testcase name="gmailsignin" time="0.018" classname="com.cleartrip.payment.nodejs.Air_Emails">
    <skipped/>
  </testcase> <!-- gmailsignin -->
  <testcase name="gmailsignin" time="0.004" classname="com.cleartrip.payment.nodejs.Air_Emails">
    <skipped/>
  </testcase> <!-- gmailsignin -->
  <testcase name="gmailsignin" time="0.003" classname="com.cleartrip.payment.nodejs.Air_Emails">
    <skipped/>
  </testcase> <!-- gmailsignin -->
  <testcase name="gmailsignin" time="0.001" classname="com.cleartrip.payment.nodejs.Air_Emails">
    <skipped/>
  </testcase> <!-- gmailsignin -->
  <testcase name="gmailsignin" time="0.009" classname="com.cleartrip.payment.nodejs.Air_Emails">
    <skipped/>
  </testcase> <!-- gmailsignin -->
  <testcase name="gmailsignin" time="0.000" classname="com.cleartrip.payment.nodejs.Air_Emails">
    <skipped/>
  </testcase> <!-- gmailsignin -->
  <testcase name="gmailsignin" time="0.001" classname="com.cleartrip.payment.nodejs.Air_Emails">
    <skipped/>
  </testcase> <!-- gmailsignin -->
  <testcase name="gmailsignin" time="0.001" classname="com.cleartrip.payment.nodejs.Air_Emails">
    <skipped/>
  </testcase> <!-- gmailsignin -->
  <testcase name="gmailsignin" time="0.000" classname="com.cleartrip.payment.nodejs.Air_Emails">
    <skipped/>
  </testcase> <!-- gmailsignin -->
  <testcase name="gmailsignin" time="0.000" classname="com.cleartrip.payment.nodejs.Air_Emails">
    <skipped/>
  </testcase> <!-- gmailsignin -->
  <testcase name="gmailsignin" time="0.000" classname="com.cleartrip.payment.nodejs.Air_Emails">
    <skipped/>
  </testcase> <!-- gmailsignin -->
  <testcase name="gmailsignin" time="0.000" classname="com.cleartrip.payment.nodejs.Air_Emails">
    <skipped/>
  </testcase> <!-- gmailsignin -->
  <testcase name="gmailsignin" time="0.001" classname="com.cleartrip.payment.nodejs.Air_Emails">
    <skipped/>
  </testcase> <!-- gmailsignin -->
  <testcase name="gmailsignin" time="0.001" classname="com.cleartrip.payment.nodejs.Air_Emails">
    <skipped/>
  </testcase> <!-- gmailsignin -->
  <testcase name="gmailsignin" time="0.002" classname="com.cleartrip.payment.nodejs.Air_Emails">
    <skipped/>
  </testcase> <!-- gmailsignin -->
  <testcase name="gmailsignin" time="0.002" classname="com.cleartrip.payment.nodejs.Air_Emails">
    <skipped/>
  </testcase> <!-- gmailsignin -->
  <testcase name="gmailsignin" time="0.002" classname="com.cleartrip.payment.nodejs.Air_Emails">
    <skipped/>
  </testcase> <!-- gmailsignin -->
  <testcase name="gmailsignin" time="0.001" classname="com.cleartrip.payment.nodejs.Air_Emails">
    <skipped/>
  </testcase> <!-- gmailsignin -->
  <testcase name="gmailsignin" time="0.000" classname="com.cleartrip.payment.nodejs.Air_Emails">
    <skipped/>
  </testcase> <!-- gmailsignin -->
  <testcase name="gmailsignin" time="0.002" classname="com.cleartrip.payment.nodejs.Air_Emails">
    <skipped/>
  </testcase> <!-- gmailsignin -->
  <testcase name="gmailsignin" time="0.000" classname="com.cleartrip.payment.nodejs.Air_Emails">
    <skipped/>
  </testcase> <!-- gmailsignin -->
  <testcase name="gmailsignin" time="0.001" classname="com.cleartrip.payment.nodejs.Air_Emails">
    <skipped/>
  </testcase> <!-- gmailsignin -->
  <testcase name="gmailsignin" time="0.000" classname="com.cleartrip.payment.nodejs.Air_Emails">
    <skipped/>
  </testcase> <!-- gmailsignin -->
  <testcase name="gmailsignin" time="0.001" classname="com.cleartrip.payment.nodejs.Air_Emails">
    <skipped/>
  </testcase> <!-- gmailsignin -->
  <testcase name="gmailsignin" time="0.002" classname="com.cleartrip.payment.nodejs.Air_Emails">
    <skipped/>
  </testcase> <!-- gmailsignin -->
  <testcase name="gmailsignin" time="0.004" classname="com.cleartrip.payment.nodejs.Air_Emails">
    <skipped/>
  </testcase> <!-- gmailsignin -->
  <testcase name="gmailsignin" time="0.003" classname="com.cleartrip.payment.nodejs.Air_Emails">
    <skipped/>
  </testcase> <!-- gmailsignin -->
  <testcase name="gmailsignin" time="0.002" classname="com.cleartrip.payment.nodejs.Air_Emails">
    <skipped/>
  </testcase> <!-- gmailsignin -->
  <testcase name="gmailsignin" time="0.001" classname="com.cleartrip.payment.nodejs.Air_Emails">
    <skipped/>
  </testcase> <!-- gmailsignin -->
  <testcase name="gmailsignin" time="0.000" classname="com.cleartrip.payment.nodejs.Air_Emails">
    <skipped/>
  </testcase> <!-- gmailsignin -->
  <testcase name="gmailsignin" time="0.001" classname="com.cleartrip.payment.nodejs.Air_Emails">
    <skipped/>
  </testcase> <!-- gmailsignin -->
  <testcase name="gmailsignin" time="0.000" classname="com.cleartrip.payment.nodejs.Air_Emails">
    <skipped/>
  </testcase> <!-- gmailsignin -->
  <testcase name="gmailsignin" time="0.001" classname="com.cleartrip.payment.nodejs.Air_Emails">
    <skipped/>
  </testcase> <!-- gmailsignin -->
  <testcase name="gmailsignin" time="0.001" classname="com.cleartrip.payment.nodejs.Air_Emails">
    <skipped/>
  </testcase> <!-- gmailsignin -->
  <testcase name="gmailsignin" time="0.000" classname="com.cleartrip.payment.nodejs.Air_Emails">
    <skipped/>
  </testcase> <!-- gmailsignin -->
  <testcase name="gmailsignin" time="0.001" classname="com.cleartrip.payment.nodejs.Air_Emails">
    <skipped/>
  </testcase> <!-- gmailsignin -->
  <testcase name="gmailsignin" time="0.000" classname="com.cleartrip.payment.nodejs.Air_Emails">
    <skipped/>
  </testcase> <!-- gmailsignin -->
  <testcase name="gmailsignin" time="0.000" classname="com.cleartrip.payment.nodejs.Air_Emails">
    <skipped/>
  </testcase> <!-- gmailsignin -->
  <testcase name="gmailsignin" time="0.000" classname="com.cleartrip.payment.nodejs.Air_Emails">
    <skipped/>
  </testcase> <!-- gmailsignin -->
  <testcase name="gmailsignin" time="0.001" classname="com.cleartrip.payment.nodejs.Air_Emails">
    <skipped/>
  </testcase> <!-- gmailsignin -->
  <testcase name="gmailsignin" time="0.000" classname="com.cleartrip.payment.nodejs.Air_Emails">
    <skipped/>
  </testcase> <!-- gmailsignin -->
  <testcase name="gmailsignin" time="0.001" classname="com.cleartrip.payment.nodejs.Air_Emails">
    <skipped/>
  </testcase> <!-- gmailsignin -->
  <testcase name="gmailsignin" time="0.000" classname="com.cleartrip.payment.nodejs.Air_Emails">
    <skipped/>
  </testcase> <!-- gmailsignin -->
  <testcase name="gmailsignin" time="0.000" classname="com.cleartrip.payment.nodejs.Air_Emails">
    <skipped/>
  </testcase> <!-- gmailsignin -->
  <testcase name="gmailsignin" time="0.001" classname="com.cleartrip.payment.nodejs.Air_Emails">
    <skipped/>
  </testcase> <!-- gmailsignin -->
  <testcase name="gmailsignin" time="0.001" classname="com.cleartrip.payment.nodejs.Air_Emails">
    <skipped/>
  </testcase> <!-- gmailsignin -->
  <testcase name="gmailsignin" time="0.003" classname="com.cleartrip.payment.nodejs.Air_Emails">
    <skipped/>
  </testcase> <!-- gmailsignin -->
  <testcase name="gmailsignin" time="0.002" classname="com.cleartrip.payment.nodejs.Air_Emails">
    <skipped/>
  </testcase> <!-- gmailsignin -->
  <testcase name="gmailsignin" time="0.001" classname="com.cleartrip.payment.nodejs.Air_Emails">
    <skipped/>
  </testcase> <!-- gmailsignin -->
  <testcase name="gmailsignin" time="0.005" classname="com.cleartrip.payment.nodejs.Air_Emails">
    <skipped/>
  </testcase> <!-- gmailsignin -->
  <testcase name="gmailsignin" time="0.000" classname="com.cleartrip.payment.nodejs.Air_Emails">
    <skipped/>
  </testcase> <!-- gmailsignin -->
  <testcase name="gmailsignin" time="0.000" classname="com.cleartrip.payment.nodejs.Air_Emails">
    <skipped/>
  </testcase> <!-- gmailsignin -->
  <testcase name="gmailsignin" time="0.000" classname="com.cleartrip.payment.nodejs.Air_Emails">
    <skipped/>
  </testcase> <!-- gmailsignin -->
  <testcase name="gmailsignin" time="0.001" classname="com.cleartrip.payment.nodejs.Air_Emails">
    <skipped/>
  </testcase> <!-- gmailsignin -->
  <testcase name="gmailsignin" time="0.004" classname="com.cleartrip.payment.nodejs.Air_Emails">
    <skipped/>
  </testcase> <!-- gmailsignin -->
  <testcase name="gmailsignin" time="0.000" classname="com.cleartrip.payment.nodejs.Air_Emails">
    <skipped/>
  </testcase> <!-- gmailsignin -->
  <testcase name="gmailsignin" time="0.002" classname="com.cleartrip.payment.nodejs.Air_Emails">
    <skipped/>
  </testcase> <!-- gmailsignin -->
  <testcase name="gmailsignin" time="0.001" classname="com.cleartrip.payment.nodejs.Air_Emails">
    <skipped/>
  </testcase> <!-- gmailsignin -->
  <testcase name="gmailsignin" time="0.000" classname="com.cleartrip.payment.nodejs.Air_Emails">
    <skipped/>
  </testcase> <!-- gmailsignin -->
  <testcase name="gmailsignin" time="0.002" classname="com.cleartrip.payment.nodejs.Air_Emails">
    <skipped/>
  </testcase> <!-- gmailsignin -->
  <testcase name="gmailsignin" time="0.000" classname="com.cleartrip.payment.nodejs.Air_Emails">
    <skipped/>
  </testcase> <!-- gmailsignin -->
  <testcase name="gmailsignin" time="0.000" classname="com.cleartrip.payment.nodejs.Air_Emails">
    <skipped/>
  </testcase> <!-- gmailsignin -->
  <testcase name="gmailsignin" time="0.000" classname="com.cleartrip.payment.nodejs.Air_Emails">
    <skipped/>
  </testcase> <!-- gmailsignin -->
  <testcase name="gmailsignin" time="0.000" classname="com.cleartrip.payment.nodejs.Air_Emails">
    <skipped/>
  </testcase> <!-- gmailsignin -->
  <testcase name="gmailsignin" time="0.003" classname="com.cleartrip.payment.nodejs.Air_Emails">
    <skipped/>
  </testcase> <!-- gmailsignin -->
  <testcase name="gmailsignin" time="0.000" classname="com.cleartrip.payment.nodejs.Air_Emails">
    <skipped/>
  </testcase> <!-- gmailsignin -->
  <testcase name="gmailsignin" time="0.003" classname="com.cleartrip.payment.nodejs.Air_Emails">
    <skipped/>
  </testcase> <!-- gmailsignin -->
  <testcase name="gmailsignin" time="0.002" classname="com.cleartrip.payment.nodejs.Air_Emails">
    <skipped/>
  </testcase> <!-- gmailsignin -->
  <testcase name="gmailsignin" time="0.000" classname="com.cleartrip.payment.nodejs.Air_Emails">
    <skipped/>
  </testcase> <!-- gmailsignin -->
  <testcase name="gmailsignin" time="0.002" classname="com.cleartrip.payment.nodejs.Air_Emails">
    <skipped/>
  </testcase> <!-- gmailsignin -->
  <testcase name="gmailsignin" time="0.002" classname="com.cleartrip.payment.nodejs.Air_Emails">
    <skipped/>
  </testcase> <!-- gmailsignin -->
  <testcase name="gmailsignin" time="0.000" classname="com.cleartrip.payment.nodejs.Air_Emails">
    <skipped/>
  </testcase> <!-- gmailsignin -->
  <testcase name="gmailsignin" time="0.005" classname="com.cleartrip.payment.nodejs.Air_Emails">
    <skipped/>
  </testcase> <!-- gmailsignin -->
  <testcase name="gmailsignin" time="0.002" classname="com.cleartrip.payment.nodejs.Air_Emails">
    <skipped/>
  </testcase> <!-- gmailsignin -->
  <testcase name="gmailsignin" time="0.000" classname="com.cleartrip.payment.nodejs.Air_Emails">
    <skipped/>
  </testcase> <!-- gmailsignin -->
  <testcase name="gmailsignin" time="0.026" classname="com.cleartrip.payment.nodejs.Air_Emails">
    <skipped/>
  </testcase> <!-- gmailsignin -->
  <testcase name="gmailsignin" time="0.003" classname="com.cleartrip.payment.nodejs.Air_Emails">
    <skipped/>
  </testcase> <!-- gmailsignin -->
  <testcase name="gmailsignin" time="0.004" classname="com.cleartrip.payment.nodejs.Air_Emails">
    <skipped/>
  </testcase> <!-- gmailsignin -->
  <testcase name="gmailsignin" time="0.001" classname="com.cleartrip.payment.nodejs.Air_Emails">
    <skipped/>
  </testcase> <!-- gmailsignin -->
  <testcase name="gmailsignin" time="0.000" classname="com.cleartrip.payment.nodejs.Air_Emails">
    <skipped/>
  </testcase> <!-- gmailsignin -->
  <testcase name="gmailsignin" time="0.000" classname="com.cleartrip.payment.nodejs.Air_Emails">
    <skipped/>
  </testcase> <!-- gmailsignin -->
  <testcase name="gmailsignin" time="0.001" classname="com.cleartrip.payment.nodejs.Air_Emails">
    <skipped/>
  </testcase> <!-- gmailsignin -->
  <testcase name="gmailsignin" time="0.001" classname="com.cleartrip.payment.nodejs.Air_Emails">
    <skipped/>
  </testcase> <!-- gmailsignin -->
  <testcase name="gmailsignin" time="0.002" classname="com.cleartrip.payment.nodejs.Air_Emails">
    <skipped/>
  </testcase> <!-- gmailsignin -->
  <testcase name="gmailsignin" time="0.001" classname="com.cleartrip.payment.nodejs.Air_Emails">
    <skipped/>
  </testcase> <!-- gmailsignin -->
  <testcase name="gmailsignin" time="0.000" classname="com.cleartrip.payment.nodejs.Air_Emails">
    <skipped/>
  </testcase> <!-- gmailsignin -->
  <testcase name="gmailsignin" time="0.003" classname="com.cleartrip.payment.nodejs.Air_Emails">
    <skipped/>
  </testcase> <!-- gmailsignin -->
  <testcase name="gmailsignin" time="0.001" classname="com.cleartrip.payment.nodejs.Air_Emails">
    <skipped/>
  </testcase> <!-- gmailsignin -->
  <testcase name="gmailsignin" time="0.000" classname="com.cleartrip.payment.nodejs.Air_Emails">
    <skipped/>
  </testcase> <!-- gmailsignin -->
  <testcase name="gmailsignin" time="0.002" classname="com.cleartrip.payment.nodejs.Air_Emails">
    <skipped/>
  </testcase> <!-- gmailsignin -->
  <testcase name="gmailsignin" time="0.001" classname="com.cleartrip.payment.nodejs.Air_Emails">
    <skipped/>
  </testcase> <!-- gmailsignin -->
  <testcase name="gmailsignin" time="0.001" classname="com.cleartrip.payment.nodejs.Air_Emails">
    <skipped/>
  </testcase> <!-- gmailsignin -->
  <testcase name="gmailsignin" time="0.003" classname="com.cleartrip.payment.nodejs.Air_Emails">
    <skipped/>
  </testcase> <!-- gmailsignin -->
  <testcase name="gmailsignin" time="0.001" classname="com.cleartrip.payment.nodejs.Air_Emails">
    <skipped/>
  </testcase> <!-- gmailsignin -->
  <testcase name="gmailsignin" time="0.000" classname="com.cleartrip.payment.nodejs.Air_Emails">
    <skipped/>
  </testcase> <!-- gmailsignin -->
  <testcase name="gmailsignin" time="0.002" classname="com.cleartrip.payment.nodejs.Air_Emails">
    <skipped/>
  </testcase> <!-- gmailsignin -->
  <testcase name="gmailsignin" time="0.001" classname="com.cleartrip.payment.nodejs.Air_Emails">
    <skipped/>
  </testcase> <!-- gmailsignin -->
  <testcase name="gmailsignin" time="0.000" classname="com.cleartrip.payment.nodejs.Air_Emails">
    <skipped/>
  </testcase> <!-- gmailsignin -->
  <testcase name="gmailsignin" time="0.000" classname="com.cleartrip.payment.nodejs.Air_Emails">
    <skipped/>
  </testcase> <!-- gmailsignin -->
  <testcase name="gmailsignin" time="0.000" classname="com.cleartrip.payment.nodejs.Air_Emails">
    <skipped/>
  </testcase> <!-- gmailsignin -->
  <testcase name="gmailsignin" time="0.001" classname="com.cleartrip.payment.nodejs.Air_Emails">
    <skipped/>
  </testcase> <!-- gmailsignin -->
  <testcase name="gmailsignin" time="0.011" classname="com.cleartrip.payment.nodejs.Air_Emails">
    <skipped/>
  </testcase> <!-- gmailsignin -->
  <testcase name="gmailsignin" time="0.000" classname="com.cleartrip.payment.nodejs.Air_Emails">
    <skipped/>
  </testcase> <!-- gmailsignin -->
  <testcase name="gmailsignin" time="0.001" classname="com.cleartrip.payment.nodejs.Air_Emails">
    <skipped/>
  </testcase> <!-- gmailsignin -->
  <testcase name="gmailsignin" time="0.004" classname="com.cleartrip.payment.nodejs.Air_Emails">
    <skipped/>
  </testcase> <!-- gmailsignin -->
  <testcase name="gmailsignin" time="0.006" classname="com.cleartrip.payment.nodejs.Air_Emails">
    <skipped/>
  </testcase> <!-- gmailsignin -->
  <testcase name="gmailsignin" time="0.000" classname="com.cleartrip.payment.nodejs.Air_Emails">
    <skipped/>
  </testcase> <!-- gmailsignin -->
  <testcase name="gmailsignin" time="0.002" classname="com.cleartrip.payment.nodejs.Air_Emails">
    <skipped/>
  </testcase> <!-- gmailsignin -->
  <testcase name="gmailsignin" time="0.000" classname="com.cleartrip.payment.nodejs.Air_Emails">
    <skipped/>
  </testcase> <!-- gmailsignin -->
  <testcase name="gmailsignin" time="0.000" classname="com.cleartrip.payment.nodejs.Air_Emails">
    <skipped/>
  </testcase> <!-- gmailsignin -->
  <testcase name="gmailsignin" time="0.001" classname="com.cleartrip.payment.nodejs.Air_Emails">
    <skipped/>
  </testcase> <!-- gmailsignin -->
  <testcase name="gmailsignin" time="0.001" classname="com.cleartrip.payment.nodejs.Air_Emails">
    <skipped/>
  </testcase> <!-- gmailsignin -->
  <testcase name="gmailsignin" time="0.001" classname="com.cleartrip.payment.nodejs.Air_Emails">
    <skipped/>
  </testcase> <!-- gmailsignin -->
  <testcase name="gmailsignin" time="0.003" classname="com.cleartrip.payment.nodejs.Air_Emails">
    <skipped/>
  </testcase> <!-- gmailsignin -->
  <testcase name="gmailsignin" time="0.000" classname="com.cleartrip.payment.nodejs.Air_Emails">
    <skipped/>
  </testcase> <!-- gmailsignin -->
  <testcase name="gmailsignin" time="0.000" classname="com.cleartrip.payment.nodejs.Air_Emails">
    <skipped/>
  </testcase> <!-- gmailsignin -->
  <testcase name="gmailsignin" time="0.000" classname="com.cleartrip.payment.nodejs.Air_Emails">
    <skipped/>
  </testcase> <!-- gmailsignin -->
  <testcase name="gmailsignin" time="0.000" classname="com.cleartrip.payment.nodejs.Air_Emails">
    <skipped/>
  </testcase> <!-- gmailsignin -->
  <testcase name="gmailsignin" time="0.001" classname="com.cleartrip.payment.nodejs.Air_Emails">
    <skipped/>
  </testcase> <!-- gmailsignin -->
  <testcase name="gmailsignin" time="0.001" classname="com.cleartrip.payment.nodejs.Air_Emails">
    <skipped/>
  </testcase> <!-- gmailsignin -->
  <testcase name="gmailsignin" time="0.000" classname="com.cleartrip.payment.nodejs.Air_Emails">
    <skipped/>
  </testcase> <!-- gmailsignin -->
  <testcase name="gmailsignin" time="0.000" classname="com.cleartrip.payment.nodejs.Air_Emails">
    <skipped/>
  </testcase> <!-- gmailsignin -->
  <testcase name="gmailsignin" time="0.000" classname="com.cleartrip.payment.nodejs.Air_Emails">
    <skipped/>
  </testcase> <!-- gmailsignin -->
  <testcase name="gmailsignin" time="0.000" classname="com.cleartrip.payment.nodejs.Air_Emails">
    <skipped/>
  </testcase> <!-- gmailsignin -->
  <testcase name="gmailsignin" time="0.005" classname="com.cleartrip.payment.nodejs.Air_Emails">
    <skipped/>
  </testcase> <!-- gmailsignin -->
  <testcase name="gmailsignin" time="0.000" classname="com.cleartrip.payment.nodejs.Air_Emails">
    <skipped/>
  </testcase> <!-- gmailsignin -->
  <testcase name="gmailsignin" time="0.002" classname="com.cleartrip.payment.nodejs.Air_Emails">
    <skipped/>
  </testcase> <!-- gmailsignin -->
  <testcase name="gmailsignin" time="0.000" classname="com.cleartrip.payment.nodejs.Air_Emails">
    <skipped/>
  </testcase> <!-- gmailsignin -->
  <testcase name="gmailsignin" time="0.005" classname="com.cleartrip.payment.nodejs.Air_Emails">
    <skipped/>
  </testcase> <!-- gmailsignin -->
  <testcase name="gmailsignin" time="0.001" classname="com.cleartrip.payment.nodejs.Air_Emails">
    <skipped/>
  </testcase> <!-- gmailsignin -->
  <testcase name="gmailsignin" time="0.002" classname="com.cleartrip.payment.nodejs.Air_Emails">
    <skipped/>
  </testcase> <!-- gmailsignin -->
  <testcase name="gmailsignin" time="0.014" classname="com.cleartrip.payment.nodejs.Air_Emails">
    <skipped/>
  </testcase> <!-- gmailsignin -->
  <testcase name="gmailsignin" time="0.002" classname="com.cleartrip.payment.nodejs.Air_Emails">
    <skipped/>
  </testcase> <!-- gmailsignin -->
  <testcase name="gmailsignin" time="0.001" classname="com.cleartrip.payment.nodejs.Air_Emails">
    <skipped/>
  </testcase> <!-- gmailsignin -->
  <testcase name="gmailsignin" time="0.001" classname="com.cleartrip.payment.nodejs.Air_Emails">
    <skipped/>
  </testcase> <!-- gmailsignin -->
  <testcase name="gmailsignin" time="0.000" classname="com.cleartrip.payment.nodejs.Air_Emails">
    <skipped/>
  </testcase> <!-- gmailsignin -->
  <testcase name="gmailsignin" time="0.005" classname="com.cleartrip.payment.nodejs.Air_Emails">
    <skipped/>
  </testcase> <!-- gmailsignin -->
  <testcase name="gmailsignin" time="0.001" classname="com.cleartrip.payment.nodejs.Air_Emails">
    <skipped/>
  </testcase> <!-- gmailsignin -->
  <testcase name="gmailsignin" time="0.002" classname="com.cleartrip.payment.nodejs.Air_Emails">
    <skipped/>
  </testcase> <!-- gmailsignin -->
  <testcase name="gmailsignin" time="0.001" classname="com.cleartrip.payment.nodejs.Air_Emails">
    <skipped/>
  </testcase> <!-- gmailsignin -->
  <testcase name="gmailsignin" time="0.006" classname="com.cleartrip.payment.nodejs.Air_Emails">
    <skipped/>
  </testcase> <!-- gmailsignin -->
  <testcase name="gmailsignin" time="0.000" classname="com.cleartrip.payment.nodejs.Air_Emails">
    <skipped/>
  </testcase> <!-- gmailsignin -->
  <testcase name="gmailsignin" time="0.000" classname="com.cleartrip.payment.nodejs.Air_Emails">
    <skipped/>
  </testcase> <!-- gmailsignin -->
  <testcase name="gmailsignin" time="0.000" classname="com.cleartrip.payment.nodejs.Air_Emails">
    <skipped/>
  </testcase> <!-- gmailsignin -->
  <testcase name="gmailsignin" time="0.000" classname="com.cleartrip.payment.nodejs.Air_Emails">
    <skipped/>
  </testcase> <!-- gmailsignin -->
  <testcase name="gmailsignin" time="0.001" classname="com.cleartrip.payment.nodejs.Air_Emails">
    <skipped/>
  </testcase> <!-- gmailsignin -->
  <testcase name="gmailsignin" time="0.001" classname="com.cleartrip.payment.nodejs.Air_Emails">
    <skipped/>
  </testcase> <!-- gmailsignin -->
  <testcase name="gmailsignin" time="0.000" classname="com.cleartrip.payment.nodejs.Air_Emails">
    <skipped/>
  </testcase> <!-- gmailsignin -->
  <testcase name="gmailsignin" time="0.003" classname="com.cleartrip.payment.nodejs.Air_Emails">
    <skipped/>
  </testcase> <!-- gmailsignin -->
  <testcase name="gmailsignin" time="0.001" classname="com.cleartrip.payment.nodejs.Air_Emails">
    <skipped/>
  </testcase> <!-- gmailsignin -->
  <testcase name="gmailsignin" time="0.001" classname="com.cleartrip.payment.nodejs.Air_Emails">
    <skipped/>
  </testcase> <!-- gmailsignin -->
  <testcase name="gmailsignin" time="0.000" classname="com.cleartrip.payment.nodejs.Air_Emails">
    <skipped/>
  </testcase> <!-- gmailsignin -->
  <testcase name="gmailsignin" time="0.002" classname="com.cleartrip.payment.nodejs.Air_Emails">
    <skipped/>
  </testcase> <!-- gmailsignin -->
  <testcase name="gmailsignin" time="0.000" classname="com.cleartrip.payment.nodejs.Air_Emails">
    <skipped/>
  </testcase> <!-- gmailsignin -->
  <testcase name="gmailsignin" time="0.000" classname="com.cleartrip.payment.nodejs.Air_Emails">
    <skipped/>
  </testcase> <!-- gmailsignin -->
  <testcase name="gmailsignin" time="0.000" classname="com.cleartrip.payment.nodejs.Air_Emails">
    <skipped/>
  </testcase> <!-- gmailsignin -->
  <testcase name="gmailsignin" time="0.001" classname="com.cleartrip.payment.nodejs.Air_Emails">
    <skipped/>
  </testcase> <!-- gmailsignin -->
  <testcase name="gmailsignin" time="0.002" classname="com.cleartrip.payment.nodejs.Air_Emails">
    <skipped/>
  </testcase> <!-- gmailsignin -->
  <testcase name="gmailsignin" time="0.002" classname="com.cleartrip.payment.nodejs.Air_Emails">
    <skipped/>
  </testcase> <!-- gmailsignin -->
  <testcase name="gmailsignin" time="0.000" classname="com.cleartrip.payment.nodejs.Air_Emails">
    <skipped/>
  </testcase> <!-- gmailsignin -->
  <testcase name="gmailsignin" time="0.001" classname="com.cleartrip.payment.nodejs.Air_Emails">
    <skipped/>
  </testcase> <!-- gmailsignin -->
  <testcase name="gmailsignin" time="0.002" classname="com.cleartrip.payment.nodejs.Air_Emails">
    <skipped/>
  </testcase> <!-- gmailsignin -->
  <testcase name="gmailsignin" time="0.000" classname="com.cleartrip.payment.nodejs.Air_Emails">
    <skipped/>
  </testcase> <!-- gmailsignin -->
  <testcase name="gmailsignin" time="0.000" classname="com.cleartrip.payment.nodejs.Air_Emails">
    <skipped/>
  </testcase> <!-- gmailsignin -->
  <testcase name="gmailsignin" time="0.002" classname="com.cleartrip.payment.nodejs.Air_Emails">
    <skipped/>
  </testcase> <!-- gmailsignin -->
</testsuite> <!-- com.cleartrip.payment.nodejs.Air_Emails -->
