<?xml version="1.0" encoding="UTF-8"?>
<!-- Generated by org.testng.reporters.JUnitReportReporter -->
<testsuite skipped="0" hostname="sysadm-Latitude-3470" name="tripServicesProd.TS_LogBooking_Air" tests="1" failures="0" timestamp="11 Feb 2020 10:37:16 GMT" time="2.421" errors="0">
  <testcase name="airPostCall" time="2.421" classname="tripServicesProd.TS_LogBooking_Air"/>
</testsuite> <!-- tripServicesProd.TS_LogBooking_Air -->
