<?xml version="1.0" encoding="UTF-8"?>
<!-- Generated by org.testng.reporters.JUnitReportReporter -->
<testsuite skipped="0" hostname="sysadm-IT3407" name="paymentsAPI.API_Refunds" tests="1" failures="0" timestamp="21 Mar 2020 12:07:57 GMT" time="8.041" errors="0">
  <testcase name="refund_walletCC" time="8.041" classname="paymentsAPI.API_Refunds"/>
</testsuite> <!-- paymentsAPI.API_Refunds -->
