<?xml version="1.0" encoding="UTF-8"?>
<!-- Generated by org.testng.reporters.JUnitReportReporter -->
<testsuite skipped="0" hostname="sysadm-Latitude-3480" name="tripServicesProd.TS_Affiliated_TxnID" tests="1" failures="0" timestamp="29 Apr 2020 03:15:37 GMT" time="1.511" errors="0">
  <testcase name="getTripService" time="1.511" classname="tripServicesProd.TS_Affiliated_TxnID"/>
</testsuite> <!-- tripServicesProd.TS_Affiliated_TxnID -->
