<?xml version="1.0" encoding="UTF-8"?>
<!-- Generated by org.testng.reporters.JUnitReportReporter -->
<testsuite skipped="0" hostname="sysadm-Latitude-3480" name="tripServicesProd.TS_TripQuery" tests="1" failures="0" timestamp="09 Mar 2020 03:42:31 GMT" time="0.963" errors="0">
  <testcase name="postTripQuery" time="0.963" classname="tripServicesProd.TS_TripQuery"/>
</testsuite> <!-- tripServicesProd.TS_TripQuery -->
