<?xml version="1.0" encoding="UTF-8"?>
<!-- Generated by org.testng.reporters.JUnitReportReporter -->
<testsuite name="com.cleartrip.platform.accounts.Person_Json_API" tests="1" time="31.431" ignored="0" failures="0" timestamp="25 Apr 2019 10:28:23 GMT" skipped="0" hostname="sysadm-PC" errors="0">
  <testcase name="PersonJson" time="31.431" classname="com.cleartrip.platform.accounts.Person_Json_API"/>
</testsuite> <!-- com.cleartrip.platform.accounts.Person_Json_API -->
