<?xml version="1.0" encoding="UTF-8"?>
<!-- Generated by org.testng.reporters.JUnitReportReporter -->
<testsuite skipped="0" hostname="sysadm-Latitude-3480" name="tripServices.Accounts_FetchtripdetailsByBookedUserid" tests="1" failures="0" timestamp="24 Apr 2020 09:57:20 GMT" time="6.957" errors="0">
  <testcase name="Accounts_FetchByBookedUserid" time="6.957" classname="tripServices.Accounts_FetchtripdetailsByBookedUserid"/>
</testsuite> <!-- tripServices.Accounts_FetchtripdetailsByBookedUserid -->
