<?xml version="1.0" encoding="UTF-8"?>
<!-- Generated by org.testng.reporters.JUnitReportReporter -->
<testsuite skipped="0" hostname="IT3786-kirankumar" name="paymentsUI.Payment_NodeJS_CC_PG_Amex" tests="1" failures="0" timestamp="25 Feb 2020 10:52:27 GMT" time="37.070" errors="0">
  <testcase name="paymentNodeJSCCAmex" time="37.070" classname="paymentsUI.Payment_NodeJS_CC_PG_Amex"/>
</testsuite> <!-- paymentsUI.Payment_NodeJS_CC_PG_Amex -->
