<?xml version="1.0" encoding="UTF-8"?>
<!-- Generated by org.testng.reporters.JUnitReportReporter -->
<testsuite skipped="0" hostname="sysadm-PC" name="tripServices.TS_UpdateBooking_Trains" tests="1" failures="0" timestamp="17 Jan 2020 05:13:48 GMT" time="19.264" errors="0">
  <testcase name="Tripservicetrainputcall" time="19.264" classname="tripServices.TS_UpdateBooking_Trains"/>
</testsuite> <!-- tripServices.TS_UpdateBooking_Trains -->
