<?xml version="1.0" encoding="UTF-8"?>
<!-- Generated by org.testng.reporters.JUnitReportReporter -->
<testsuite skipped="0" hostname="sysadm-Latitude-3480" name="tripServices.TS_UpdateBooking_Local" tests="1" failures="0" timestamp="02 Mar 2020 04:47:01 GMT" time="10.291" errors="0">
  <testcase name="Tripservicelocalputcall" time="10.291" classname="tripServices.TS_UpdateBooking_Local"/>
</testsuite> <!-- tripServices.TS_UpdateBooking_Local -->
