<?xml version="1.0" encoding="UTF-8"?>
<!-- Generated by org.testng.reporters.JUnitReportReporter -->
<testsuite skipped="0" hostname="sysadm-Latitude-3480" name="tripServices.TS_UpdateBooking_Trains" tests="1" failures="0" timestamp="24 Apr 2020 09:57:20 GMT" time="12.627" errors="0">
  <testcase name="Tripservicetrainputcall" time="12.627" classname="tripServices.TS_UpdateBooking_Trains"/>
</testsuite> <!-- tripServices.TS_UpdateBooking_Trains -->
