<?xml version="1.0" encoding="UTF-8"?>
<!-- Generated by org.testng.reporters.JUnitReportReporter -->
<testsuite skipped="0" hostname="sysadm-Latitude-3480" name="tripServices.AppNotification" tests="1" failures="0" timestamp="24 Apr 2020 09:57:20 GMT" time="61.044" errors="0">
  <testcase name="appnotification" time="61.044" classname="tripServices.AppNotification"/>
</testsuite> <!-- tripServices.AppNotification -->
