<?xml version="1.0" encoding="UTF-8"?>
<!-- Generated by org.testng.reporters.JUnitReportReporter -->
<testsuite skipped="0" hostname="sysadm-Latitude-3480" name="tripServicesProd.TS_GET_Air_Refunded" tests="1" failures="0" timestamp="29 Apr 2020 03:15:37 GMT" time="13.154" errors="0">
  <testcase name="getAirRefunded" time="13.154" classname="tripServicesProd.TS_GET_Air_Refunded"/>
</testsuite> <!-- tripServicesProd.TS_GET_Air_Refunded -->
