<?xml version="1.0" encoding="UTF-8"?>
<!-- Generated by org.testng.reporters.JUnitReportReporter -->
<testsuite skipped="0" hostname="sysadm-PC" name="ct_config.CT_Config_AddJSON" tests="1" failures="0" timestamp="30 Jan 2020 08:56:22 GMT" time="369.555" errors="0">
  <testcase name="ct_config" time="369.555" classname="ct_config.CT_Config_AddJSON"/>
</testsuite> <!-- ct_config.CT_Config_AddJSON -->
