<?xml version="1.0" encoding="UTF-8"?>
<!-- Generated by org.testng.reporters.JUnitReportReporter -->
<testsuite skipped="0" hostname="sysadm-Latitude-3480" name="tripServicesProd.Accounts_FetchtripdetailsByTripref" tests="1" failures="0" timestamp="24 Mar 2020 03:10:09 GMT" time="0.521" errors="0">
  <testcase name="Accounts_FetchByTripref" time="0.521" classname="tripServicesProd.Accounts_FetchtripdetailsByTripref"/>
</testsuite> <!-- tripServicesProd.Accounts_FetchtripdetailsByTripref -->
