<?xml version="1.0" encoding="UTF-8"?>
<!-- Generated by org.testng.reporters.JUnitReportReporter -->
<testsuite skipped="0" hostname="sysadm-Latitude-3480" name="tripServicesProd.TS_POST_EmailByTxnId" tests="1" failures="0" timestamp="29 Apr 2020 03:15:36 GMT" time="0.837" errors="0">
  <testcase name="getEmail" time="0.837" classname="tripServicesProd.TS_POST_EmailByTxnId"/>
</testsuite> <!-- tripServicesProd.TS_POST_EmailByTxnId -->
