<?xml version="1.0" encoding="UTF-8"?>
<!-- Generated by org.testng.reporters.JUnitReportReporter -->
<testsuite skipped="0" hostname="sysadm-PC" name="ct_config.CT_Config_AddObjofObj" tests="1" failures="0" timestamp="16 Jan 2020 10:43:45 GMT" time="381.532" errors="0">
  <testcase name="ct_config" time="381.532" classname="ct_config.CT_Config_AddObjofObj"/>
</testsuite> <!-- ct_config.CT_Config_AddObjofObj -->
