<?xml version="1.0" encoding="UTF-8"?>
<!-- Generated by org.testng.reporters.JUnitReportReporter -->
<testsuite skipped="0" hostname="sysadm-Latitude-3480" name="tripServicesProd.TS_GET_Air_Refunded" tests="1" failures="0" timestamp="24 Mar 2020 03:10:09 GMT" time="5.856" errors="0">
  <testcase name="getAirRefunded" time="5.856" classname="tripServicesProd.TS_GET_Air_Refunded"/>
</testsuite> <!-- tripServicesProd.TS_GET_Air_Refunded -->
