<?xml version="1.0" encoding="UTF-8"?>
<!-- Generated by org.testng.reporters.JUnitReportReporter -->
<testsuite skipped="0" hostname="sysadm-IT3407" name="paymentsUI.Payment_NodeJS_GV_Multi_AE" tests="1" failures="0" timestamp="23 Mar 2020 09:45:26 GMT" time="32.915" errors="0">
  <testcase name="paymentNodeJS_GV" time="32.915" classname="paymentsUI.Payment_NodeJS_GV_Multi_AE"/>
</testsuite> <!-- paymentsUI.Payment_NodeJS_GV_Multi_AE -->
