<?xml version="1.0" encoding="UTF-8"?>
<!-- Generated by org.testng.reporters.JUnitReportReporter -->
<testsuite skipped="0" hostname="sysadm-Latitude-3480" name="tripServices.TS_GET_Trips_API_Versioning_Archived" tests="1" failures="0" timestamp="08 Oct 2020 03:53:53 GMT" time="13.709" errors="0">
  <testcase name="getTripService" time="13.709" classname="tripServices.TS_GET_Trips_API_Versioning_Archived"/>
</testsuite> <!-- tripServices.TS_GET_Trips_API_Versioning_Archived -->
