<?xml version="1.0" encoding="UTF-8"?>
<!-- Generated by org.testng.reporters.JUnitReportReporter -->
<testsuite skipped="0" hostname="IT3786-kirankumar" name="paymentsUI.Payment_NodeJS_NB_CCAvenue" tests="1" failures="0" timestamp="25 Feb 2020 10:47:02 GMT" time="14.742" errors="0">
  <testcase name="paymentNodeJS_SC" time="14.742" classname="paymentsUI.Payment_NodeJS_NB_CCAvenue"/>
</testsuite> <!-- paymentsUI.Payment_NodeJS_NB_CCAvenue -->
