<?xml version="1.0" encoding="UTF-8"?>
<!-- Generated by org.testng.reporters.JUnitReportReporter -->
<testsuite skipped="0" hostname="sysadm-IT3407" name="paymentsAPI.API_CreateRecord" tests="1" failures="0" timestamp="21 Mar 2020 09:27:31 GMT" time="1.643" errors="0">
  <testcase name="paymentCC_API" time="1.643" classname="paymentsAPI.API_CreateRecord"/>
</testsuite> <!-- paymentsAPI.API_CreateRecord -->
