<?xml version="1.0" encoding="UTF-8"?>
<!-- Generated by org.testng.reporters.JUnitReportReporter -->
<testsuite skipped="0" hostname="sysadm-IT3407" name="paymentsAPI.API_Wallet_Promo_CashBackDetails" tests="1" failures="0" timestamp="21 Mar 2020 09:26:48 GMT" time="1.534" errors="0">
  <testcase name="PromoCashBack" time="1.534" classname="paymentsAPI.API_Wallet_Promo_CashBackDetails"/>
</testsuite> <!-- paymentsAPI.API_Wallet_Promo_CashBackDetails -->
