<?xml version="1.0" encoding="UTF-8"?>
<!-- Generated by org.testng.reporters.JUnitReportReporter -->
<testsuite skipped="0" hostname="sysadm-Latitude-3480" name="tripServices.TS_GET_Finance_LOCAL" tests="1" failures="0" timestamp="09 Nov 2020 08:10:53 GMT" time="1.534" errors="0">
  <testcase name="getTripService" time="1.534" classname="tripServices.TS_GET_Finance_LOCAL"/>
</testsuite> <!-- tripServices.TS_GET_Finance_LOCAL -->
