<?xml version="1.0" encoding="UTF-8"?>
<!-- Generated by org.testng.reporters.JUnitReportReporter -->
<testsuite skipped="0" hostname="sysadm-Latitude-3480" name="tripServices.TS_GraphQL" tests="1" failures="0" timestamp="02 Apr 2020 05:13:21 GMT" time="3.182" errors="0">
  <testcase name="postGraphQL" time="3.182" classname="tripServices.TS_GraphQL"/>
</testsuite> <!-- tripServices.TS_GraphQL -->
