<?xml version="1.0" encoding="UTF-8"?>
<!-- Generated by org.testng.reporters.JUnitReportReporter -->
<testsuite skipped="0" hostname="sysadm-Latitude-3480" name="tripServices.Accounts_FetchtripdetailsByTripid" tests="1" failures="0" timestamp="28 May 2020 10:59:09 GMT" time="32.099" errors="0">
  <testcase name="Accounts_FetchByTripid" time="32.099" classname="tripServices.Accounts_FetchtripdetailsByTripid"/>
</testsuite> <!-- tripServices.Accounts_FetchtripdetailsByTripid -->
