<?xml version="1.0" encoding="UTF-8"?>
<!-- Generated by org.testng.reporters.JUnitReportReporter -->
<testsuite skipped="0" hostname="sysadm-Latitude-3480" name="paymentsAPI.API_Validate" tests="1" failures="0" timestamp="05 Mar 2020 05:12:34 GMT" time="12.008" errors="0">
  <testcase name="paymentValidate_API" time="12.008" classname="paymentsAPI.API_Validate"/>
</testsuite> <!-- paymentsAPI.API_Validate -->
