<?xml version="1.0" encoding="UTF-8"?>
<!-- Generated by org.testng.reporters.JUnitReportReporter -->
<testsuite skipped="0" hostname="sysadm-Latitude-3470" name="tripServicesProd.TS_Get_ProductType_BookType" tests="1" failures="0" timestamp="11 Feb 2020 10:37:16 GMT" time="1.652" errors="0">
  <testcase name="getProducttypeBookingType" time="1.652" classname="tripServicesProd.TS_Get_ProductType_BookType"/>
</testsuite> <!-- tripServicesProd.TS_Get_ProductType_BookType -->
