<?xml version="1.0" encoding="UTF-8"?>
<!-- Generated by org.testng.reporters.JUnitReportReporter -->
<testsuite skipped="0" hostname="sysadm-Latitude-3480" name="tripServicesProd.TS_GET_CorpTripList" tests="1" failures="0" timestamp="29 Apr 2020 03:15:36 GMT" time="5.580" errors="0">
  <testcase name="getCorpTripCount" time="5.580" classname="tripServicesProd.TS_GET_CorpTripList"/>
</testsuite> <!-- tripServicesProd.TS_GET_CorpTripList -->
