<?xml version="1.0" encoding="UTF-8"?>
<!-- Generated by org.testng.reporters.JUnitReportReporter -->
<testsuite skipped="0" hostname="IT3786-kirankumar" name="paymentsAPI.API_EW_Pay_V3" tests="1" failures="0" timestamp="03 Mar 2020 10:30:35 GMT" time="2.626" errors="0">
  <testcase name="Expressway_Pay" time="2.626" classname="paymentsAPI.API_EW_Pay_V3"/>
</testsuite> <!-- paymentsAPI.API_EW_Pay_V3 -->
