<?xml version="1.0" encoding="UTF-8"?>
<!-- Generated by org.testng.reporters.JUnitReportReporter -->
<testsuite skipped="0" hostname="sysadm-Latitude-3480" name="tripServicesProd.TS_UpdateBooking_Air" tests="1" failures="0" timestamp="02 Apr 2020 11:45:01 GMT" time="2.988" errors="0">
  <testcase name="Tripserviceairputcall" time="2.988" classname="tripServicesProd.TS_UpdateBooking_Air"/>
</testsuite> <!-- tripServicesProd.TS_UpdateBooking_Air -->
