<?xml version="1.0" encoding="UTF-8"?>
<!-- Generated by org.testng.reporters.JUnitReportReporter -->
<testsuite skipped="0" hostname="IT3786-kirankumar" name="paymentsAPI.API_Reporting" tests="2" failures="0" timestamp="03 Mar 2020 10:57:51 GMT" time="2.396" errors="0">
  <testcase name="reportingPay" time="0.227" classname="paymentsAPI.API_Reporting"/>
  <testcase name="reportingAPI" time="2.169" classname="paymentsAPI.API_Reporting"/>
</testsuite> <!-- paymentsAPI.API_Reporting -->
