<?xml version="1.0" encoding="UTF-8"?>
<!-- Generated by org.testng.reporters.JUnitReportReporter -->
<testsuite skipped="0" hostname="sysadm-Latitude-3480" name="whatsappService.WhatsappUserMessage" tests="1" failures="0" timestamp="02 Mar 2020 05:30:32 GMT" time="0.115" errors="0">
  <testcase name="message" time="0.115" classname="whatsappService.WhatsappUserMessage"/>
</testsuite> <!-- whatsappService.WhatsappUserMessage -->
