<?xml version="1.0" encoding="UTF-8"?>
<!-- Generated by org.testng.reporters.JUnitReportReporter -->
<testsuite skipped="0" hostname="sysadm-IT3407" name="paymentsAPI.API_Wallet_Get_Wallet_All" tests="1" failures="0" timestamp="21 Mar 2020 08:21:53 GMT" time="2.813" errors="0">
  <testcase name="Wallet_GETWALLET" time="2.813" classname="paymentsAPI.API_Wallet_Get_Wallet_All"/>
</testsuite> <!-- paymentsAPI.API_Wallet_Get_Wallet_All -->
