<?xml version="1.0" encoding="UTF-8"?>
<!-- Generated by org.testng.reporters.JUnitReportReporter -->
<testsuite skipped="0" hostname="sysadm-IT3407" name="paymentsAPI.API_Binmanager_Get_Multiple_Cards" tests="1" failures="0" timestamp="19 Mar 2020 17:18:55 GMT" time="1015.210" errors="0">
  <testcase name="binmanager_MC_Credit" time="1015.210" classname="paymentsAPI.API_Binmanager_Get_Multiple_Cards"/>
</testsuite> <!-- paymentsAPI.API_Binmanager_Get_Multiple_Cards -->
