<?xml version="1.0" encoding="UTF-8"?>
<!-- Generated by org.testng.reporters.JUnitReportReporter -->
<testsuite skipped="0" hostname="sysadm-IT3407" name="paymentsAPI.API_Reporting" tests="2" failures="0" timestamp="21 Mar 2020 09:56:51 GMT" time="836.049" errors="0">
  <testcase name="reportingAPI" time="1.922" classname="paymentsAPI.API_Reporting"/>
  <testcase name="reportingPay" time="834.127" classname="paymentsAPI.API_Reporting"/>
</testsuite> <!-- paymentsAPI.API_Reporting -->
