<?xml version="1.0" encoding="UTF-8"?>
<!-- Generated by org.testng.reporters.JUnitReportReporter -->
<testsuite name="testScriptsTrains.Pax_2A_FirstClass_RAC" tests="1" time="204.575" ignored="0" failures="0" timestamp="12 Feb 2019 11:38:52 GMT" skipped="0" hostname="sysadm-PC" errors="0">
  <testcase name="B2cTrains_Pax_2Adults_RAC" time="204.575" classname="testScriptsTrains.Pax_2A_FirstClass_RAC"/>
</testsuite> <!-- testScriptsTrains.Pax_2A_FirstClass_RAC -->
