<?xml version="1.0" encoding="UTF-8"?>
<!-- Generated by org.testng.reporters.JUnitReportReporter -->
<testsuite skipped="0" hostname="sysadm-Latitude-3480" name="tripServicesProd.TS_GraphQL" tests="1" failures="0" timestamp="09 Mar 2020 03:42:32 GMT" time="0.816" errors="0">
  <testcase name="postGraphQL" time="0.816" classname="tripServicesProd.TS_GraphQL"/>
</testsuite> <!-- tripServicesProd.TS_GraphQL -->
