<?xml version="1.0" encoding="UTF-8"?>
<!-- Generated by org.testng.reporters.JUnitReportReporter -->
<testsuite skipped="0" hostname="sysadm-Latitude-3480" name="tripServices.TS_GET_CorpTripList" tests="1" failures="0" timestamp="29 Apr 2020 10:08:32 GMT" time="14.210" errors="0">
  <testcase name="getCorpTripCount" time="14.210" classname="tripServices.TS_GET_CorpTripList"/>
</testsuite> <!-- tripServices.TS_GET_CorpTripList -->
