<?xml version="1.0" encoding="UTF-8"?>
<!-- Generated by org.testng.reporters.JUnitReportReporter -->
<testsuite name="com.cleartrip.platform.tripServices.GetCallTS" tests="1" time="1.604" ignored="0" failures="0" timestamp="05 Feb 2019 10:36:57 GMT" skipped="0" hostname="sysadm-PC" errors="0">
  <testcase name="getTripService" time="1.604" classname="com.cleartrip.platform.tripServices.GetCallTS"/>
</testsuite> <!-- com.cleartrip.platform.tripServices.GetCallTS -->
