<?xml version="1.0" encoding="UTF-8"?>
<!-- Generated by org.testng.reporters.JUnitReportReporter -->
<testsuite skipped="0" hostname="IT3786-kirankumar" name="paymentsAPI.Prod_APIs" tests="4" failures="0" timestamp="27 Feb 2020 07:40:16 GMT" time="0.963" errors="0">
  <testcase name="getActiveNB" time="0.258" classname="paymentsAPI.Prod_APIs"/>
  <testcase name="getPaymentStatus" time="0.285" classname="paymentsAPI.Prod_APIs"/>
  <testcase name="getThirdPartyWallets" time="0.271" classname="paymentsAPI.Prod_APIs"/>
  <testcase name="getActiveCardTypes" time="0.149" classname="paymentsAPI.Prod_APIs"/>
</testsuite> <!-- paymentsAPI.Prod_APIs -->
