<?xml version="1.0" encoding="UTF-8"?>
<!-- Generated by org.testng.reporters.JUnitReportReporter -->
<testsuite skipped="1" hostname="sysadm-Latitude-3480" name="paymentsAPI.API_Wallet_GetDeduction" tests="2" failures="0" timestamp="05 Mar 2020 05:12:33 GMT" time="4.481" errors="0">
  <testcase name="Wallet_GETDEDUCTION" time="0.734" classname="paymentsAPI.API_Wallet_GetDeduction"/>
  <testcase name="Wallet_GETDEDUCTION" time="3.747" classname="paymentsAPI.API_Wallet_GetDeduction">
    <skipped/>
  </testcase> <!-- Wallet_GETDEDUCTION -->
</testsuite> <!-- paymentsAPI.API_Wallet_GetDeduction -->
