<?xml version="1.0" encoding="UTF-8"?>
<!-- Generated by org.testng.reporters.JUnitReportReporter -->
<testsuite name="testScriptsAccounts.Change_Password" tests="1" time="38.975" ignored="0" failures="0" timestamp="11 Oct 2019 05:25:42 GMT" skipped="0" hostname="sysadm-PC" errors="0">
  <testcase name="accountSetting_ChangePwd" time="38.975" classname="testScriptsAccounts.Change_Password"/>
</testsuite> <!-- testScriptsAccounts.Change_Password -->
