<?xml version="1.0" encoding="UTF-8"?>
<!-- Generated by org.testng.reporters.JUnitReportReporter -->
<testsuite skipped="0" hostname="sysadm-Latitude-3470" name="tripServicesProd.TS_GET_Finance_AIR" tests="1" failures="0" timestamp="21 Feb 2020 07:56:37 GMT" time="7.536" errors="0">
  <testcase name="getTripService" time="7.536" classname="tripServicesProd.TS_GET_Finance_AIR"/>
</testsuite> <!-- tripServicesProd.TS_GET_Finance_AIR -->
