<?xml version="1.0" encoding="UTF-8"?>
<!-- Generated by org.testng.reporters.JUnitReportReporter -->
<testsuite skipped="0" hostname="sysadm-Latitude-3480" name="tripServices.Accounts_CreateUpdate_Tagmaster" tests="1" failures="0" timestamp="09 Nov 2020 08:10:53 GMT" time="0.581" errors="0">
  <testcase name="Accounts_ExistingUsers" time="0.581" classname="tripServices.Accounts_CreateUpdate_Tagmaster"/>
</testsuite> <!-- tripServices.Accounts_CreateUpdate_Tagmaster -->
