<?xml version="1.0" encoding="UTF-8"?>
<!-- Generated by org.testng.reporters.JUnitReportReporter -->
<testsuite name="com.cleartrip.platform.tripServices.TS_GET_Finance_AIR" tests="1" time="6.576" ignored="0" failures="0" timestamp="07 Oct 2019 06:28:47 GMT" skipped="0" hostname="sysadm-PC" errors="0">
  <testcase name="getTripService" time="6.576" classname="com.cleartrip.platform.tripServices.TS_GET_Finance_AIR"/>
</testsuite> <!-- com.cleartrip.platform.tripServices.TS_GET_Finance_AIR -->
