<?xml version="1.0" encoding="UTF-8"?>
<!-- Generated by org.testng.reporters.JUnitReportReporter -->
<testsuite name="com.cleartrip.payment.nodejs.Payment_NodeJS_CC_Default" tests="1" time="11.699" ignored="0" failures="0" timestamp="18 Sep 2019 06:29:57 GMT" skipped="0" hostname="sysadm-PC" errors="0">
  <testcase name="paymentNodeJS_CC" time="11.699" classname="com.cleartrip.payment.nodejs.Payment_NodeJS_CC_Default"/>
</testsuite> <!-- com.cleartrip.payment.nodejs.Payment_NodeJS_CC_Default -->
