<?xml version="1.0" encoding="UTF-8"?>
<!-- Generated by org.testng.reporters.JUnitReportReporter -->
<testsuite skipped="0" hostname="sysadm-Latitude-3480" name="tripServices.TS_Invoice_Generation_Air" tests="1" failures="0" timestamp="23 Mar 2020 05:25:08 GMT" time="17.940" errors="0">
  <testcase name="Tripserviceairputcall" time="17.940" classname="tripServices.TS_Invoice_Generation_Air"/>
</testsuite> <!-- tripServices.TS_Invoice_Generation_Air -->
