<?xml version="1.0" encoding="UTF-8"?>
<!-- Generated by org.testng.reporters.JUnitReportReporter -->
<testsuite name="testScriptsTrains.TrainsToolLinks" tests="1" time="96.194" ignored="0" failures="0" timestamp="11 Apr 2019 10:40:18 GMT" skipped="0" hostname="sysadm-PC" errors="0">
  <testcase name="B2cTrains_TrainsToolLinks" time="96.194" classname="testScriptsTrains.TrainsToolLinks"/>
</testsuite> <!-- testScriptsTrains.TrainsToolLinks -->
