<?xml version="1.0" encoding="UTF-8"?>
<!-- Generated by org.testng.reporters.JUnitReportReporter -->
<testsuite name="testScriptsTrains.General_NB_Prod" tests="1" time="148.088" ignored="0" failures="0" timestamp="08 Oct 2019 06:52:11 GMT" skipped="0" hostname="sysadm-PC" errors="0">
  <testcase name="B2CTrains_NetbankingRetry_334" time="148.088" classname="testScriptsTrains.General_NB_Prod"/>
</testsuite> <!-- testScriptsTrains.General_NB_Prod -->
