<?xml version="1.0" encoding="UTF-8"?>
<!-- Generated by org.testng.reporters.JUnitReportReporter -->
<testsuite name="com.cleartrip.payment.nodejs.Payment_NodeJS_Hotels_Corp_CC" tests="1" time="32.886" ignored="0" failures="0" timestamp="17 Sep 2019 05:58:58 GMT" skipped="0" hostname="sysadm-PC" errors="0">
  <testcase name="paymentNodeJS_Hotel_Corp_CC" time="32.886" classname="com.cleartrip.payment.nodejs.Payment_NodeJS_Hotels_Corp_CC"/>
</testsuite> <!-- com.cleartrip.payment.nodejs.Payment_NodeJS_Hotels_Corp_CC -->
