<?xml version="1.0" encoding="UTF-8"?>
<!-- Generated by org.testng.reporters.JUnitReportReporter -->
<testsuite skipped="0" hostname="sysadm-Latitude-3470" name="tripServices1.TS_GET_Finance_HOTEL" tests="1" failures="0" timestamp="11 Feb 2020 09:37:25 GMT" time="0.645" errors="0">
  <testcase name="getTripService" time="0.645" classname="tripServices1.TS_GET_Finance_HOTEL"/>
</testsuite> <!-- tripServices1.TS_GET_Finance_HOTEL -->
