<?xml version="1.0" encoding="UTF-8"?>
<!-- Generated by org.testng.reporters.JUnitReportReporter -->
<testsuite skipped="0" hostname="sysadm-Latitude-3480" name="tripServicesProd.Accounts_Taskcategory" tests="1" failures="0" timestamp="24 Mar 2020 03:10:09 GMT" time="2.556" errors="0">
  <testcase name="Accounts_Taskcategory" time="2.556" classname="tripServicesProd.Accounts_Taskcategory"/>
</testsuite> <!-- tripServicesProd.Accounts_Taskcategory -->
