<?xml version="1.0" encoding="UTF-8"?>
<!-- Generated by org.testng.reporters.JUnitReportReporter -->
<testsuite skipped="0" hostname="sysadm-Latitude-3480" name="tripServices.TS_GET_Trips_API_Versioning_Archived" tests="1" failures="0" timestamp="09 Nov 2020 08:10:53 GMT" time="12.554" errors="0">
  <testcase name="getTripService" time="12.554" classname="tripServices.TS_GET_Trips_API_Versioning_Archived"/>
</testsuite> <!-- tripServices.TS_GET_Trips_API_Versioning_Archived -->
