<?xml version="1.0" encoding="UTF-8"?>
<!-- Generated by org.testng.reporters.JUnitReportReporter -->
<testsuite skipped="0" hostname="sysadm-Latitude-3480" name="tripServices.TS_Invoice_Generation_Air" tests="1" failures="0" timestamp="30 Apr 2020 11:05:02 GMT" time="18.472" errors="0">
  <testcase name="Tripserviceairputcall" time="18.472" classname="tripServices.TS_Invoice_Generation_Air"/>
</testsuite> <!-- tripServices.TS_Invoice_Generation_Air -->
