<?xml version="1.0" encoding="UTF-8"?>
<!-- Generated by org.testng.reporters.JUnitReportReporter -->
<testsuite skipped="0" hostname="sysadm-Latitude-3470" name="whatsappServiceProd.WhatsappUserMessageWithAttachment" tests="1" failures="0" timestamp="11 Feb 2020 09:56:26 GMT" time="0.273" errors="0">
  <testcase name="message" time="0.273" classname="whatsappServiceProd.WhatsappUserMessageWithAttachment"/>
</testsuite> <!-- whatsappServiceProd.WhatsappUserMessageWithAttachment -->
