<?xml version="1.0" encoding="UTF-8"?>
<!-- Generated by org.testng.reporters.JUnitReportReporter -->
<testsuite skipped="0" hostname="sysadm-IT3407" name="paymentsUI.Payment_NodeJS_GV_SC" tests="1" failures="0" timestamp="23 Mar 2020 09:26:00 GMT" time="38.593" errors="0">
  <testcase name="paymentNodeJS_SC" time="38.593" classname="paymentsUI.Payment_NodeJS_GV_SC"/>
</testsuite> <!-- paymentsUI.Payment_NodeJS_GV_SC -->
