<?xml version="1.0" encoding="UTF-8"?>
<!-- Generated by org.testng.reporters.JUnitReportReporter -->
<testsuite skipped="0" hostname="IT3786-kirankumar" name="paymentsAPI.Prod_Wallet_Get_Currency" tests="1" failures="0" timestamp="27 Feb 2020 07:40:16 GMT" time="0.365" errors="0">
  <testcase name="Wallet_GetCurrency" time="0.365" classname="paymentsAPI.Prod_Wallet_Get_Currency"/>
</testsuite> <!-- paymentsAPI.Prod_Wallet_Get_Currency -->
