<?xml version="1.0" encoding="UTF-8"?>
<!-- Generated by org.testng.reporters.JUnitReportReporter -->
<testsuite skipped="0" hostname="sysadm-Latitude-3480" name="tripServicesProd.TS_TripLockExpiry" tests="1" failures="0" timestamp="07 Apr 2020 03:23:34 GMT" time="1.444" errors="0">
  <testcase name="Trip_LockExpiry" time="1.444" classname="tripServicesProd.TS_TripLockExpiry"/>
</testsuite> <!-- tripServicesProd.TS_TripLockExpiry -->
