<?xml version="1.0" encoding="UTF-8"?>
<!-- Generated by org.testng.reporters.JUnitReportReporter -->
<testsuite skipped="0" hostname="sysadm-Latitude-3480" name="tripServices.Accounts_FetchtripdetailsByUserid" tests="1" failures="0" timestamp="30 Apr 2020 07:49:03 GMT" time="9.174" errors="0">
  <testcase name="Accounts_FetchByUserid" time="9.174" classname="tripServices.Accounts_FetchtripdetailsByUserid"/>
</testsuite> <!-- tripServices.Accounts_FetchtripdetailsByUserid -->
