<?xml version="1.0" encoding="UTF-8"?>
<!-- Generated by org.testng.reporters.JUnitReportReporter -->
<testsuite name="com.cleartrip.platform.whatsappService.WhatsappDeliveryFeedback" tests="1" time="9.764" ignored="0" failures="0" timestamp="07 Oct 2019 06:28:48 GMT" skipped="0" hostname="sysadm-PC" errors="0">
  <testcase name="message" time="9.764" classname="com.cleartrip.platform.whatsappService.WhatsappDeliveryFeedback"/>
</testsuite> <!-- com.cleartrip.platform.whatsappService.WhatsappDeliveryFeedback -->
