<?xml version="1.0" encoding="UTF-8"?>
<!-- Generated by org.testng.reporters.JUnitReportReporter -->
<testsuite skipped="0" hostname="sysadm-Latitude-3480" name="tripServicesProd.Accounts_Notes" tests="1" failures="0" timestamp="07 Apr 2020 03:23:34 GMT" time="5.650" errors="0">
  <testcase name="Accounts_ExistingUsers" time="5.650" classname="tripServicesProd.Accounts_Notes"/>
</testsuite> <!-- tripServicesProd.Accounts_Notes -->
