<?xml version="1.0" encoding="UTF-8"?>
<!-- Generated by org.testng.reporters.JUnitReportReporter -->
<testsuite skipped="0" hostname="sysadm-Latitude-3470" name="tripServicesProd.TS_GET_TripcountbyPNR" tests="1" failures="0" timestamp="21 Feb 2020 07:56:37 GMT" time="62.186" errors="0">
  <testcase name="getTripcount" time="62.186" classname="tripServicesProd.TS_GET_TripcountbyPNR"/>
</testsuite> <!-- tripServicesProd.TS_GET_TripcountbyPNR -->
