<?xml version="1.0" encoding="UTF-8"?>
<!-- Generated by org.testng.reporters.JUnitReportReporter -->
<testsuite skipped="0" hostname="sysadm-Latitude-3480" name="tripServices.TS_GET_Company_Bookstat" tests="1" failures="0" timestamp="09 Nov 2020 08:10:54 GMT" time="0.166" errors="0">
  <testcase name="getCompanyBookstat" time="0.166" classname="tripServices.TS_GET_Company_Bookstat"/>
</testsuite> <!-- tripServices.TS_GET_Company_Bookstat -->
