<?xml version="1.0" encoding="UTF-8"?>
<!-- Generated by org.testng.reporters.JUnitReportReporter -->
<testsuite skipped="0" hostname="sysadm-Latitude-3480" name="tripServices.TS_ProductType_Userid_Train" tests="1" failures="0" timestamp="29 Apr 2020 06:20:08 GMT" time="1.663" errors="0">
  <testcase name="producttype_userid_air" time="1.663" classname="tripServices.TS_ProductType_Userid_Train"/>
</testsuite> <!-- tripServices.TS_ProductType_Userid_Train -->
