<?xml version="1.0" encoding="UTF-8"?>
<!-- Generated by org.testng.reporters.JUnitReportReporter -->
<testsuite skipped="0" hostname="sysadm-Latitude-3470" name="tripServicesProd.Accounts_Taskcategory" tests="1" failures="0" timestamp="21 Feb 2020 07:56:37 GMT" time="0.126" errors="0">
  <testcase name="Accounts_Taskcategory" time="0.126" classname="tripServicesProd.Accounts_Taskcategory"/>
</testsuite> <!-- tripServicesProd.Accounts_Taskcategory -->
