<?xml version="1.0" encoding="UTF-8"?>
<!-- Generated by org.testng.reporters.JUnitReportReporter -->
<testsuite skipped="0" hostname="sysadm-IT3407" name="paymentsAPI.API_OLA_Promo" tests="1" failures="0" timestamp="18 Mar 2020 07:46:32 GMT" time="1320.367" errors="0">
  <testcase name="paymentOTP_Validate" time="1320.367" classname="paymentsAPI.API_OLA_Promo"/>
</testsuite> <!-- paymentsAPI.API_OLA_Promo -->
