<?xml version="1.0" encoding="UTF-8"?>
<!-- Generated by org.testng.reporters.JUnitReportReporter -->
<testsuite name="com.cleartrip.platform.smsservice.DomesticSMS" tests="1" time="60.108" ignored="0" failures="0" timestamp="07 Oct 2019 06:28:47 GMT" skipped="0" hostname="sysadm-PC" errors="0">
  <testcase name="smsservice" time="60.108" classname="com.cleartrip.platform.smsservice.DomesticSMS"/>
</testsuite> <!-- com.cleartrip.platform.smsservice.DomesticSMS -->
