<?xml version="1.0" encoding="UTF-8"?>
<!-- Generated by org.testng.reporters.JUnitReportReporter -->
<testsuite name="com.cleartrip.platform.whatsappService.WhatsappUserAttachmentSaudi" tests="1" time="2.530" ignored="0" failures="0" timestamp="27 Sep 2019 03:52:00 GMT" skipped="0" hostname="sysadm-PC" errors="0">
  <testcase name="message" time="2.530" classname="com.cleartrip.platform.whatsappService.WhatsappUserAttachmentSaudi"/>
</testsuite> <!-- com.cleartrip.platform.whatsappService.WhatsappUserAttachmentSaudi -->
