<?xml version="1.0" encoding="UTF-8"?>
<!-- Generated by org.testng.reporters.JUnitReportReporter -->
<testsuite name="testScriptsAccounts.Expressway" tests="1" time="40.977" ignored="0" failures="0" timestamp="08 Oct 2019 10:15:16 GMT" skipped="0" hostname="sysadm-PC" errors="0">
  <testcase name="accountExpressway_76" time="40.977" classname="testScriptsAccounts.Expressway"/>
</testsuite> <!-- testScriptsAccounts.Expressway -->
