<?xml version="1.0" encoding="UTF-8"?>
<!-- Generated by org.testng.reporters.JUnitReportReporter -->
<testsuite skipped="0" hostname="sysadm-IT3407" name="paymentsAPI.API_Wallet_PromoUsed" tests="1" failures="0" timestamp="21 Mar 2020 08:32:32 GMT" time="243.312" errors="0">
  <testcase name="Wallet_Promo_used" time="243.312" classname="paymentsAPI.API_Wallet_PromoUsed"/>
</testsuite> <!-- paymentsAPI.API_Wallet_PromoUsed -->
