<?xml version="1.0" encoding="UTF-8"?>
<!-- Generated by org.testng.reporters.JUnitReportReporter -->
<testsuite name="testScriptsAccounts.Change_Password" tests="1" time="48.913" ignored="0" failures="0" timestamp="10 Oct 2019 09:26:35 GMT" skipped="0" hostname="sysadm-PC" errors="0">
  <testcase name="accountSetting_ChangePwd" time="48.913" classname="testScriptsAccounts.Change_Password"/>
</testsuite> <!-- testScriptsAccounts.Change_Password -->
