<?xml version="1.0" encoding="UTF-8"?>
<!-- Generated by org.testng.reporters.JUnitReportReporter -->
<testsuite skipped="0" hostname="sysadm-Latitude-3480" name="tripServices.TS_ProductType_Userid_Local" tests="1" failures="0" timestamp="29 Apr 2020 06:18:59 GMT" time="2.083" errors="0">
  <testcase name="producttype_userid_air" time="2.083" classname="tripServices.TS_ProductType_Userid_Local"/>
</testsuite> <!-- tripServices.TS_ProductType_Userid_Local -->
