<?xml version="1.0" encoding="UTF-8"?>
<!-- Generated by org.testng.reporters.JUnitReportReporter -->
<testsuite name="com.cleartrip.platform.supportchatapi.SupportcreateChatAPI" tests="1" time="1.590" ignored="0" failures="0" timestamp="20 Feb 2019 05:35:02 GMT" skipped="0" hostname="sysadm-PC" errors="0">
  <testcase name="supportcreateChat" time="1.590" classname="com.cleartrip.platform.supportchatapi.SupportcreateChatAPI"/>
</testsuite> <!-- com.cleartrip.platform.supportchatapi.SupportcreateChatAPI -->
