<?xml version="1.0" encoding="UTF-8"?>
<!-- Generated by org.testng.reporters.JUnitReportReporter -->
<testsuite skipped="0" hostname="sysadm-Latitude-3480" name="tripServicesProd.TS_Affiliated_TxnID" tests="1" failures="0" timestamp="24 Mar 2020 03:10:09 GMT" time="6.459" errors="0">
  <testcase name="getTripService" time="6.459" classname="tripServicesProd.TS_Affiliated_TxnID"/>
</testsuite> <!-- tripServicesProd.TS_Affiliated_TxnID -->
