<?xml version="1.0" encoding="UTF-8"?>
<!-- Generated by org.testng.reporters.JUnitReportReporter -->
<testsuite skipped="0" hostname="sysadm-Latitude-3480" name="tripServices.TS_GET_CorpTripCount" tests="1" failures="0" timestamp="28 May 2020 10:59:09 GMT" time="12.396" errors="0">
  <testcase name="getCorpTripCount" time="12.396" classname="tripServices.TS_GET_CorpTripCount"/>
</testsuite> <!-- tripServices.TS_GET_CorpTripCount -->
