<?xml version="1.0" encoding="UTF-8"?>
<!-- Generated by org.testng.reporters.JUnitReportReporter -->
<testsuite skipped="0" hostname="sysadm-Latitude-3480" name="tripServices.Accounts_ExistingUser" tests="1" failures="0" timestamp="09 Nov 2020 08:10:53 GMT" time="3.233" errors="0">
  <testcase name="Accounts_ExistingUsers" time="3.233" classname="tripServices.Accounts_ExistingUser"/>
</testsuite> <!-- tripServices.Accounts_ExistingUser -->
