<?xml version="1.0" encoding="UTF-8"?>
<!-- Generated by org.testng.reporters.JUnitReportReporter -->
<testsuite name="com.cleartrip.platform.supportchatapi.SupportGatewaycreateChatAPI" tests="2" time="128.991" ignored="0" failures="1" timestamp="20 Feb 2019 05:35:02 GMT" skipped="1" hostname="sysadm-PC" errors="0">
  <testcase name="supportGatewaycreateChat" time="60.741" classname="com.cleartrip.platform.supportchatapi.SupportGatewaycreateChatAPI">
    <failure type="java.lang.AssertionError" message="expected [true] but found [false]">
      <![CDATA[java.lang.AssertionError: expected [true] but found [false]
	at org.testng.Assert.fail(Assert.java:94)
	at org.testng.Assert.failNotEquals(Assert.java:513)
	at org.testng.Assert.assertTrue(Assert.java:42)
	at org.testng.Assert.assertTrue(Assert.java:52)
	at com.cleartrip.platform.supportchatapi.SupportAPICommon.validation(SupportAPICommon.java:70)
	at com.cleartrip.platform.supportchatapi.SupportGatewaycreateChatAPI.supportGatewaycreateChat(SupportGatewaycreateChatAPI.java:15)
	at sun.reflect.NativeMethodAccessorImpl.invoke0(Native Method)
	at sun.reflect.NativeMethodAccessorImpl.invoke(Unknown Source)
	at sun.reflect.DelegatingMethodAccessorImpl.invoke(Unknown Source)
	at java.lang.reflect.Method.invoke(Unknown Source)
	at org.testng.internal.MethodInvocationHelper.invokeMethod(MethodInvocationHelper.java:104)
	at org.testng.internal.Invoker.invokeMethod(Invoker.java:645)
	at org.testng.internal.Invoker.retryFailed(Invoker.java:998)
	at org.testng.internal.Invoker.invokeTestMethods(Invoker.java:1200)
	at org.testng.internal.TestMethodWorker.invokeTestMethods(TestMethodWorker.java:129)
	at org.testng.internal.TestMethodWorker.run(TestMethodWorker.java:112)
	at java.util.concurrent.ThreadPoolExecutor.runWorker(Unknown Source)
	at java.util.concurrent.ThreadPoolExecutor$Worker.run(Unknown Source)
	at java.lang.Thread.run(Unknown Source)
]]>
    </failure>
  </testcase> <!-- supportGatewaycreateChat -->
  <testcase name="supportGatewaycreateChat" time="68.250" classname="com.cleartrip.platform.supportchatapi.SupportGatewaycreateChatAPI">
    <skipped/>
  </testcase> <!-- supportGatewaycreateChat -->
</testsuite> <!-- com.cleartrip.platform.supportchatapi.SupportGatewaycreateChatAPI -->
