<?xml version="1.0" encoding="UTF-8"?>
<!-- Generated by org.testng.reporters.JUnitReportReporter -->
<testsuite skipped="0" hostname="sysadm-Latitude-3480" name="tripServicesProd.TS_GET_FinanceAllTrips_Hotel" tests="1" failures="0" timestamp="02 Mar 2020 04:30:37 GMT" time="10.252" errors="0">
  <testcase name="getTripService" time="10.252" classname="tripServicesProd.TS_GET_FinanceAllTrips_Hotel"/>
</testsuite> <!-- tripServicesProd.TS_GET_FinanceAllTrips_Hotel -->
