<?xml version="1.0" encoding="UTF-8"?>
<!-- Generated by org.testng.reporters.JUnitReportReporter -->
<testsuite skipped="0" hostname="sysadm-IT3407" name="paymentsAPI.API_OLA_Validate_Pay" tests="4" failures="0" timestamp="18 Mar 2020 16:36:20 GMT" time="113.631" errors="0">
  <testcase name="paymentOTP_Validate" time="2.856" classname="paymentsAPI.API_OLA_Validate_Pay"/>
  <testcase name="paymentOTP_CheckStat" time="0.212" classname="paymentsAPI.API_OLA_Validate_Pay"/>
  <testcase name="paymentOTP_PromoStat" time="110.147" classname="paymentsAPI.API_OLA_Validate_Pay"/>
  <testcase name="paymentOTP_Pay" time="0.416" classname="paymentsAPI.API_OLA_Validate_Pay"/>
</testsuite> <!-- paymentsAPI.API_OLA_Validate_Pay -->
