<?xml version="1.0" encoding="UTF-8"?>
<!-- Generated by org.testng.reporters.JUnitReportReporter -->
<testsuite skipped="0" hostname="sysadm-Latitude-3480" name="whatsappService.WhatsappDeliveryFeedback" tests="1" failures="0" timestamp="02 Mar 2020 05:30:32 GMT" time="11.163" errors="0">
  <testcase name="message" time="11.163" classname="whatsappService.WhatsappDeliveryFeedback"/>
</testsuite> <!-- whatsappService.WhatsappDeliveryFeedback -->
