<?xml version="1.0" encoding="UTF-8"?>
<!-- Generated by org.testng.reporters.JUnitReportReporter -->
<testsuite skipped="0" hostname="sysadm-Latitude-3480" name="tripServices.TS_Finance_Scrapers" tests="1" failures="0" timestamp="30 Apr 2020 07:49:03 GMT" time="1.648" errors="0">
  <testcase name="airPostCall" time="1.648" classname="tripServices.TS_Finance_Scrapers"/>
</testsuite> <!-- tripServices.TS_Finance_Scrapers -->
