<?xml version="1.0" encoding="UTF-8"?>
<!-- Generated by org.testng.reporters.JUnitReportReporter -->
<testsuite skipped="0" hostname="sysadm-IT3407" name="paymentsUI.Payment_NodeJS_PhonePe" tests="1" failures="0" timestamp="23 Mar 2020 09:15:17 GMT" time="18.397" errors="0">
  <testcase name="paymentNodeJS_PhonePe" time="18.397" classname="paymentsUI.Payment_NodeJS_PhonePe"/>
</testsuite> <!-- paymentsUI.Payment_NodeJS_PhonePe -->
