<?xml version="1.0" encoding="UTF-8"?>
<!-- Generated by org.testng.reporters.JUnitReportReporter -->
<testsuite name="com.cleartrip.platform.email.GeneratePKPass" tests="1" time="1.878" ignored="0" failures="0" timestamp="07 Oct 2019 06:28:47 GMT" skipped="0" hostname="sysadm-PC" errors="0">
  <testcase name="generatePKPass" time="1.878" classname="com.cleartrip.platform.email.GeneratePKPass"/>
</testsuite> <!-- com.cleartrip.platform.email.GeneratePKPass -->
