<?xml version="1.0" encoding="UTF-8"?>
<!-- Generated by org.testng.reporters.JUnitReportReporter -->
<testsuite skipped="0" hostname="sysadm-Latitude-3480" name="tripServices.TS_GET_Trips_ItineraryId" tests="1" failures="0" timestamp="23 Mar 2020 05:25:08 GMT" time="1.849" errors="0">
  <testcase name="getTripsbyItineraryId" time="1.849" classname="tripServices.TS_GET_Trips_ItineraryId"/>
</testsuite> <!-- tripServices.TS_GET_Trips_ItineraryId -->
