<?xml version="1.0" encoding="UTF-8"?>
<!-- Generated by org.testng.reporters.JUnitReportReporter -->
<testsuite name="testScriptsIndiaHotels.HotelCom_Payment_Wallet_AmazonPay" tests="1" time="68.880" ignored="0" failures="0" timestamp="13 Mar 2019 11:28:36 GMT" skipped="0" hostname="sysadm-PC" errors="0">
  <testcase name="HotelComAmazonPay" time="68.880" classname="testScriptsIndiaHotels.HotelCom_Payment_Wallet_AmazonPay"/>
</testsuite> <!-- testScriptsIndiaHotels.HotelCom_Payment_Wallet_AmazonPay -->
