<?xml version="1.0" encoding="UTF-8"?>
<!-- Generated by org.testng.reporters.JUnitReportReporter -->
<testsuite skipped="0" hostname="sysadm-Latitude-3480" name="tripServices.Accounts_Taskcategory" tests="1" failures="0" timestamp="28 May 2020 10:59:09 GMT" time="9.357" errors="0">
  <testcase name="Accounts_Taskcategory" time="9.357" classname="tripServices.Accounts_Taskcategory"/>
</testsuite> <!-- tripServices.Accounts_Taskcategory -->
