<?xml version="1.0" encoding="UTF-8"?>
<!-- Generated by org.testng.reporters.JUnitReportReporter -->
<testsuite skipped="0" hostname="sysadm-Latitude-3480" name="tripServicesProd.Accounts_FetchtripdetailsByBookedUserid" tests="1" failures="0" timestamp="02 Mar 2020 04:30:37 GMT" time="3.813" errors="0">
  <testcase name="Accounts_FetchByBookedUserid" time="3.813" classname="tripServicesProd.Accounts_FetchtripdetailsByBookedUserid"/>
</testsuite> <!-- tripServicesProd.Accounts_FetchtripdetailsByBookedUserid -->
