<?xml version="1.0" encoding="UTF-8"?>
<!-- Generated by org.testng.reporters.JUnitReportReporter -->
<testsuite name="testScriptsHQUI.HQPeople" tests="1" time="39.720" ignored="0" failures="0" timestamp="11 Mar 2019 06:38:51 GMT" skipped="0" hostname="sysadm-PC" errors="0">
  <testcase name="peopleSanity_118" time="39.720" classname="testScriptsHQUI.HQPeople"/>
</testsuite> <!-- testScriptsHQUI.HQPeople -->
