<?xml version="1.0" encoding="UTF-8"?>
<!-- Generated by org.testng.reporters.JUnitReportReporter -->
<testsuite skipped="0" hostname="sysadm-IT3407" name="paymentsAPI.API_Wallet_Get_Wallet_Trnx" tests="1" failures="0" timestamp="20 Mar 2020 10:39:54 GMT" time="399.100" errors="0">
  <testcase name="Wallet_GETWALLET" time="399.100" classname="paymentsAPI.API_Wallet_Get_Wallet_Trnx"/>
</testsuite> <!-- paymentsAPI.API_Wallet_Get_Wallet_Trnx -->
