<?xml version="1.0" encoding="UTF-8"?>
<!-- Generated by org.testng.reporters.JUnitReportReporter -->
<testsuite skipped="0" hostname="IT3786-kirankumar" name="paymentsAPI.API_ROR_Writes" tests="12" failures="0" timestamp="20 Mar 2020 13:48:13 GMT" time="15.209" errors="0">
  <testcase name="ROR_MultiSearch_Pay" time="0.677" classname="paymentsAPI.API_ROR_Writes"/>
  <testcase name="ROR_Create_Payments" time="10.066" classname="paymentsAPI.API_ROR_Writes"/>
  <testcase name="ROR_Update_Refunds" time="0.150" classname="paymentsAPI.API_ROR_Writes"/>
  <testcase name="ROR_Search_ProfileList" time="0.350" classname="paymentsAPI.API_ROR_Writes"/>
  <testcase name="ROR_Fetch_RefundByID" time="0.201" classname="paymentsAPI.API_ROR_Writes"/>
  <testcase name="ROR_Fetch_ProfileList" time="0.189" classname="paymentsAPI.API_ROR_Writes"/>
  <testcase name="ROR_Fetch_PaymentByID" time="0.412" classname="paymentsAPI.API_ROR_Writes"/>
  <testcase name="ROR_Create_Refunds" time="1.602" classname="paymentsAPI.API_ROR_Writes"/>
  <testcase name="ROR_Create_ProfileList" time="0.323" classname="paymentsAPI.API_ROR_Writes"/>
  <testcase name="ROR_Update_Payment" time="0.287" classname="paymentsAPI.API_ROR_Writes"/>
  <testcase name="ROR_Update_ProfileList" time="0.249" classname="paymentsAPI.API_ROR_Writes"/>
  <testcase name="ROR_Recon" time="0.703" classname="paymentsAPI.API_ROR_Writes"/>
</testsuite> <!-- paymentsAPI.API_ROR_Writes -->
