<?xml version="1.0" encoding="UTF-8"?>
<!-- Generated by org.testng.reporters.JUnitReportReporter -->
<testsuite skipped="0" hostname="sysadm-Latitude-3480" name="paymentsAPI.API_EW_GetOutstanding" tests="1" failures="0" timestamp="05 Mar 2020 05:12:34 GMT" time="11.916" errors="0">
  <testcase name="Expressway_getOutstandingAmt" time="11.916" classname="paymentsAPI.API_EW_GetOutstanding"/>
</testsuite> <!-- paymentsAPI.API_EW_GetOutstanding -->
