<?xml version="1.0" encoding="UTF-8"?>
<!-- Generated by org.testng.reporters.JUnitReportReporter -->
<testsuite skipped="0" hostname="sysadm-PC" name="accountServiceProd.Account_service_GetuserbyEmail_API" tests="1" failures="0" timestamp="15 Jun 2020 05:24:47 GMT" time="1.417" errors="0">
  <testcase name="Acct_Prod_usersearchbyemail_API" time="1.417" classname="accountServiceProd.Account_service_GetuserbyEmail_API"/>
</testsuite> <!-- accountServiceProd.Account_service_GetuserbyEmail_API -->
