<?xml version="1.0" encoding="UTF-8"?>
<!-- Generated by org.testng.reporters.JUnitReportReporter -->
<testsuite skipped="0" hostname="sysadm-Latitude-3480" name="tripServices.TS_GET_Air_Refunded" tests="1" failures="0" timestamp="28 May 2020 10:59:09 GMT" time="4.518" errors="0">
  <testcase name="getAirRefunded" time="4.518" classname="tripServices.TS_GET_Air_Refunded"/>
</testsuite> <!-- tripServices.TS_GET_Air_Refunded -->
