<?xml version="1.0" encoding="UTF-8"?>
<!-- Generated by org.testng.reporters.JUnitReportReporter -->
<testsuite skipped="0" hostname="sysadm-Latitude-3480" name="tripServices.TS_LogBooking_Trains" tests="1" failures="0" timestamp="09 Nov 2020 08:10:53 GMT" time="14.136" errors="0">
  <testcase name="Tripservicepostcall" time="14.136" classname="tripServices.TS_LogBooking_Trains"/>
</testsuite> <!-- tripServices.TS_LogBooking_Trains -->
