<?xml version="1.0" encoding="UTF-8"?>
<!-- Generated by org.testng.reporters.JUnitReportReporter -->
<testsuite skipped="0" hostname="IT3786-kirankumar" name="paymentsAPI.API_storeCard" tests="3" failures="0" timestamp="11 Mar 2020 07:13:20 GMT" time="4.089" errors="0">
  <testcase name="Wallet_storeCard" time="3.181" classname="paymentsAPI.API_storeCard"/>
  <testcase name="Wallet_validateCard" time="0.103" classname="paymentsAPI.API_storeCard"/>
  <testcase name="Wallet_getCard_DeleteCard" time="0.805" classname="paymentsAPI.API_storeCard"/>
</testsuite> <!-- paymentsAPI.API_storeCard -->
