<?xml version="1.0" encoding="UTF-8"?>
<!-- Generated by org.testng.reporters.JUnitReportReporter -->
<testsuite skipped="1" hostname="sysadm-Latitude-3480" name="accountsAPI.Account_Service_Flyin_ResetPassword" tests="2" failures="1" timestamp="04 May 2020 05:15:19 GMT" time="0.761" errors="0">
  <testcase name="flyinresetpasswordV2" time="0.446" classname="accountsAPI.Account_Service_Flyin_ResetPassword">
    <failure type="junit.framework.AssertionFailedError">
      <![CDATA[junit.framework.AssertionFailedError
at junit.framework.Assert.fail(Assert.java:48)
at junit.framework.Assert.assertTrue(Assert.java:20)
at junit.framework.Assert.assertTrue(Assert.java:27)
at accountsAPI.AccountsCommon_API.validation(AccountsCommon_API.java:1121)
at accountsAPI.Account_Service_Flyin_ResetPassword.flyinresetpasswordV2(Account_Service_Flyin_ResetPassword.java:18)
at sun.reflect.NativeMethodAccessorImpl.invoke0(Native Method)
at sun.reflect.NativeMethodAccessorImpl.invoke(NativeMethodAccessorImpl.java:62)
at sun.reflect.DelegatingMethodAccessorImpl.invoke(DelegatingMethodAccessorImpl.java:43)
at java.lang.reflect.Method.invoke(Method.java:498)
at org.testng.internal.MethodInvocationHelper.invokeMethod(MethodInvocationHelper.java:124)
at org.testng.internal.Invoker.invokeMethod(Invoker.java:583)
at org.testng.internal.Invoker.retryFailed(Invoker.java:839)
at org.testng.internal.Invoker.invokeTestMethods(Invoker.java:1010)
at org.testng.internal.TestMethodWorker.invokeTestMethods(TestMethodWorker.java:125)
at org.testng.internal.TestMethodWorker.run(TestMethodWorker.java:109)
at java.util.concurrent.ThreadPoolExecutor.runWorker(ThreadPoolExecutor.java:1149)
at java.util.concurrent.ThreadPoolExecutor$Worker.run(ThreadPoolExecutor.java:624)
at java.lang.Thread.run(Thread.java:748)
]]>
    </failure>
  </testcase> <!-- flyinresetpasswordV2 -->
  <testcase name="flyinresetpasswordV2" time="0.315" classname="accountsAPI.Account_Service_Flyin_ResetPassword">
    <skipped/>
  </testcase> <!-- flyinresetpasswordV2 -->
</testsuite> <!-- accountsAPI.Account_Service_Flyin_ResetPassword -->
