<?xml version="1.0" encoding="UTF-8"?>
<!-- Generated by org.testng.reporters.JUnitReportReporter -->
<testsuite skipped="0" hostname="IT3786-kirankumar" name="paymentsUI.PaymentUI_Captcha" tests="1" failures="0" timestamp="11 Mar 2020 06:52:05 GMT" time="25.854" errors="0">
  <testcase name="retryCaptcha" time="25.854" classname="paymentsUI.PaymentUI_Captcha"/>
</testsuite> <!-- paymentsUI.PaymentUI_Captcha -->
