<?xml version="1.0" encoding="UTF-8"?>
<!-- Generated by org.testng.reporters.JUnitReportReporter -->
<testsuite skipped="0" hostname="sysadm-IT3407" name="paymentsAPI.API_GV_Get" tests="1" failures="0" timestamp="21 Mar 2020 08:55:56 GMT" time="7.331" errors="0">
  <testcase name="API_GVGet" time="7.331" classname="paymentsAPI.API_GV_Get"/>
</testsuite> <!-- paymentsAPI.API_GV_Get -->
