<?xml version="1.0" encoding="UTF-8"?>
<!-- Generated by org.testng.reporters.JUnitReportReporter -->
<testsuite skipped="0" hostname="sysadm-Latitude-3480" name="tripServices.Accounts_FetchtripdetailsByBookedUserid" tests="1" failures="0" timestamp="23 Mar 2020 05:25:08 GMT" time="4.842" errors="0">
  <testcase name="Accounts_FetchByBookedUserid" time="4.842" classname="tripServices.Accounts_FetchtripdetailsByBookedUserid"/>
</testsuite> <!-- tripServices.Accounts_FetchtripdetailsByBookedUserid -->
