<?xml version="1.0" encoding="UTF-8"?>
<!-- Generated by org.testng.reporters.JUnitReportReporter -->
<testsuite skipped="0" hostname="sysadm-IT3407" name="paymentsAPI.API_Navison_CC" tests="1" failures="0" timestamp="18 Mar 2020 18:32:54 GMT" time="152.413" errors="0">
  <testcase name="paymentCC_API" time="152.413" classname="paymentsAPI.API_Navison_CC"/>
</testsuite> <!-- paymentsAPI.API_Navison_CC -->
