<?xml version="1.0" encoding="UTF-8"?>
<!-- Generated by org.testng.reporters.JUnitReportReporter -->
<testsuite name="com.cleartrip.platform.tripServices.TripservicePostCall_AIRLogBooking" tests="1" time="1.750" ignored="0" failures="0" timestamp="15 Mar 2019 03:52:22 GMT" skipped="0" hostname="sysadm-PC" errors="0">
  <testcase name="airPostCall" time="1.750" classname="com.cleartrip.platform.tripServices.TripservicePostCall_AIRLogBooking"/>
</testsuite> <!-- com.cleartrip.platform.tripServices.TripservicePostCall_AIRLogBooking -->
