<?xml version="1.0" encoding="UTF-8"?>
<!-- Generated by org.testng.reporters.JUnitReportReporter -->
<testsuite name="testScriptsAccounts.HeaderElements_SignIN_Unsigned" tests="4" time="148.704" ignored="0" failures="0" timestamp="08 Oct 2019 04:29:28 GMT" skipped="2" hostname="sysadm-PC" errors="0">
  <testcase name="accountHeaderUnsigned1" time="36.100" classname="testScriptsAccounts.HeaderElements_SignIN_Unsigned"/>
  <testcase name="accountHeaderSignin" time="20.579" classname="testScriptsAccounts.HeaderElements_SignIN_Unsigned"/>
  <testcase name="accountHeaderSignin" time="71.885" classname="testScriptsAccounts.HeaderElements_SignIN_Unsigned">
    <skipped/>
  </testcase> <!-- accountHeaderSignin -->
  <testcase name="accountHeaderUnsigned1" time="20.140" classname="testScriptsAccounts.HeaderElements_SignIN_Unsigned">
    <skipped/>
  </testcase> <!-- accountHeaderUnsigned1 -->
</testsuite> <!-- testScriptsAccounts.HeaderElements_SignIN_Unsigned -->
