<?xml version="1.0" encoding="UTF-8"?>
<!-- Generated by org.testng.reporters.JUnitReportReporter -->
<testsuite skipped="0" hostname="sysadm-Latitude-3470" name="tripServices1.TS_Finance_Scrapers" tests="1" failures="0" timestamp="11 Feb 2020 09:37:25 GMT" time="1.701" errors="0">
  <testcase name="airPostCall" time="1.701" classname="tripServices1.TS_Finance_Scrapers"/>
</testsuite> <!-- tripServices1.TS_Finance_Scrapers -->
