<?xml version="1.0" encoding="UTF-8"?>
<!-- Generated by org.testng.reporters.JUnitReportReporter -->
<testsuite name="com.cleartrip.platform.accounts.IVR_TripID_API" tests="1" time="0.382" ignored="0" failures="0" timestamp="23 Apr 2019 03:57:17 GMT" skipped="0" hostname="sysadm-PC" errors="0">
  <testcase name="IVR_Trip" time="0.382" classname="com.cleartrip.platform.accounts.IVR_TripID_API"/>
</testsuite> <!-- com.cleartrip.platform.accounts.IVR_TripID_API -->
