<?xml version="1.0" encoding="UTF-8"?>
<!-- Generated by org.testng.reporters.JUnitReportReporter -->
<testsuite skipped="0" hostname="sysadm-Latitude-3480" name="tripServices.TS_POST_GetAllTrips" tests="1" failures="0" timestamp="02 Jun 2020 10:13:00 GMT" time="484.525" errors="0">
  <testcase name="airPostCall" time="484.525" classname="tripServices.TS_POST_GetAllTrips"/>
</testsuite> <!-- tripServices.TS_POST_GetAllTrips -->
