<?xml version="1.0" encoding="UTF-8"?>
<!-- Generated by org.testng.reporters.JUnitReportReporter -->
<testsuite skipped="0" hostname="sysadm-Latitude-3480" name="tripServices.TS_LogBooking_Air" tests="1" failures="0" timestamp="24 Apr 2020 09:57:20 GMT" time="16.049" errors="0">
  <testcase name="airPostCall" time="16.049" classname="tripServices.TS_LogBooking_Air"/>
</testsuite> <!-- tripServices.TS_LogBooking_Air -->
