<?xml version="1.0" encoding="UTF-8"?>
<!-- Generated by org.testng.reporters.JUnitReportReporter -->
<testsuite name="testScriptsAccounts.B2C_AccountsPage_LHSTabs" tests="1" time="148.256" ignored="0" failures="0" timestamp="08 Oct 2019 04:29:28 GMT" skipped="0" hostname="sysadm-PC" errors="0">
  <testcase name="Accounts_LHStabs" time="148.256" classname="testScriptsAccounts.B2C_AccountsPage_LHSTabs"/>
</testsuite> <!-- testScriptsAccounts.B2C_AccountsPage_LHSTabs -->
