<?xml version="1.0" encoding="UTF-8"?>
<!-- Generated by org.testng.reporters.JUnitReportReporter -->
<testsuite skipped="0" hostname="sysadm-Latitude-3480" name="tripServices.TS_Invoice_Generation_Hotel" tests="1" failures="0" timestamp="30 Apr 2020 11:05:40 GMT" time="14.331" errors="0">
  <testcase name="Tripservicelocalputcall" time="14.331" classname="tripServices.TS_Invoice_Generation_Hotel"/>
</testsuite> <!-- tripServices.TS_Invoice_Generation_Hotel -->
