<?xml version="1.0" encoding="UTF-8"?>
<!-- Generated by org.testng.reporters.JUnitReportReporter -->
<testsuite name="testScriptsAccounts.HQ_People_DepositAccount" tests="1" time="20.979" ignored="0" failures="0" timestamp="03 Jun 2019 07:37:47 GMT" skipped="0" hostname="sysadm-PC" errors="0">
  <testcase name="peopleAssignRole" time="20.979" classname="testScriptsAccounts.HQ_People_DepositAccount"/>
</testsuite> <!-- testScriptsAccounts.HQ_People_DepositAccount -->
