<?xml version="1.0" encoding="UTF-8"?>
<!-- Generated by org.testng.reporters.JUnitReportReporter -->
<testsuite skipped="0" hostname="sysadm-Latitude-3480" name="accountsAPI.Accounts_Service_PWA_Fetch_DA_Details" tests="1" failures="0" timestamp="28 May 2020 10:59:10 GMT" time="0.436" errors="0">
  <testcase name="Accounts_Service_PWA_Fetch_DA_Details" time="0.436" classname="accountsAPI.Accounts_Service_PWA_Fetch_DA_Details"/>
</testsuite> <!-- accountsAPI.Accounts_Service_PWA_Fetch_DA_Details -->
