<?xml version="1.0" encoding="UTF-8"?>
<!-- Generated by org.testng.reporters.JUnitReportReporter -->
<testsuite name="testScriptsTrains.Pax_1A_General" tests="1" time="157.759" ignored="0" failures="0" timestamp="07 Feb 2019 03:54:54 GMT" skipped="0" hostname="sysadm-PC" errors="0">
  <testcase name="B2cTrains_Pax_2Adults_General" time="157.759" classname="testScriptsTrains.Pax_1A_General"/>
</testsuite> <!-- testScriptsTrains.Pax_1A_General -->
