<?xml version="1.0" encoding="UTF-8"?>
<!-- Generated by org.testng.reporters.JUnitReportReporter -->
<testsuite skipped="0" hostname="sysadm-IT3407" name="paymentsAPI.API_Wallet_GetDeduction" tests="1" failures="0" timestamp="21 Mar 2020 08:27:29 GMT" time="187.530" errors="0">
  <testcase name="Wallet_GETDEDUCTION" time="187.530" classname="paymentsAPI.API_Wallet_GetDeduction"/>
</testsuite> <!-- paymentsAPI.API_Wallet_GetDeduction -->
