<?xml version="1.0" encoding="UTF-8"?>
<!-- Generated by org.testng.reporters.JUnitReportReporter -->
<testsuite skipped="0" hostname="sysadm-Latitude-3470" name="paymentsUI.Payment_NodeJS_CC" tests="1" failures="0" timestamp="17 Feb 2020 10:37:49 GMT" time="14.040" errors="0">
  <testcase name="paymentNodeJS_CC" time="14.040" classname="paymentsUI.Payment_NodeJS_CC"/>
</testsuite> <!-- paymentsUI.Payment_NodeJS_CC -->
