<?xml version="1.0" encoding="UTF-8"?>
<!-- Generated by org.testng.reporters.JUnitReportReporter -->
<testsuite skipped="0" hostname="sysadm-Latitude-3480" name="tripServices.Eventbus_API" tests="1" failures="0" timestamp="28 May 2020 10:59:09 GMT" time="0.694" errors="0">
  <testcase name="eventbus" time="0.694" classname="tripServices.Eventbus_API"/>
</testsuite> <!-- tripServices.Eventbus_API -->
