<?xml version="1.0" encoding="UTF-8"?>
<!-- Generated by org.testng.reporters.JUnitReportReporter -->
<testsuite name="com.cleartrip.payment.nodejs.Payment_NodeJS_Hotels_Mobile_CC" tests="1" time="18.999" ignored="0" failures="0" timestamp="17 Sep 2019 06:00:19 GMT" skipped="0" hostname="sysadm-PC" errors="0">
  <testcase name="paymentNodeJS_Hotel_Mobl_CC" time="18.999" classname="com.cleartrip.payment.nodejs.Payment_NodeJS_Hotels_Mobile_CC"/>
</testsuite> <!-- com.cleartrip.payment.nodejs.Payment_NodeJS_Hotels_Mobile_CC -->
