<?xml version="1.0" encoding="UTF-8"?>
<!-- Generated by org.testng.reporters.JUnitReportReporter -->
<testsuite name="com.cleartrip.platform.tripServices.TS_Invoice_Geeration_Local" tests="1" time="11.721" ignored="0" failures="0" timestamp="18 Jul 2019 05:07:58 GMT" skipped="0" hostname="sysadm-PC" errors="0">
  <testcase name="Tripservicelocalputcall" time="11.721" classname="com.cleartrip.platform.tripServices.TS_Invoice_Geeration_Local"/>
</testsuite> <!-- com.cleartrip.platform.tripServices.TS_Invoice_Geeration_Local -->
