<?xml version="1.0" encoding="UTF-8"?>
<!-- Generated by org.testng.reporters.JUnitReportReporter -->
<testsuite name="com.cleartrip.platform.accounts.Company_Config_API" tests="1" time="1.583" ignored="0" failures="0" timestamp="25 Apr 2019 10:27:42 GMT" skipped="0" hostname="sysadm-PC" errors="0">
  <testcase name="CmpConfig" time="1.583" classname="com.cleartrip.platform.accounts.Company_Config_API"/>
</testsuite> <!-- com.cleartrip.platform.accounts.Company_Config_API -->
