<?xml version="1.0" encoding="UTF-8"?>
<!-- Generated by org.testng.reporters.JUnitReportReporter -->
<testsuite skipped="0" hostname="sysadm-Latitude-3480" name="tripServicesProd.TS_Coupon_Validation" tests="1" failures="0" timestamp="24 Mar 2020 03:10:09 GMT" time="13.807" errors="0">
  <testcase name="couponValidation" time="13.807" classname="tripServicesProd.TS_Coupon_Validation"/>
</testsuite> <!-- tripServicesProd.TS_Coupon_Validation -->
