<?xml version="1.0" encoding="UTF-8"?>
<!-- Generated by org.testng.reporters.JUnitReportReporter -->
<testsuite skipped="0" hostname="sysadm-Latitude-3480" name="tripServices.Accounts_CreateUpdate_Tagmaster" tests="1" failures="0" timestamp="28 May 2020 10:59:09 GMT" time="1.180" errors="0">
  <testcase name="Accounts_ExistingUsers" time="1.180" classname="tripServices.Accounts_CreateUpdate_Tagmaster"/>
</testsuite> <!-- tripServices.Accounts_CreateUpdate_Tagmaster -->
