<?xml version="1.0" encoding="UTF-8"?>
<!-- Generated by org.testng.reporters.JUnitReportReporter -->
<testsuite skipped="0" hostname="sysadm-Latitude-3480" name="tripServices.Accounts_Depositaccount" tests="1" failures="0" timestamp="05 Jun 2020 05:52:55 GMT" time="6.172" errors="0">
  <testcase name="Accounts_FetchByPersonid" time="6.172" classname="tripServices.Accounts_Depositaccount"/>
</testsuite> <!-- tripServices.Accounts_Depositaccount -->
