<?xml version="1.0" encoding="UTF-8"?>
<!-- Generated by org.testng.reporters.JUnitReportReporter -->
<testsuite skipped="0" hostname="sysadm-Latitude-3480" name="tripServicesProd.TS_Get_TripDetails_CommValue" tests="2" failures="0" timestamp="29 Apr 2020 03:15:37 GMT" time="12.442" errors="0">
  <testcase name="phoneasCommunicationValue" time="5.715" classname="tripServicesProd.TS_Get_TripDetails_CommValue"/>
  <testcase name="emailasCommunicationValue" time="6.727" classname="tripServicesProd.TS_Get_TripDetails_CommValue"/>
</testsuite> <!-- tripServicesProd.TS_Get_TripDetails_CommValue -->
