<?xml version="1.0" encoding="UTF-8"?>
<!-- Generated by org.testng.reporters.JUnitReportReporter -->
<testsuite name="com.cleartrip.platform.tripServices.TS_Invoice_Generation_Air" tests="1" time="9.581" ignored="0" failures="0" timestamp="07 Oct 2019 06:28:47 GMT" skipped="0" hostname="sysadm-PC" errors="0">
  <testcase name="Tripserviceairputcall" time="9.581" classname="com.cleartrip.platform.tripServices.TS_Invoice_Generation_Air"/>
</testsuite> <!-- com.cleartrip.platform.tripServices.TS_Invoice_Generation_Air -->
