<?xml version="1.0" encoding="UTF-8"?>
<!-- Generated by org.testng.reporters.JUnitReportReporter -->
<testsuite skipped="0" hostname="sysadm-Latitude-3480" name="email.GeneratePDF" tests="1" failures="0" timestamp="10 Nov 2020 07:44:03 GMT" time="1.878" errors="0">
  <testcase name="generatePDF" time="1.878" classname="email.GeneratePDF"/>
</testsuite> <!-- email.GeneratePDF -->
