<?xml version="1.0" encoding="UTF-8"?>
<!-- Generated by org.testng.reporters.JUnitReportReporter -->
<testsuite skipped="0" hostname="sysadm-Latitude-3470" name="tripServicesProd.TS_GET_Air_Refunded" tests="1" failures="0" timestamp="11 Feb 2020 10:37:16 GMT" time="18.521" errors="0">
  <testcase name="getAirRefunded" time="18.521" classname="tripServicesProd.TS_GET_Air_Refunded"/>
</testsuite> <!-- tripServicesProd.TS_GET_Air_Refunded -->
