<?xml version="1.0" encoding="UTF-8"?>
<!-- Generated by org.testng.reporters.JUnitReportReporter -->
<testsuite name="testScriptsTrains.Trains_FiltersandSorters" tests="1" time="129.805" ignored="0" failures="0" timestamp="11 Apr 2019 10:26:32 GMT" skipped="0" hostname="sysadm-PC" errors="0">
  <testcase name="B2cTrains_IRCTC_Username_Validation" time="129.805" classname="testScriptsTrains.Trains_FiltersandSorters"/>
</testsuite> <!-- testScriptsTrains.Trains_FiltersandSorters -->
