<?xml version="1.0" encoding="UTF-8"?>
<!-- Generated by org.testng.reporters.JUnitReportReporter -->
<testsuite skipped="0" hostname="sysadm-Latitude-3480" name="tripServices.AppNotification" tests="1" failures="0" timestamp="09 Nov 2020 08:10:53 GMT" time="60.413" errors="0">
  <testcase name="appnotification" time="60.413" classname="tripServices.AppNotification"/>
</testsuite> <!-- tripServices.AppNotification -->
