<?xml version="1.0" encoding="UTF-8"?>
<!-- Generated by org.testng.reporters.JUnitReportReporter -->
<testsuite skipped="0" hostname="sysadm-Latitude-3480" name="tripServicesProd.TS_TripLockExpiry" tests="1" failures="0" timestamp="02 Mar 2020 04:30:37 GMT" time="0.112" errors="0">
  <testcase name="Trip_LockExpiry" time="0.112" classname="tripServicesProd.TS_TripLockExpiry"/>
</testsuite> <!-- tripServicesProd.TS_TripLockExpiry -->
