<?xml version="1.0" encoding="UTF-8"?>
<!-- Generated by org.testng.reporters.JUnitReportReporter -->
<testsuite skipped="0" hostname="IT3786-kirankumar" name="paymentsAPI.Prod_Promo_Get_Group" tests="1" failures="0" timestamp="27 Feb 2020 07:40:16 GMT" time="0.201" errors="0">
  <testcase name="Promo_Get_Group" time="0.201" classname="paymentsAPI.Prod_Promo_Get_Group"/>
</testsuite> <!-- paymentsAPI.Prod_Promo_Get_Group -->
