<?xml version="1.0" encoding="UTF-8"?>
<!-- Generated by org.testng.reporters.JUnitReportReporter -->
<testsuite skipped="0" hostname="sysadm-Latitude-3480" name="tripServices.TS_Finance_Scrapers" tests="1" failures="0" timestamp="02 Mar 2020 04:47:00 GMT" time="7.408" errors="0">
  <testcase name="airPostCall" time="7.408" classname="tripServices.TS_Finance_Scrapers"/>
</testsuite> <!-- tripServices.TS_Finance_Scrapers -->
