<?xml version="1.0" encoding="UTF-8"?>
<!-- Generated by org.testng.reporters.JUnitReportReporter -->
<testsuite name="com.cleartrip.platform.tripServices.TripserviceGetCall" tests="1" time="1.813" ignored="0" failures="0" timestamp="13 Mar 2019 07:10:47 GMT" skipped="0" hostname="sysadm-PC" errors="0">
  <testcase name="getTripService" time="1.813" classname="com.cleartrip.platform.tripServices.TripserviceGetCall"/>
</testsuite> <!-- com.cleartrip.platform.tripServices.TripserviceGetCall -->
