<?xml version="1.0" encoding="UTF-8"?>
<!-- Generated by org.testng.reporters.JUnitReportReporter -->
<testsuite skipped="0" hostname="sysadm-Latitude-3480" name="tripServices.TS_Update_Air_Module" tests="1" failures="0" timestamp="05 Jun 2020 09:18:04 GMT" time="32.069" errors="0">
  <testcase name="airPostCall" time="32.069" classname="tripServices.TS_Update_Air_Module"/>
</testsuite> <!-- tripServices.TS_Update_Air_Module -->
