<?xml version="1.0" encoding="UTF-8"?>
<!-- Generated by org.testng.reporters.JUnitReportReporter -->
<testsuite skipped="1" hostname="sysadm-Latitude-3480" name="paymentsAPI.API_Wallet_Get_Wallet_Trnx" tests="2" failures="0" timestamp="05 Mar 2020 05:12:34 GMT" time="3.927" errors="0">
  <testcase name="Wallet_GETWALLET" time="0.105" classname="paymentsAPI.API_Wallet_Get_Wallet_Trnx"/>
  <testcase name="Wallet_GETWALLET" time="3.822" classname="paymentsAPI.API_Wallet_Get_Wallet_Trnx">
    <skipped/>
  </testcase> <!-- Wallet_GETWALLET -->
</testsuite> <!-- paymentsAPI.API_Wallet_Get_Wallet_Trnx -->
