<?xml version="1.0" encoding="UTF-8"?>
<!-- Generated by org.testng.reporters.JUnitReportReporter -->
<testsuite name="com.cleartrip.platform.tripservice.TripservicePostcall_Hotel" tests="2" time="0.111" ignored="0" failures="0" timestamp="10 Jan 2019 04:21:43 GMT" skipped="1" hostname="sysadm-PC" errors="1">
  <testcase name="Tripservicehotelpostcall" time="0.054" classname="com.cleartrip.platform.tripservice.TripservicePostcall_Hotel">
    <skipped/>
  </testcase> <!-- Tripservicehotelpostcall -->
  <testcase name="Tripservicehotelpostcall" time="0.057" classname="com.cleartrip.platform.tripservice.TripservicePostcall_Hotel">
    <error type="org.apache.http.ConnectionClosedException" message="Premature end of chunk coded message body: closing chunk expected">
      <![CDATA[org.apache.http.ConnectionClosedException: Premature end of chunk coded message body: closing chunk expected
	at org.apache.http.impl.io.ChunkedInputStream.getChunkSize(ChunkedInputStream.java:266)
	at org.apache.http.impl.io.ChunkedInputStream.nextChunk(ChunkedInputStream.java:225)
	at org.apache.http.impl.io.ChunkedInputStream.read(ChunkedInputStream.java:184)
	at org.apache.http.conn.EofSensorInputStream.read(EofSensorInputStream.java:135)
	at sun.nio.cs.StreamDecoder.readBytes(Unknown Source)
	at sun.nio.cs.StreamDecoder.implRead(Unknown Source)
	at sun.nio.cs.StreamDecoder.read(Unknown Source)
	at java.io.InputStreamReader.read(Unknown Source)
	at java.io.BufferedReader.fill(Unknown Source)
	at java.io.BufferedReader.read1(Unknown Source)
	at java.io.BufferedReader.read(Unknown Source)
	at java.io.Reader.read(Unknown Source)
	at java_io_Reader$read.call(Unknown Source)
	at com.jayway.restassured.internal.RestAssuredResponseImpl.convertStreamToString(RestAssuredResponseImpl.groovy:366)
	at com.jayway.restassured.internal.RestAssuredResponseImpl.this$2$convertStreamToString(RestAssuredResponseImpl.groovy)
	at sun.reflect.NativeMethodAccessorImpl.invoke0(Native Method)
	at sun.reflect.NativeMethodAccessorImpl.invoke(Unknown Source)
	at sun.reflect.DelegatingMethodAccessorImpl.invoke(Unknown Source)
	at java.lang.reflect.Method.invoke(Unknown Source)
	at org.codehaus.groovy.runtime.callsite.PogoMetaMethodSite$PogoCachedMethodSiteNoUnwrapNoCoerce.invoke(PogoMetaMethodSite.java:210)
	at org.codehaus.groovy.runtime.callsite.PogoMetaMethodSite.callCurrent(PogoMetaMethodSite.java:59)
	at org.codehaus.groovy.runtime.callsite.AbstractCallSite.callCurrent(AbstractCallSite.java:169)
	at com.jayway.restassured.internal.RestAssuredResponseImpl.asString(RestAssuredResponseImpl.groovy:144)
	at com.cleartrip.platform.tripservice.TripservicePostcall_Hotel.Tripservicehotelpostcall(TripservicePostcall_Hotel.java:39)
	at sun.reflect.NativeMethodAccessorImpl.invoke0(Native Method)
	at sun.reflect.NativeMethodAccessorImpl.invoke(Unknown Source)
	at sun.reflect.DelegatingMethodAccessorImpl.invoke(Unknown Source)
	at java.lang.reflect.Method.invoke(Unknown Source)
	at org.testng.internal.MethodInvocationHelper.invokeMethod(MethodInvocationHelper.java:104)
	at org.testng.internal.Invoker.invokeMethod(Invoker.java:645)
	at org.testng.internal.Invoker.retryFailed(Invoker.java:998)
	at org.testng.internal.Invoker.invokeTestMethods(Invoker.java:1200)
	at org.testng.internal.TestMethodWorker.invokeTestMethods(TestMethodWorker.java:129)
	at org.testng.internal.TestMethodWorker.run(TestMethodWorker.java:112)
	at org.testng.TestRunner.privateRun(TestRunner.java:756)
	at org.testng.TestRunner.run(TestRunner.java:610)
	at org.testng.SuiteRunner.runTest(SuiteRunner.java:387)
	at org.testng.SuiteRunner.access$000(SuiteRunner.java:39)
	at org.testng.SuiteRunner$SuiteWorker.run(SuiteRunner.java:421)
	at org.testng.internal.thread.ThreadUtil$2.call(ThreadUtil.java:64)
	at java.util.concurrent.FutureTask.run(Unknown Source)
	at java.util.concurrent.ThreadPoolExecutor.runWorker(Unknown Source)
	at java.util.concurrent.ThreadPoolExecutor$Worker.run(Unknown Source)
	at java.lang.Thread.run(Unknown Source)
]]>
    </error>
  </testcase> <!-- Tripservicehotelpostcall -->
</testsuite> <!-- com.cleartrip.platform.tripservice.TripservicePostcall_Hotel -->
