<?xml version="1.0" encoding="UTF-8"?>
<!-- Generated by org.testng.reporters.JUnitReportReporter -->
<testsuite skipped="0" hostname="sysadm-Latitude-3480" name="email.GeneratePKPass" tests="1" failures="0" timestamp="08 Oct 2020 06:44:15 GMT" time="4.975" errors="0">
  <testcase name="generatePKPass" time="4.975" classname="email.GeneratePKPass"/>
</testsuite> <!-- email.GeneratePKPass -->
