<?xml version="1.0" encoding="UTF-8"?>
<!-- Generated by org.testng.reporters.JUnitReportReporter -->
<testsuite skipped="0" hostname="sysadm-Latitude-3480" name="tripServices.Accounts_FetchtripdetailsByTripref" tests="1" failures="0" timestamp="30 Apr 2020 07:49:03 GMT" time="8.697" errors="0">
  <testcase name="Accounts_FetchByTripref" time="8.697" classname="tripServices.Accounts_FetchtripdetailsByTripref"/>
</testsuite> <!-- tripServices.Accounts_FetchtripdetailsByTripref -->
