<?xml version="1.0" encoding="UTF-8"?>
<!-- Generated by org.testng.reporters.JUnitReportReporter -->
<testsuite name="com.cleartrip.payment.nodejs.Payment_NodeJS_Air_Agency_CC" tests="1" time="30.763" ignored="0" failures="0" timestamp="17 Sep 2019 04:50:39 GMT" skipped="0" hostname="sysadm-PC" errors="0">
  <testcase name="paymentNodeJS_Air_Agency_CC" time="30.763" classname="com.cleartrip.payment.nodejs.Payment_NodeJS_Air_Agency_CC"/>
</testsuite> <!-- com.cleartrip.payment.nodejs.Payment_NodeJS_Air_Agency_CC -->
