<?xml version="1.0" encoding="UTF-8"?>
<!-- Generated by org.testng.reporters.JUnitReportReporter -->
<testsuite skipped="0" hostname="sysadm-Latitude-3480" name="tripServicesProd.Accounts_Taskcategory" tests="1" failures="0" timestamp="02 Mar 2020 04:30:37 GMT" time="0.131" errors="0">
  <testcase name="Accounts_Taskcategory" time="0.131" classname="tripServicesProd.Accounts_Taskcategory"/>
</testsuite> <!-- tripServicesProd.Accounts_Taskcategory -->
