<?xml version="1.0" encoding="UTF-8"?>
<!-- Generated by org.testng.reporters.JUnitReportReporter -->
<testsuite skipped="0" hostname="sysadm-Latitude-3480" name="tripServicesProd.TS_Invoice_Generation_Air" tests="1" failures="0" timestamp="30 Apr 2020 10:52:36 GMT" time="11.764" errors="0">
  <testcase name="Tripserviceairputcall" time="11.764" classname="tripServicesProd.TS_Invoice_Generation_Air"/>
</testsuite> <!-- tripServicesProd.TS_Invoice_Generation_Air -->
