<?xml version="1.0" encoding="UTF-8"?>
<!-- Generated by org.testng.reporters.JUnitReportReporter -->
<testsuite skipped="0" hostname="sysadm-Latitude-3480" name="tripServicesProd.TS_GET_SUPPLIER" tests="1" failures="0" timestamp="09 Mar 2020 03:42:31 GMT" time="42.263" errors="0">
  <testcase name="getSupplier" time="42.263" classname="tripServicesProd.TS_GET_SUPPLIER"/>
</testsuite> <!-- tripServicesProd.TS_GET_SUPPLIER -->
