<?xml version="1.0" encoding="UTF-8"?>
<!-- Generated by org.testng.reporters.JUnitReportReporter -->
<testsuite skipped="0" hostname="sysadm-IT3407" name="paymentsAPI.API_CTpay_UpdateClient" tests="1" failures="0" timestamp="18 Mar 2020 17:53:35 GMT" time="556.081" errors="0">
  <testcase name="PaymentCtPayUpdate" time="556.081" classname="paymentsAPI.API_CTpay_UpdateClient"/>
</testsuite> <!-- paymentsAPI.API_CTpay_UpdateClient -->
