<?xml version="1.0" encoding="UTF-8"?>
<!-- Generated by org.testng.reporters.JUnitReportReporter -->
<testsuite skipped="0" hostname="sysadm-Latitude-3480" name="tripServices.TS_LogBooking_Trains" tests="1" failures="0" timestamp="30 Apr 2020 07:49:03 GMT" time="11.067" errors="0">
  <testcase name="Tripservicepostcall" time="11.067" classname="tripServices.TS_LogBooking_Trains"/>
</testsuite> <!-- tripServices.TS_LogBooking_Trains -->
