<?xml version="1.0" encoding="UTF-8"?>
<!-- Generated by org.testng.reporters.JUnitReportReporter -->
<testsuite name="com.cleartrip.platform.bigben.NewtenantRegistration" tests="1" time="1.616" ignored="0" failures="0" timestamp="23 Jul 2019 04:16:04 GMT" skipped="0" hostname="sysadm-PC" errors="0">
  <testcase name="newTenantRegistration" time="1.616" classname="com.cleartrip.platform.bigben.NewtenantRegistration"/>
</testsuite> <!-- com.cleartrip.platform.bigben.NewtenantRegistration -->
