<?xml version="1.0" encoding="UTF-8"?>
<!-- Generated by org.testng.reporters.JUnitReportReporter -->
<testsuite skipped="0" hostname="sysadm-Latitude-3480" name="tripServices.Accounts_FetchtripdetailsByBookedUserid" tests="1" failures="0" timestamp="09 Nov 2020 08:10:53 GMT" time="7.012" errors="0">
  <testcase name="Accounts_FetchByBookedUserid" time="7.012" classname="tripServices.Accounts_FetchtripdetailsByBookedUserid"/>
</testsuite> <!-- tripServices.Accounts_FetchtripdetailsByBookedUserid -->
