<?xml version="1.0" encoding="UTF-8"?>
<!-- Generated by org.testng.reporters.JUnitReportReporter -->
<testsuite skipped="0" hostname="sysadm-PC" name="tripServices.TS_Get_TripDetails_CommValue" tests="2" failures="0" timestamp="17 Jan 2020 05:13:48 GMT" time="8.403" errors="0">
  <testcase name="phoneasCommunicationValue" time="3.101" classname="tripServices.TS_Get_TripDetails_CommValue"/>
  <testcase name="emailasCommunicationValue" time="5.302" classname="tripServices.TS_Get_TripDetails_CommValue"/>
</testsuite> <!-- tripServices.TS_Get_TripDetails_CommValue -->
