<?xml version="1.0" encoding="UTF-8"?>
<!-- Generated by org.testng.reporters.JUnitReportReporter -->
<testsuite skipped="0" hostname="sysadm-Latitude-3480" name="tripServicesProd.Accounts_ExistingUser" tests="1" failures="0" timestamp="02 Mar 2020 04:30:37 GMT" time="4.341" errors="0">
  <testcase name="Accounts_ExistingUsers" time="4.341" classname="tripServicesProd.Accounts_ExistingUser"/>
</testsuite> <!-- tripServicesProd.Accounts_ExistingUser -->
