<?xml version="1.0" encoding="UTF-8"?>
<!-- Generated by org.testng.reporters.JUnitReportReporter -->
<testsuite name="com.cleartrip.platform.tripServices.TripservicePostCall_AIR" tests="1" time="2.597" ignored="0" failures="0" timestamp="20 Feb 2019 10:57:17 GMT" skipped="0" hostname="sysadm-PC" errors="0">
  <testcase name="airPostCall" time="2.597" classname="com.cleartrip.platform.tripServices.TripservicePostCall_AIR"/>
</testsuite> <!-- com.cleartrip.platform.tripServices.TripservicePostCall_AIR -->
