<?xml version="1.0" encoding="UTF-8"?>
<!-- Generated by org.testng.reporters.JUnitReportReporter -->
<testsuite skipped="0" hostname="sysadm-PC" name="tripServices.TS_Invoice_Generation_Air" tests="1" failures="0" timestamp="17 Jan 2020 05:13:48 GMT" time="13.560" errors="0">
  <testcase name="Tripserviceairputcall" time="13.560" classname="tripServices.TS_Invoice_Generation_Air"/>
</testsuite> <!-- tripServices.TS_Invoice_Generation_Air -->
