<?xml version="1.0" encoding="UTF-8"?>
<!-- Generated by org.testng.reporters.JUnitReportReporter -->
<testsuite name="testScriptsAccounts.MyTrips_B2C" tests="1" time="175.624" ignored="0" failures="0" timestamp="29 Apr 2019 09:42:54 GMT" skipped="0" hostname="sysadm-PC" errors="0">
  <testcase name="B2CTripsPage" time="175.624" classname="testScriptsAccounts.MyTrips_B2C"/>
</testsuite> <!-- testScriptsAccounts.MyTrips_B2C -->
