<?xml version="1.0" encoding="UTF-8"?>
<!-- Generated by org.testng.reporters.JUnitReportReporter -->
<testsuite skipped="0" hostname="sysadm-Latitude-3480" name="paymentsAPI.API_storeCard" tests="3" failures="0" timestamp="05 Mar 2020 05:12:34 GMT" time="5.431" errors="0">
  <testcase name="Wallet_storeCard" time="4.902" classname="paymentsAPI.API_storeCard"/>
  <testcase name="Wallet_validateCard" time="0.169" classname="paymentsAPI.API_storeCard"/>
  <testcase name="Wallet_getCard_DeleteCard" time="0.360" classname="paymentsAPI.API_storeCard"/>
</testsuite> <!-- paymentsAPI.API_storeCard -->
