<?xml version="1.0" encoding="UTF-8"?>
<!-- Generated by org.testng.reporters.JUnitReportReporter -->
<testsuite skipped="0" hostname="IT3786-kirankumar" name="paymentsAPI.API_ROR_Reads" tests="7" failures="0" timestamp="11 Mar 2020 07:44:00 GMT" time="5.252" errors="0">
  <testcase name="ROR_WalletTransactions" time="0.092" classname="paymentsAPI.API_ROR_Reads"/>
  <testcase name="ROR_WalletGet" time="0.324" classname="paymentsAPI.API_ROR_Reads"/>
  <testcase name="ROR_Refund_Details" time="0.334" classname="paymentsAPI.API_ROR_Reads"/>
  <testcase name="ROR_GV_Details" time="2.875" classname="paymentsAPI.API_ROR_Reads"/>
  <testcase name="ROR_MultiSearch_Reads" time="0.227" classname="paymentsAPI.API_ROR_Reads"/>
  <testcase name="ROR_WalletFetch" time="1.201" classname="paymentsAPI.API_ROR_Reads"/>
  <testcase name="ROR_MultiSearch_TripRef_Reads" time="0.199" classname="paymentsAPI.API_ROR_Reads"/>
</testsuite> <!-- paymentsAPI.API_ROR_Reads -->
