<?xml version="1.0" encoding="UTF-8"?>
<!-- Generated by org.testng.reporters.JUnitReportReporter -->
<testsuite skipped="0" hostname="sysadm-Latitude-3480" name="tripServices.TS_Finance_Scrapers" tests="1" failures="0" timestamp="28 May 2020 10:59:09 GMT" time="5.014" errors="0">
  <testcase name="airPostCall" time="5.014" classname="tripServices.TS_Finance_Scrapers"/>
</testsuite> <!-- tripServices.TS_Finance_Scrapers -->
