<?xml version="1.0" encoding="UTF-8"?>
<!-- Generated by org.testng.reporters.JUnitReportReporter -->
<testsuite skipped="0" hostname="sysadm-Latitude-3480" name="tripServicesProd.TS_GET_SUPPLIER" tests="1" failures="0" timestamp="02 Mar 2020 04:30:37 GMT" time="46.514" errors="0">
  <testcase name="getSupplier" time="46.514" classname="tripServicesProd.TS_GET_SUPPLIER"/>
</testsuite> <!-- tripServicesProd.TS_GET_SUPPLIER -->
