<?xml version="1.0" encoding="UTF-8"?>
<!-- Generated by org.testng.reporters.JUnitReportReporter -->
<testsuite skipped="1" hostname="sysadm-Latitude-3480" name="paymentsAPI.API_Wallet_PromoUsed" tests="2" failures="0" timestamp="05 Mar 2020 05:12:34 GMT" time="4.484" errors="0">
  <testcase name="Wallet_Promo_used" time="0.600" classname="paymentsAPI.API_Wallet_PromoUsed"/>
  <testcase name="Wallet_Promo_used" time="3.884" classname="paymentsAPI.API_Wallet_PromoUsed">
    <skipped/>
  </testcase> <!-- Wallet_Promo_used -->
</testsuite> <!-- paymentsAPI.API_Wallet_PromoUsed -->
