<?xml version="1.0" encoding="UTF-8"?>
<!-- Generated by org.testng.reporters.JUnitReportReporter -->
<testsuite skipped="0" hostname="sysadm-Latitude-3480" name="tripServices.TS_GET_CorpTripList" tests="1" failures="0" timestamp="09 Nov 2020 08:10:53 GMT" time="11.265" errors="0">
  <testcase name="getCorpTripCount" time="11.265" classname="tripServices.TS_GET_CorpTripList"/>
</testsuite> <!-- tripServices.TS_GET_CorpTripList -->
