<?xml version="1.0" encoding="UTF-8"?>
<!-- Generated by org.testng.reporters.JUnitReportReporter -->
<testsuite skipped="0" hostname="sysadm-Latitude-3480" name="tripServicesProd.TS_GET_FinanceAllTrips_Hotel" tests="1" failures="0" timestamp="24 Mar 2020 03:10:09 GMT" time="16.586" errors="0">
  <testcase name="getTripService" time="16.586" classname="tripServicesProd.TS_GET_FinanceAllTrips_Hotel"/>
</testsuite> <!-- tripServicesProd.TS_GET_FinanceAllTrips_Hotel -->
