<?xml version="1.0" encoding="UTF-8"?>
<!-- Generated by org.testng.reporters.JUnitReportReporter -->
<testsuite name="com.cleartrip.platform.tripServices.TripservicePutCall_AirforModulesinPayload" tests="1" time="2.099" ignored="0" failures="0" timestamp="14 Mar 2019 04:34:34 GMT" skipped="0" hostname="sysadm-PC" errors="0">
  <testcase name="airPostCall" time="2.099" classname="com.cleartrip.platform.tripServices.TripservicePutCall_AirforModulesinPayload"/>
</testsuite> <!-- com.cleartrip.platform.tripServices.TripservicePutCall_AirforModulesinPayload -->
