<?xml version="1.0" encoding="UTF-8"?>
<!-- Generated by org.testng.reporters.JUnitReportReporter -->
<testsuite skipped="0" hostname="sysadm-Latitude-3480" name="tripServicesProd.TS_LogBooking_Trains" tests="1" failures="0" timestamp="24 Mar 2020 03:10:09 GMT" time="0.261" errors="0">
  <testcase name="Tripservicepostcall" time="0.261" classname="tripServicesProd.TS_LogBooking_Trains"/>
</testsuite> <!-- tripServicesProd.TS_LogBooking_Trains -->
