<?xml version="1.0" encoding="UTF-8"?>
<!-- Generated by org.testng.reporters.JUnitReportReporter -->
<testsuite skipped="0" hostname="IT3786-kirankumar" name="paymentsAPI.Prod_Rewards_ADCB_CheckBalance" tests="1" failures="0" timestamp="27 Feb 2020 07:40:16 GMT" time="4.367" errors="0">
  <testcase name="ADCB_Balance" time="4.367" classname="paymentsAPI.Prod_Rewards_ADCB_CheckBalance"/>
</testsuite> <!-- paymentsAPI.Prod_Rewards_ADCB_CheckBalance -->
