<?xml version="1.0" encoding="UTF-8"?>
<!-- Generated by org.testng.reporters.JUnitReportReporter -->
<testsuite skipped="0" hostname="sysadm-Latitude-3480" name="tripServices.TS_ProductType_Userid_Air" tests="1" failures="0" timestamp="28 May 2020 10:59:09 GMT" time="3.242" errors="0">
  <testcase name="producttype_userid_air" time="3.242" classname="tripServices.TS_ProductType_Userid_Air"/>
</testsuite> <!-- tripServices.TS_ProductType_Userid_Air -->
