<?xml version="1.0" encoding="UTF-8"?>
<!-- Generated by org.testng.reporters.JUnitReportReporter -->
<testsuite skipped="1" hostname="sysadm-Latitude-3480" name="paymentsAPI.API_Wallet_RevertPromo" tests="2" failures="0" timestamp="05 Mar 2020 05:12:34 GMT" time="4.382" errors="0">
  <testcase name="Wallet_REVERTPROMO" time="3.886" classname="paymentsAPI.API_Wallet_RevertPromo">
    <skipped/>
  </testcase> <!-- Wallet_REVERTPROMO -->
  <testcase name="Wallet_REVERTPROMO" time="0.496" classname="paymentsAPI.API_Wallet_RevertPromo"/>
</testsuite> <!-- paymentsAPI.API_Wallet_RevertPromo -->
