<?xml version="1.0" encoding="UTF-8"?>
<!-- Generated by org.testng.reporters.JUnitReportReporter -->
<testsuite name="testScriptsIndiaHotels.HotelCom_Payment_Wallet_PayU" tests="2" time="177.615" ignored="0" failures="1" timestamp="13 Mar 2019 11:28:36 GMT" skipped="1" hostname="sysadm-PC" errors="0">
  <testcase name="HotelComPayU" time="84.955" classname="testScriptsIndiaHotels.HotelCom_Payment_Wallet_PayU">
    <failure type="java.lang.AssertionError" message="Failure!">
      <![CDATA[java.lang.AssertionError: Failure!
	at org.testng.AssertJUnit.fail(AssertJUnit.java:59)
	at org.testng.AssertJUnit.assertTrue(AssertJUnit.java:24)
	at commonServices.WrapperMethod.elementPresent_log(WrapperMethod.java:965)
	at domainServices.IndiaHotels.hotelCom_PaymentPage(IndiaHotels.java:3379)
	at testScriptsIndiaHotels.HotelCom_Payment_Wallet_PayU.HotelComPayU(HotelCom_Payment_Wallet_PayU.java:26)
	at sun.reflect.NativeMethodAccessorImpl.invoke0(Native Method)
	at sun.reflect.NativeMethodAccessorImpl.invoke(Unknown Source)
	at sun.reflect.DelegatingMethodAccessorImpl.invoke(Unknown Source)
	at java.lang.reflect.Method.invoke(Unknown Source)
	at org.testng.internal.MethodInvocationHelper.invokeMethod(MethodInvocationHelper.java:104)
	at org.testng.internal.Invoker.invokeMethod(Invoker.java:645)
	at org.testng.internal.Invoker.retryFailed(Invoker.java:998)
	at org.testng.internal.Invoker.invokeTestMethods(Invoker.java:1200)
	at org.testng.internal.TestMethodWorker.invokeTestMethods(TestMethodWorker.java:129)
	at org.testng.internal.TestMethodWorker.run(TestMethodWorker.java:112)
	at java.util.concurrent.ThreadPoolExecutor.runWorker(Unknown Source)
	at java.util.concurrent.ThreadPoolExecutor$Worker.run(Unknown Source)
	at java.lang.Thread.run(Unknown Source)
]]>
    </failure>
  </testcase> <!-- HotelComPayU -->
  <testcase name="HotelComPayU" time="92.660" classname="testScriptsIndiaHotels.HotelCom_Payment_Wallet_PayU">
    <skipped/>
  </testcase> <!-- HotelComPayU -->
</testsuite> <!-- testScriptsIndiaHotels.HotelCom_Payment_Wallet_PayU -->
