<?xml version="1.0" encoding="UTF-8"?>
<!-- Generated by org.testng.reporters.JUnitReportReporter -->
<testsuite skipped="0" hostname="sysadm-Latitude-3480" name="email.GeneratePDF" tests="1" failures="0" timestamp="08 Oct 2020 08:31:05 GMT" time="4.337" errors="0">
  <testcase name="generatePDF" time="4.337" classname="email.GeneratePDF"/>
</testsuite> <!-- email.GeneratePDF -->
