<?xml version="1.0" encoding="UTF-8"?>
<!-- Generated by org.testng.reporters.JUnitReportReporter -->
<testsuite skipped="0" hostname="IT3786-kirankumar" name="paymentsAPI.API_GV_Capture" tests="1" failures="0" timestamp="03 Mar 2020 10:59:18 GMT" time="7.951" errors="0">
  <testcase name="API_GVCapture" time="7.951" classname="paymentsAPI.API_GV_Capture"/>
</testsuite> <!-- paymentsAPI.API_GV_Capture -->
