<?xml version="1.0" encoding="UTF-8"?>
<!-- Generated by org.testng.reporters.JUnitReportReporter -->
<testsuite skipped="0" hostname="sysadm-Latitude-3470" name="tripServices.TS_LogBooking_Air" tests="1" failures="0" timestamp="07 Feb 2020 05:26:58 GMT" time="15.671" errors="0">
  <testcase name="airPostCall" time="15.671" classname="tripServices.TS_LogBooking_Air"/>
</testsuite> <!-- tripServices.TS_LogBooking_Air -->
