<?xml version="1.0" encoding="UTF-8"?>
<!-- Generated by org.testng.reporters.JUnitReportReporter -->
<testsuite skipped="1" hostname="sysadm-Latitude-3480" name="paymentsAPI.API_FetchPay_Details" tests="2" failures="0" timestamp="05 Mar 2020 05:12:34 GMT" time="4.064" errors="0">
  <testcase name="PaymentCtPayCreate" time="3.687" classname="paymentsAPI.API_FetchPay_Details">
    <skipped/>
  </testcase> <!-- PaymentCtPayCreate -->
  <testcase name="PaymentCtPayCreate" time="0.377" classname="paymentsAPI.API_FetchPay_Details"/>
</testsuite> <!-- paymentsAPI.API_FetchPay_Details -->
