<?xml version="1.0" encoding="UTF-8"?>
<!-- Generated by org.testng.reporters.JUnitReportReporter -->
<testsuite skipped="0" hostname="sysadm-Latitude-3480" name="email.GeneratePDF" tests="1" failures="0" timestamp="28 May 2020 10:59:09 GMT" time="16.083" errors="0">
  <testcase name="generatePDF" time="16.083" classname="email.GeneratePDF"/>
</testsuite> <!-- email.GeneratePDF -->
