<?xml version="1.0" encoding="UTF-8"?>
<!-- Generated by org.testng.reporters.JUnitReportReporter -->
<testsuite skipped="0" hostname="sysadm-Latitude-3480" name="ct_admin.CT_Admin" tests="1" failures="0" timestamp="05 Jun 2020 03:21:59 GMT" time="22.908" errors="0">
  <testcase name="ct_admin_ui" time="22.908" classname="ct_admin.CT_Admin"/>
</testsuite> <!-- ct_admin.CT_Admin -->
