<?xml version="1.0" encoding="UTF-8"?>
<!-- Generated by org.testng.reporters.JUnitReportReporter -->
<testsuite skipped="0" hostname="sysadm-Latitude-3480" name="tripServicesProd.TS_Get_TripDetails_CommValue" tests="2" failures="0" timestamp="09 Mar 2020 03:42:31 GMT" time="15.773" errors="0">
  <testcase name="phoneasCommunicationValue" time="5.144" classname="tripServicesProd.TS_Get_TripDetails_CommValue"/>
  <testcase name="emailasCommunicationValue" time="10.629" classname="tripServicesProd.TS_Get_TripDetails_CommValue"/>
</testsuite> <!-- tripServicesProd.TS_Get_TripDetails_CommValue -->
