<?xml version="1.0" encoding="UTF-8"?>
<!-- Generated by org.testng.reporters.JUnitReportReporter -->
<testsuite skipped="0" hostname="IT3786-kirankumar" name="paymentsUI.Payment_NodeJS_CC_PG_CheckOut" tests="1" failures="0" timestamp="25 Feb 2020 10:53:07 GMT" time="34.835" errors="0">
  <testcase name="paymentNodeJSCheckOut" time="34.835" classname="paymentsUI.Payment_NodeJS_CC_PG_CheckOut"/>
</testsuite> <!-- paymentsUI.Payment_NodeJS_CC_PG_CheckOut -->
