<?xml version="1.0" encoding="UTF-8"?>
<!-- Generated by org.testng.reporters.JUnitReportReporter -->
<testsuite name="com.cleartrip.payment.nodejs.trains_Emails" tests="215" time="52.295" ignored="0" failures="0" timestamp="28 Feb 2019 09:31:48 GMT" skipped="208" hostname="sysadm-PC" errors="2">
  <testcase name="gmailsignin" time="0.002" classname="com.cleartrip.payment.nodejs.trains_Emails">
    <skipped/>
  </testcase> <!-- gmailsignin -->
  <testcase name="gmailsignin" time="0.002" classname="com.cleartrip.payment.nodejs.trains_Emails">
    <skipped/>
  </testcase> <!-- gmailsignin -->
  <testcase name="gmailsignin" time="0.006" classname="com.cleartrip.payment.nodejs.trains_Emails">
    <skipped/>
  </testcase> <!-- gmailsignin -->
  <testcase name="gmailsignin" time="0.005" classname="com.cleartrip.payment.nodejs.trains_Emails">
    <skipped/>
  </testcase> <!-- gmailsignin -->
  <testcase name="gmailsignin" time="0.000" classname="com.cleartrip.payment.nodejs.trains_Emails">
    <skipped/>
  </testcase> <!-- gmailsignin -->
  <testcase name="gmailsignin" time="0.000" classname="com.cleartrip.payment.nodejs.trains_Emails">
    <skipped/>
  </testcase> <!-- gmailsignin -->
  <testcase name="gmailsignin" time="0.006" classname="com.cleartrip.payment.nodejs.trains_Emails">
    <skipped/>
  </testcase> <!-- gmailsignin -->
  <testcase name="gmailsignin" time="0.000" classname="com.cleartrip.payment.nodejs.trains_Emails">
    <skipped/>
  </testcase> <!-- gmailsignin -->
  <testcase name="gmailsignin" time="0.001" classname="com.cleartrip.payment.nodejs.trains_Emails">
    <skipped/>
  </testcase> <!-- gmailsignin -->
  <testcase name="gmailsignin" time="0.002" classname="com.cleartrip.payment.nodejs.trains_Emails">
    <skipped/>
  </testcase> <!-- gmailsignin -->
  <testcase name="gmailsignin" time="0.002" classname="com.cleartrip.payment.nodejs.trains_Emails">
    <skipped/>
  </testcase> <!-- gmailsignin -->
  <testcase name="gmailsignin" time="0.003" classname="com.cleartrip.payment.nodejs.trains_Emails">
    <skipped/>
  </testcase> <!-- gmailsignin -->
  <testcase name="gmailsignin" time="0.000" classname="com.cleartrip.payment.nodejs.trains_Emails">
    <skipped/>
  </testcase> <!-- gmailsignin -->
  <testcase name="gmailsignin" time="0.005" classname="com.cleartrip.payment.nodejs.trains_Emails">
    <skipped/>
  </testcase> <!-- gmailsignin -->
  <testcase name="gmailsignin" time="0.000" classname="com.cleartrip.payment.nodejs.trains_Emails">
    <skipped/>
  </testcase> <!-- gmailsignin -->
  <testcase name="gmailsignin" time="0.001" classname="com.cleartrip.payment.nodejs.trains_Emails">
    <skipped/>
  </testcase> <!-- gmailsignin -->
  <testcase name="gmailsignin" time="0.001" classname="com.cleartrip.payment.nodejs.trains_Emails">
    <skipped/>
  </testcase> <!-- gmailsignin -->
  <testcase name="gmailsignin" time="0.000" classname="com.cleartrip.payment.nodejs.trains_Emails">
    <skipped/>
  </testcase> <!-- gmailsignin -->
  <testcase name="gmailsignin" time="0.000" classname="com.cleartrip.payment.nodejs.trains_Emails">
    <skipped/>
  </testcase> <!-- gmailsignin -->
  <testcase name="gmailsignin" time="0.001" classname="com.cleartrip.payment.nodejs.trains_Emails">
    <skipped/>
  </testcase> <!-- gmailsignin -->
  <testcase name="gmailsignin" time="0.000" classname="com.cleartrip.payment.nodejs.trains_Emails">
    <skipped/>
  </testcase> <!-- gmailsignin -->
  <testcase name="gmailsignin" time="0.001" classname="com.cleartrip.payment.nodejs.trains_Emails">
    <skipped/>
  </testcase> <!-- gmailsignin -->
  <testcase name="gmailsignin" time="0.012" classname="com.cleartrip.payment.nodejs.trains_Emails">
    <skipped/>
  </testcase> <!-- gmailsignin -->
  <testcase name="gmailsignin" time="0.000" classname="com.cleartrip.payment.nodejs.trains_Emails">
    <skipped/>
  </testcase> <!-- gmailsignin -->
  <testcase name="gmailsignin" time="0.000" classname="com.cleartrip.payment.nodejs.trains_Emails">
    <skipped/>
  </testcase> <!-- gmailsignin -->
  <testcase name="gmailsignin" time="0.000" classname="com.cleartrip.payment.nodejs.trains_Emails">
    <skipped/>
  </testcase> <!-- gmailsignin -->
  <testcase name="gmailsignin" time="0.001" classname="com.cleartrip.payment.nodejs.trains_Emails">
    <skipped/>
  </testcase> <!-- gmailsignin -->
  <testcase name="gmailsignin" time="0.003" classname="com.cleartrip.payment.nodejs.trains_Emails">
    <skipped/>
  </testcase> <!-- gmailsignin -->
  <testcase name="gmailsignin" time="0.001" classname="com.cleartrip.payment.nodejs.trains_Emails">
    <skipped/>
  </testcase> <!-- gmailsignin -->
  <testcase name="gmailsignin" time="0.000" classname="com.cleartrip.payment.nodejs.trains_Emails">
    <skipped/>
  </testcase> <!-- gmailsignin -->
  <testcase name="gmailsignin" time="0.004" classname="com.cleartrip.payment.nodejs.trains_Emails">
    <skipped/>
  </testcase> <!-- gmailsignin -->
  <testcase name="gmailsignin" time="0.000" classname="com.cleartrip.payment.nodejs.trains_Emails">
    <skipped/>
  </testcase> <!-- gmailsignin -->
  <testcase name="gmailsignin" time="0.002" classname="com.cleartrip.payment.nodejs.trains_Emails">
    <skipped/>
  </testcase> <!-- gmailsignin -->
  <testcase name="gmailsignin" time="0.001" classname="com.cleartrip.payment.nodejs.trains_Emails">
    <skipped/>
  </testcase> <!-- gmailsignin -->
  <testcase name="gmailsignin" time="3.717" classname="com.cleartrip.payment.nodejs.trains_Emails"/>
  <testcase name="gmailsignin" time="0.000" classname="com.cleartrip.payment.nodejs.trains_Emails">
    <skipped/>
  </testcase> <!-- gmailsignin -->
  <testcase name="gmailsignin" time="0.001" classname="com.cleartrip.payment.nodejs.trains_Emails">
    <skipped/>
  </testcase> <!-- gmailsignin -->
  <testcase name="gmailsignin" time="0.002" classname="com.cleartrip.payment.nodejs.trains_Emails">
    <skipped/>
  </testcase> <!-- gmailsignin -->
  <testcase name="gmailsignin" time="0.000" classname="com.cleartrip.payment.nodejs.trains_Emails">
    <skipped/>
  </testcase> <!-- gmailsignin -->
  <testcase name="gmailsignin" time="0.002" classname="com.cleartrip.payment.nodejs.trains_Emails">
    <skipped/>
  </testcase> <!-- gmailsignin -->
  <testcase name="gmailsignin" time="0.002" classname="com.cleartrip.payment.nodejs.trains_Emails">
    <skipped/>
  </testcase> <!-- gmailsignin -->
  <testcase name="gmailsignin" time="0.001" classname="com.cleartrip.payment.nodejs.trains_Emails">
    <skipped/>
  </testcase> <!-- gmailsignin -->
  <testcase name="gmailsignin" time="0.004" classname="com.cleartrip.payment.nodejs.trains_Emails">
    <skipped/>
  </testcase> <!-- gmailsignin -->
  <testcase name="gmailsignin" time="0.001" classname="com.cleartrip.payment.nodejs.trains_Emails">
    <skipped/>
  </testcase> <!-- gmailsignin -->
  <testcase name="gmailsignin" time="0.000" classname="com.cleartrip.payment.nodejs.trains_Emails">
    <skipped/>
  </testcase> <!-- gmailsignin -->
  <testcase name="gmailsignin" time="0.002" classname="com.cleartrip.payment.nodejs.trains_Emails">
    <skipped/>
  </testcase> <!-- gmailsignin -->
  <testcase name="gmailsignin" time="0.003" classname="com.cleartrip.payment.nodejs.trains_Emails">
    <skipped/>
  </testcase> <!-- gmailsignin -->
  <testcase name="gmailsignin" time="0.001" classname="com.cleartrip.payment.nodejs.trains_Emails">
    <skipped/>
  </testcase> <!-- gmailsignin -->
  <testcase name="gmailsignin" time="0.001" classname="com.cleartrip.payment.nodejs.trains_Emails">
    <skipped/>
  </testcase> <!-- gmailsignin -->
  <testcase name="gmailsignin" time="0.001" classname="com.cleartrip.payment.nodejs.trains_Emails">
    <skipped/>
  </testcase> <!-- gmailsignin -->
  <testcase name="gmailsignin" time="0.001" classname="com.cleartrip.payment.nodejs.trains_Emails">
    <skipped/>
  </testcase> <!-- gmailsignin -->
  <testcase name="gmailsignin" time="0.002" classname="com.cleartrip.payment.nodejs.trains_Emails">
    <skipped/>
  </testcase> <!-- gmailsignin -->
  <testcase name="gmailsignin" time="0.002" classname="com.cleartrip.payment.nodejs.trains_Emails">
    <skipped/>
  </testcase> <!-- gmailsignin -->
  <testcase name="gmailsignin" time="0.009" classname="com.cleartrip.payment.nodejs.trains_Emails">
    <skipped/>
  </testcase> <!-- gmailsignin -->
  <testcase name="gmailsignin" time="0.000" classname="com.cleartrip.payment.nodejs.trains_Emails">
    <skipped/>
  </testcase> <!-- gmailsignin -->
  <testcase name="gmailsignin" time="0.005" classname="com.cleartrip.payment.nodejs.trains_Emails">
    <skipped/>
  </testcase> <!-- gmailsignin -->
  <testcase name="gmailsignin" time="0.000" classname="com.cleartrip.payment.nodejs.trains_Emails">
    <skipped/>
  </testcase> <!-- gmailsignin -->
  <testcase name="gmailsignin" time="0.002" classname="com.cleartrip.payment.nodejs.trains_Emails">
    <skipped/>
  </testcase> <!-- gmailsignin -->
  <testcase name="afterMethod" time="0.001" classname="com.cleartrip.payment.nodejs.trains_Emails">
    <error type="org.openqa.selenium.NoSuchWindowException" message="no such window: target window already closed
from unknown error: web view not found
  (Session info: chrome=72.0.3626.119)
  (Driver info: chromedriver=2.35.528161 (5b82f2d2aae0ca24b877009200ced9065a772e73),platform=Windows NT 6.1.7601 SP1 x86_64) (WARNING: The server did not provide any stacktrace information)
Command duration or timeout: 48 milliseconds
Build info: version: &#039;3.4.0&#039;, revision: &#039;unknown&#039;, time: &#039;unknown&#039;
System info: host: &#039;SYSADM-PC&#039;, ip: &#039;192.168.50.155&#039;, os.name: &#039;Windows 7&#039;, os.arch: &#039;amd64&#039;, os.version: &#039;6.1&#039;, java.version: &#039;1.8.0_191&#039;
Driver info: org.openqa.selenium.chrome.ChromeDriver
Capabilities [{applicationCacheEnabled=false, rotatable=false, mobileEmulationEnabled=false, networkConnectionEnabled=false, chrome={chromedriverVersion=2.35.528161 (5b82f2d2aae0ca24b877009200ced9065a772e73), userDataDir=C:\Users\VARALA~1\AppData\Local\Temp\scoped_dir7412_15135}, takesHeapSnapshot=true, pageLoadStrategy=normal, databaseEnabled=false, handlesAlerts=true, hasTouchScreen=false, version=72.0.3626.119, platform=XP, browserConnectionEnabled=false, nativeEvents=true, acceptSslCerts=false, acceptInsecureCerts=false, locationContextEnabled=true, webStorageEnabled=true, browserName=chrome, takesScreenshot=true, javascriptEnabled=true, cssSelectorsEnabled=true, setWindowRect=true, unexpectedAlertBehaviour=}]
Session ID: a39e1ce65b8aabd9dbae0dd321bbd248">
      <![CDATA[org.openqa.selenium.NoSuchWindowException: no such window: target window already closed
from unknown error: web view not found
  (Session info: chrome=72.0.3626.119)
  (Driver info: chromedriver=2.35.528161 (5b82f2d2aae0ca24b877009200ced9065a772e73),platform=Windows NT 6.1.7601 SP1 x86_64) (WARNING: The server did not provide any stacktrace information)
Command duration or timeout: 48 milliseconds
Build info: version: '3.4.0', revision: 'unknown', time: 'unknown'
System info: host: 'SYSADM-PC', ip: '192.168.50.155', os.name: 'Windows 7', os.arch: 'amd64', os.version: '6.1', java.version: '1.8.0_191'
Driver info: org.openqa.selenium.chrome.ChromeDriver
Capabilities [{applicationCacheEnabled=false, rotatable=false, mobileEmulationEnabled=false, networkConnectionEnabled=false, chrome={chromedriverVersion=2.35.528161 (5b82f2d2aae0ca24b877009200ced9065a772e73), userDataDir=C:\Users\VARALA~1\AppData\Local\Temp\scoped_dir7412_15135}, takesHeapSnapshot=true, pageLoadStrategy=normal, databaseEnabled=false, handlesAlerts=true, hasTouchScreen=false, version=72.0.3626.119, platform=XP, browserConnectionEnabled=false, nativeEvents=true, acceptSslCerts=false, acceptInsecureCerts=false, locationContextEnabled=true, webStorageEnabled=true, browserName=chrome, takesScreenshot=true, javascriptEnabled=true, cssSelectorsEnabled=true, setWindowRect=true, unexpectedAlertBehaviour=}]
Session ID: a39e1ce65b8aabd9dbae0dd321bbd248
	at sun.reflect.NativeConstructorAccessorImpl.newInstance0(Native Method)
	at sun.reflect.NativeConstructorAccessorImpl.newInstance(Unknown Source)
	at sun.reflect.DelegatingConstructorAccessorImpl.newInstance(Unknown Source)
	at java.lang.reflect.Constructor.newInstance(Unknown Source)
	at org.openqa.selenium.remote.ErrorHandler.createThrowable(ErrorHandler.java:215)
	at org.openqa.selenium.remote.ErrorHandler.throwIfResponseFailed(ErrorHandler.java:167)
	at org.openqa.selenium.remote.RemoteWebDriver.execute(RemoteWebDriver.java:671)
	at org.openqa.selenium.remote.RemoteWebDriver.execute(RemoteWebDriver.java:694)
	at org.openqa.selenium.remote.RemoteWebDriver.getScreenshotAs(RemoteWebDriver.java:382)
	at commonServices.CommonUtil.screenshot(CommonUtil.java:759)
	at com.cleartrip.payment.nodejs.trains_Emails.afterMethod(trains_Emails.java:61)
	at sun.reflect.NativeMethodAccessorImpl.invoke0(Native Method)
	at sun.reflect.NativeMethodAccessorImpl.invoke(Unknown Source)
	at sun.reflect.DelegatingMethodAccessorImpl.invoke(Unknown Source)
	at java.lang.reflect.Method.invoke(Unknown Source)
	at org.testng.internal.MethodInvocationHelper.invokeMethod(MethodInvocationHelper.java:104)
	at org.testng.internal.Invoker.invokeConfigurationMethod(Invoker.java:515)
	at org.testng.internal.Invoker.invokeConfigurations(Invoker.java:217)
	at org.testng.internal.Invoker.invokeMethod(Invoker.java:712)
	at org.testng.internal.Invoker.invokeTestMethod(Invoker.java:851)
	at org.testng.internal.Invoker.invokeTestMethods(Invoker.java:1177)
	at org.testng.internal.TestMethodWorker.invokeTestMethods(TestMethodWorker.java:129)
	at org.testng.internal.TestMethodWorker.run(TestMethodWorker.java:112)
	at org.testng.TestRunner.privateRun(TestRunner.java:756)
	at org.testng.TestRunner.run(TestRunner.java:610)
	at org.testng.SuiteRunner.runTest(SuiteRunner.java:387)
	at org.testng.SuiteRunner.runSequentially(SuiteRunner.java:382)
	at org.testng.SuiteRunner.privateRun(SuiteRunner.java:340)
	at org.testng.SuiteRunner.run(SuiteRunner.java:289)
	at org.testng.SuiteRunnerWorker.runSuite(SuiteRunnerWorker.java:52)
	at org.testng.SuiteRunnerWorker.run(SuiteRunnerWorker.java:86)
	at org.testng.TestNG.runSuitesSequentially(TestNG.java:1293)
	at org.testng.TestNG.runSuitesLocally(TestNG.java:1218)
	at org.testng.TestNG.runSuites(TestNG.java:1133)
	at org.testng.TestNG.run(TestNG.java:1104)
	at org.testng.remote.AbstractRemoteTestNG.run(AbstractRemoteTestNG.java:114)
	at org.testng.remote.RemoteTestNG.initAndRun(RemoteTestNG.java:251)
	at org.testng.remote.RemoteTestNG.main(RemoteTestNG.java:77)
]]>
    </error>
  </testcase> <!-- afterMethod -->
  <testcase name="gmailsignin" time="0.001" classname="com.cleartrip.payment.nodejs.trains_Emails">
    <skipped/>
  </testcase> <!-- gmailsignin -->
  <testcase name="gmailsignin" time="0.000" classname="com.cleartrip.payment.nodejs.trains_Emails">
    <skipped/>
  </testcase> <!-- gmailsignin -->
  <testcase name="gmailsignin" time="0.001" classname="com.cleartrip.payment.nodejs.trains_Emails">
    <skipped/>
  </testcase> <!-- gmailsignin -->
  <testcase name="gmailsignin" time="0.001" classname="com.cleartrip.payment.nodejs.trains_Emails">
    <skipped/>
  </testcase> <!-- gmailsignin -->
  <testcase name="gmailsignin" time="0.001" classname="com.cleartrip.payment.nodejs.trains_Emails">
    <skipped/>
  </testcase> <!-- gmailsignin -->
  <testcase name="gmailsignin" time="0.000" classname="com.cleartrip.payment.nodejs.trains_Emails">
    <skipped/>
  </testcase> <!-- gmailsignin -->
  <testcase name="gmailsignin" time="0.007" classname="com.cleartrip.payment.nodejs.trains_Emails">
    <skipped/>
  </testcase> <!-- gmailsignin -->
  <testcase name="gmailsignin" time="0.001" classname="com.cleartrip.payment.nodejs.trains_Emails">
    <skipped/>
  </testcase> <!-- gmailsignin -->
  <testcase name="gmailsignin" time="0.001" classname="com.cleartrip.payment.nodejs.trains_Emails">
    <skipped/>
  </testcase> <!-- gmailsignin -->
  <testcase name="gmailsignin" time="0.003" classname="com.cleartrip.payment.nodejs.trains_Emails">
    <skipped/>
  </testcase> <!-- gmailsignin -->
  <testcase name="gmailsignin" time="0.003" classname="com.cleartrip.payment.nodejs.trains_Emails">
    <skipped/>
  </testcase> <!-- gmailsignin -->
  <testcase name="gmailsignin" time="0.000" classname="com.cleartrip.payment.nodejs.trains_Emails">
    <skipped/>
  </testcase> <!-- gmailsignin -->
  <testcase name="gmailsignin" time="0.001" classname="com.cleartrip.payment.nodejs.trains_Emails">
    <skipped/>
  </testcase> <!-- gmailsignin -->
  <testcase name="gmailsignin" time="0.001" classname="com.cleartrip.payment.nodejs.trains_Emails">
    <skipped/>
  </testcase> <!-- gmailsignin -->
  <testcase name="gmailsignin" time="0.001" classname="com.cleartrip.payment.nodejs.trains_Emails">
    <skipped/>
  </testcase> <!-- gmailsignin -->
  <testcase name="gmailsignin" time="0.001" classname="com.cleartrip.payment.nodejs.trains_Emails">
    <skipped/>
  </testcase> <!-- gmailsignin -->
  <testcase name="gmailsignin" time="0.001" classname="com.cleartrip.payment.nodejs.trains_Emails">
    <skipped/>
  </testcase> <!-- gmailsignin -->
  <testcase name="gmailsignin" time="0.002" classname="com.cleartrip.payment.nodejs.trains_Emails">
    <skipped/>
  </testcase> <!-- gmailsignin -->
  <testcase name="gmailsignin" time="0.001" classname="com.cleartrip.payment.nodejs.trains_Emails">
    <skipped/>
  </testcase> <!-- gmailsignin -->
  <testcase name="gmailsignin" time="0.001" classname="com.cleartrip.payment.nodejs.trains_Emails">
    <skipped/>
  </testcase> <!-- gmailsignin -->
  <testcase name="gmailsignin" time="0.001" classname="com.cleartrip.payment.nodejs.trains_Emails">
    <skipped/>
  </testcase> <!-- gmailsignin -->
  <testcase name="gmailsignin" time="0.001" classname="com.cleartrip.payment.nodejs.trains_Emails">
    <skipped/>
  </testcase> <!-- gmailsignin -->
  <testcase name="gmailsignin" time="0.000" classname="com.cleartrip.payment.nodejs.trains_Emails">
    <skipped/>
  </testcase> <!-- gmailsignin -->
  <testcase name="gmailsignin" time="0.002" classname="com.cleartrip.payment.nodejs.trains_Emails">
    <skipped/>
  </testcase> <!-- gmailsignin -->
  <testcase name="gmailsignin" time="0.001" classname="com.cleartrip.payment.nodejs.trains_Emails">
    <skipped/>
  </testcase> <!-- gmailsignin -->
  <testcase name="gmailsignin" time="0.002" classname="com.cleartrip.payment.nodejs.trains_Emails">
    <skipped/>
  </testcase> <!-- gmailsignin -->
  <testcase name="gmailsignin" time="0.001" classname="com.cleartrip.payment.nodejs.trains_Emails">
    <skipped/>
  </testcase> <!-- gmailsignin -->
  <testcase name="gmailsignin" time="0.000" classname="com.cleartrip.payment.nodejs.trains_Emails">
    <skipped/>
  </testcase> <!-- gmailsignin -->
  <testcase name="gmailsignin" time="0.000" classname="com.cleartrip.payment.nodejs.trains_Emails">
    <skipped/>
  </testcase> <!-- gmailsignin -->
  <testcase name="gmailsignin" time="0.001" classname="com.cleartrip.payment.nodejs.trains_Emails">
    <skipped/>
  </testcase> <!-- gmailsignin -->
  <testcase name="gmailsignin" time="0.000" classname="com.cleartrip.payment.nodejs.trains_Emails">
    <skipped/>
  </testcase> <!-- gmailsignin -->
  <testcase name="gmailsignin" time="13.924" classname="com.cleartrip.payment.nodejs.trains_Emails"/>
  <testcase name="gmailsignin" time="0.002" classname="com.cleartrip.payment.nodejs.trains_Emails">
    <skipped/>
  </testcase> <!-- gmailsignin -->
  <testcase name="gmailsignin" time="0.000" classname="com.cleartrip.payment.nodejs.trains_Emails">
    <skipped/>
  </testcase> <!-- gmailsignin -->
  <testcase name="gmailsignin" time="0.001" classname="com.cleartrip.payment.nodejs.trains_Emails">
    <skipped/>
  </testcase> <!-- gmailsignin -->
  <testcase name="gmailsignin" time="0.000" classname="com.cleartrip.payment.nodejs.trains_Emails">
    <skipped/>
  </testcase> <!-- gmailsignin -->
  <testcase name="gmailsignin" time="0.001" classname="com.cleartrip.payment.nodejs.trains_Emails">
    <skipped/>
  </testcase> <!-- gmailsignin -->
  <testcase name="gmailsignin" time="0.001" classname="com.cleartrip.payment.nodejs.trains_Emails">
    <skipped/>
  </testcase> <!-- gmailsignin -->
  <testcase name="gmailsignin" time="0.001" classname="com.cleartrip.payment.nodejs.trains_Emails">
    <skipped/>
  </testcase> <!-- gmailsignin -->
  <testcase name="gmailsignin" time="0.000" classname="com.cleartrip.payment.nodejs.trains_Emails">
    <skipped/>
  </testcase> <!-- gmailsignin -->
  <testcase name="gmailsignin" time="0.000" classname="com.cleartrip.payment.nodejs.trains_Emails">
    <skipped/>
  </testcase> <!-- gmailsignin -->
  <testcase name="gmailsignin" time="0.002" classname="com.cleartrip.payment.nodejs.trains_Emails">
    <skipped/>
  </testcase> <!-- gmailsignin -->
  <testcase name="gmailsignin" time="0.000" classname="com.cleartrip.payment.nodejs.trains_Emails">
    <skipped/>
  </testcase> <!-- gmailsignin -->
  <testcase name="gmailsignin" time="0.001" classname="com.cleartrip.payment.nodejs.trains_Emails">
    <skipped/>
  </testcase> <!-- gmailsignin -->
  <testcase name="gmailsignin" time="0.005" classname="com.cleartrip.payment.nodejs.trains_Emails">
    <skipped/>
  </testcase> <!-- gmailsignin -->
  <testcase name="gmailsignin" time="0.037" classname="com.cleartrip.payment.nodejs.trains_Emails">
    <skipped/>
  </testcase> <!-- gmailsignin -->
  <testcase name="gmailsignin" time="0.006" classname="com.cleartrip.payment.nodejs.trains_Emails">
    <skipped/>
  </testcase> <!-- gmailsignin -->
  <testcase name="gmailsignin" time="0.001" classname="com.cleartrip.payment.nodejs.trains_Emails">
    <skipped/>
  </testcase> <!-- gmailsignin -->
  <testcase name="gmailsignin" time="0.001" classname="com.cleartrip.payment.nodejs.trains_Emails">
    <skipped/>
  </testcase> <!-- gmailsignin -->
  <testcase name="gmailsignin" time="0.005" classname="com.cleartrip.payment.nodejs.trains_Emails">
    <skipped/>
  </testcase> <!-- gmailsignin -->
  <testcase name="gmailsignin" time="0.011" classname="com.cleartrip.payment.nodejs.trains_Emails">
    <skipped/>
  </testcase> <!-- gmailsignin -->
  <testcase name="gmailsignin" time="0.000" classname="com.cleartrip.payment.nodejs.trains_Emails">
    <skipped/>
  </testcase> <!-- gmailsignin -->
  <testcase name="gmailsignin" time="0.000" classname="com.cleartrip.payment.nodejs.trains_Emails">
    <skipped/>
  </testcase> <!-- gmailsignin -->
  <testcase name="gmailsignin" time="0.001" classname="com.cleartrip.payment.nodejs.trains_Emails">
    <skipped/>
  </testcase> <!-- gmailsignin -->
  <testcase name="gmailsignin" time="0.000" classname="com.cleartrip.payment.nodejs.trains_Emails">
    <skipped/>
  </testcase> <!-- gmailsignin -->
  <testcase name="gmailsignin" time="0.000" classname="com.cleartrip.payment.nodejs.trains_Emails">
    <skipped/>
  </testcase> <!-- gmailsignin -->
  <testcase name="gmailsignin" time="0.000" classname="com.cleartrip.payment.nodejs.trains_Emails">
    <skipped/>
  </testcase> <!-- gmailsignin -->
  <testcase name="gmailsignin" time="0.000" classname="com.cleartrip.payment.nodejs.trains_Emails">
    <skipped/>
  </testcase> <!-- gmailsignin -->
  <testcase name="gmailsignin" time="0.002" classname="com.cleartrip.payment.nodejs.trains_Emails">
    <skipped/>
  </testcase> <!-- gmailsignin -->
  <testcase name="gmailsignin" time="0.002" classname="com.cleartrip.payment.nodejs.trains_Emails">
    <skipped/>
  </testcase> <!-- gmailsignin -->
  <testcase name="gmailsignin" time="0.002" classname="com.cleartrip.payment.nodejs.trains_Emails">
    <skipped/>
  </testcase> <!-- gmailsignin -->
  <testcase name="gmailsignin" time="0.001" classname="com.cleartrip.payment.nodejs.trains_Emails">
    <skipped/>
  </testcase> <!-- gmailsignin -->
  <testcase name="gmailsignin" time="0.001" classname="com.cleartrip.payment.nodejs.trains_Emails">
    <skipped/>
  </testcase> <!-- gmailsignin -->
  <testcase name="gmailsignin" time="0.001" classname="com.cleartrip.payment.nodejs.trains_Emails">
    <skipped/>
  </testcase> <!-- gmailsignin -->
  <testcase name="gmailsignin" time="0.002" classname="com.cleartrip.payment.nodejs.trains_Emails">
    <skipped/>
  </testcase> <!-- gmailsignin -->
  <testcase name="gmailsignin" time="0.000" classname="com.cleartrip.payment.nodejs.trains_Emails">
    <skipped/>
  </testcase> <!-- gmailsignin -->
  <testcase name="gmailsignin" time="0.007" classname="com.cleartrip.payment.nodejs.trains_Emails">
    <skipped/>
  </testcase> <!-- gmailsignin -->
  <testcase name="gmailsignin" time="0.006" classname="com.cleartrip.payment.nodejs.trains_Emails">
    <skipped/>
  </testcase> <!-- gmailsignin -->
  <testcase name="gmailsignin" time="0.000" classname="com.cleartrip.payment.nodejs.trains_Emails">
    <skipped/>
  </testcase> <!-- gmailsignin -->
  <testcase name="gmailsignin" time="0.000" classname="com.cleartrip.payment.nodejs.trains_Emails">
    <skipped/>
  </testcase> <!-- gmailsignin -->
  <testcase name="gmailsignin" time="0.001" classname="com.cleartrip.payment.nodejs.trains_Emails">
    <skipped/>
  </testcase> <!-- gmailsignin -->
  <testcase name="gmailsignin" time="0.001" classname="com.cleartrip.payment.nodejs.trains_Emails">
    <skipped/>
  </testcase> <!-- gmailsignin -->
  <testcase name="gmailsignin" time="0.002" classname="com.cleartrip.payment.nodejs.trains_Emails">
    <skipped/>
  </testcase> <!-- gmailsignin -->
  <testcase name="gmailsignin" time="0.000" classname="com.cleartrip.payment.nodejs.trains_Emails">
    <skipped/>
  </testcase> <!-- gmailsignin -->
  <testcase name="gmailsignin" time="0.004" classname="com.cleartrip.payment.nodejs.trains_Emails">
    <skipped/>
  </testcase> <!-- gmailsignin -->
  <testcase name="gmailsignin" time="0.001" classname="com.cleartrip.payment.nodejs.trains_Emails">
    <skipped/>
  </testcase> <!-- gmailsignin -->
  <testcase name="gmailsignin" time="0.004" classname="com.cleartrip.payment.nodejs.trains_Emails">
    <skipped/>
  </testcase> <!-- gmailsignin -->
  <testcase name="gmailsignin" time="0.001" classname="com.cleartrip.payment.nodejs.trains_Emails">
    <skipped/>
  </testcase> <!-- gmailsignin -->
  <testcase name="gmailsignin" time="0.001" classname="com.cleartrip.payment.nodejs.trains_Emails">
    <skipped/>
  </testcase> <!-- gmailsignin -->
  <testcase name="gmailsignin" time="0.000" classname="com.cleartrip.payment.nodejs.trains_Emails">
    <skipped/>
  </testcase> <!-- gmailsignin -->
  <testcase name="gmailsignin" time="0.000" classname="com.cleartrip.payment.nodejs.trains_Emails">
    <skipped/>
  </testcase> <!-- gmailsignin -->
  <testcase name="gmailsignin" time="0.001" classname="com.cleartrip.payment.nodejs.trains_Emails">
    <skipped/>
  </testcase> <!-- gmailsignin -->
  <testcase name="gmailsignin" time="0.000" classname="com.cleartrip.payment.nodejs.trains_Emails">
    <skipped/>
  </testcase> <!-- gmailsignin -->
  <testcase name="gmailsignin" time="0.000" classname="com.cleartrip.payment.nodejs.trains_Emails">
    <skipped/>
  </testcase> <!-- gmailsignin -->
  <testcase name="gmailsignin" time="0.008" classname="com.cleartrip.payment.nodejs.trains_Emails">
    <skipped/>
  </testcase> <!-- gmailsignin -->
  <testcase name="gmailsignin" time="0.017" classname="com.cleartrip.payment.nodejs.trains_Emails">
    <skipped/>
  </testcase> <!-- gmailsignin -->
  <testcase name="gmailsignin" time="0.004" classname="com.cleartrip.payment.nodejs.trains_Emails">
    <skipped/>
  </testcase> <!-- gmailsignin -->
  <testcase name="gmailsignin" time="0.001" classname="com.cleartrip.payment.nodejs.trains_Emails">
    <skipped/>
  </testcase> <!-- gmailsignin -->
  <testcase name="gmailsignin" time="0.001" classname="com.cleartrip.payment.nodejs.trains_Emails">
    <skipped/>
  </testcase> <!-- gmailsignin -->
  <testcase name="gmailsignin" time="0.001" classname="com.cleartrip.payment.nodejs.trains_Emails">
    <skipped/>
  </testcase> <!-- gmailsignin -->
  <testcase name="gmailsignin" time="0.002" classname="com.cleartrip.payment.nodejs.trains_Emails">
    <skipped/>
  </testcase> <!-- gmailsignin -->
  <testcase name="gmailsignin" time="0.000" classname="com.cleartrip.payment.nodejs.trains_Emails">
    <skipped/>
  </testcase> <!-- gmailsignin -->
  <testcase name="gmailsignin" time="0.000" classname="com.cleartrip.payment.nodejs.trains_Emails">
    <skipped/>
  </testcase> <!-- gmailsignin -->
  <testcase name="gmailsignin" time="0.001" classname="com.cleartrip.payment.nodejs.trains_Emails">
    <skipped/>
  </testcase> <!-- gmailsignin -->
  <testcase name="gmailsignin" time="0.001" classname="com.cleartrip.payment.nodejs.trains_Emails">
    <skipped/>
  </testcase> <!-- gmailsignin -->
  <testcase name="gmailsignin" time="0.001" classname="com.cleartrip.payment.nodejs.trains_Emails">
    <skipped/>
  </testcase> <!-- gmailsignin -->
  <testcase name="gmailsignin" time="0.002" classname="com.cleartrip.payment.nodejs.trains_Emails">
    <skipped/>
  </testcase> <!-- gmailsignin -->
  <testcase name="gmailsignin" time="0.001" classname="com.cleartrip.payment.nodejs.trains_Emails">
    <skipped/>
  </testcase> <!-- gmailsignin -->
  <testcase name="gmailsignin" time="0.000" classname="com.cleartrip.payment.nodejs.trains_Emails">
    <skipped/>
  </testcase> <!-- gmailsignin -->
  <testcase name="gmailsignin" time="0.001" classname="com.cleartrip.payment.nodejs.trains_Emails">
    <skipped/>
  </testcase> <!-- gmailsignin -->
  <testcase name="gmailsignin" time="0.000" classname="com.cleartrip.payment.nodejs.trains_Emails">
    <skipped/>
  </testcase> <!-- gmailsignin -->
  <testcase name="gmailsignin" time="0.000" classname="com.cleartrip.payment.nodejs.trains_Emails">
    <skipped/>
  </testcase> <!-- gmailsignin -->
  <testcase name="gmailsignin" time="0.000" classname="com.cleartrip.payment.nodejs.trains_Emails">
    <skipped/>
  </testcase> <!-- gmailsignin -->
  <testcase name="gmailsignin" time="0.012" classname="com.cleartrip.payment.nodejs.trains_Emails">
    <skipped/>
  </testcase> <!-- gmailsignin -->
  <testcase name="gmailsignin" time="0.002" classname="com.cleartrip.payment.nodejs.trains_Emails">
    <skipped/>
  </testcase> <!-- gmailsignin -->
  <testcase name="gmailsignin" time="0.015" classname="com.cleartrip.payment.nodejs.trains_Emails">
    <skipped/>
  </testcase> <!-- gmailsignin -->
  <testcase name="gmailsignin" time="0.001" classname="com.cleartrip.payment.nodejs.trains_Emails">
    <skipped/>
  </testcase> <!-- gmailsignin -->
  <testcase name="gmailsignin" time="0.000" classname="com.cleartrip.payment.nodejs.trains_Emails">
    <skipped/>
  </testcase> <!-- gmailsignin -->
  <testcase name="gmailsignin" time="0.002" classname="com.cleartrip.payment.nodejs.trains_Emails">
    <skipped/>
  </testcase> <!-- gmailsignin -->
  <testcase name="gmailsignin" time="0.001" classname="com.cleartrip.payment.nodejs.trains_Emails">
    <skipped/>
  </testcase> <!-- gmailsignin -->
  <testcase name="gmailsignin" time="0.006" classname="com.cleartrip.payment.nodejs.trains_Emails">
    <skipped/>
  </testcase> <!-- gmailsignin -->
  <testcase name="gmailsignin" time="0.000" classname="com.cleartrip.payment.nodejs.trains_Emails">
    <skipped/>
  </testcase> <!-- gmailsignin -->
  <testcase name="gmailsignin" time="3.841" classname="com.cleartrip.payment.nodejs.trains_Emails"/>
  <testcase name="gmailsignin" time="0.000" classname="com.cleartrip.payment.nodejs.trains_Emails">
    <skipped/>
  </testcase> <!-- gmailsignin -->
  <testcase name="gmailsignin" time="0.003" classname="com.cleartrip.payment.nodejs.trains_Emails">
    <skipped/>
  </testcase> <!-- gmailsignin -->
  <testcase name="gmailsignin" time="0.001" classname="com.cleartrip.payment.nodejs.trains_Emails">
    <skipped/>
  </testcase> <!-- gmailsignin -->
  <testcase name="gmailsignin" time="0.001" classname="com.cleartrip.payment.nodejs.trains_Emails">
    <skipped/>
  </testcase> <!-- gmailsignin -->
  <testcase name="gmailsignin" time="0.001" classname="com.cleartrip.payment.nodejs.trains_Emails">
    <skipped/>
  </testcase> <!-- gmailsignin -->
  <testcase name="gmailsignin" time="0.002" classname="com.cleartrip.payment.nodejs.trains_Emails">
    <skipped/>
  </testcase> <!-- gmailsignin -->
  <testcase name="gmailsignin" time="0.006" classname="com.cleartrip.payment.nodejs.trains_Emails">
    <skipped/>
  </testcase> <!-- gmailsignin -->
  <testcase name="gmailsignin" time="0.001" classname="com.cleartrip.payment.nodejs.trains_Emails">
    <skipped/>
  </testcase> <!-- gmailsignin -->
  <testcase name="gmailsignin" time="0.001" classname="com.cleartrip.payment.nodejs.trains_Emails">
    <skipped/>
  </testcase> <!-- gmailsignin -->
  <testcase name="gmailsignin" time="0.001" classname="com.cleartrip.payment.nodejs.trains_Emails">
    <skipped/>
  </testcase> <!-- gmailsignin -->
  <testcase name="gmailsignin" time="0.003" classname="com.cleartrip.payment.nodejs.trains_Emails">
    <skipped/>
  </testcase> <!-- gmailsignin -->
  <testcase name="gmailsignin" time="0.001" classname="com.cleartrip.payment.nodejs.trains_Emails">
    <skipped/>
  </testcase> <!-- gmailsignin -->
  <testcase name="gmailsignin" time="0.001" classname="com.cleartrip.payment.nodejs.trains_Emails">
    <skipped/>
  </testcase> <!-- gmailsignin -->
  <testcase name="gmailsignin" time="0.001" classname="com.cleartrip.payment.nodejs.trains_Emails">
    <skipped/>
  </testcase> <!-- gmailsignin -->
  <testcase name="gmailsignin" time="0.003" classname="com.cleartrip.payment.nodejs.trains_Emails">
    <skipped/>
  </testcase> <!-- gmailsignin -->
  <testcase name="gmailsignin" time="0.001" classname="com.cleartrip.payment.nodejs.trains_Emails">
    <skipped/>
  </testcase> <!-- gmailsignin -->
  <testcase name="gmailsignin" time="0.003" classname="com.cleartrip.payment.nodejs.trains_Emails">
    <skipped/>
  </testcase> <!-- gmailsignin -->
  <testcase name="gmailsignin" time="13.936" classname="com.cleartrip.payment.nodejs.trains_Emails"/>
  <testcase name="gmailsignin" time="0.000" classname="com.cleartrip.payment.nodejs.trains_Emails">
    <skipped/>
  </testcase> <!-- gmailsignin -->
  <testcase name="gmailsignin" time="0.014" classname="com.cleartrip.payment.nodejs.trains_Emails">
    <skipped/>
  </testcase> <!-- gmailsignin -->
  <testcase name="gmailsignin" time="0.002" classname="com.cleartrip.payment.nodejs.trains_Emails">
    <skipped/>
  </testcase> <!-- gmailsignin -->
  <testcase name="gmailsignin" time="0.000" classname="com.cleartrip.payment.nodejs.trains_Emails">
    <skipped/>
  </testcase> <!-- gmailsignin -->
  <testcase name="gmailsignin" time="0.002" classname="com.cleartrip.payment.nodejs.trains_Emails">
    <skipped/>
  </testcase> <!-- gmailsignin -->
  <testcase name="gmailsignin" time="0.001" classname="com.cleartrip.payment.nodejs.trains_Emails">
    <skipped/>
  </testcase> <!-- gmailsignin -->
  <testcase name="gmailsignin" time="0.000" classname="com.cleartrip.payment.nodejs.trains_Emails">
    <skipped/>
  </testcase> <!-- gmailsignin -->
  <testcase name="gmailsignin" time="0.001" classname="com.cleartrip.payment.nodejs.trains_Emails">
    <skipped/>
  </testcase> <!-- gmailsignin -->
  <testcase name="gmailsignin" time="0.006" classname="com.cleartrip.payment.nodejs.trains_Emails">
    <skipped/>
  </testcase> <!-- gmailsignin -->
  <testcase name="gmailsignin" time="0.001" classname="com.cleartrip.payment.nodejs.trains_Emails">
    <skipped/>
  </testcase> <!-- gmailsignin -->
  <testcase name="gmailsignin" time="0.001" classname="com.cleartrip.payment.nodejs.trains_Emails">
    <skipped/>
  </testcase> <!-- gmailsignin -->
  <testcase name="gmailsignin" time="0.000" classname="com.cleartrip.payment.nodejs.trains_Emails">
    <skipped/>
  </testcase> <!-- gmailsignin -->
  <testcase name="gmailsignin" time="0.001" classname="com.cleartrip.payment.nodejs.trains_Emails">
    <skipped/>
  </testcase> <!-- gmailsignin -->
  <testcase name="gmailsignin" time="0.005" classname="com.cleartrip.payment.nodejs.trains_Emails">
    <skipped/>
  </testcase> <!-- gmailsignin -->
  <testcase name="gmailsignin" time="0.002" classname="com.cleartrip.payment.nodejs.trains_Emails">
    <skipped/>
  </testcase> <!-- gmailsignin -->
  <testcase name="gmailsignin" time="0.001" classname="com.cleartrip.payment.nodejs.trains_Emails">
    <skipped/>
  </testcase> <!-- gmailsignin -->
  <testcase name="gmailsignin" time="0.000" classname="com.cleartrip.payment.nodejs.trains_Emails">
    <skipped/>
  </testcase> <!-- gmailsignin -->
  <testcase name="gmailsignin" time="0.001" classname="com.cleartrip.payment.nodejs.trains_Emails">
    <skipped/>
  </testcase> <!-- gmailsignin -->
  <testcase name="gmailsignin" time="0.000" classname="com.cleartrip.payment.nodejs.trains_Emails">
    <skipped/>
  </testcase> <!-- gmailsignin -->
  <testcase name="gmailsignin" time="1.892" classname="com.cleartrip.payment.nodejs.trains_Emails">
    <error type="org.openqa.selenium.NoSuchWindowException" message="no such window: target window already closed
from unknown error: web view not found
  (Session info: chrome=72.0.3626.119)
  (Driver info: chromedriver=2.35.528161 (5b82f2d2aae0ca24b877009200ced9065a772e73),platform=Windows NT 6.1.7601 SP1 x86_64) (WARNING: The server did not provide any stacktrace information)
Command duration or timeout: 28 milliseconds
Build info: version: &#039;3.4.0&#039;, revision: &#039;unknown&#039;, time: &#039;unknown&#039;
System info: host: &#039;SYSADM-PC&#039;, ip: &#039;192.168.50.155&#039;, os.name: &#039;Windows 7&#039;, os.arch: &#039;amd64&#039;, os.version: &#039;6.1&#039;, java.version: &#039;1.8.0_191&#039;
Driver info: org.openqa.selenium.chrome.ChromeDriver
Capabilities [{applicationCacheEnabled=false, rotatable=false, mobileEmulationEnabled=false, networkConnectionEnabled=false, chrome={chromedriverVersion=2.35.528161 (5b82f2d2aae0ca24b877009200ced9065a772e73), userDataDir=C:\Users\VARALA~1\AppData\Local\Temp\scoped_dir7412_15135}, takesHeapSnapshot=true, pageLoadStrategy=normal, databaseEnabled=false, handlesAlerts=true, hasTouchScreen=false, version=72.0.3626.119, platform=XP, browserConnectionEnabled=false, nativeEvents=true, acceptSslCerts=false, acceptInsecureCerts=false, locationContextEnabled=true, webStorageEnabled=true, browserName=chrome, takesScreenshot=true, javascriptEnabled=true, cssSelectorsEnabled=true, setWindowRect=true, unexpectedAlertBehaviour=}]
Session ID: a39e1ce65b8aabd9dbae0dd321bbd248
*** Element info: {Using=xpath, value=//td[6]/div/div/div[2]/span/span}">
      <![CDATA[org.openqa.selenium.NoSuchWindowException: no such window: target window already closed
from unknown error: web view not found
  (Session info: chrome=72.0.3626.119)
  (Driver info: chromedriver=2.35.528161 (5b82f2d2aae0ca24b877009200ced9065a772e73),platform=Windows NT 6.1.7601 SP1 x86_64) (WARNING: The server did not provide any stacktrace information)
Command duration or timeout: 28 milliseconds
Build info: version: '3.4.0', revision: 'unknown', time: 'unknown'
System info: host: 'SYSADM-PC', ip: '192.168.50.155', os.name: 'Windows 7', os.arch: 'amd64', os.version: '6.1', java.version: '1.8.0_191'
Driver info: org.openqa.selenium.chrome.ChromeDriver
Capabilities [{applicationCacheEnabled=false, rotatable=false, mobileEmulationEnabled=false, networkConnectionEnabled=false, chrome={chromedriverVersion=2.35.528161 (5b82f2d2aae0ca24b877009200ced9065a772e73), userDataDir=C:\Users\VARALA~1\AppData\Local\Temp\scoped_dir7412_15135}, takesHeapSnapshot=true, pageLoadStrategy=normal, databaseEnabled=false, handlesAlerts=true, hasTouchScreen=false, version=72.0.3626.119, platform=XP, browserConnectionEnabled=false, nativeEvents=true, acceptSslCerts=false, acceptInsecureCerts=false, locationContextEnabled=true, webStorageEnabled=true, browserName=chrome, takesScreenshot=true, javascriptEnabled=true, cssSelectorsEnabled=true, setWindowRect=true, unexpectedAlertBehaviour=}]
Session ID: a39e1ce65b8aabd9dbae0dd321bbd248
*** Element info: {Using=xpath, value=//td[6]/div/div/div[2]/span/span}
	at sun.reflect.NativeConstructorAccessorImpl.newInstance0(Native Method)
	at sun.reflect.NativeConstructorAccessorImpl.newInstance(Unknown Source)
	at sun.reflect.DelegatingConstructorAccessorImpl.newInstance(Unknown Source)
	at java.lang.reflect.Constructor.newInstance(Unknown Source)
	at org.openqa.selenium.remote.ErrorHandler.createThrowable(ErrorHandler.java:215)
	at org.openqa.selenium.remote.ErrorHandler.throwIfResponseFailed(ErrorHandler.java:167)
	at org.openqa.selenium.remote.RemoteWebDriver.execute(RemoteWebDriver.java:671)
	at org.openqa.selenium.remote.RemoteWebDriver.findElement(RemoteWebDriver.java:410)
	at org.openqa.selenium.remote.RemoteWebDriver.findElementByXPath(RemoteWebDriver.java:509)
	at org.openqa.selenium.By$ByXPath.findElement(By.java:361)
	at org.openqa.selenium.remote.RemoteWebDriver.findElement(RemoteWebDriver.java:402)
	at commonServices.WrapperMethod.elementVisible(WrapperMethod.java:882)
	at domainServices.PaymentNodeJS.gmailTrains(PaymentNodeJS.java:1021)
	at com.cleartrip.payment.nodejs.trains_Emails.gmailsignin(trains_Emails.java:33)
	at sun.reflect.NativeMethodAccessorImpl.invoke0(Native Method)
	at sun.reflect.NativeMethodAccessorImpl.invoke(Unknown Source)
	at sun.reflect.DelegatingMethodAccessorImpl.invoke(Unknown Source)
	at java.lang.reflect.Method.invoke(Unknown Source)
	at org.testng.internal.MethodInvocationHelper.invokeMethod(MethodInvocationHelper.java:104)
	at org.testng.internal.Invoker.invokeMethod(Invoker.java:645)
	at org.testng.internal.Invoker.invokeTestMethod(Invoker.java:851)
	at org.testng.internal.Invoker.invokeTestMethods(Invoker.java:1177)
	at org.testng.internal.TestMethodWorker.invokeTestMethods(TestMethodWorker.java:129)
	at org.testng.internal.TestMethodWorker.run(TestMethodWorker.java:112)
	at org.testng.TestRunner.privateRun(TestRunner.java:756)
	at org.testng.TestRunner.run(TestRunner.java:610)
	at org.testng.SuiteRunner.runTest(SuiteRunner.java:387)
	at org.testng.SuiteRunner.runSequentially(SuiteRunner.java:382)
	at org.testng.SuiteRunner.privateRun(SuiteRunner.java:340)
	at org.testng.SuiteRunner.run(SuiteRunner.java:289)
	at org.testng.SuiteRunnerWorker.runSuite(SuiteRunnerWorker.java:52)
	at org.testng.SuiteRunnerWorker.run(SuiteRunnerWorker.java:86)
	at org.testng.TestNG.runSuitesSequentially(TestNG.java:1293)
	at org.testng.TestNG.runSuitesLocally(TestNG.java:1218)
	at org.testng.TestNG.runSuites(TestNG.java:1133)
	at org.testng.TestNG.run(TestNG.java:1104)
	at org.testng.remote.AbstractRemoteTestNG.run(AbstractRemoteTestNG.java:114)
	at org.testng.remote.RemoteTestNG.initAndRun(RemoteTestNG.java:251)
	at org.testng.remote.RemoteTestNG.main(RemoteTestNG.java:77)
]]>
    </error>
  </testcase> <!-- gmailsignin -->
  <testcase name="gmailsignin" time="0.000" classname="com.cleartrip.payment.nodejs.trains_Emails">
    <skipped/>
  </testcase> <!-- gmailsignin -->
  <testcase name="gmailsignin" time="14.572" classname="com.cleartrip.payment.nodejs.trains_Emails"/>
  <testcase name="gmailsignin" time="0.003" classname="com.cleartrip.payment.nodejs.trains_Emails">
    <skipped/>
  </testcase> <!-- gmailsignin -->
  <testcase name="gmailsignin" time="0.001" classname="com.cleartrip.payment.nodejs.trains_Emails">
    <skipped/>
  </testcase> <!-- gmailsignin -->
  <testcase name="gmailsignin" time="0.003" classname="com.cleartrip.payment.nodejs.trains_Emails">
    <skipped/>
  </testcase> <!-- gmailsignin -->
</testsuite> <!-- com.cleartrip.payment.nodejs.trains_Emails -->
