<?xml version="1.0" encoding="UTF-8"?>
<!-- Generated by org.testng.reporters.JUnitReportReporter -->
<testsuite skipped="0" hostname="sysadm-Latitude-3480" name="email.EmailwithAttachments" tests="1" failures="0" timestamp="08 Oct 2020 08:45:41 GMT" time="5.714" errors="0">
  <testcase name="message" time="5.714" classname="email.EmailwithAttachments"/>
</testsuite> <!-- email.EmailwithAttachments -->
