<?xml version="1.0" encoding="UTF-8"?>
<!-- Generated by org.testng.reporters.JUnitReportReporter -->
<testsuite skipped="0" hostname="sysadm-Latitude-3470" name="tripServicesProd.TS_POST_EmailByTxnId" tests="1" failures="0" timestamp="21 Feb 2020 07:56:37 GMT" time="0.067" errors="0">
  <testcase name="getEmail" time="0.067" classname="tripServicesProd.TS_POST_EmailByTxnId"/>
</testsuite> <!-- tripServicesProd.TS_POST_EmailByTxnId -->
