<?xml version="1.0" encoding="UTF-8"?>
<!-- Generated by org.testng.reporters.JUnitReportReporter -->
<testsuite skipped="0" hostname="sysadm-Latitude-3480" name="tripServices.TS_LogBooking_Local" tests="1" failures="0" timestamp="23 Mar 2020 05:25:08 GMT" time="6.481" errors="0">
  <testcase name="localPostCall" time="6.481" classname="tripServices.TS_LogBooking_Local"/>
</testsuite> <!-- tripServices.TS_LogBooking_Local -->
