<?xml version="1.0" encoding="UTF-8"?>
<!-- Generated by org.testng.reporters.JUnitReportReporter -->
<testsuite name="testScriptsHQUI.HQTripsDetails" tests="1" time="54.949" ignored="0" failures="0" timestamp="11 Mar 2019 06:31:20 GMT" skipped="0" hostname="sysadm-PC" errors="0">
  <testcase name="tripTabDeatils" time="54.949" classname="testScriptsHQUI.HQTripsDetails"/>
</testsuite> <!-- testScriptsHQUI.HQTripsDetails -->
