<?xml version="1.0" encoding="UTF-8"?>
<!-- Generated by org.testng.reporters.JUnitReportReporter -->
<testsuite skipped="0" hostname="sysadm-Latitude-3480" name="whatsappServiceProd.WhatsappOptinFlow" tests="1" failures="0" timestamp="20 Mar 2020 10:50:56 GMT" time="0.309" errors="0">
  <testcase name="message" time="0.309" classname="whatsappServiceProd.WhatsappOptinFlow"/>
</testsuite> <!-- whatsappServiceProd.WhatsappOptinFlow -->
