<?xml version="1.0" encoding="UTF-8"?>
<!-- Generated by org.testng.reporters.JUnitReportReporter -->
<testsuite skipped="0" hostname="sysadm-Latitude-3480" name="tripServicesProd.TS_GET_SUPPLIER" tests="1" failures="0" timestamp="29 Apr 2020 03:15:36 GMT" time="85.626" errors="0">
  <testcase name="getSupplier" time="85.626" classname="tripServicesProd.TS_GET_SUPPLIER"/>
</testsuite> <!-- tripServicesProd.TS_GET_SUPPLIER -->
