<?xml version="1.0" encoding="UTF-8"?>
<!-- Generated by org.testng.reporters.JUnitReportReporter -->
<testsuite skipped="0" hostname="sysadm-Latitude-3480" name="tripServices.TS_GET_TripcountbyPNR" tests="1" failures="0" timestamp="02 Mar 2020 04:47:00 GMT" time="47.459" errors="0">
  <testcase name="getTripcount" time="47.459" classname="tripServices.TS_GET_TripcountbyPNR"/>
</testsuite> <!-- tripServices.TS_GET_TripcountbyPNR -->
