<?xml version="1.0" encoding="UTF-8"?>
<!-- Generated by org.testng.reporters.JUnitReportReporter -->
<testsuite skipped="0" hostname="sysadm-Latitude-3480" name="tripServicesProd.TS_LogBooking_Air" tests="1" failures="0" timestamp="24 Mar 2020 03:10:09 GMT" time="2.769" errors="0">
  <testcase name="airPostCall" time="2.769" classname="tripServicesProd.TS_LogBooking_Air"/>
</testsuite> <!-- tripServicesProd.TS_LogBooking_Air -->
