<?xml version="1.0" encoding="UTF-8"?>
<!-- Generated by org.testng.reporters.JUnitReportReporter -->
<testsuite name="com.cleartrip.platform.whatsappService.WhatsappUserMessageSaudi" tests="1" time="2.247" ignored="0" failures="0" timestamp="27 Sep 2019 04:01:13 GMT" skipped="0" hostname="sysadm-PC" errors="0">
  <testcase name="message" time="2.247" classname="com.cleartrip.platform.whatsappService.WhatsappUserMessageSaudi"/>
</testsuite> <!-- com.cleartrip.platform.whatsappService.WhatsappUserMessageSaudi -->
