<?xml version="1.0" encoding="UTF-8"?>
<!-- Generated by org.testng.reporters.JUnitReportReporter -->
<testsuite skipped="0" hostname="sysadm-Latitude-3470" name="tripServicesProd.TS_GraphQL" tests="1" failures="0" timestamp="11 Feb 2020 10:37:16 GMT" time="1.054" errors="0">
  <testcase name="postGraphQL" time="1.054" classname="tripServicesProd.TS_GraphQL"/>
</testsuite> <!-- tripServicesProd.TS_GraphQL -->
