<?xml version="1.0" encoding="UTF-8"?>
<!-- Generated by org.testng.reporters.JUnitReportReporter -->
<testsuite skipped="0" hostname="sysadm-Latitude-3480" name="tripServices.TS_Get_TripDetails_CommValue" tests="2" failures="0" timestamp="02 Mar 2020 04:47:01 GMT" time="15.701" errors="0">
  <testcase name="phoneasCommunicationValue" time="6.249" classname="tripServices.TS_Get_TripDetails_CommValue"/>
  <testcase name="emailasCommunicationValue" time="9.452" classname="tripServices.TS_Get_TripDetails_CommValue"/>
</testsuite> <!-- tripServices.TS_Get_TripDetails_CommValue -->
