<?xml version="1.0" encoding="UTF-8"?>
<!-- Generated by org.testng.reporters.JUnitReportReporter -->
<testsuite skipped="0" hostname="sysadm-Latitude-3470" name="tripServicesProd.Accounts_Depositaccount" tests="1" failures="0" timestamp="21 Feb 2020 07:56:37 GMT" time="2.118" errors="0">
  <testcase name="Accounts_FetchByPersonid" time="2.118" classname="tripServicesProd.Accounts_Depositaccount"/>
</testsuite> <!-- tripServicesProd.Accounts_Depositaccount -->
