<?xml version="1.0" encoding="UTF-8"?>
<!-- Generated by org.testng.reporters.JUnitReportReporter -->
<testsuite skipped="0" hostname="sysadm-Latitude-3480" name="tripServices.TS_GET_Trips" tests="1" failures="0" timestamp="28 May 2020 10:59:09 GMT" time="27.114" errors="0">
  <testcase name="getTripService" time="27.114" classname="tripServices.TS_GET_Trips"/>
</testsuite> <!-- tripServices.TS_GET_Trips -->
