<?xml version="1.0" encoding="UTF-8"?>
<!-- Generated by org.testng.reporters.JUnitReportReporter -->
<testsuite skipped="1" hostname="sysadm-Latitude-3480" name="tripServicesProd.TS_GET_FinanceAllTrips_Local" tests="2" failures="0" timestamp="02 Mar 2020 04:30:37 GMT" time="65.380" errors="0">
  <testcase name="getTripService" time="2.506" classname="tripServicesProd.TS_GET_FinanceAllTrips_Local"/>
  <testcase name="getTripService" time="62.874" classname="tripServicesProd.TS_GET_FinanceAllTrips_Local">
    <skipped/>
  </testcase> <!-- getTripService -->
</testsuite> <!-- tripServicesProd.TS_GET_FinanceAllTrips_Local -->
