<?xml version="1.0" encoding="UTF-8"?>
<!-- Generated by org.testng.reporters.JUnitReportReporter -->
<testsuite skipped="0" hostname="sysadm-Latitude-3480" name="tripServicesProd.TS_GET_TripcountbyPNR" tests="1" failures="0" timestamp="02 Mar 2020 04:30:37 GMT" time="118.962" errors="0">
  <testcase name="getTripcount" time="118.962" classname="tripServicesProd.TS_GET_TripcountbyPNR"/>
</testsuite> <!-- tripServicesProd.TS_GET_TripcountbyPNR -->
