<?xml version="1.0" encoding="UTF-8"?>
<!-- Generated by org.testng.reporters.JUnitReportReporter -->
<testsuite skipped="0" hostname="sysadm-Latitude-3480" name="tripServices.TS_TripLockExpiry" tests="1" failures="0" timestamp="24 Apr 2020 09:57:20 GMT" time="0.368" errors="0">
  <testcase name="Trip_LockExpiry" time="0.368" classname="tripServices.TS_TripLockExpiry"/>
</testsuite> <!-- tripServices.TS_TripLockExpiry -->
