<?xml version="1.0" encoding="UTF-8"?>
<!-- Generated by org.testng.reporters.JUnitReportReporter -->
<testsuite skipped="0" hostname="sysadm-Latitude-3470" name="tripServices1.TS_GET_FinanceAllTrips_Hotel" tests="1" failures="0" timestamp="11 Feb 2020 09:37:25 GMT" time="9.579" errors="0">
  <testcase name="getTripService" time="9.579" classname="tripServices1.TS_GET_FinanceAllTrips_Hotel"/>
</testsuite> <!-- tripServices1.TS_GET_FinanceAllTrips_Hotel -->
