<?xml version="1.0" encoding="UTF-8"?>
<!-- Generated by org.testng.reporters.JUnitReportReporter -->
<testsuite skipped="0" hostname="sysadm-Latitude-3480" name="tripServicesProd.TS_LogBooking_Hotel" tests="1" failures="0" timestamp="02 Apr 2020 02:57:54 GMT" time="0.378" errors="0">
  <testcase name="hotelPostCall" time="0.378" classname="tripServicesProd.TS_LogBooking_Hotel"/>
</testsuite> <!-- tripServicesProd.TS_LogBooking_Hotel -->
