<?xml version="1.0" encoding="UTF-8"?>
<!-- Generated by org.testng.reporters.JUnitReportReporter -->
<testsuite skipped="0" hostname="sysadm-Latitude-3480" name="tripServicesProd.Accounts_FetchtripdetailsByTripid" tests="1" failures="0" timestamp="09 Mar 2020 03:42:32 GMT" time="0.189" errors="0">
  <testcase name="Accounts_FetchByTripid" time="0.189" classname="tripServicesProd.Accounts_FetchtripdetailsByTripid"/>
</testsuite> <!-- tripServicesProd.Accounts_FetchtripdetailsByTripid -->
