<?xml version="1.0" encoding="UTF-8"?>
<!-- Generated by org.testng.reporters.JUnitReportReporter -->
<testsuite skipped="0" hostname="sysadm-Latitude-3480" name="tripServices.TS_Post_UpcomingTrips" tests="1" failures="0" timestamp="09 Nov 2020 08:10:53 GMT" time="3.598" errors="0">
  <testcase name="upcomingTripsPostCall" time="3.598" classname="tripServices.TS_Post_UpcomingTrips"/>
</testsuite> <!-- tripServices.TS_Post_UpcomingTrips -->
