<?xml version="1.0" encoding="UTF-8"?>
<!-- Generated by org.testng.reporters.JUnitReportReporter -->
<testsuite name="testScriptsTrains.Pax_2A2C" tests="1" time="155.474" ignored="0" failures="0" timestamp="07 Feb 2019 03:54:54 GMT" skipped="0" hostname="sysadm-PC" errors="0">
  <testcase name="B2cTrains_Pax_2Adults2Children" time="155.474" classname="testScriptsTrains.Pax_2A2C"/>
</testsuite> <!-- testScriptsTrains.Pax_2A2C -->
