<?xml version="1.0" encoding="UTF-8"?>
<!-- Generated by org.testng.reporters.JUnitReportReporter -->
<testsuite name="testScriptsAccounts.Accounts_Wallet" tests="1" time="48.102" ignored="0" failures="0" timestamp="08 Oct 2019 07:11:16 GMT" skipped="0" hostname="sysadm-PC" errors="0">
  <testcase name="accountSetting_ChangePwd" time="48.102" classname="testScriptsAccounts.Accounts_Wallet"/>
</testsuite> <!-- testScriptsAccounts.Accounts_Wallet -->
