<?xml version="1.0" encoding="UTF-8"?>
<!-- Generated by org.testng.reporters.JUnitReportReporter -->
<testsuite skipped="0" hostname="sysadm-IT3407" name="paymentsAPI.API_Validate" tests="1" failures="0" timestamp="21 Mar 2020 08:22:54 GMT" time="3.180" errors="0">
  <testcase name="paymentValidate_API" time="3.180" classname="paymentsAPI.API_Validate"/>
</testsuite> <!-- paymentsAPI.API_Validate -->
