<?xml version="1.0" encoding="UTF-8"?>
<!-- Generated by org.testng.reporters.JUnitReportReporter -->
<testsuite skipped="0" hostname="sysadm-Latitude-3470" name="tripServicesProd.TS_GET_Finance_HOTEL" tests="1" failures="0" timestamp="21 Feb 2020 07:56:37 GMT" time="13.671" errors="0">
  <testcase name="getTripService" time="13.671" classname="tripServicesProd.TS_GET_Finance_HOTEL"/>
</testsuite> <!-- tripServicesProd.TS_GET_Finance_HOTEL -->
