<?xml version="1.0" encoding="UTF-8"?>
<!-- Generated by org.testng.reporters.JUnitReportReporter -->
<testsuite skipped="0" hostname="sysadm-Latitude-3470" name="tripServicesProd.Accounts_FetchtripdetailsByTripid" tests="1" failures="0" timestamp="11 Feb 2020 10:37:16 GMT" time="0.192" errors="0">
  <testcase name="Accounts_FetchByTripid" time="0.192" classname="tripServicesProd.Accounts_FetchtripdetailsByTripid"/>
</testsuite> <!-- tripServicesProd.Accounts_FetchtripdetailsByTripid -->
