<?xml version="1.0" encoding="UTF-8"?>
<!-- Generated by org.testng.reporters.JUnitReportReporter -->
<testsuite skipped="0" hostname="sysadm-Latitude-3480" name="tripServicesProd.Accounts_FetchtripdetailsByTripid" tests="1" failures="0" timestamp="29 Apr 2020 03:15:36 GMT" time="0.557" errors="0">
  <testcase name="Accounts_FetchByTripid" time="0.557" classname="tripServicesProd.Accounts_FetchtripdetailsByTripid"/>
</testsuite> <!-- tripServicesProd.Accounts_FetchtripdetailsByTripid -->
