<?xml version="1.0" encoding="UTF-8"?>
<!-- Generated by org.testng.reporters.JUnitReportReporter -->
<testsuite skipped="0" hostname="sysadm-Latitude-3480" name="tripServices.TS_GET_FinanceAllTrips_Local" tests="1" failures="0" timestamp="28 May 2020 10:59:09 GMT" time="2.739" errors="0">
  <testcase name="getTripService" time="2.739" classname="tripServices.TS_GET_FinanceAllTrips_Local"/>
</testsuite> <!-- tripServices.TS_GET_FinanceAllTrips_Local -->
