<?xml version="1.0" encoding="UTF-8"?>
<!-- Generated by org.testng.reporters.JUnitReportReporter -->
<testsuite skipped="1" hostname="sysadm-Latitude-3480" name="tripServices.TS_Affiliated_TxnID" tests="2" failures="0" timestamp="02 Mar 2020 04:47:01 GMT" time="2.924" errors="0">
  <testcase name="getTripService" time="1.796" classname="tripServices.TS_Affiliated_TxnID">
    <skipped/>
  </testcase> <!-- getTripService -->
  <testcase name="getTripService" time="1.128" classname="tripServices.TS_Affiliated_TxnID"/>
</testsuite> <!-- tripServices.TS_Affiliated_TxnID -->
