<?xml version="1.0" encoding="UTF-8"?>
<!-- Generated by org.testng.reporters.JUnitReportReporter -->
<testsuite skipped="0" hostname="sysadm-Latitude-3470" name="paymentsAPI.API_Binmanager_Get_Card" tests="1" failures="0" timestamp="13 Feb 2020 08:36:16 GMT" time="3.300" errors="0">
  <testcase name="Get_Card" time="3.300" classname="paymentsAPI.API_Binmanager_Get_Card"/>
</testsuite> <!-- paymentsAPI.API_Binmanager_Get_Card -->
