<?xml version="1.0" encoding="UTF-8"?>
<!-- Generated by org.testng.reporters.JUnitReportReporter -->
<testsuite skipped="0" hostname="sysadm-Latitude-3480" name="tripServices.TS_GET_CorpTripList" tests="1" failures="0" timestamp="23 Mar 2020 05:25:08 GMT" time="11.362" errors="0">
  <testcase name="getCorpTripCount" time="11.362" classname="tripServices.TS_GET_CorpTripList"/>
</testsuite> <!-- tripServices.TS_GET_CorpTripList -->
