<?xml version="1.0" encoding="UTF-8"?>
<!-- Generated by org.testng.reporters.JUnitReportReporter -->
<testsuite skipped="4" hostname="sysadm-Latitude-3480" name="paymentsAPI.API_OLA_Validate_Pay" tests="5" failures="1" timestamp="05 Mar 2020 05:12:34 GMT" time="12.319" errors="0">
  <testcase name="paymentOTP_Validate" time="11.990" classname="paymentsAPI.API_OLA_Validate_Pay">
    <skipped/>
  </testcase> <!-- paymentOTP_Validate -->
  <testcase name="paymentOTP_PromoStat" time="0.000" classname="paymentsAPI.API_OLA_Validate_Pay">
    <skipped/>
  </testcase> <!-- paymentOTP_PromoStat -->
  <testcase name="paymentOTP_Pay" time="0.000" classname="paymentsAPI.API_OLA_Validate_Pay">
    <skipped/>
  </testcase> <!-- paymentOTP_Pay -->
  <testcase name="paymentOTP_CheckStat" time="0.000" classname="paymentsAPI.API_OLA_Validate_Pay">
    <skipped/>
  </testcase> <!-- paymentOTP_CheckStat -->
  <testcase name="paymentOTP_Validate" time="0.329" classname="paymentsAPI.API_OLA_Validate_Pay">
    <failure type="junit.framework.AssertionFailedError">
      <![CDATA[junit.framework.AssertionFailedError
at junit.framework.Assert.fail(Assert.java:48)
at junit.framework.Assert.assertTrue(Assert.java:20)
at junit.framework.Assert.assertTrue(Assert.java:27)
at paymentsAPI.API_PaymentCommon1.validation(API_PaymentCommon1.java:1611)
at paymentsAPI.API_OLA_Validate_Pay.paymentOTP_Validate(API_OLA_Validate_Pay.java:22)
at sun.reflect.NativeMethodAccessorImpl.invoke0(Native Method)
at sun.reflect.NativeMethodAccessorImpl.invoke(NativeMethodAccessorImpl.java:62)
at sun.reflect.DelegatingMethodAccessorImpl.invoke(DelegatingMethodAccessorImpl.java:43)
at java.lang.reflect.Method.invoke(Method.java:498)
at org.testng.internal.MethodInvocationHelper.invokeMethod(MethodInvocationHelper.java:124)
at org.testng.internal.Invoker.invokeMethod(Invoker.java:583)
at org.testng.internal.Invoker.retryFailed(Invoker.java:839)
at org.testng.internal.Invoker.invokeTestMethods(Invoker.java:1010)
at org.testng.internal.TestMethodWorker.invokeTestMethods(TestMethodWorker.java:125)
at org.testng.internal.TestMethodWorker.run(TestMethodWorker.java:109)
at java.util.concurrent.ThreadPoolExecutor.runWorker(ThreadPoolExecutor.java:1149)
at java.util.concurrent.ThreadPoolExecutor$Worker.run(ThreadPoolExecutor.java:624)
at java.lang.Thread.run(Thread.java:748)
]]>
    </failure>
  </testcase> <!-- paymentOTP_Validate -->
</testsuite> <!-- paymentsAPI.API_OLA_Validate_Pay -->
