<?xml version="1.0" encoding="UTF-8"?>
<!-- Generated by org.testng.reporters.JUnitReportReporter -->
<testsuite skipped="0" hostname="sysadm-IT3407" name="paymentsAPI.API_Wallet" tests="1" failures="0" timestamp="20 Mar 2020 09:54:14 GMT" time="160.938" errors="0">
  <testcase name="paymentWallet_API" time="160.938" classname="paymentsAPI.API_Wallet"/>
</testsuite> <!-- paymentsAPI.API_Wallet -->
