<?xml version="1.0" encoding="UTF-8"?>
<!-- Generated by org.testng.reporters.JUnitReportReporter -->
<testsuite name="testScriptsTrains.PAX_1A1SM_ExecChair_NBRetry" tests="1" time="121.023" ignored="0" failures="0" timestamp="27 Mar 2019 04:21:26 GMT" skipped="0" hostname="sysadm-PC" errors="0">
  <testcase name="B2CTrains_NetbankingRetry_ExecChair" time="121.023" classname="testScriptsTrains.PAX_1A1SM_ExecChair_NBRetry"/>
</testsuite> <!-- testScriptsTrains.PAX_1A1SM_ExecChair_NBRetry -->
