<?xml version="1.0" encoding="UTF-8"?>
<!-- Generated by org.testng.reporters.JUnitReportReporter -->
<testsuite skipped="0" hostname="sysadm-IT3407" name="paymentsAPI.API_Wallet_Create" tests="1" failures="0" timestamp="20 Mar 2020 09:27:50 GMT" time="298.948" errors="0">
  <testcase name="Wallet_GETWALLET" time="298.948" classname="paymentsAPI.API_Wallet_Create"/>
</testsuite> <!-- paymentsAPI.API_Wallet_Create -->
