<?xml version="1.0" encoding="UTF-8"?>
<!-- Generated by org.testng.reporters.JUnitReportReporter -->
<testsuite skipped="0" hostname="sysadm-Latitude-3480" name="paymentsAPI.API_Reporting_TS_V3" tests="1" failures="0" timestamp="05 Mar 2020 05:12:34 GMT" time="0.394" errors="0">
  <testcase name="Wallet_GETWALLET" time="0.394" classname="paymentsAPI.API_Reporting_TS_V3"/>
</testsuite> <!-- paymentsAPI.API_Reporting_TS_V3 -->
