<?xml version="1.0" encoding="UTF-8"?>
<!-- Generated by org.testng.reporters.JUnitReportReporter -->
<testsuite name="com.cleartrip.platform.tripServices.TS_Cancel_Hotel" tests="1" time="7.334" ignored="0" failures="0" timestamp="31 Jul 2019 04:16:24 GMT" skipped="0" hostname="sysadm-PC" errors="0">
  <testcase name="Tripservicehotelputcall" time="7.334" classname="com.cleartrip.platform.tripServices.TS_Cancel_Hotel"/>
</testsuite> <!-- com.cleartrip.platform.tripServices.TS_Cancel_Hotel -->
