<?xml version="1.0" encoding="UTF-8"?>
<!-- Generated by org.testng.reporters.JUnitReportReporter -->
<testsuite skipped="0" hostname="sysadm-Latitude-3480" name="tripServices.TS_LogBooking_Air" tests="1" failures="0" timestamp="30 Apr 2020 07:49:03 GMT" time="14.158" errors="0">
  <testcase name="airPostCall" time="14.158" classname="tripServices.TS_LogBooking_Air"/>
</testsuite> <!-- tripServices.TS_LogBooking_Air -->
