<?xml version="1.0" encoding="UTF-8"?>
<!-- Generated by org.testng.reporters.JUnitReportReporter -->
<testsuite name="com.cleartrip.platform.accounts.ForgotPasswordEmail_API" tests="1" time="2.735" ignored="0" failures="0" timestamp="23 Apr 2019 04:57:23 GMT" skipped="0" hostname="sysadm-PC" errors="0">
  <testcase name="AccountRegister" time="2.735" classname="com.cleartrip.platform.accounts.ForgotPasswordEmail_API"/>
</testsuite> <!-- com.cleartrip.platform.accounts.ForgotPasswordEmail_API -->
