<?xml version="1.0" encoding="UTF-8"?>
<!-- Generated by org.testng.reporters.JUnitReportReporter -->
<testsuite name="com.cleartrip.payment.nodejs.Payment_NodeJS_GV_CC" tests="1" time="18.945" ignored="0" failures="0" timestamp="18 Sep 2019 06:28:53 GMT" skipped="0" hostname="sysadm-PC" errors="0">
  <testcase name="paymentNodeJS_GV" time="18.945" classname="com.cleartrip.payment.nodejs.Payment_NodeJS_GV_CC"/>
</testsuite> <!-- com.cleartrip.payment.nodejs.Payment_NodeJS_GV_CC -->
