<?xml version="1.0" encoding="UTF-8"?>
<!-- Generated by org.testng.reporters.JUnitReportReporter -->
<testsuite skipped="0" hostname="sysadm-IT3407" name="paymentsAPI.API_CC_GV_Wallet" tests="1" failures="0" timestamp="21 Mar 2020 16:40:46 GMT" time="2.553" errors="0">
  <testcase name="paymentCC_API" time="2.553" classname="paymentsAPI.API_CC_GV_Wallet"/>
</testsuite> <!-- paymentsAPI.API_CC_GV_Wallet -->
