<?xml version="1.0" encoding="UTF-8"?>
<!-- Generated by org.testng.reporters.JUnitReportReporter -->
<testsuite name="com.cleartrip.platform.tripServices.TS_Post_UpcomingTrips" tests="1" time="1.062" ignored="0" failures="0" timestamp="07 Oct 2019 06:28:47 GMT" skipped="0" hostname="sysadm-PC" errors="0">
  <testcase name="upcomingTripsPostCall" time="1.062" classname="com.cleartrip.platform.tripServices.TS_Post_UpcomingTrips"/>
</testsuite> <!-- com.cleartrip.platform.tripServices.TS_Post_UpcomingTrips -->
