<?xml version="1.0" encoding="UTF-8"?>
<!-- Generated by org.testng.reporters.JUnitReportReporter -->
<testsuite name="testScriptsHQUI.HQQueues" tests="1" time="107.219" ignored="0" failures="0" timestamp="11 Mar 2019 06:31:20 GMT" skipped="0" hostname="sysadm-PC" errors="0">
  <testcase name="queuesSanity_9073" time="107.219" classname="testScriptsHQUI.HQQueues"/>
</testsuite> <!-- testScriptsHQUI.HQQueues -->
