<?xml version="1.0" encoding="UTF-8"?>
<!-- Generated by org.testng.reporters.JUnitReportReporter -->
<testsuite skipped="0" hostname="IT3786-kirankumar" name="paymentsUI.Payment_NodeJS_CC_PG_Noon_AE" tests="1" failures="0" timestamp="25 Feb 2020 07:29:16 GMT" time="38.636" errors="0">
  <testcase name="paymentNodeJS_CCNoonAE" time="38.636" classname="paymentsUI.Payment_NodeJS_CC_PG_Noon_AE"/>
</testsuite> <!-- paymentsUI.Payment_NodeJS_CC_PG_Noon_AE -->
