<?xml version="1.0" encoding="UTF-8"?>
<!-- Generated by org.testng.reporters.JUnitReportReporter -->
<testsuite skipped="0" hostname="sysadm-Latitude-3480" name="paymentsAPI.API_CreateRecord" tests="1" failures="0" timestamp="05 Mar 2020 05:12:34 GMT" time="0.040" errors="0">
  <testcase name="paymentCC_API" time="0.040" classname="paymentsAPI.API_CreateRecord"/>
</testsuite> <!-- paymentsAPI.API_CreateRecord -->
