<?xml version="1.0" encoding="UTF-8"?>
<!-- Generated by org.testng.reporters.JUnitReportReporter -->
<testsuite skipped="0" hostname="sysadm-IT3407" name="paymentsAPI.API_FlyinPay" tests="1" failures="0" timestamp="21 Mar 2020 11:11:50 GMT" time="868.564" errors="0">
  <testcase name="PaymentCtPayCreate" time="868.564" classname="paymentsAPI.API_FlyinPay"/>
</testsuite> <!-- paymentsAPI.API_FlyinPay -->
