<?xml version="1.0" encoding="UTF-8"?>
<!-- Generated by org.testng.reporters.JUnitReportReporter -->
<testsuite name="com.cleartrip.platform.tripServices.TripservicePostCall_Trains" tests="1" time="1.024" ignored="0" failures="0" timestamp="20 Feb 2019 10:57:17 GMT" skipped="0" hostname="sysadm-PC" errors="0">
  <testcase name="Tripservicepostcall" time="1.024" classname="com.cleartrip.platform.tripServices.TripservicePostCall_Trains"/>
</testsuite> <!-- com.cleartrip.platform.tripServices.TripservicePostCall_Trains -->
