<?xml version="1.0" encoding="UTF-8"?>
<!-- Generated by org.testng.reporters.JUnitReportReporter -->
<testsuite skipped="0" hostname="sysadm-IT3407" name="paymentsUI.Payment_NodeJS_CC" tests="1" failures="0" timestamp="24 Mar 2020 11:13:47 GMT" time="21.116" errors="0">
  <testcase name="paymentNodeJS_CC" time="21.116" classname="paymentsUI.Payment_NodeJS_CC"/>
</testsuite> <!-- paymentsUI.Payment_NodeJS_CC -->
