<?xml version="1.0" encoding="UTF-8"?>
<!-- Generated by org.testng.reporters.JUnitReportReporter -->
<testsuite skipped="0" hostname="sysadm-Latitude-3480" name="tripServicesProd.Accounts_FetchtripdetailsByPersonid" tests="1" failures="0" timestamp="24 Mar 2020 03:10:09 GMT" time="4.717" errors="0">
  <testcase name="Accounts_FetchByPersonid" time="4.717" classname="tripServicesProd.Accounts_FetchtripdetailsByPersonid"/>
</testsuite> <!-- tripServicesProd.Accounts_FetchtripdetailsByPersonid -->
