<?xml version="1.0" encoding="UTF-8"?>
<!-- Generated by org.testng.reporters.JUnitReportReporter -->
<testsuite skipped="0" hostname="sysadm-Latitude-3480" name="paymentsAPI.API_ROR_Reads" tests="2" failures="0" timestamp="05 Mar 2020 05:12:34 GMT" time="0.216" errors="0">
  <testcase name="ROR_MultiSearch_Reads" time="0.074" classname="paymentsAPI.API_ROR_Reads"/>
  <testcase name="ROR_WalletFetch" time="0.142" classname="paymentsAPI.API_ROR_Reads"/>
</testsuite> <!-- paymentsAPI.API_ROR_Reads -->
