<?xml version="1.0" encoding="UTF-8"?>
<!-- Generated by org.testng.reporters.JUnitReportReporter -->
<testsuite skipped="0" hostname="sysadm-Latitude-3470" name="tripServices1.TS_LogBooking_Local" tests="1" failures="0" timestamp="11 Feb 2020 09:37:25 GMT" time="0.096" errors="0">
  <testcase name="localPostCall" time="0.096" classname="tripServices1.TS_LogBooking_Local"/>
</testsuite> <!-- tripServices1.TS_LogBooking_Local -->
