<?xml version="1.0" encoding="UTF-8"?>
<!-- Generated by org.testng.reporters.JUnitReportReporter -->
<testsuite skipped="0" hostname="sysadm-Latitude-3480" name="tripServices.TS_Amendment" tests="1" failures="0" timestamp="29 Apr 2020 10:10:51 GMT" time="55.136" errors="0">
  <testcase name="Tripserviceairputcall" time="55.136" classname="tripServices.TS_Amendment"/>
</testsuite> <!-- tripServices.TS_Amendment -->
