<?xml version="1.0" encoding="UTF-8"?>
<!-- Generated by org.testng.reporters.JUnitReportReporter -->
<testsuite skipped="0" hostname="IT3786-kirankumar" name="paymentsAPI.API_ROR_Reads" tests="2" failures="0" timestamp="03 Mar 2020 11:28:14 GMT" time="3.124" errors="0">
  <testcase name="ROR_WalletFetch" time="0.697" classname="paymentsAPI.API_ROR_Reads"/>
  <testcase name="ROR_MultiSearch_Reads" time="2.427" classname="paymentsAPI.API_ROR_Reads"/>
</testsuite> <!-- paymentsAPI.API_ROR_Reads -->
