<?xml version="1.0" encoding="UTF-8"?>
<!-- Generated by org.testng.reporters.JUnitReportReporter -->
<testsuite name="testScriptsAccounts.MyTrips_Agency" tests="1" time="30.288" ignored="0" failures="0" timestamp="13 Mar 2019 11:28:36 GMT" skipped="0" hostname="sysadm-PC" errors="0">
  <testcase name="AgencyAirTripsPage_292" time="30.288" classname="testScriptsAccounts.MyTrips_Agency"/>
</testsuite> <!-- testScriptsAccounts.MyTrips_Agency -->
