<?xml version="1.0" encoding="UTF-8"?>
<!-- Generated by org.testng.reporters.JUnitReportReporter -->
<testsuite skipped="0" hostname="sysadm-Latitude-3470" name="tripServicesProd.Accounts_FetchtripdetailsByPersonid" tests="1" failures="0" timestamp="21 Feb 2020 07:56:37 GMT" time="3.834" errors="0">
  <testcase name="Accounts_FetchByPersonid" time="3.834" classname="tripServicesProd.Accounts_FetchtripdetailsByPersonid"/>
</testsuite> <!-- tripServicesProd.Accounts_FetchtripdetailsByPersonid -->
