<?xml version="1.0" encoding="UTF-8"?>
<!-- Generated by org.testng.reporters.JUnitReportReporter -->
<testsuite skipped="0" hostname="sysadm-Latitude-3480" name="tripServices.TS_UpdateBooking_Hotel" tests="1" failures="0" timestamp="28 May 2020 10:59:10 GMT" time="14.536" errors="0">
  <testcase name="Tripservicehotelputcall" time="14.536" classname="tripServices.TS_UpdateBooking_Hotel"/>
</testsuite> <!-- tripServices.TS_UpdateBooking_Hotel -->
