<?xml version="1.0" encoding="UTF-8"?>
<!-- Generated by org.testng.reporters.JUnitReportReporter -->
<testsuite skipped="0" hostname="sysadm-Latitude-3480" name="tripServicesProd.Accounts_tagmaster" tests="1" failures="0" timestamp="29 Apr 2020 03:15:36 GMT" time="3.006" errors="0">
  <testcase name="Accounts_ExistingUsers" time="3.006" classname="tripServicesProd.Accounts_tagmaster"/>
</testsuite> <!-- tripServicesProd.Accounts_tagmaster -->
