<?xml version="1.0" encoding="UTF-8"?>
<!-- Generated by org.testng.reporters.JUnitReportReporter -->
<testsuite name="testScriptsAccounts.Profile" tests="1" time="225.556" ignored="0" failures="0" timestamp="08 Oct 2019 04:29:28 GMT" skipped="0" hostname="sysadm-PC" errors="0">
  <testcase name="accountProfile" time="225.556" classname="testScriptsAccounts.Profile"/>
</testsuite> <!-- testScriptsAccounts.Profile -->
