<?xml version="1.0" encoding="UTF-8"?>
<!-- Generated by org.testng.reporters.JUnitReportReporter -->
<testsuite skipped="0" hostname="sysadm-Latitude-3480" name="tripServicesProd.Accounts_Depositaccount" tests="1" failures="0" timestamp="28 Apr 2020 03:08:33 GMT" time="6.586" errors="0">
  <testcase name="Accounts_FetchByPersonid" time="6.586" classname="tripServicesProd.Accounts_Depositaccount"/>
</testsuite> <!-- tripServicesProd.Accounts_Depositaccount -->
