<?xml version="1.0" encoding="UTF-8"?>
<!-- Generated by org.testng.reporters.JUnitReportReporter -->
<testsuite skipped="0" hostname="IT3786-kirankumar" name="paymentsAPI.API_GV_Capture" tests="1" failures="0" timestamp="11 Mar 2020 09:35:33 GMT" time="7.183" errors="0">
  <testcase name="API_GVCapture" time="7.183" classname="paymentsAPI.API_GV_Capture"/>
</testsuite> <!-- paymentsAPI.API_GV_Capture -->
