<?xml version="1.0" encoding="UTF-8"?>
<!-- Generated by org.testng.reporters.JUnitReportReporter -->
<testsuite skipped="0" hostname="sysadm-Latitude-3480" name="tripServices.TS_TripLockExpiry" tests="1" failures="0" timestamp="30 Apr 2020 07:49:03 GMT" time="0.330" errors="0">
  <testcase name="Trip_LockExpiry" time="0.330" classname="tripServices.TS_TripLockExpiry"/>
</testsuite> <!-- tripServices.TS_TripLockExpiry -->
