<?xml version="1.0" encoding="UTF-8"?>
<!-- Generated by org.testng.reporters.JUnitReportReporter -->
<testsuite skipped="0" hostname="sysadm-Latitude-3480" name="tripServices.TS_ProductType_Userid_Hotel" tests="1" failures="0" timestamp="28 May 2020 10:59:09 GMT" time="0.408" errors="0">
  <testcase name="producttype_userid_hotel" time="0.408" classname="tripServices.TS_ProductType_Userid_Hotel"/>
</testsuite> <!-- tripServices.TS_ProductType_Userid_Hotel -->
