<?xml version="1.0" encoding="UTF-8"?>
<!-- Generated by org.testng.reporters.JUnitReportReporter -->
<testsuite name="com.cleartrip.platform.tripServices.TripservicePutCall_Trains" tests="1" time="0.395" ignored="0" failures="0" timestamp="20 Feb 2019 10:57:17 GMT" skipped="0" hostname="sysadm-PC" errors="0">
  <testcase name="Tripservicetrainputcall" time="0.395" classname="com.cleartrip.platform.tripServices.TripservicePutCall_Trains"/>
</testsuite> <!-- com.cleartrip.platform.tripServices.TripservicePutCall_Trains -->
