<?xml version="1.0" encoding="UTF-8"?>
<!-- Generated by org.testng.reporters.JUnitReportReporter -->
<testsuite name="testScriptsTrains.Calendar" tests="1" time="24.616" ignored="0" failures="0" timestamp="24 Jul 2019 05:02:42 GMT" skipped="0" hostname="sysadm-PC" errors="0">
  <testcase name="B2CTrainsCalendarAvail" time="24.616" classname="testScriptsTrains.Calendar"/>
</testsuite> <!-- testScriptsTrains.Calendar -->
