<?xml version="1.0" encoding="UTF-8"?>
<!-- Generated by org.testng.reporters.JUnitReportReporter -->
<testsuite skipped="0" hostname="sysadm-PC" name="tripServices.TS_UpdateBooking_Trains_Trainfare" tests="1" failures="0" timestamp="17 Jan 2020 05:13:48 GMT" time="24.507" errors="0">
  <testcase name="Tripservicetrainputcall" time="24.507" classname="tripServices.TS_UpdateBooking_Trains_Trainfare"/>
</testsuite> <!-- tripServices.TS_UpdateBooking_Trains_Trainfare -->
