<?xml version="1.0" encoding="UTF-8"?>
<!-- Generated by org.testng.reporters.JUnitReportReporter -->
<testsuite skipped="0" hostname="sysadm-Latitude-3480" name="tripServices.TS_Finance_Scrapers" tests="1" failures="0" timestamp="09 Nov 2020 08:10:53 GMT" time="2.401" errors="0">
  <testcase name="airPostCall" time="2.401" classname="tripServices.TS_Finance_Scrapers"/>
</testsuite> <!-- tripServices.TS_Finance_Scrapers -->
