<?xml version="1.0" encoding="UTF-8"?>
<!-- Generated by org.testng.reporters.JUnitReportReporter -->
<testsuite skipped="0" hostname="sysadm-Latitude-3480" name="tripServices.Accounts_Taskcategory" tests="1" failures="0" timestamp="24 Apr 2020 09:57:20 GMT" time="0.818" errors="0">
  <testcase name="Accounts_Taskcategory" time="0.818" classname="tripServices.Accounts_Taskcategory"/>
</testsuite> <!-- tripServices.Accounts_Taskcategory -->
