<?xml version="1.0" encoding="UTF-8"?>
<!-- Generated by org.testng.reporters.JUnitReportReporter -->
<testsuite skipped="0" hostname="sysadm-Latitude-3480" name="ct_admin.CT_Admin" tests="1" failures="0" timestamp="09 Jul 2020 06:42:22 GMT" time="24.123" errors="0">
  <testcase name="ct_admin_ui" time="24.123" classname="ct_admin.CT_Admin"/>
</testsuite> <!-- ct_admin.CT_Admin -->
