<?xml version="1.0" encoding="UTF-8"?>
<!-- Generated by org.testng.reporters.JUnitReportReporter -->
<testsuite skipped="0" hostname="sysadm-IT3407" name="paymentsAPI.API_Binmanager_Add_MC_Credit" tests="1" failures="0" timestamp="19 Mar 2020 17:19:43 GMT" time="2.406" errors="0">
  <testcase name="binmanager_MC_Credit" time="2.406" classname="paymentsAPI.API_Binmanager_Add_MC_Credit"/>
</testsuite> <!-- paymentsAPI.API_Binmanager_Add_MC_Credit -->
