<?xml version="1.0" encoding="UTF-8"?>
<!-- Generated by org.testng.reporters.JUnitReportReporter -->
<testsuite skipped="0" hostname="sysadm-Latitude-3470" name="tripServicesProd.TS_GET_FinanceAllTrips_Local" tests="1" failures="0" timestamp="21 Feb 2020 07:56:37 GMT" time="2.709" errors="0">
  <testcase name="getTripService" time="2.709" classname="tripServicesProd.TS_GET_FinanceAllTrips_Local"/>
</testsuite> <!-- tripServicesProd.TS_GET_FinanceAllTrips_Local -->
