<?xml version="1.0" encoding="UTF-8"?>
<!-- Generated by org.testng.reporters.JUnitReportReporter -->
<testsuite skipped="0" hostname="sysadm-Latitude-3470" name="tripServicesProd.TS_Get_TripDetails_CommValue" tests="2" failures="0" timestamp="21 Feb 2020 07:56:37 GMT" time="13.935" errors="0">
  <testcase name="phoneasCommunicationValue" time="2.944" classname="tripServicesProd.TS_Get_TripDetails_CommValue"/>
  <testcase name="emailasCommunicationValue" time="10.991" classname="tripServicesProd.TS_Get_TripDetails_CommValue"/>
</testsuite> <!-- tripServicesProd.TS_Get_TripDetails_CommValue -->
