<?xml version="1.0" encoding="UTF-8"?>
<!-- Generated by org.testng.reporters.JUnitReportReporter -->
<testsuite skipped="0" hostname="sysadm-Latitude-3480" name="tripServices.TS_GET_Company_Bookstat" tests="1" failures="0" timestamp="24 Apr 2020 09:57:20 GMT" time="0.584" errors="0">
  <testcase name="getCompanyBookstat" time="0.584" classname="tripServices.TS_GET_Company_Bookstat"/>
</testsuite> <!-- tripServices.TS_GET_Company_Bookstat -->
