<?xml version="1.0" encoding="UTF-8"?>
<!-- Generated by org.testng.reporters.JUnitReportReporter -->
<testsuite skipped="0" hostname="sysadm-Latitude-3480" name="tripServicesProd.Accounts_Notes" tests="1" failures="0" timestamp="09 Mar 2020 03:42:31 GMT" time="0.066" errors="0">
  <testcase name="Accounts_ExistingUsers" time="0.066" classname="tripServicesProd.Accounts_Notes"/>
</testsuite> <!-- tripServicesProd.Accounts_Notes -->
