<?xml version="1.0" encoding="UTF-8"?>
<!-- Generated by org.testng.reporters.JUnitReportReporter -->
<testsuite skipped="1" hostname="sysadm-Latitude-3480" name="paymentsAPI.API_Wallet_Promo_CashBackDetails" tests="2" failures="0" timestamp="05 Mar 2020 05:12:34 GMT" time="3.936" errors="0">
  <testcase name="PromoCashBack" time="0.032" classname="paymentsAPI.API_Wallet_Promo_CashBackDetails"/>
  <testcase name="PromoCashBack" time="3.904" classname="paymentsAPI.API_Wallet_Promo_CashBackDetails">
    <skipped/>
  </testcase> <!-- PromoCashBack -->
</testsuite> <!-- paymentsAPI.API_Wallet_Promo_CashBackDetails -->
