<?xml version="1.0" encoding="UTF-8"?>
<!-- Generated by org.testng.reporters.JUnitReportReporter -->
<testsuite skipped="1" hostname="sysadm-Latitude-3480" name="paymentsAPI.API_Refund_CC" tests="2" failures="0" timestamp="05 Mar 2020 05:12:34 GMT" time="0.088" errors="1">
  <testcase name="paymentCC_API" time="0.001" classname="paymentsAPI.API_Refund_CC">
    <error type="java.sql.SQLException" message="No suitable driver found for jdbc:oracle:thin:@172.17.4.101:1521/cleardb">
      <![CDATA[java.sql.SQLException: No suitable driver found for jdbc:oracle:thin:@172.17.4.101:1521/cleardb
at java.sql.DriverManager.getConnection(DriverManager.java:689)
at java.sql.DriverManager.getConnection(DriverManager.java:247)
at paymentsAPI.API_PaymentCommon1.db_Refund_Common(API_PaymentCommon1.java:3101)
at paymentsAPI.API_Refund_CC.paymentCC_API(API_Refund_CC.java:22)
at sun.reflect.NativeMethodAccessorImpl.invoke0(Native Method)
at sun.reflect.NativeMethodAccessorImpl.invoke(NativeMethodAccessorImpl.java:62)
at sun.reflect.DelegatingMethodAccessorImpl.invoke(DelegatingMethodAccessorImpl.java:43)
at java.lang.reflect.Method.invoke(Method.java:498)
at org.testng.internal.MethodInvocationHelper.invokeMethod(MethodInvocationHelper.java:124)
at org.testng.internal.Invoker.invokeMethod(Invoker.java:583)
at org.testng.internal.Invoker.retryFailed(Invoker.java:839)
at org.testng.internal.Invoker.invokeTestMethods(Invoker.java:1010)
at org.testng.internal.TestMethodWorker.invokeTestMethods(TestMethodWorker.java:125)
at org.testng.internal.TestMethodWorker.run(TestMethodWorker.java:109)
at java.util.concurrent.ThreadPoolExecutor.runWorker(ThreadPoolExecutor.java:1149)
at java.util.concurrent.ThreadPoolExecutor$Worker.run(ThreadPoolExecutor.java:624)
at java.lang.Thread.run(Thread.java:748)
]]>
    </error>
  </testcase> <!-- paymentCC_API -->
  <testcase name="paymentCC_API" time="0.087" classname="paymentsAPI.API_Refund_CC">
    <skipped/>
  </testcase> <!-- paymentCC_API -->
</testsuite> <!-- paymentsAPI.API_Refund_CC -->
