<?xml version="1.0" encoding="UTF-8"?>
<!-- Generated by org.testng.reporters.JUnitReportReporter -->
<testsuite skipped="0" hostname="sysadm-Latitude-3480" name="tripServices.TS_LogBooking_Local" tests="1" failures="0" timestamp="09 Nov 2020 08:10:53 GMT" time="17.231" errors="0">
  <testcase name="localPostCall" time="17.231" classname="tripServices.TS_LogBooking_Local"/>
</testsuite> <!-- tripServices.TS_LogBooking_Local -->
