<?xml version="1.0" encoding="UTF-8"?>
<!-- Generated by org.testng.reporters.JUnitReportReporter -->
<testsuite name="com.cleartrip.platform.tripServices.TS_Get_TripDetails_CommValue" tests="2" time="87.598" ignored="0" failures="0" timestamp="07 Oct 2019 06:28:48 GMT" skipped="0" hostname="sysadm-PC" errors="0">
  <testcase name="emailasCommunicationValue" time="13.453" classname="com.cleartrip.platform.tripServices.TS_Get_TripDetails_CommValue"/>
  <testcase name="phoneasCommunicationValue" time="74.145" classname="com.cleartrip.platform.tripServices.TS_Get_TripDetails_CommValue"/>
</testsuite> <!-- com.cleartrip.platform.tripServices.TS_Get_TripDetails_CommValue -->
