<?xml version="1.0" encoding="UTF-8"?>
<!-- Generated by org.testng.reporters.JUnitReportReporter -->
<testsuite skipped="0" hostname="sysadm-Latitude-3480" name="tripServices.TS_ProductType_Userid_Train" tests="1" failures="0" timestamp="09 Nov 2020 08:10:53 GMT" time="0.437" errors="0">
  <testcase name="producttype_userid_train" time="0.437" classname="tripServices.TS_ProductType_Userid_Train"/>
</testsuite> <!-- tripServices.TS_ProductType_Userid_Train -->
