<?xml version="1.0" encoding="UTF-8"?>
<!-- Generated by org.testng.reporters.JUnitReportReporter -->
<testsuite name="testScriptsHQUI.UnsignedSupportPageTripSearch" tests="1" time="47.363" ignored="0" failures="0" timestamp="11 Mar 2019 06:31:20 GMT" skipped="0" hostname="sysadm-PC" errors="0">
  <testcase name="nonSignedInSupportPageTripSearch_120" time="47.363" classname="testScriptsHQUI.UnsignedSupportPageTripSearch"/>
</testsuite> <!-- testScriptsHQUI.UnsignedSupportPageTripSearch -->
