<?xml version="1.0" encoding="UTF-8"?>
<!-- Generated by org.testng.reporters.JUnitReportReporter -->
<testsuite skipped="0" hostname="sysadm-Latitude-3480" name="tripServices.Accounts_FetchtripdetailsByUserid" tests="1" failures="0" timestamp="28 May 2020 10:59:09 GMT" time="401.225" errors="0">
  <testcase name="Accounts_FetchByUserid" time="401.225" classname="tripServices.Accounts_FetchtripdetailsByUserid"/>
</testsuite> <!-- tripServices.Accounts_FetchtripdetailsByUserid -->
