<?xml version="1.0" encoding="UTF-8"?>
<!-- Generated by org.testng.reporters.JUnitReportReporter -->
<testsuite skipped="0" hostname="IT3786-kirankumar" name="paymentsAPI.API_GV_Refund" tests="1" failures="0" timestamp="03 Mar 2020 10:59:42 GMT" time="7.127" errors="0">
  <testcase name="API_GVRefund" time="7.127" classname="paymentsAPI.API_GV_Refund"/>
</testsuite> <!-- paymentsAPI.API_GV_Refund -->
