<?xml version="1.0" encoding="UTF-8"?>
<!-- Generated by org.testng.reporters.JUnitReportReporter -->
<testsuite skipped="0" hostname="sysadm-Latitude-3480" name="tripServices.TS_ProductType_Userid_Local" tests="1" failures="0" timestamp="28 May 2020 10:59:09 GMT" time="0.306" errors="0">
  <testcase name="producttype_userid_local" time="0.306" classname="tripServices.TS_ProductType_Userid_Local"/>
</testsuite> <!-- tripServices.TS_ProductType_Userid_Local -->
