<?xml version="1.0" encoding="UTF-8"?>
<!-- Generated by org.testng.reporters.JUnitReportReporter -->
<testsuite skipped="0" hostname="sysadm-IT3407" name="paymentsAPI.API_CTpay_AddClient" tests="1" failures="0" timestamp="18 Mar 2020 17:41:48 GMT" time="508.807" errors="0">
  <testcase name="PaymentCtPayUpdate" time="508.807" classname="paymentsAPI.API_CTpay_AddClient"/>
</testsuite> <!-- paymentsAPI.API_CTpay_AddClient -->
