<?xml version="1.0" encoding="UTF-8"?>
<!-- Generated by org.testng.reporters.JUnitReportReporter -->
<testsuite name="testScriptsAccounts.HQPeople_AddRole" tests="1" time="38.210" ignored="0" failures="0" timestamp="20 Jun 2019 10:14:35 GMT" skipped="0" hostname="sysadm-PC" errors="0">
  <testcase name="peopleAssignRole" time="38.210" classname="testScriptsAccounts.HQPeople_AddRole"/>
</testsuite> <!-- testScriptsAccounts.HQPeople_AddRole -->
