<?xml version="1.0" encoding="UTF-8"?>
<!-- Generated by org.testng.reporters.JUnitReportReporter -->
<testsuite name="com.cleartrip.platform.trains.Trainhooks" tests="1" time="5.435" ignored="0" failures="0" timestamp="20 Feb 2019 10:11:30 GMT" skipped="0" hostname="sysadm-PC" errors="0">
  <testcase name="trainHooks" time="5.435" classname="com.cleartrip.platform.trains.Trainhooks"/>
</testsuite> <!-- com.cleartrip.platform.trains.Trainhooks -->
