<?xml version="1.0" encoding="UTF-8"?>
<!-- Generated by org.testng.reporters.JUnitReportReporter -->
<testsuite name="testScriptsAccounts.Unsigned_Tripsearch" tests="1" time="14.627" ignored="0" failures="0" timestamp="08 Oct 2019 05:09:14 GMT" skipped="0" hostname="sysadm-PC" errors="0">
  <testcase name="B2CAccountsUnsignedflow_Tripsearch" time="14.627" classname="testScriptsAccounts.Unsigned_Tripsearch"/>
</testsuite> <!-- testScriptsAccounts.Unsigned_Tripsearch -->
