<?xml version="1.0" encoding="UTF-8"?>
<!-- Generated by org.testng.reporters.JUnitReportReporter -->
<testsuite skipped="0" hostname="sysadm-Latitude-3480" name="tripServices.Accounts_tagmaster" tests="1" failures="0" timestamp="23 Mar 2020 05:25:08 GMT" time="1.075" errors="0">
  <testcase name="Accounts_ExistingUsers" time="1.075" classname="tripServices.Accounts_tagmaster"/>
</testsuite> <!-- tripServices.Accounts_tagmaster -->
