<?xml version="1.0" encoding="UTF-8"?>
<!-- Generated by org.testng.reporters.JUnitReportReporter -->
<testsuite skipped="0" hostname="sysadm-Latitude-3470" name="email.GeneratePDF" tests="1" failures="0" timestamp="10 Feb 2020 10:49:46 GMT" time="3.439" errors="0">
  <testcase name="generatePDF" time="3.439" classname="email.GeneratePDF"/>
</testsuite> <!-- email.GeneratePDF -->
