<?xml version="1.0" encoding="UTF-8"?>
<!-- Generated by org.testng.reporters.JUnitReportReporter -->
<testsuite name="testScriptsHQUI.HQTripTools_Links" tests="1" time="45.365" ignored="0" failures="0" timestamp="11 Mar 2019 06:31:20 GMT" skipped="0" hostname="sysadm-PC" errors="0">
  <testcase name="tripTabDeatils" time="45.365" classname="testScriptsHQUI.HQTripTools_Links"/>
</testsuite> <!-- testScriptsHQUI.HQTripTools_Links -->
