<?xml version="1.0" encoding="UTF-8"?>
<!-- Generated by org.testng.reporters.JUnitReportReporter -->
<testsuite name="testScriptsTrains.Pax_4A_Sleeper" tests="1" time="172.990" ignored="0" failures="0" timestamp="25 Mar 2019 11:36:14 GMT" skipped="0" hostname="sysadm-PC" errors="0">
  <testcase name="B2cTrains_Pax_4A_Sleeper" time="172.990" classname="testScriptsTrains.Pax_4A_Sleeper"/>
</testsuite> <!-- testScriptsTrains.Pax_4A_Sleeper -->
