<?xml version="1.0" encoding="UTF-8"?>
<!-- Generated by org.testng.reporters.JUnitReportReporter -->
<testsuite skipped="0" hostname="IT3786-kirankumar" name="paymentsUI.Payment_NodeJS_CC" tests="1" failures="0" timestamp="27 Feb 2020 11:27:08 GMT" time="15.435" errors="0">
  <testcase name="paymentNodeJS_CC" time="15.435" classname="paymentsUI.Payment_NodeJS_CC"/>
</testsuite> <!-- paymentsUI.Payment_NodeJS_CC -->
