<?xml version="1.0" encoding="UTF-8"?>
<!-- Generated by org.testng.reporters.JUnitReportReporter -->
<testsuite skipped="0" hostname="sysadm-Latitude-3480" name="paymentsAPI.API_Reporting" tests="2" failures="0" timestamp="05 Mar 2020 05:12:33 GMT" time="0.155" errors="0">
  <testcase name="reportingAPI" time="0.050" classname="paymentsAPI.API_Reporting"/>
  <testcase name="reportingPay" time="0.105" classname="paymentsAPI.API_Reporting"/>
</testsuite> <!-- paymentsAPI.API_Reporting -->
