<?xml version="1.0" encoding="UTF-8"?>
<!-- Generated by org.testng.reporters.JUnitReportReporter -->
<testsuite skipped="0" hostname="sysadm-Latitude-3480" name="tripServices.TS_Coupon_Validation" tests="1" failures="0" timestamp="09 Nov 2020 08:10:53 GMT" time="1.034" errors="0">
  <testcase name="couponValidation" time="1.034" classname="tripServices.TS_Coupon_Validation"/>
</testsuite> <!-- tripServices.TS_Coupon_Validation -->
