<?xml version="1.0" encoding="UTF-8"?>
<!-- Generated by org.testng.reporters.JUnitReportReporter -->
<testsuite skipped="0" hostname="sysadm-Latitude-3480" name="paymentsAPI.API_Wallet" tests="1" failures="0" timestamp="05 Mar 2020 05:12:34 GMT" time="13.495" errors="0">
  <testcase name="paymentWallet_API" time="13.495" classname="paymentsAPI.API_Wallet"/>
</testsuite> <!-- paymentsAPI.API_Wallet -->
