<?xml version="1.0" encoding="UTF-8"?>
<!-- Generated by org.testng.reporters.JUnitReportReporter -->
<testsuite skipped="0" hostname="sysadm-Latitude-3480" name="accountsAPI.Identtiyservice_get_tokenthroughCode" tests="1" failures="0" timestamp="04 May 2020 05:15:19 GMT" time="1.763" errors="0">
  <testcase name="identtiyservice_get_tokenthroughCode" time="1.763" classname="accountsAPI.Identtiyservice_get_tokenthroughCode"/>
</testsuite> <!-- accountsAPI.Identtiyservice_get_tokenthroughCode -->
