<?xml version="1.0" encoding="UTF-8"?>
<!-- Generated by org.testng.reporters.JUnitReportReporter -->
<testsuite skipped="0" hostname="sysadm-Latitude-3480" name="tripServices.Accounts_Notes" tests="1" failures="0" timestamp="24 Apr 2020 09:57:20 GMT" time="0.396" errors="0">
  <testcase name="Accounts_ExistingUsers" time="0.396" classname="tripServices.Accounts_Notes"/>
</testsuite> <!-- tripServices.Accounts_Notes -->
