<?xml version="1.0" encoding="UTF-8"?>
<!-- Generated by org.testng.reporters.JUnitReportReporter -->
<testsuite skipped="0" hostname="sysadm-Latitude-3480" name="tripServices.TS_UpdateBooking_FPH" tests="1" failures="0" timestamp="02 Mar 2020 04:47:00 GMT" time="9.613" errors="0">
  <testcase name="Tripserviceairputcall" time="9.613" classname="tripServices.TS_UpdateBooking_FPH"/>
</testsuite> <!-- tripServices.TS_UpdateBooking_FPH -->
