<?xml version="1.0" encoding="UTF-8"?>
<!-- Generated by org.testng.reporters.JUnitReportReporter -->
<testsuite name="com.cleartrip.platform.tripServices.TS_LogBooking_Air" tests="1" time="7.476" ignored="0" failures="0" timestamp="09 Oct 2019 06:33:10 GMT" skipped="0" hostname="sysadm-PC" errors="0">
  <testcase name="airPostCall" time="7.476" classname="com.cleartrip.platform.tripServices.TS_LogBooking_Air"/>
</testsuite> <!-- com.cleartrip.platform.tripServices.TS_LogBooking_Air -->
