<?xml version="1.0" encoding="UTF-8"?>
<!-- Generated by org.testng.reporters.JUnitReportReporter -->
<testsuite skipped="0" hostname="sysadm-IT3407" name="paymentsAPI.API_Wallet_RevertPromo" tests="1" failures="0" timestamp="21 Mar 2020 08:44:11 GMT" time="50.550" errors="0">
  <testcase name="Wallet_REVERTPROMO" time="50.550" classname="paymentsAPI.API_Wallet_RevertPromo"/>
</testsuite> <!-- paymentsAPI.API_Wallet_RevertPromo -->
