<?xml version="1.0" encoding="UTF-8"?>
<!-- Generated by org.testng.reporters.JUnitReportReporter -->
<testsuite name="testScriptsTrains.Pax_4A_Sleeper_AmazonPay" tests="1" time="212.660" ignored="0" failures="0" timestamp="25 Mar 2019 11:53:35 GMT" skipped="0" hostname="sysadm-PC" errors="0">
  <testcase name="B2cTrains_Pax_4A_Sleeper" time="212.660" classname="testScriptsTrains.Pax_4A_Sleeper_AmazonPay"/>
</testsuite> <!-- testScriptsTrains.Pax_4A_Sleeper_AmazonPay -->
