<?xml version="1.0" encoding="UTF-8"?>
<!-- Generated by org.testng.reporters.JUnitReportReporter -->
<testsuite skipped="0" hostname="sysadm-Latitude-3480" name="tripServicesProd.TS_GET_CorpTripCount" tests="1" failures="0" timestamp="28 Apr 2020 03:08:33 GMT" time="1.564" errors="0">
  <testcase name="getCorpTripCount" time="1.564" classname="tripServicesProd.TS_GET_CorpTripCount"/>
</testsuite> <!-- tripServicesProd.TS_GET_CorpTripCount -->
