<?xml version="1.0" encoding="UTF-8"?>
<!-- Generated by org.testng.reporters.JUnitReportReporter -->
<testsuite name="com.cleartrip.payment.nodejs.Payment_NodeJS_CC" tests="1" time="26.062" ignored="0" failures="0" timestamp="17 Sep 2019 04:07:17 GMT" skipped="0" hostname="sysadm-PC" errors="0">
  <testcase name="paymentNodeJS_CC" time="26.062" classname="com.cleartrip.payment.nodejs.Payment_NodeJS_CC"/>
</testsuite> <!-- com.cleartrip.payment.nodejs.Payment_NodeJS_CC -->
