<?xml version="1.0" encoding="UTF-8"?>
<!-- Generated by org.testng.reporters.JUnitReportReporter -->
<testsuite skipped="0" hostname="IT3786-kirankumar" name="paymentsUI.Payment_NodeJS_CC_AE" tests="1" failures="0" timestamp="05 Jun 2020 04:38:46 GMT" time="41.316" errors="0">
  <testcase name="paymentNodeJS_CCAE" time="41.316" classname="paymentsUI.Payment_NodeJS_CC_AE"/>
</testsuite> <!-- paymentsUI.Payment_NodeJS_CC_AE -->
