<?xml version="1.0" encoding="UTF-8"?>
<!-- Generated by org.testng.reporters.JUnitReportReporter -->
<testsuite skipped="0" hostname="sysadm-Latitude-3470" name="whatsappService.WhatsappUserMessageEgypt" tests="1" failures="0" timestamp="10 Feb 2020 10:47:22 GMT" time="3.075" errors="0">
  <testcase name="message" time="3.075" classname="whatsappService.WhatsappUserMessageEgypt"/>
</testsuite> <!-- whatsappService.WhatsappUserMessageEgypt -->
