<?xml version="1.0" encoding="UTF-8"?>
<!-- Generated by org.testng.reporters.JUnitReportReporter -->
<testsuite skipped="0" hostname="sysadm-Latitude-3480" name="tripServices.TS_GET_FinanceAllTrips_Hotel" tests="1" failures="0" timestamp="23 Mar 2020 05:25:08 GMT" time="8.500" errors="0">
  <testcase name="getTripService" time="8.500" classname="tripServices.TS_GET_FinanceAllTrips_Hotel"/>
</testsuite> <!-- tripServices.TS_GET_FinanceAllTrips_Hotel -->
