<?xml version="1.0" encoding="UTF-8"?>
<!-- Generated by org.testng.reporters.JUnitReportReporter -->
<testsuite skipped="0" hostname="IT3786-kirankumar" name="paymentsAPI.Prod_PaymentService_Get_TW_Wallets" tests="1" failures="0" timestamp="27 Feb 2020 07:40:16 GMT" time="3.266" errors="0">
  <testcase name="Pay_getCardTypes" time="3.266" classname="paymentsAPI.Prod_PaymentService_Get_TW_Wallets"/>
</testsuite> <!-- paymentsAPI.Prod_PaymentService_Get_TW_Wallets -->
