<?xml version="1.0" encoding="UTF-8"?>
<!-- Generated by org.testng.reporters.JUnitReportReporter -->
<testsuite name="com.cleartrip.platform.email.EmailPost" tests="1" time="0.260" ignored="0" failures="0" timestamp="07 Oct 2019 06:28:48 GMT" skipped="0" hostname="sysadm-PC" errors="0">
  <testcase name="message" time="0.260" classname="com.cleartrip.platform.email.EmailPost"/>
</testsuite> <!-- com.cleartrip.platform.email.EmailPost -->
