<?xml version="1.0" encoding="UTF-8"?>
<!-- Generated by org.testng.reporters.JUnitReportReporter -->
<testsuite skipped="0" hostname="IT3786-kirankumar" name="paymentsAPI.API_EW_Pay_AutoDebit" tests="2" failures="0" timestamp="03 Mar 2020 10:36:48 GMT" time="20.589" errors="0">
  <testcase name="Expressway_Pay" time="2.590" classname="paymentsAPI.API_EW_Pay_AutoDebit"/>
  <testcase name="Expressway_AutoDebit" time="17.999" classname="paymentsAPI.API_EW_Pay_AutoDebit"/>
</testsuite> <!-- paymentsAPI.API_EW_Pay_AutoDebit -->
