<?xml version="1.0" encoding="UTF-8"?>
<!-- Generated by org.testng.reporters.JUnitReportReporter -->
<testsuite name="com.cleartrip.platform.bigben.EventScheduler" tests="1" time="1.520" ignored="0" failures="0" timestamp="23 Jul 2019 04:27:35 GMT" skipped="0" hostname="sysadm-PC" errors="0">
  <testcase name="eventScheduler" time="1.520" classname="com.cleartrip.platform.bigben.EventScheduler"/>
</testsuite> <!-- com.cleartrip.platform.bigben.EventScheduler -->
