<?xml version="1.0" encoding="UTF-8"?>
<!-- Generated by org.testng.reporters.JUnitReportReporter -->
<testsuite name="com.cleartrip.platform.tripServices.TS_GET_Company_Bookstat" tests="1" time="4.253" ignored="0" failures="0" timestamp="07 Oct 2019 06:28:48 GMT" skipped="0" hostname="sysadm-PC" errors="0">
  <testcase name="getCompanyBookstat" time="4.253" classname="com.cleartrip.platform.tripServices.TS_GET_Company_Bookstat"/>
</testsuite> <!-- com.cleartrip.platform.tripServices.TS_GET_Company_Bookstat -->
