<?xml version="1.0" encoding="UTF-8"?>
<!-- Generated by org.testng.reporters.JUnitReportReporter -->
<testsuite name="com.cleartrip.payment.nodejs.Payment_NodeJS_CTWallet_CC" tests="1" time="27.098" ignored="0" failures="0" timestamp="17 Sep 2019 05:15:26 GMT" skipped="0" hostname="sysadm-PC" errors="0">
  <testcase name="paymentNodeJS_CTWALL_CC" time="27.098" classname="com.cleartrip.payment.nodejs.Payment_NodeJS_CTWallet_CC"/>
</testsuite> <!-- com.cleartrip.payment.nodejs.Payment_NodeJS_CTWallet_CC -->
