<?xml version="1.0" encoding="UTF-8"?>
<!-- Generated by org.testng.reporters.JUnitReportReporter -->
<testsuite name="testScriptsAccounts.Settings" tests="1" time="26.940" ignored="0" failures="0" timestamp="13 Mar 2019 11:28:36 GMT" skipped="0" hostname="sysadm-PC" errors="0">
  <testcase name="accountSettings" time="26.940" classname="testScriptsAccounts.Settings"/>
</testsuite> <!-- testScriptsAccounts.Settings -->
