<?xml version="1.0" encoding="UTF-8"?>
<!-- Generated by org.testng.reporters.JUnitReportReporter -->
<testsuite skipped="0" hostname="sysadm-Latitude-3480" name="tripServices.TS_LogBooking_Hotel" tests="1" failures="0" timestamp="28 May 2020 10:59:10 GMT" time="14.990" errors="0">
  <testcase name="hotelPostCall" time="14.990" classname="tripServices.TS_LogBooking_Hotel"/>
</testsuite> <!-- tripServices.TS_LogBooking_Hotel -->
