<?xml version="1.0" encoding="UTF-8"?>
<!-- Generated by org.testng.reporters.JUnitReportReporter -->
<testsuite skipped="0" hostname="sysadm-Latitude-3470" name="tripServicesProd.TS_GET_Finance_LOCAL" tests="1" failures="0" timestamp="11 Feb 2020 11:14:35 GMT" time="3.978" errors="0">
  <testcase name="getTripService" time="3.978" classname="tripServicesProd.TS_GET_Finance_LOCAL"/>
</testsuite> <!-- tripServicesProd.TS_GET_Finance_LOCAL -->
