<?xml version="1.0" encoding="UTF-8"?>
<!-- Generated by org.testng.reporters.JUnitReportReporter -->
<testsuite skipped="0" hostname="sysadm-Latitude-3480" name="tripServices.TS_GET_Trips_API_Versioning" tests="1" failures="0" timestamp="02 Mar 2020 04:47:01 GMT" time="4.237" errors="0">
  <testcase name="getTripService" time="4.237" classname="tripServices.TS_GET_Trips_API_Versioning"/>
</testsuite> <!-- tripServices.TS_GET_Trips_API_Versioning -->
