<?xml version="1.0" encoding="UTF-8"?>
<!-- Generated by org.testng.reporters.JUnitReportReporter -->
<testsuite skipped="0" hostname="sysadm-Latitude-3480" name="tripServices.Accounts_ExistingUser" tests="1" failures="0" timestamp="02 Mar 2020 04:47:01 GMT" time="3.197" errors="0">
  <testcase name="Accounts_ExistingUsers" time="3.197" classname="tripServices.Accounts_ExistingUser"/>
</testsuite> <!-- tripServices.Accounts_ExistingUser -->
