<?xml version="1.0" encoding="UTF-8"?>
<!-- Generated by org.testng.reporters.JUnitReportReporter -->
<testsuite skipped="0" hostname="sysadm-Latitude-3480" name="tripServices.TS_LogBooking_Trains" tests="1" failures="0" timestamp="02 Mar 2020 04:47:00 GMT" time="11.469" errors="0">
  <testcase name="Tripservicepostcall" time="11.469" classname="tripServices.TS_LogBooking_Trains"/>
</testsuite> <!-- tripServices.TS_LogBooking_Trains -->
