<?xml version="1.0" encoding="UTF-8"?>
<!-- Generated by org.testng.reporters.JUnitReportReporter -->
<testsuite name="testScriptsAccounts.Change_Password" tests="1" time="53.992" ignored="0" failures="0" timestamp="08 Oct 2019 04:29:28 GMT" skipped="0" hostname="sysadm-PC" errors="0">
  <testcase name="accountSetting_ChangePwd" time="53.992" classname="testScriptsAccounts.Change_Password"/>
</testsuite> <!-- testScriptsAccounts.Change_Password -->
