<?xml version="1.0" encoding="UTF-8"?>
<!-- Generated by org.testng.reporters.JUnitReportReporter -->
<testsuite name="testScriptsAccounts.TripsTabs" tests="1" time="36.601" ignored="0" failures="0" timestamp="26 Mar 2019 05:02:27 GMT" skipped="0" hostname="sysadm-PC" errors="0">
  <testcase name="TripsTab" time="36.601" classname="testScriptsAccounts.TripsTabs"/>
</testsuite> <!-- testScriptsAccounts.TripsTabs -->
