<?xml version="1.0" encoding="UTF-8"?>
<!-- Generated by org.testng.reporters.JUnitReportReporter -->
<testsuite skipped="0" hostname="sysadm-Latitude-3470" name="tripServicesProd.TS_POST_GetAllTrips" tests="1" failures="0" timestamp="21 Feb 2020 07:56:37 GMT" time="4.929" errors="0">
  <testcase name="airPostCall" time="4.929" classname="tripServicesProd.TS_POST_GetAllTrips"/>
</testsuite> <!-- tripServicesProd.TS_POST_GetAllTrips -->
