<?xml version="1.0" encoding="UTF-8"?>
<!-- Generated by org.testng.reporters.JUnitReportReporter -->
<testsuite skipped="0" hostname="sysadm-Latitude-3480" name="tripServices.Eventbus_API" tests="1" failures="0" timestamp="02 Apr 2020 05:29:05 GMT" time="2.491" errors="0">
  <testcase name="eventbus" time="2.491" classname="tripServices.Eventbus_API"/>
</testsuite> <!-- tripServices.Eventbus_API -->
