<?xml version="1.0" encoding="UTF-8"?>
<!-- Generated by org.testng.reporters.JUnitReportReporter -->
<testsuite skipped="0" hostname="sysadm-Latitude-3480" name="tripServices.TS_POST_GetAllTrips" tests="1" failures="0" timestamp="23 Mar 2020 05:25:08 GMT" time="4.013" errors="0">
  <testcase name="airPostCall" time="4.013" classname="tripServices.TS_POST_GetAllTrips"/>
</testsuite> <!-- tripServices.TS_POST_GetAllTrips -->
