<?xml version="1.0" encoding="UTF-8"?>
<!-- Generated by org.testng.reporters.JUnitReportReporter -->
<testsuite skipped="0" hostname="sysadm-IT3407" name="paymentsAPI.API_EW_Validate" tests="1" failures="0" timestamp="19 Mar 2020 15:40:40 GMT" time="2.112" errors="0">
  <testcase name="Expressway_Validate" time="2.112" classname="paymentsAPI.API_EW_Validate"/>
</testsuite> <!-- paymentsAPI.API_EW_Validate -->
