<?xml version="1.0" encoding="UTF-8"?>
<!-- Generated by org.testng.reporters.JUnitReportReporter -->
<testsuite skipped="0" hostname="sysadm-Latitude-3480" name="tripServices.TS_PUT_Trips" tests="1" failures="0" timestamp="23 Mar 2020 05:25:08 GMT" time="3.218" errors="0">
  <testcase name="PutTrips" time="3.218" classname="tripServices.TS_PUT_Trips"/>
</testsuite> <!-- tripServices.TS_PUT_Trips -->
