<?xml version="1.0" encoding="UTF-8"?>
<!-- Generated by org.testng.reporters.JUnitReportReporter -->
<testsuite skipped="1" hostname="sysadm-Latitude-3470" name="tripServices1.TS_Get_TripDetails_CommValue" tests="3" failures="1" timestamp="11 Feb 2020 09:37:25 GMT" time="9.701" errors="0">
  <testcase name="phoneasCommunicationValue" time="1.958" classname="tripServices1.TS_Get_TripDetails_CommValue"/>
  <testcase name="emailasCommunicationValue" time="4.095" classname="tripServices1.TS_Get_TripDetails_CommValue">
    <skipped/>
  </testcase> <!-- emailasCommunicationValue -->
  <testcase name="emailasCommunicationValue" time="3.648" classname="tripServices1.TS_Get_TripDetails_CommValue">
    <failure type="java.lang.AssertionError" message="expected [true] but found [false]">
      <![CDATA[java.lang.AssertionError: expected [true] but found [false]
at org.testng.Assert.fail(Assert.java:96)
at org.testng.Assert.failNotEquals(Assert.java:776)
at org.testng.Assert.assertTrue(Assert.java:44)
at org.testng.Assert.assertTrue(Assert.java:54)
at tripServices1.TS_Get_TripDetails_CommValue.emailasCommunicationValue(TS_Get_TripDetails_CommValue.java:58)
at sun.reflect.NativeMethodAccessorImpl.invoke0(Native Method)
at sun.reflect.NativeMethodAccessorImpl.invoke(NativeMethodAccessorImpl.java:62)
at sun.reflect.DelegatingMethodAccessorImpl.invoke(DelegatingMethodAccessorImpl.java:43)
at java.lang.reflect.Method.invoke(Method.java:498)
at org.testng.internal.MethodInvocationHelper.invokeMethod(MethodInvocationHelper.java:124)
at org.testng.internal.Invoker.invokeMethod(Invoker.java:583)
at org.testng.internal.Invoker.retryFailed(Invoker.java:839)
at org.testng.internal.Invoker.invokeTestMethods(Invoker.java:1010)
at org.testng.internal.TestMethodWorker.invokeTestMethods(TestMethodWorker.java:125)
at org.testng.internal.TestMethodWorker.run(TestMethodWorker.java:109)
at java.util.concurrent.ThreadPoolExecutor.runWorker(ThreadPoolExecutor.java:1149)
at java.util.concurrent.ThreadPoolExecutor$Worker.run(ThreadPoolExecutor.java:624)
at java.lang.Thread.run(Thread.java:748)
]]>
    </failure>
  </testcase> <!-- emailasCommunicationValue -->
</testsuite> <!-- tripServices1.TS_Get_TripDetails_CommValue -->
