<?xml version="1.0" encoding="UTF-8"?>
<!-- Generated by org.testng.reporters.JUnitReportReporter -->
<testsuite name="testScriptsAgency.Agency_Adding_Users" tests="1" time="20.819" ignored="0" failures="0" timestamp="11 Sep 2019 09:14:42 GMT" skipped="0" hostname="sysadm-PC" errors="0">
  <testcase name="Agency_Adding_User_306" time="20.819" classname="testScriptsAgency.Agency_Adding_Users"/>
</testsuite> <!-- testScriptsAgency.Agency_Adding_Users -->
