<?xml version="1.0" encoding="UTF-8"?>
<!-- Generated by org.testng.reporters.JUnitReportReporter -->
<testsuite skipped="0" hostname="sysadm-IT3407" name="paymentsUI.Payment_NodeJS_PhonePe_CTWallet" tests="1" failures="0" timestamp="23 Mar 2020 09:15:54 GMT" time="10.866" errors="0">
  <testcase name="paymentNodeJS_PhonePe_CTWAllet" time="10.866" classname="paymentsUI.Payment_NodeJS_PhonePe_CTWallet"/>
</testsuite> <!-- paymentsUI.Payment_NodeJS_PhonePe_CTWallet -->
