<?xml version="1.0" encoding="UTF-8"?>
<!-- Generated by org.testng.reporters.JUnitReportReporter -->
<testsuite skipped="0" hostname="sysadm-Latitude-3470" name="tripServicesProd.TS_GET_SUPPLIER" tests="1" failures="0" timestamp="11 Feb 2020 10:37:16 GMT" time="57.574" errors="0">
  <testcase name="getSupplier" time="57.574" classname="tripServicesProd.TS_GET_SUPPLIER"/>
</testsuite> <!-- tripServicesProd.TS_GET_SUPPLIER -->
