<?xml version="1.0" encoding="UTF-8"?>
<!-- Generated by org.testng.reporters.JUnitReportReporter -->
<testsuite skipped="0" hostname="sysadm-Latitude-3480" name="tripServicesProd.TS_POST_GetAllTrips" tests="1" failures="0" timestamp="29 Apr 2020 03:15:37 GMT" time="5.113" errors="0">
  <testcase name="airPostCall" time="5.113" classname="tripServicesProd.TS_POST_GetAllTrips"/>
</testsuite> <!-- tripServicesProd.TS_POST_GetAllTrips -->
