<?xml version="1.0" encoding="UTF-8"?>
<!-- Generated by org.testng.reporters.JUnitReportReporter -->
<testsuite skipped="0" hostname="sysadm-Latitude-3480" name="tripServices.TS_Get_TripDetails_CommValue" tests="2" failures="0" timestamp="09 Nov 2020 08:10:53 GMT" time="12.423" errors="0">
  <testcase name="phoneasCommunicationValue" time="4.696" classname="tripServices.TS_Get_TripDetails_CommValue"/>
  <testcase name="emailasCommunicationValue" time="7.727" classname="tripServices.TS_Get_TripDetails_CommValue"/>
</testsuite> <!-- tripServices.TS_Get_TripDetails_CommValue -->
