<?xml version="1.0" encoding="UTF-8"?>
<!-- Generated by org.testng.reporters.JUnitReportReporter -->
<testsuite name="testScriptsAccounts.Change_Username" tests="1" time="57.153" ignored="0" failures="0" timestamp="09 Oct 2019 06:36:09 GMT" skipped="0" hostname="sysadm-PC" errors="0">
  <testcase name="accountSetting_ChangePwd" time="57.153" classname="testScriptsAccounts.Change_Username"/>
</testsuite> <!-- testScriptsAccounts.Change_Username -->
