<?xml version="1.0" encoding="UTF-8"?>
<!-- Generated by org.testng.reporters.JUnitReportReporter -->
<testsuite skipped="0" hostname="sysadm-Latitude-3480" name="tripServices.TS_Amendment" tests="1" failures="0" timestamp="01 Jun 2020 06:43:07 GMT" time="53.061" errors="0">
  <testcase name="Tripserviceairputcall" time="53.061" classname="tripServices.TS_Amendment"/>
</testsuite> <!-- tripServices.TS_Amendment -->
