<?xml version="1.0" encoding="UTF-8"?>
<!-- Generated by org.testng.reporters.JUnitReportReporter -->
<testsuite skipped="0" hostname="sysadm-Latitude-3480" name="tripServicesProd.Accounts_FetchtripdetailsByPersonid" tests="1" failures="0" timestamp="02 Apr 2020 02:57:54 GMT" time="5.501" errors="0">
  <testcase name="Accounts_FetchByPersonid" time="5.501" classname="tripServicesProd.Accounts_FetchtripdetailsByPersonid"/>
</testsuite> <!-- tripServicesProd.Accounts_FetchtripdetailsByPersonid -->
