<?xml version="1.0" encoding="UTF-8"?>
<!-- Generated by org.testng.reporters.JUnitReportReporter -->
<testsuite skipped="0" hostname="sysadm-IT3407" name="paymentsAPI.API_EW_GetOutstanding" tests="1" failures="0" timestamp="19 Mar 2020 15:04:11 GMT" time="4.837" errors="0">
  <testcase name="Expressway_getOutstandingAmt" time="4.837" classname="paymentsAPI.API_EW_GetOutstanding"/>
</testsuite> <!-- paymentsAPI.API_EW_GetOutstanding -->
