<?xml version="1.0" encoding="UTF-8"?>
<!-- Generated by org.testng.reporters.JUnitReportReporter -->
<testsuite skipped="1" hostname="sysadm-Latitude-3470" name="tripServices1.TS_Post_UpcomingTrips" tests="2" failures="1" timestamp="11 Feb 2020 09:37:25 GMT" time="6.423" errors="0">
  <testcase name="upcomingTripsPostCall" time="3.251" classname="tripServices1.TS_Post_UpcomingTrips">
    <failure type="java.lang.AssertionError" message="Response boday contains tripRef expected [true] but found [false]">
      <![CDATA[java.lang.AssertionError: Response boday contains tripRef expected [true] but found [false]
at org.testng.Assert.fail(Assert.java:96)
at org.testng.Assert.failNotEquals(Assert.java:776)
at org.testng.Assert.assertEqualsImpl(Assert.java:137)
at org.testng.Assert.assertEquals(Assert.java:118)
at org.testng.Assert.assertEquals(Assert.java:568)
at tripServices1.TripserviceCommon.validationforgetalltrips(TripserviceCommon.java:435)
at tripServices1.TS_Post_UpcomingTrips.upcomingTripsPostCall(TS_Post_UpcomingTrips.java:14)
at sun.reflect.NativeMethodAccessorImpl.invoke0(Native Method)
at sun.reflect.NativeMethodAccessorImpl.invoke(NativeMethodAccessorImpl.java:62)
at sun.reflect.DelegatingMethodAccessorImpl.invoke(DelegatingMethodAccessorImpl.java:43)
at java.lang.reflect.Method.invoke(Method.java:498)
at org.testng.internal.MethodInvocationHelper.invokeMethod(MethodInvocationHelper.java:124)
at org.testng.internal.Invoker.invokeMethod(Invoker.java:583)
at org.testng.internal.Invoker.retryFailed(Invoker.java:839)
at org.testng.internal.Invoker.invokeTestMethods(Invoker.java:1010)
at org.testng.internal.TestMethodWorker.invokeTestMethods(TestMethodWorker.java:125)
at org.testng.internal.TestMethodWorker.run(TestMethodWorker.java:109)
at java.util.concurrent.ThreadPoolExecutor.runWorker(ThreadPoolExecutor.java:1149)
at java.util.concurrent.ThreadPoolExecutor$Worker.run(ThreadPoolExecutor.java:624)
at java.lang.Thread.run(Thread.java:748)
]]>
    </failure>
  </testcase> <!-- upcomingTripsPostCall -->
  <testcase name="upcomingTripsPostCall" time="3.172" classname="tripServices1.TS_Post_UpcomingTrips">
    <skipped/>
  </testcase> <!-- upcomingTripsPostCall -->
</testsuite> <!-- tripServices1.TS_Post_UpcomingTrips -->
