<?xml version="1.0" encoding="UTF-8"?>
<!-- Generated by org.testng.reporters.JUnitReportReporter -->
<testsuite name="testScriptsHQUI.HQPeople_AddRole" tests="1" time="38.709" ignored="0" failures="0" timestamp="31 May 2019 10:29:43 GMT" skipped="0" hostname="sysadm-PC" errors="0">
  <testcase name="peopleAssignRole" time="38.709" classname="testScriptsHQUI.HQPeople_AddRole"/>
</testsuite> <!-- testScriptsHQUI.HQPeople_AddRole -->
