<?xml version="1.0" encoding="UTF-8"?>
<!-- Generated by org.testng.reporters.JUnitReportReporter -->
<testsuite name="testScriptsTrains.PAX_1A1SM_NBRetry" tests="1" time="161.810" ignored="0" failures="0" timestamp="07 Feb 2019 03:54:54 GMT" skipped="0" hostname="sysadm-PC" errors="0">
  <testcase name="B2CTrains_NetbankingRetry" time="161.810" classname="testScriptsTrains.PAX_1A1SM_NBRetry"/>
</testsuite> <!-- testScriptsTrains.PAX_1A1SM_NBRetry -->
