<?xml version="1.0" encoding="UTF-8"?>
<!-- Generated by org.testng.reporters.JUnitReportReporter -->
<testsuite skipped="0" hostname="sysadm-PC" name="tripServices.TS_UpdateBooking_Hotel" tests="1" failures="0" timestamp="17 Jan 2020 05:13:48 GMT" time="11.441" errors="0">
  <testcase name="Tripservicehotelputcall" time="11.441" classname="tripServices.TS_UpdateBooking_Hotel"/>
</testsuite> <!-- tripServices.TS_UpdateBooking_Hotel -->
