<?xml version="1.0" encoding="UTF-8"?>
<!-- Generated by org.testng.reporters.JUnitReportReporter -->
<testsuite skipped="0" hostname="sysadm-Latitude-3470" name="tripServicesProd.TS_GET_Trips_ItineraryId" tests="1" failures="0" timestamp="21 Feb 2020 07:56:37 GMT" time="0.193" errors="0">
  <testcase name="getTripsbyItineraryId" time="0.193" classname="tripServicesProd.TS_GET_Trips_ItineraryId"/>
</testsuite> <!-- tripServicesProd.TS_GET_Trips_ItineraryId -->
