<?xml version="1.0" encoding="UTF-8"?>
<!-- Generated by org.testng.reporters.JUnitReportReporter -->
<testsuite skipped="0" hostname="sysadm-Latitude-3480" name="tripServices.TS_GET_Trips" tests="1" failures="0" timestamp="24 Apr 2020 09:57:19 GMT" time="0.836" errors="0">
  <testcase name="getTripService" time="0.836" classname="tripServices.TS_GET_Trips"/>
</testsuite> <!-- tripServices.TS_GET_Trips -->
