<?xml version="1.0" encoding="UTF-8"?>
<!-- Generated by org.testng.reporters.JUnitReportReporter -->
<testsuite skipped="0" hostname="sysadm-Latitude-3470" name="tripServices1.TS_TripQuery" tests="1" failures="0" timestamp="11 Feb 2020 09:37:25 GMT" time="0.648" errors="0">
  <testcase name="postTripQuery" time="0.648" classname="tripServices1.TS_TripQuery"/>
</testsuite> <!-- tripServices1.TS_TripQuery -->
