<?xml version="1.0" encoding="UTF-8"?>
<!-- Generated by org.testng.reporters.JUnitReportReporter -->
<testsuite name="com.cleartrip.payment.nodejs.Payment_NodeJS_CC_PG_Amex" tests="1" time="24.638" ignored="0" failures="0" timestamp="17 Sep 2019 04:06:40 GMT" skipped="0" hostname="sysadm-PC" errors="0">
  <testcase name="paymentNodeJSCCAmex" time="24.638" classname="com.cleartrip.payment.nodejs.Payment_NodeJS_CC_PG_Amex"/>
</testsuite> <!-- com.cleartrip.payment.nodejs.Payment_NodeJS_CC_PG_Amex -->
