<?xml version="1.0" encoding="UTF-8"?>
<!-- Generated by org.testng.reporters.JUnitReportReporter -->
<testsuite skipped="0" hostname="sysadm-PC" name="accountServiceProd.Account_Service_Prod_getAgencyLogo" tests="1" failures="0" timestamp="15 Jun 2020 05:24:47 GMT" time="3.993" errors="0">
  <testcase name="Acct_Prod_agencylogo" time="3.993" classname="accountServiceProd.Account_Service_Prod_getAgencyLogo"/>
</testsuite> <!-- accountServiceProd.Account_Service_Prod_getAgencyLogo -->
