<?xml version="1.0" encoding="UTF-8"?>
<!-- Generated by org.testng.reporters.JUnitReportReporter -->
<testsuite skipped="0" hostname="sysadm-Latitude-3480" name="tripServices.Accounts_Taskcategory" tests="1" failures="0" timestamp="02 Mar 2020 04:47:01 GMT" time="0.108" errors="0">
  <testcase name="Accounts_Taskcategory" time="0.108" classname="tripServices.Accounts_Taskcategory"/>
</testsuite> <!-- tripServices.Accounts_Taskcategory -->
