<?xml version="1.0" encoding="UTF-8"?>
<!-- Generated by org.testng.reporters.JUnitReportReporter -->
<testsuite skipped="0" hostname="sysadm-IT3407" name="paymentsAPI.API_Wallet_Get_Wallet_INR" tests="1" failures="0" timestamp="20 Mar 2020 10:20:55 GMT" time="213.182" errors="0">
  <testcase name="Wallet_GETWALLET" time="213.182" classname="paymentsAPI.API_Wallet_Get_Wallet_INR"/>
</testsuite> <!-- paymentsAPI.API_Wallet_Get_Wallet_INR -->
