<?xml version="1.0" encoding="UTF-8"?>
<!-- Generated by org.testng.reporters.JUnitReportReporter -->
<testsuite skipped="0" hostname="sysadm-IT3407" name="paymentsUI.Payment_NodeJS_CTWallet_Full" tests="1" failures="0" timestamp="24 Mar 2020 06:10:46 GMT" time="10.990" errors="0">
  <testcase name="paymentNodeJS_Wallet" time="10.990" classname="paymentsUI.Payment_NodeJS_CTWallet_Full"/>
</testsuite> <!-- paymentsUI.Payment_NodeJS_CTWallet_Full -->
