<?xml version="1.0" encoding="UTF-8"?>
<!-- Generated by org.testng.reporters.JUnitReportReporter -->
<testsuite skipped="0" hostname="sysadm-IT3407" name="paymentsAPI.API_CTpay_GetUrl" tests="1" failures="0" timestamp="18 Mar 2020 17:30:14 GMT" time="8.610" errors="0">
  <testcase name="PaymentCtPayCreate" time="8.610" classname="paymentsAPI.API_CTpay_GetUrl"/>
</testsuite> <!-- paymentsAPI.API_CTpay_GetUrl -->
