<?xml version="1.0" encoding="UTF-8"?>
<!-- Generated by org.testng.reporters.JUnitReportReporter -->
<testsuite skipped="0" hostname="sysadm-Latitude-3480" name="paymentsAPI.API_Navison_CC" tests="1" failures="0" timestamp="05 Mar 2020 05:12:34 GMT" time="4.655" errors="0">
  <testcase name="paymentCC_API" time="4.655" classname="paymentsAPI.API_Navison_CC"/>
</testsuite> <!-- paymentsAPI.API_Navison_CC -->
