<?xml version="1.0" encoding="UTF-8"?>
<!-- Generated by org.testng.reporters.JUnitReportReporter -->
<testsuite skipped="0" hostname="sysadm-IT3407" name="paymentsAPI.API_EW_Add_Amount" tests="1" failures="0" timestamp="19 Mar 2020 07:55:08 GMT" time="127.080" errors="0">
  <testcase name="Expressway_AddAmt" time="127.080" classname="paymentsAPI.API_EW_Add_Amount"/>
</testsuite> <!-- paymentsAPI.API_EW_Add_Amount -->
