<?xml version="1.0" encoding="UTF-8"?>
<!-- Generated by org.testng.reporters.JUnitReportReporter -->
<testsuite skipped="1" hostname="sysadm-Latitude-3480" name="paymentsAPI.API_Promo_Activate" tests="2" failures="0" timestamp="05 Mar 2020 05:12:34 GMT" time="105.752" errors="0">
  <testcase name="Promo_Activate" time="3.699" classname="paymentsAPI.API_Promo_Activate">
    <skipped/>
  </testcase> <!-- Promo_Activate -->
  <testcase name="Promo_Activate" time="102.053" classname="paymentsAPI.API_Promo_Activate"/>
</testsuite> <!-- paymentsAPI.API_Promo_Activate -->
