<?xml version="1.0" encoding="UTF-8"?>
<!-- Generated by org.testng.reporters.JUnitReportReporter -->
<testsuite skipped="0" hostname="sysadm-Latitude-3480" name="paymentsAPI.API_Binmanager_Add_MC_Credit" tests="1" failures="0" timestamp="05 Mar 2020 05:12:34 GMT" time="0.996" errors="0">
  <testcase name="binmanager_MC_Credit" time="0.996" classname="paymentsAPI.API_Binmanager_Add_MC_Credit"/>
</testsuite> <!-- paymentsAPI.API_Binmanager_Add_MC_Credit -->
