<?xml version="1.0" encoding="UTF-8"?>
<!-- Generated by org.testng.reporters.JUnitReportReporter -->
<testsuite skipped="0" hostname="sysadm-Latitude-3480" name="tripServices.TS_Coupon_Validation" tests="1" failures="0" timestamp="24 Apr 2020 09:57:20 GMT" time="3.071" errors="0">
  <testcase name="couponValidation" time="3.071" classname="tripServices.TS_Coupon_Validation"/>
</testsuite> <!-- tripServices.TS_Coupon_Validation -->
