<?xml version="1.0" encoding="UTF-8"?>
<!-- Generated by org.testng.reporters.JUnitReportReporter -->
<testsuite name="com.cleartrip.platform.payments.API_CC" tests="1" time="0.498" ignored="0" failures="0" timestamp="10 Jan 2019 04:21:43 GMT" skipped="0" hostname="sysadm-PC" errors="0">
  <testcase name="paymentCC_API" time="0.498" classname="com.cleartrip.platform.payments.API_CC"/>
</testsuite> <!-- com.cleartrip.platform.payments.API_CC -->
