<?xml version="1.0" encoding="UTF-8"?>
<!-- Generated by org.testng.reporters.JUnitReportReporter -->
<testsuite skipped="0" hostname="sysadm-Latitude-3480" name="paymentsAPI.API_EW_Validate" tests="1" failures="0" timestamp="05 Mar 2020 05:12:34 GMT" time="11.836" errors="0">
  <testcase name="Expressway_Validate" time="11.836" classname="paymentsAPI.API_EW_Validate"/>
</testsuite> <!-- paymentsAPI.API_EW_Validate -->
