<?xml version="1.0" encoding="UTF-8"?>
<!-- Generated by org.testng.reporters.JUnitReportReporter -->
<testsuite skipped="0" hostname="sysadm-PC" name="accountServiceProd.Account_service_getuserbyPartnerID" tests="1" failures="0" timestamp="15 Jun 2020 05:24:47 GMT" time="0.539" errors="0">
  <testcase name="Account_service_getuserbyPartnerID" time="0.539" classname="accountServiceProd.Account_service_getuserbyPartnerID"/>
</testsuite> <!-- accountServiceProd.Account_service_getuserbyPartnerID -->
