<?xml version="1.0" encoding="UTF-8"?>
<!-- Generated by org.testng.reporters.JUnitReportReporter -->
<testsuite name="testScriptsAccounts.MW_SignIN_SignOut" tests="1" time="21.592" ignored="0" failures="0" timestamp="08 Oct 2019 05:01:41 GMT" skipped="0" hostname="sysadm-PC" errors="0">
  <testcase name="mwMyTrips_SignIN_SignOut" time="21.592" classname="testScriptsAccounts.MW_SignIN_SignOut"/>
</testsuite> <!-- testScriptsAccounts.MW_SignIN_SignOut -->
