<?xml version="1.0" encoding="UTF-8"?>
<!-- Generated by org.testng.reporters.JUnitReportReporter -->
<testsuite skipped="0" hostname="sysadm-Latitude-3480" name="tripServices.TS_UpdateBooking_Air" tests="1" failures="0" timestamp="02 Apr 2020 09:30:42 GMT" time="14.746" errors="0">
  <testcase name="Tripserviceairputcall" time="14.746" classname="tripServices.TS_UpdateBooking_Air"/>
</testsuite> <!-- tripServices.TS_UpdateBooking_Air -->
