<?xml version="1.0" encoding="UTF-8"?>
<!-- Generated by org.testng.reporters.JUnitReportReporter -->
<testsuite name="testScriptsTrains.CalendarSRP" tests="1" time="58.500" ignored="0" failures="0" timestamp="24 Jul 2019 05:04:24 GMT" skipped="0" hostname="sysadm-PC" errors="0">
  <testcase name="B2cTrains_CalendarAvailonSRP" time="58.500" classname="testScriptsTrains.CalendarSRP"/>
</testsuite> <!-- testScriptsTrains.CalendarSRP -->
