<?xml version="1.0" encoding="UTF-8"?>
<!-- Generated by org.testng.reporters.JUnitReportReporter -->
<testsuite name="testScriptsIndiaHotels.HotelCom_Payment_Wallet_OlaMoney" tests="2" time="111.009" ignored="0" failures="0" timestamp="13 Mar 2019 11:28:36 GMT" skipped="1" hostname="sysadm-PC" errors="0">
  <testcase name="HotelComMobiKwik" time="67.831" classname="testScriptsIndiaHotels.HotelCom_Payment_Wallet_OlaMoney">
    <skipped/>
  </testcase> <!-- HotelComMobiKwik -->
  <testcase name="HotelComMobiKwik" time="43.178" classname="testScriptsIndiaHotels.HotelCom_Payment_Wallet_OlaMoney"/>
</testsuite> <!-- testScriptsIndiaHotels.HotelCom_Payment_Wallet_OlaMoney -->
