<?xml version="1.0" encoding="UTF-8"?>
<!-- Generated by org.testng.reporters.JUnitReportReporter -->
<testsuite skipped="0" hostname="sysadm-Latitude-3480" name="tripServicesProd.TS_TripLockExpiry" tests="1" failures="0" timestamp="29 Apr 2020 03:15:36 GMT" time="2.443" errors="0">
  <testcase name="Trip_LockExpiry" time="2.443" classname="tripServicesProd.TS_TripLockExpiry"/>
</testsuite> <!-- tripServicesProd.TS_TripLockExpiry -->
