<?xml version="1.0" encoding="UTF-8"?>
<!-- Generated by org.testng.reporters.JUnitReportReporter -->
<testsuite skipped="0" hostname="sysadm-Latitude-3480" name="tripServices.TS_LogBooking_Local" tests="1" failures="0" timestamp="28 May 2020 10:59:09 GMT" time="13.101" errors="0">
  <testcase name="localPostCall" time="13.101" classname="tripServices.TS_LogBooking_Local"/>
</testsuite> <!-- tripServices.TS_LogBooking_Local -->
