<?xml version="1.0" encoding="UTF-8"?>
<!-- Generated by org.testng.reporters.JUnitReportReporter -->
<testsuite skipped="0" hostname="sysadm-IT3407" name="paymentsAPI.API_EW_OptIN" tests="1" failures="0" timestamp="19 Mar 2020 08:48:56 GMT" time="1.989" errors="0">
  <testcase name="Expressway_UserDetails" time="1.989" classname="paymentsAPI.API_EW_OptIN"/>
</testsuite> <!-- paymentsAPI.API_EW_OptIN -->
