<?xml version="1.0" encoding="UTF-8"?>
<!-- Generated by org.testng.reporters.JUnitReportReporter -->
<testsuite skipped="0" hostname="sysadm-Latitude-3480" name="paymentsAPI.API_Binmanager_Get_Card" tests="1" failures="0" timestamp="05 Mar 2020 05:12:33 GMT" time="0.056" errors="0">
  <testcase name="Get_Card" time="0.056" classname="paymentsAPI.API_Binmanager_Get_Card"/>
</testsuite> <!-- paymentsAPI.API_Binmanager_Get_Card -->
