<?xml version="1.0" encoding="UTF-8"?>
<!-- Generated by org.testng.reporters.JUnitReportReporter -->
<testsuite skipped="0" hostname="sysadm-PC" name="tripServices.Accounts_Notes" tests="1" failures="0" timestamp="17 Jan 2020 05:13:48 GMT" time="0.781" errors="0">
  <testcase name="Accounts_ExistingUsers" time="0.781" classname="tripServices.Accounts_Notes"/>
</testsuite> <!-- tripServices.Accounts_Notes -->
