<?xml version="1.0" encoding="UTF-8"?>
<!-- Generated by org.testng.reporters.JUnitReportReporter -->
<testsuite skipped="0" hostname="sysadm-Latitude-3480" name="tripServices.TS_Update_Air_Module" tests="1" failures="0" timestamp="09 Nov 2020 08:10:53 GMT" time="27.332" errors="0">
  <testcase name="airPostCall" time="27.332" classname="tripServices.TS_Update_Air_Module"/>
</testsuite> <!-- tripServices.TS_Update_Air_Module -->
