<?xml version="1.0" encoding="UTF-8"?>
<!-- Generated by org.testng.reporters.JUnitReportReporter -->
<testsuite skipped="0" hostname="sysadm-Latitude-3480" name="tripServicesProd.TS_GET_FinanceAllTrips_Air" tests="1" failures="0" timestamp="29 Apr 2020 10:00:19 GMT" time="19.145" errors="0">
  <testcase name="getTripService" time="19.145" classname="tripServicesProd.TS_GET_FinanceAllTrips_Air"/>
</testsuite> <!-- tripServicesProd.TS_GET_FinanceAllTrips_Air -->
