<?xml version="1.0" encoding="UTF-8"?>
<!-- Generated by org.testng.reporters.JUnitReportReporter -->
<testsuite skipped="0" hostname="sysadm-Latitude-3480" name="tripServicesProd.TS_TripQuery" tests="1" failures="0" timestamp="02 Mar 2020 04:30:37 GMT" time="1.238" errors="0">
  <testcase name="postTripQuery" time="1.238" classname="tripServicesProd.TS_TripQuery"/>
</testsuite> <!-- tripServicesProd.TS_TripQuery -->
