<?xml version="1.0" encoding="UTF-8"?>
<!-- Generated by org.testng.reporters.JUnitReportReporter -->
<testsuite skipped="1" hostname="sysadm-Latitude-3480" name="tripServices.TS_UpdateBooking_Hotel" tests="2" failures="0" timestamp="24 Apr 2020 09:57:19 GMT" time="28.050" errors="0">
  <testcase name="Tripservicehotelputcall" time="14.947" classname="tripServices.TS_UpdateBooking_Hotel"/>
  <testcase name="Tripservicehotelputcall" time="13.103" classname="tripServices.TS_UpdateBooking_Hotel">
    <skipped/>
  </testcase> <!-- Tripservicehotelputcall -->
</testsuite> <!-- tripServices.TS_UpdateBooking_Hotel -->
