<?xml version="1.0" encoding="UTF-8"?>
<!-- Generated by org.testng.reporters.JUnitReportReporter -->
<testsuite skipped="0" hostname="sysadm-Latitude-3480" name="tripServices.TS_GET_Finance_HOTEL" tests="1" failures="0" timestamp="23 Mar 2020 05:25:08 GMT" time="0.219" errors="0">
  <testcase name="getTripService" time="0.219" classname="tripServices.TS_GET_Finance_HOTEL"/>
</testsuite> <!-- tripServices.TS_GET_Finance_HOTEL -->
