<?xml version="1.0" encoding="UTF-8"?>
<!-- Generated by org.testng.reporters.JUnitReportReporter -->
<testsuite skipped="1" hostname="sysadm-PC" name="tripServices.Accounts_Taskcategory" tests="2" failures="0" timestamp="17 Jan 2020 05:13:48 GMT" time="21.286" errors="0">
  <testcase name="Accounts_Taskcategory" time="0.123" classname="tripServices.Accounts_Taskcategory"/>
  <testcase name="Accounts_Taskcategory" time="21.163" classname="tripServices.Accounts_Taskcategory">
    <skipped/>
  </testcase> <!-- Accounts_Taskcategory -->
</testsuite> <!-- tripServices.Accounts_Taskcategory -->
