<?xml version="1.0" encoding="UTF-8"?>
<!-- Generated by org.testng.reporters.JUnitReportReporter -->
<testsuite skipped="0" hostname="sysadm-Latitude-3480" name="whatsappServiceProd.WhatsappCheckContacts" tests="1" failures="0" timestamp="20 Mar 2020 10:50:56 GMT" time="2.291" errors="0">
  <testcase name="checkContacts" time="2.291" classname="whatsappServiceProd.WhatsappCheckContacts"/>
</testsuite> <!-- whatsappServiceProd.WhatsappCheckContacts -->
