<?xml version="1.0" encoding="UTF-8"?>
<!-- Generated by org.testng.reporters.JUnitReportReporter -->
<testsuite skipped="0" hostname="sysadm-Latitude-3480" name="tripServices.TS_UpdateBooking_Air" tests="1" failures="0" timestamp="30 Apr 2020 07:49:03 GMT" time="12.435" errors="0">
  <testcase name="Tripserviceairputcall" time="12.435" classname="tripServices.TS_UpdateBooking_Air"/>
</testsuite> <!-- tripServices.TS_UpdateBooking_Air -->
