<?xml version="1.0" encoding="UTF-8"?>
<!-- Generated by org.testng.reporters.JUnitReportReporter -->
<testsuite skipped="0" hostname="sysadm-Latitude-3480" name="accountsAPI.Account_Service_Partnercontroller_Usersearch" tests="1" failures="0" timestamp="04 May 2020 05:15:19 GMT" time="0.380" errors="0">
  <testcase name="partnercontroller_usersearch" time="0.380" classname="accountsAPI.Account_Service_Partnercontroller_Usersearch"/>
</testsuite> <!-- accountsAPI.Account_Service_Partnercontroller_Usersearch -->
