<?xml version="1.0" encoding="UTF-8"?>
<!-- Generated by org.testng.reporters.JUnitReportReporter -->
<testsuite skipped="0" hostname="sysadm-Latitude-3480" name="tripServicesProd.TS_GET_CancelledInsurance" tests="1" failures="0" timestamp="28 Apr 2020 03:08:34 GMT" time="2.248" errors="0">
  <testcase name="getCancelledInsurance" time="2.248" classname="tripServicesProd.TS_GET_CancelledInsurance"/>
</testsuite> <!-- tripServicesProd.TS_GET_CancelledInsurance -->
