<?xml version="1.0" encoding="UTF-8"?>
<!-- Generated by org.testng.reporters.JUnitReportReporter -->
<testsuite skipped="0" hostname="sysadm-Latitude-3480" name="tripServicesProd.TS_GET_Finance_LOCAL" tests="1" failures="0" timestamp="09 Mar 2020 03:42:32 GMT" time="0.827" errors="0">
  <testcase name="getTripService" time="0.827" classname="tripServicesProd.TS_GET_Finance_LOCAL"/>
</testsuite> <!-- tripServicesProd.TS_GET_Finance_LOCAL -->
