<?xml version="1.0" encoding="UTF-8"?>
<!-- Generated by org.testng.reporters.JUnitReportReporter -->
<testsuite skipped="0" hostname="sysadm-Latitude-3480" name="tripServices.TS_POST_EmailByTxnId" tests="1" failures="0" timestamp="02 Mar 2020 04:47:01 GMT" time="0.156" errors="0">
  <testcase name="getEmail" time="0.156" classname="tripServices.TS_POST_EmailByTxnId"/>
</testsuite> <!-- tripServices.TS_POST_EmailByTxnId -->
