<?xml version="1.0" encoding="UTF-8"?>
<!-- Generated by org.testng.reporters.JUnitReportReporter -->
<testsuite skipped="0" hostname="sysadm-Latitude-3480" name="tripServices.Accounts_FetchtripdetailsByPersonid" tests="1" failures="0" timestamp="09 Nov 2020 08:10:53 GMT" time="16.836" errors="0">
  <testcase name="Accounts_FetchByPersonid" time="16.836" classname="tripServices.Accounts_FetchtripdetailsByPersonid"/>
</testsuite> <!-- tripServices.Accounts_FetchtripdetailsByPersonid -->
