<?xml version="1.0" encoding="UTF-8"?>
<!-- Generated by org.testng.reporters.JUnitReportReporter -->
<testsuite skipped="0" hostname="sysadm-PC" name="tripServices.TS_LogBooking_Trains" tests="1" failures="0" timestamp="17 Jan 2020 05:13:48 GMT" time="5.215" errors="0">
  <testcase name="Tripservicepostcall" time="5.215" classname="tripServices.TS_LogBooking_Trains"/>
</testsuite> <!-- tripServices.TS_LogBooking_Trains -->
