<?xml version="1.0" encoding="UTF-8"?>
<!-- Generated by org.testng.reporters.JUnitReportReporter -->
<testsuite skipped="1" hostname="sysadm-Latitude-3470" name="tripServices1.TS_GET_FinanceAllTrips_Air" tests="2" failures="0" timestamp="11 Feb 2020 09:37:25 GMT" time="88.449" errors="0">
  <testcase name="getTripService" time="63.180" classname="tripServices1.TS_GET_FinanceAllTrips_Air">
    <skipped/>
  </testcase> <!-- getTripService -->
  <testcase name="getTripService" time="25.269" classname="tripServices1.TS_GET_FinanceAllTrips_Air"/>
</testsuite> <!-- tripServices1.TS_GET_FinanceAllTrips_Air -->
