<?xml version="1.0" encoding="UTF-8"?>
<!-- Generated by org.testng.reporters.JUnitReportReporter -->
<testsuite skipped="0" hostname="sysadm-Latitude-3480" name="tripServicesProd.TS_Finance_Scrapers" tests="1" failures="0" timestamp="29 Apr 2020 03:15:36 GMT" time="2.957" errors="0">
  <testcase name="airPostCall" time="2.957" classname="tripServicesProd.TS_Finance_Scrapers"/>
</testsuite> <!-- tripServicesProd.TS_Finance_Scrapers -->
