<?xml version="1.0" encoding="UTF-8"?>
<!-- Generated by org.testng.reporters.JUnitReportReporter -->
<testsuite name="com.cleartrip.platform.email.Email_Template_true" tests="1" time="0.276" ignored="0" failures="0" timestamp="07 Oct 2019 06:28:47 GMT" skipped="0" hostname="sysadm-PC" errors="0">
  <testcase name="message" time="0.276" classname="com.cleartrip.platform.email.Email_Template_true"/>
</testsuite> <!-- com.cleartrip.platform.email.Email_Template_true -->
