<?xml version="1.0" encoding="UTF-8"?>
<!-- Generated by org.testng.reporters.JUnitReportReporter -->
<testsuite skipped="0" hostname="sysadm-Latitude-3480" name="tripServices.Accounts_FetchtripdetailsByTripid" tests="1" failures="0" timestamp="23 Mar 2020 05:25:08 GMT" time="8.140" errors="0">
  <testcase name="Accounts_FetchByTripid" time="8.140" classname="tripServices.Accounts_FetchtripdetailsByTripid"/>
</testsuite> <!-- tripServices.Accounts_FetchtripdetailsByTripid -->
