<?xml version="1.0" encoding="UTF-8"?>
<!-- Generated by org.testng.reporters.JUnitReportReporter -->
<testsuite name="com.cleartrip.payment.nodejs.Payment_NodeJS_Activity_B2C_CC" tests="1" time="18.028" ignored="0" failures="0" timestamp="18 Sep 2019 06:39:47 GMT" skipped="0" hostname="sysadm-PC" errors="0">
  <testcase name="paymentNodeJS_Acty_B2C_CC" time="18.028" classname="com.cleartrip.payment.nodejs.Payment_NodeJS_Activity_B2C_CC"/>
</testsuite> <!-- com.cleartrip.payment.nodejs.Payment_NodeJS_Activity_B2C_CC -->
