<?xml version="1.0" encoding="UTF-8"?>
<!-- Generated by org.testng.reporters.JUnitReportReporter -->
<testsuite skipped="0" hostname="IT3786-kirankumar" name="paymentsUI.Payment_NodeJS_CC_PG_PayFort_SA" tests="1" failures="0" timestamp="25 Feb 2020 07:13:10 GMT" time="46.117" errors="0">
  <testcase name="paymentNodeJSPayfortSA" time="46.117" classname="paymentsUI.Payment_NodeJS_CC_PG_PayFort_SA"/>
</testsuite> <!-- paymentsUI.Payment_NodeJS_CC_PG_PayFort_SA -->
