<?xml version="1.0" encoding="UTF-8"?>
<!-- Generated by org.testng.reporters.JUnitReportReporter -->
<testsuite skipped="0" hostname="sysadm-Latitude-3480" name="tripServices.TS_GET_CorpTripList" tests="1" failures="0" timestamp="02 Mar 2020 04:47:00 GMT" time="21.087" errors="0">
  <testcase name="getCorpTripCount" time="21.087" classname="tripServices.TS_GET_CorpTripList"/>
</testsuite> <!-- tripServices.TS_GET_CorpTripList -->
