<?xml version="1.0" encoding="UTF-8"?>
<!-- Generated by org.testng.reporters.JUnitReportReporter -->
<testsuite skipped="0" hostname="IT3786-kirankumar" name="paymentsAPI.API_storeCard" tests="3" failures="0" timestamp="03 Mar 2020 10:41:11 GMT" time="7.230" errors="0">
  <testcase name="Wallet_storeCard" time="3.729" classname="paymentsAPI.API_storeCard"/>
  <testcase name="Wallet_validateCard" time="0.859" classname="paymentsAPI.API_storeCard"/>
  <testcase name="Wallet_getCard_DeleteCard" time="2.642" classname="paymentsAPI.API_storeCard"/>
</testsuite> <!-- paymentsAPI.API_storeCard -->
