<?xml version="1.0" encoding="UTF-8"?>
<!-- Generated by org.testng.reporters.JUnitReportReporter -->
<testsuite skipped="0" hostname="sysadm-Latitude-3480" name="tripServices.TS_UpdateBooking_Air" tests="1" failures="0" timestamp="09 Nov 2020 08:10:53 GMT" time="14.568" errors="0">
  <testcase name="Tripserviceairputcall" time="14.568" classname="tripServices.TS_UpdateBooking_Air"/>
</testsuite> <!-- tripServices.TS_UpdateBooking_Air -->
