<?xml version="1.0" encoding="UTF-8"?>
<!-- Generated by org.testng.reporters.JUnitReportReporter -->
<testsuite skipped="0" hostname="sysadm-Latitude-3480" name="tripServices.Accounts_Depositaccount" tests="1" failures="0" timestamp="09 Nov 2020 08:10:53 GMT" time="2.354" errors="0">
  <testcase name="Accounts_FetchByPersonid" time="2.354" classname="tripServices.Accounts_Depositaccount"/>
</testsuite> <!-- tripServices.Accounts_Depositaccount -->
