<?xml version="1.0" encoding="UTF-8"?>
<!-- Generated by org.testng.reporters.JUnitReportReporter -->
<testsuite skipped="0" hostname="IT3786-kirankumar" name="paymentsAPI.Prod_Rewards_PayBack_MobileLinked" tests="1" failures="0" timestamp="27 Feb 2020 07:40:16 GMT" time="1.175" errors="0">
  <testcase name="Get_CardTypes" time="1.175" classname="paymentsAPI.Prod_Rewards_PayBack_MobileLinked"/>
</testsuite> <!-- paymentsAPI.Prod_Rewards_PayBack_MobileLinked -->
