<?xml version="1.0" encoding="UTF-8"?>
<!-- Generated by org.testng.reporters.JUnitReportReporter -->
<testsuite skipped="0" hostname="sysadm-Latitude-3480" name="tripServicesProd.TS_GET_Trips_API_Versioning" tests="1" failures="0" timestamp="09 Mar 2020 03:42:31 GMT" time="1.753" errors="0">
  <testcase name="getTripService" time="1.753" classname="tripServicesProd.TS_GET_Trips_API_Versioning"/>
</testsuite> <!-- tripServicesProd.TS_GET_Trips_API_Versioning -->
