<?xml version="1.0" encoding="UTF-8"?>
<!-- Generated by org.testng.reporters.JUnitReportReporter -->
<testsuite skipped="0" hostname="sysadm-Latitude-3480" name="whatsappServiceProd.WhatsappDeliveryFeedback" tests="1" failures="0" timestamp="20 Mar 2020 10:50:56 GMT" time="11.112" errors="0">
  <testcase name="message" time="11.112" classname="whatsappServiceProd.WhatsappDeliveryFeedback"/>
</testsuite> <!-- whatsappServiceProd.WhatsappDeliveryFeedback -->
