<?xml version="1.0" encoding="UTF-8"?>
<!-- Generated by org.testng.reporters.JUnitReportReporter -->
<testsuite skipped="1" hostname="sysadm-Latitude-3480" name="tripServices.TS_Invoice_Generation_Air" tests="2" failures="0" timestamp="24 Apr 2020 09:57:20 GMT" time="32.537" errors="0">
  <testcase name="Tripserviceairputcall" time="14.563" classname="tripServices.TS_Invoice_Generation_Air">
    <skipped/>
  </testcase> <!-- Tripserviceairputcall -->
  <testcase name="Tripserviceairputcall" time="17.974" classname="tripServices.TS_Invoice_Generation_Air"/>
</testsuite> <!-- tripServices.TS_Invoice_Generation_Air -->
