<?xml version="1.0" encoding="UTF-8"?>
<!-- Generated by org.testng.reporters.JUnitReportReporter -->
<testsuite skipped="0" hostname="sysadm-Latitude-3480" name="tripServices.Accounts_CreateUpdate_Tagmaster" tests="1" failures="0" timestamp="05 Jun 2020 05:52:37 GMT" time="9.126" errors="0">
  <testcase name="Accounts_ExistingUsers" time="9.126" classname="tripServices.Accounts_CreateUpdate_Tagmaster"/>
</testsuite> <!-- tripServices.Accounts_CreateUpdate_Tagmaster -->
