<?xml version="1.0" encoding="UTF-8"?>
<!-- Generated by org.testng.reporters.JUnitReportReporter -->
<testsuite skipped="0" hostname="sysadm-Latitude-3480" name="email.GeneratePKPass" tests="1" failures="0" timestamp="10 Nov 2020 07:44:03 GMT" time="0.773" errors="0">
  <testcase name="generatePKPass" time="0.773" classname="email.GeneratePKPass"/>
</testsuite> <!-- email.GeneratePKPass -->
