<?xml version="1.0" encoding="UTF-8"?>
<!-- Generated by org.testng.reporters.JUnitReportReporter -->
<testsuite skipped="0" hostname="sysadm-Latitude-3480" name="paymentsAPI.API_Wallet_CashBackDetails" tests="1" failures="0" timestamp="05 Mar 2020 05:12:33 GMT" time="0.923" errors="0">
  <testcase name="Wallet_CashBack" time="0.923" classname="paymentsAPI.API_Wallet_CashBackDetails"/>
</testsuite> <!-- paymentsAPI.API_Wallet_CashBackDetails -->
