<?xml version="1.0" encoding="UTF-8"?>
<!-- Generated by org.testng.reporters.JUnitReportReporter -->
<testsuite skipped="0" hostname="sysadm-PC" name="accountsAPI.Identtiyservice_get_tokenthroughrefreshToken" tests="1" failures="0" timestamp="15 Jun 2020 06:55:26 GMT" time="3.376" errors="0">
  <testcase name="identtiyservice_get_tokenthroughCode" time="3.376" classname="accountsAPI.Identtiyservice_get_tokenthroughrefreshToken"/>
</testsuite> <!-- accountsAPI.Identtiyservice_get_tokenthroughrefreshToken -->
