<?xml version="1.0" encoding="UTF-8"?>
<!-- Generated by org.testng.reporters.JUnitReportReporter -->
<testsuite skipped="0" hostname="sysadm-Latitude-3480" name="ct_config.CT_Config" tests="1" failures="0" timestamp="09 Jul 2020 06:42:22 GMT" time="298.202" errors="0">
  <testcase name="ct_config" time="298.202" classname="ct_config.CT_Config"/>
</testsuite> <!-- ct_config.CT_Config -->
