<?xml version="1.0" encoding="UTF-8"?>
<!-- Generated by org.testng.reporters.JUnitReportReporter -->
<testsuite skipped="0" hostname="sysadm-IT3407" name="paymentsAPI.API_Reporting_TS_V3" tests="1" failures="0" timestamp="21 Mar 2020 10:05:44 GMT" time="2.171" errors="0">
  <testcase name="Wallet_GETWALLET" time="2.171" classname="paymentsAPI.API_Reporting_TS_V3"/>
</testsuite> <!-- paymentsAPI.API_Reporting_TS_V3 -->
