<?xml version="1.0" encoding="UTF-8"?>
<!-- Generated by org.testng.reporters.JUnitReportReporter -->
<testsuite name="com.cleartrip.platform.paymentsAPI.API_Binmanager" tests="1" time="2.572" ignored="0" failures="0" timestamp="14 Oct 2019 04:58:55 GMT" skipped="0" hostname="sysadm-PC" errors="0">
  <testcase name="binmanager" time="2.572" classname="com.cleartrip.platform.paymentsAPI.API_Binmanager"/>
</testsuite> <!-- com.cleartrip.platform.paymentsAPI.API_Binmanager -->
