<?xml version="1.0" encoding="UTF-8"?>
<!-- Generated by org.testng.reporters.JUnitReportReporter -->
<testsuite skipped="0" hostname="sysadm-Latitude-3480" name="tripServices.TS_LogBooking_Air" tests="1" failures="0" timestamp="02 Mar 2020 04:47:01 GMT" time="17.400" errors="0">
  <testcase name="airPostCall" time="17.400" classname="tripServices.TS_LogBooking_Air"/>
</testsuite> <!-- tripServices.TS_LogBooking_Air -->
