<?xml version="1.0" encoding="UTF-8"?>
<!-- Generated by org.testng.reporters.JUnitReportReporter -->
<testsuite skipped="0" hostname="sysadm-Latitude-3480" name="tripServices.TS_Updatetag_SyncPut" tests="1" failures="0" timestamp="24 Apr 2020 09:57:20 GMT" time="0.780" errors="0">
  <testcase name="Accounts_ExistingUsers" time="0.780" classname="tripServices.TS_Updatetag_SyncPut"/>
</testsuite> <!-- tripServices.TS_Updatetag_SyncPut -->
