<?xml version="1.0" encoding="UTF-8"?>
<!-- Generated by org.testng.reporters.JUnitReportReporter -->
<testsuite name="com.cleartrip.platform.tripServices.TripservicePutCall_AIR" tests="1" time="2.201" ignored="0" failures="0" timestamp="14 Mar 2019 04:26:42 GMT" skipped="0" hostname="sysadm-PC" errors="0">
  <testcase name="Tripserviceairputcall" time="2.201" classname="com.cleartrip.platform.tripServices.TripservicePutCall_AIR"/>
</testsuite> <!-- com.cleartrip.platform.tripServices.TripservicePutCall_AIR -->
