<?xml version="1.0" encoding="UTF-8"?>
<!-- Generated by org.testng.reporters.JUnitReportReporter -->
<testsuite skipped="0" hostname="sysadm-Latitude-3480" name="tripServices.TS_Get_TripDetails_CommValue" tests="2" failures="0" timestamp="23 Mar 2020 05:25:08 GMT" time="9.368" errors="0">
  <testcase name="phoneasCommunicationValue" time="4.130" classname="tripServices.TS_Get_TripDetails_CommValue"/>
  <testcase name="emailasCommunicationValue" time="5.238" classname="tripServices.TS_Get_TripDetails_CommValue"/>
</testsuite> <!-- tripServices.TS_Get_TripDetails_CommValue -->
