<?xml version="1.0" encoding="UTF-8"?>
<!-- Generated by org.testng.reporters.JUnitReportReporter -->
<testsuite name="com.cleartrip.platform.tripServices.TS_GraphQL" tests="2" time="0.000" ignored="0" failures="0" timestamp="23 Oct 2019 06:53:10 GMT" skipped="1" hostname="sysadm-PC" errors="1">
  <testcase name="postGraphQL" time="0.000" classname="com.cleartrip.platform.tripServices.TS_GraphQL">
    <skipped/>
  </testcase> <!-- postGraphQL -->
  <testcase name="postGraphQL" time="0.000" classname="com.cleartrip.platform.tripServices.TS_GraphQL">
    <error type="java.lang.NoClassDefFoundError" message="Could not initialize class io.restassured.RestAssured">
      <![CDATA[java.lang.NoClassDefFoundError: Could not initialize class io.restassured.RestAssured
	at com.cleartrip.platform.tripServices.TripserviceCommon.TripserviceGraphQL(TripserviceCommon.java:203)
	at com.cleartrip.platform.tripServices.TS_GraphQL.postGraphQL(TS_GraphQL.java:16)
	at sun.reflect.NativeMethodAccessorImpl.invoke0(Native Method)
	at sun.reflect.NativeMethodAccessorImpl.invoke(Unknown Source)
	at sun.reflect.DelegatingMethodAccessorImpl.invoke(Unknown Source)
	at java.lang.reflect.Method.invoke(Unknown Source)
	at org.testng.internal.MethodInvocationHelper.invokeMethod(MethodInvocationHelper.java:104)
	at org.testng.internal.Invoker.invokeMethod(Invoker.java:645)
	at org.testng.internal.Invoker.retryFailed(Invoker.java:998)
	at org.testng.internal.Invoker.invokeTestMethods(Invoker.java:1200)
	at org.testng.internal.TestMethodWorker.invokeTestMethods(TestMethodWorker.java:129)
	at org.testng.internal.TestMethodWorker.run(TestMethodWorker.java:112)
	at java.util.concurrent.ThreadPoolExecutor.runWorker(Unknown Source)
	at java.util.concurrent.ThreadPoolExecutor$Worker.run(Unknown Source)
	at java.lang.Thread.run(Unknown Source)
]]>
    </error>
  </testcase> <!-- postGraphQL -->
</testsuite> <!-- com.cleartrip.platform.tripServices.TS_GraphQL -->
