<?xml version="1.0" encoding="UTF-8"?>
<!-- Generated by org.testng.reporters.JUnitReportReporter -->
<testsuite skipped="1" hostname="sysadm-Latitude-3480" name="tripServices.TS_GET_Finance_HOTEL" tests="2" failures="0" timestamp="28 May 2020 10:59:09 GMT" time="134.134" errors="0">
  <testcase name="getTripService" time="129.616" classname="tripServices.TS_GET_Finance_HOTEL">
    <skipped/>
  </testcase> <!-- getTripService -->
  <testcase name="getTripService" time="4.518" classname="tripServices.TS_GET_Finance_HOTEL"/>
</testsuite> <!-- tripServices.TS_GET_Finance_HOTEL -->
