<?xml version="1.0" encoding="UTF-8"?>
<!-- Generated by org.testng.reporters.JUnitReportReporter -->
<testsuite skipped="0" hostname="sysadm-Latitude-3480" name="tripServices.TS_UpdateBooking_Hotel" tests="1" failures="0" timestamp="23 Mar 2020 05:25:08 GMT" time="12.916" errors="0">
  <testcase name="Tripservicehotelputcall" time="12.916" classname="tripServices.TS_UpdateBooking_Hotel"/>
</testsuite> <!-- tripServices.TS_UpdateBooking_Hotel -->
