<?xml version="1.0" encoding="UTF-8"?>
<!-- Generated by org.testng.reporters.JUnitReportReporter -->
<testsuite skipped="0" hostname="sysadm-Latitude-3480" name="tripServices.TS_GET_FinanceAllTrips_Hotel" tests="1" failures="0" timestamp="30 Apr 2020 07:49:03 GMT" time="8.553" errors="0">
  <testcase name="getTripService" time="8.553" classname="tripServices.TS_GET_FinanceAllTrips_Hotel"/>
</testsuite> <!-- tripServices.TS_GET_FinanceAllTrips_Hotel -->
