<?xml version="1.0" encoding="UTF-8"?>
<!-- Generated by org.testng.reporters.JUnitReportReporter -->
<testsuite skipped="0" hostname="sysadm-PC" name="accountServiceProd.Account_service_GetuserbyID" tests="1" failures="0" timestamp="15 Jun 2020 05:24:47 GMT" time="0.620" errors="0">
  <testcase name="Acct_Prod_userbyId_API" time="0.620" classname="accountServiceProd.Account_service_GetuserbyID"/>
</testsuite> <!-- accountServiceProd.Account_service_GetuserbyID -->
