<?xml version="1.0" encoding="UTF-8"?>
<!-- Generated by org.testng.reporters.JUnitReportReporter -->
<testsuite skipped="1" hostname="sysadm-Latitude-3480" name="tripServices.TS_LogBooking_Local" tests="2" failures="0" timestamp="24 Apr 2020 09:57:20 GMT" time="21.550" errors="1">
  <testcase name="localPostCall" time="11.520" classname="tripServices.TS_LogBooking_Local">
    <skipped/>
  </testcase> <!-- localPostCall -->
  <testcase name="localPostCall" time="10.030" classname="tripServices.TS_LogBooking_Local">
    <error type="java.sql.SQLException" message="Listener refused the connection with the following error:
ORA-12516, TNS:listener could not find available handler with matching protocol stack
The Connection descriptor used by the client was:
172.17.4.101:1521/cleardb
">
      <![CDATA[java.sql.SQLException: Listener refused the connection with the following error:
ORA-12516, TNS:listener could not find available handler with matching protocol stack
The Connection descriptor used by the client was:
172.17.4.101:1521/cleardb

at oracle.jdbc.driver.DatabaseError.throwSqlException(DatabaseError.java:112)
at oracle.jdbc.driver.DatabaseError.throwSqlException(DatabaseError.java:261)
at oracle.jdbc.driver.T4CConnection.logon(T4CConnection.java:387)
at oracle.jdbc.driver.PhysicalConnection.<init>(PhysicalConnection.java:414)
at oracle.jdbc.driver.T4CConnection.<init>(T4CConnection.java:165)
at oracle.jdbc.driver.T4CDriverExtension.getConnection(T4CDriverExtension.java:35)
at oracle.jdbc.driver.OracleDriver.connect(OracleDriver.java:801)
at java.sql.DriverManager.getConnection(DriverManager.java:664)
at java.sql.DriverManager.getConnection(DriverManager.java:247)
at tripServices.TripserviceCommon.db_TripTxn(TripserviceCommon.java:648)
at tripServices.TripserviceCommon.DBValidation_Txn(TripserviceCommon.java:527)
at tripServices.TS_LogBooking_Local.localPostCall(TS_LogBooking_Local.java:19)
at sun.reflect.NativeMethodAccessorImpl.invoke0(Native Method)
at sun.reflect.NativeMethodAccessorImpl.invoke(NativeMethodAccessorImpl.java:62)
at sun.reflect.DelegatingMethodAccessorImpl.invoke(DelegatingMethodAccessorImpl.java:43)
at java.lang.reflect.Method.invoke(Method.java:498)
at org.testng.internal.MethodInvocationHelper.invokeMethod(MethodInvocationHelper.java:124)
at org.testng.internal.Invoker.invokeMethod(Invoker.java:583)
at org.testng.internal.Invoker.retryFailed(Invoker.java:839)
at org.testng.internal.Invoker.invokeTestMethods(Invoker.java:1010)
at org.testng.internal.TestMethodWorker.invokeTestMethods(TestMethodWorker.java:125)
at org.testng.internal.TestMethodWorker.run(TestMethodWorker.java:109)
at org.testng.TestRunner.privateRun(TestRunner.java:648)
at org.testng.TestRunner.run(TestRunner.java:505)
at org.testng.SuiteRunner.runTest(SuiteRunner.java:455)
at org.testng.SuiteRunner.access$000(SuiteRunner.java:40)
at org.testng.SuiteRunner$SuiteWorker.run(SuiteRunner.java:489)
at org.testng.internal.thread.ThreadUtil$1.call(ThreadUtil.java:52)
at java.util.concurrent.FutureTask.run(FutureTask.java:266)
at java.util.concurrent.ThreadPoolExecutor.runWorker(ThreadPoolExecutor.java:1149)
at java.util.concurrent.ThreadPoolExecutor$Worker.run(ThreadPoolExecutor.java:624)
at java.lang.Thread.run(Thread.java:748)
]]>
    </error>
  </testcase> <!-- localPostCall -->
</testsuite> <!-- tripServices.TS_LogBooking_Local -->
