<?xml version="1.0" encoding="UTF-8"?>
<!-- Generated by org.testng.reporters.JUnitReportReporter -->
<testsuite skipped="0" hostname="sysadm-Latitude-3480" name="accountsAPI.IdentityService_AddClient" tests="1" failures="0" timestamp="28 May 2020 10:59:09 GMT" time="1.197" errors="0">
  <testcase name="identityserviceaddclient" time="1.197" classname="accountsAPI.IdentityService_AddClient"/>
</testsuite> <!-- accountsAPI.IdentityService_AddClient -->
