<?xml version="1.0" encoding="UTF-8"?>
<!-- Generated by org.testng.reporters.JUnitReportReporter -->
<testsuite name="testScriptsIndiaHotels.HotelCom_Payment_Wallet_FreeCharge" tests="1" time="151.759" ignored="0" failures="0" timestamp="13 Mar 2019 11:28:36 GMT" skipped="0" hostname="sysadm-PC" errors="0">
  <testcase name="HotelComFreeCharge" time="151.759" classname="testScriptsIndiaHotels.HotelCom_Payment_Wallet_FreeCharge"/>
</testsuite> <!-- testScriptsIndiaHotels.HotelCom_Payment_Wallet_FreeCharge -->
