<?xml version="1.0" encoding="UTF-8"?>
<!-- Generated by org.testng.reporters.JUnitReportReporter -->
<testsuite skipped="0" hostname="sysadm-Latitude-3480" name="paymentsAPI.API_GV_Refund" tests="1" failures="0" timestamp="05 Mar 2020 05:12:34 GMT" time="4.503" errors="0">
  <testcase name="API_GVRefund" time="4.503" classname="paymentsAPI.API_GV_Refund"/>
</testsuite> <!-- paymentsAPI.API_GV_Refund -->
