<?xml version="1.0" encoding="UTF-8"?>
<!-- Generated by org.testng.reporters.JUnitReportReporter -->
<testsuite name="com.cleartrip.platform.ct_config.CT_Config" tests="1" time="3420.107" ignored="0" failures="0" timestamp="26 Sep 2019 08:30:56 GMT" skipped="0" hostname="sysadm-PC" errors="0">
  <testcase name="ct_config" time="3420.107" classname="com.cleartrip.platform.ct_config.CT_Config"/>
</testsuite> <!-- com.cleartrip.platform.ct_config.CT_Config -->
