<?xml version="1.0" encoding="UTF-8"?>
<!-- Generated by org.testng.reporters.JUnitReportReporter -->
<testsuite name="testScriptsAccounts.HeaderElements" tests="1" time="38.371" ignored="0" failures="0" timestamp="08 Oct 2019 04:29:28 GMT" skipped="0" hostname="sysadm-PC" errors="0">
  <testcase name="accountHeaderElements" time="38.371" classname="testScriptsAccounts.HeaderElements"/>
</testsuite> <!-- testScriptsAccounts.HeaderElements -->
