<?xml version="1.0" encoding="UTF-8"?>
<!-- Generated by org.testng.reporters.JUnitReportReporter -->
<testsuite skipped="1" hostname="sysadm-Latitude-3470" name="tripServices1.TS_GET_Tripscount_Personid" tests="2" failures="1" timestamp="11 Feb 2020 09:37:25 GMT" time="144.374" errors="0">
  <testcase name="getTripService" time="59.250" classname="tripServices1.TS_GET_Tripscount_Personid">
    <skipped/>
  </testcase> <!-- getTripService -->
  <testcase name="getTripService" time="85.124" classname="tripServices1.TS_GET_Tripscount_Personid">
    <failure type="java.lang.AssertionError" message="Response body contains id expected [true] but found [false]">
      <![CDATA[java.lang.AssertionError: Response body contains id expected [true] but found [false]
at org.testng.Assert.fail(Assert.java:96)
at org.testng.Assert.failNotEquals(Assert.java:776)
at org.testng.Assert.assertEqualsImpl(Assert.java:137)
at org.testng.Assert.assertEquals(Assert.java:118)
at org.testng.Assert.assertEquals(Assert.java:568)
at tripServices1.TS_GET_Tripscount_Personid.getTripService(TS_GET_Tripscount_Personid.java:30)
at sun.reflect.NativeMethodAccessorImpl.invoke0(Native Method)
at sun.reflect.NativeMethodAccessorImpl.invoke(NativeMethodAccessorImpl.java:62)
at sun.reflect.DelegatingMethodAccessorImpl.invoke(DelegatingMethodAccessorImpl.java:43)
at java.lang.reflect.Method.invoke(Method.java:498)
at org.testng.internal.MethodInvocationHelper.invokeMethod(MethodInvocationHelper.java:124)
at org.testng.internal.Invoker.invokeMethod(Invoker.java:583)
at org.testng.internal.Invoker.retryFailed(Invoker.java:839)
at org.testng.internal.Invoker.invokeTestMethods(Invoker.java:1010)
at org.testng.internal.TestMethodWorker.invokeTestMethods(TestMethodWorker.java:125)
at org.testng.internal.TestMethodWorker.run(TestMethodWorker.java:109)
at java.util.concurrent.ThreadPoolExecutor.runWorker(ThreadPoolExecutor.java:1149)
at java.util.concurrent.ThreadPoolExecutor$Worker.run(ThreadPoolExecutor.java:624)
at java.lang.Thread.run(Thread.java:748)
]]>
    </failure>
  </testcase> <!-- getTripService -->
</testsuite> <!-- tripServices1.TS_GET_Tripscount_Personid -->
