<?xml version="1.0" encoding="UTF-8"?>
<!-- Generated by org.testng.reporters.JUnitReportReporter -->
<testsuite name="com.cleartrip.platform.tripServices.TS_GET_EmailByTxnId" tests="1" time="1.442" ignored="0" failures="0" timestamp="15 Jul 2019 05:46:10 GMT" skipped="0" hostname="sysadm-PC" errors="0">
  <testcase name="getEmail" time="1.442" classname="com.cleartrip.platform.tripServices.TS_GET_EmailByTxnId"/>
</testsuite> <!-- com.cleartrip.platform.tripServices.TS_GET_EmailByTxnId -->
