<?xml version="1.0" encoding="UTF-8"?>
<!-- Generated by org.testng.reporters.JUnitReportReporter -->
<testsuite skipped="0" hostname="sysadm-Latitude-3480" name="tripServices.Accounts_FetchtripdetailsByPersonid" tests="1" failures="0" timestamp="30 Apr 2020 07:49:03 GMT" time="7.022" errors="0">
  <testcase name="Accounts_FetchByPersonid" time="7.022" classname="tripServices.Accounts_FetchtripdetailsByPersonid"/>
</testsuite> <!-- tripServices.Accounts_FetchtripdetailsByPersonid -->
