<?xml version="1.0" encoding="UTF-8"?>
<!-- Generated by org.testng.reporters.JUnitReportReporter -->
<testsuite skipped="0" hostname="sysadm-Latitude-3480" name="tripServices.Accounts_FetchtripdetailsByBookedUserid" tests="1" failures="0" timestamp="28 May 2020 10:59:09 GMT" time="105.702" errors="0">
  <testcase name="Accounts_FetchByBookedUserid" time="105.702" classname="tripServices.Accounts_FetchtripdetailsByBookedUserid"/>
</testsuite> <!-- tripServices.Accounts_FetchtripdetailsByBookedUserid -->
