<?xml version="1.0" encoding="UTF-8"?>
<!-- Generated by org.testng.reporters.JUnitReportReporter -->
<testsuite skipped="0" hostname="sysadm-Latitude-3480" name="tripServices.TS_GET_SUPPLIER" tests="1" failures="0" timestamp="24 Apr 2020 09:57:19 GMT" time="7.408" errors="0">
  <testcase name="getSupplier" time="7.408" classname="tripServices.TS_GET_SUPPLIER"/>
</testsuite> <!-- tripServices.TS_GET_SUPPLIER -->
