<?xml version="1.0" encoding="UTF-8"?>
<!-- Generated by org.testng.reporters.JUnitReportReporter -->
<testsuite skipped="0" hostname="sysadm-Latitude-3480" name="tripServices.TS_GET_CancelledInsurance" tests="1" failures="0" timestamp="28 May 2020 10:59:09 GMT" time="2.286" errors="0">
  <testcase name="getCancelledInsurance" time="2.286" classname="tripServices.TS_GET_CancelledInsurance"/>
</testsuite> <!-- tripServices.TS_GET_CancelledInsurance -->
