<?xml version="1.0" encoding="UTF-8"?>
<!-- Generated by org.testng.reporters.JUnitReportReporter -->
<testsuite name="com.cleartrip.platform.smsservice.InternationsUserSMS" tests="1" time="2.335" ignored="0" failures="0" timestamp="04 Jan 2019 04:12:58 GMT" skipped="0" hostname="sysadm-PC" errors="0">
  <testcase name="smsservice" time="2.335" classname="com.cleartrip.platform.smsservice.InternationsUserSMS"/>
</testsuite> <!-- com.cleartrip.platform.smsservice.InternationsUserSMS -->
