<?xml version="1.0" encoding="UTF-8"?>
<!-- Generated by org.testng.reporters.JUnitReportReporter -->
<testsuite skipped="0" hostname="sysadm-Latitude-3480" name="tripServices.TS_POST_GetAllTrips" tests="1" failures="0" timestamp="09 Nov 2020 08:10:53 GMT" time="4.024" errors="0">
  <testcase name="airPostCall" time="4.024" classname="tripServices.TS_POST_GetAllTrips"/>
</testsuite> <!-- tripServices.TS_POST_GetAllTrips -->
