<?xml version="1.0" encoding="UTF-8"?>
<!-- Generated by org.testng.reporters.JUnitReportReporter -->
<testsuite skipped="0" hostname="sysadm-PC" name="tripServices.TS_GET_FinanceAllTrips_Air" tests="1" failures="0" timestamp="17 Jan 2020 05:13:48 GMT" time="16.018" errors="0">
  <testcase name="getTripService" time="16.018" classname="tripServices.TS_GET_FinanceAllTrips_Air"/>
</testsuite> <!-- tripServices.TS_GET_FinanceAllTrips_Air -->
