<?xml version="1.0" encoding="UTF-8"?>
<!-- Generated by org.testng.reporters.JUnitReportReporter -->
<testsuite skipped="0" hostname="sysadm-Latitude-3470" name="tripServicesProd.Accounts_FetchtripdetailsByTripref" tests="1" failures="0" timestamp="21 Feb 2020 07:56:37 GMT" time="0.197" errors="0">
  <testcase name="Accounts_FetchByTripref" time="0.197" classname="tripServicesProd.Accounts_FetchtripdetailsByTripref"/>
</testsuite> <!-- tripServicesProd.Accounts_FetchtripdetailsByTripref -->
