<?xml version="1.0" encoding="UTF-8"?>
<!-- Generated by org.testng.reporters.JUnitReportReporter -->
<testsuite skipped="0" hostname="sysadm-Latitude-3480" name="tripServicesProd.TS_LogBooking_Trains" tests="1" failures="0" timestamp="29 Apr 2020 03:15:36 GMT" time="0.413" errors="0">
  <testcase name="Tripservicepostcall" time="0.413" classname="tripServicesProd.TS_LogBooking_Trains"/>
</testsuite> <!-- tripServicesProd.TS_LogBooking_Trains -->
