<?xml version="1.0" encoding="UTF-8"?>
<!-- Generated by org.testng.reporters.JUnitReportReporter -->
<testsuite skipped="0" hostname="sysadm-PC" name="tripServices.TS_GET_Air_Refunded" tests="1" failures="0" timestamp="17 Jan 2020 05:13:48 GMT" time="0.743" errors="0">
  <testcase name="getAirRefunded" time="0.743" classname="tripServices.TS_GET_Air_Refunded"/>
</testsuite> <!-- tripServices.TS_GET_Air_Refunded -->
