<?xml version="1.0" encoding="UTF-8"?>
<!-- Generated by org.testng.reporters.JUnitReportReporter -->
<testsuite skipped="0" hostname="sysadm-Latitude-3480" name="tripServices.TS_Post_UpcomingTrips" tests="1" failures="0" timestamp="02 Jun 2020 10:08:45 GMT" time="197.174" errors="0">
  <testcase name="upcomingTripsPostCall" time="197.174" classname="tripServices.TS_Post_UpcomingTrips"/>
</testsuite> <!-- tripServices.TS_Post_UpcomingTrips -->
