<?xml version="1.0" encoding="UTF-8"?>
<!-- Generated by org.testng.reporters.JUnitReportReporter -->
<testsuite skipped="0" hostname="sysadm-Latitude-3480" name="tripServicesProd.TS_Coupon_Validation" tests="1" failures="0" timestamp="28 Apr 2020 03:08:33 GMT" time="9.809" errors="0">
  <testcase name="couponValidation" time="9.809" classname="tripServicesProd.TS_Coupon_Validation"/>
</testsuite> <!-- tripServicesProd.TS_Coupon_Validation -->
