<?xml version="1.0" encoding="UTF-8"?>
<!-- Generated by org.testng.reporters.JUnitReportReporter -->
<testsuite name="testScriptsTrains.Pax_1A1C_AC2Tier" tests="1" time="182.658" ignored="0" failures="0" timestamp="25 Mar 2019 11:02:42 GMT" skipped="0" hostname="sysadm-PC" errors="0">
  <testcase name="B2cTrains_Pax_1A1C_AC2Tier" time="182.658" classname="testScriptsTrains.Pax_1A1C_AC2Tier"/>
</testsuite> <!-- testScriptsTrains.Pax_1A1C_AC2Tier -->
