<?xml version="1.0" encoding="UTF-8"?>
<!-- Generated by org.testng.reporters.JUnitReportReporter -->
<testsuite name="testScriptsIndiaHotels.HotelCom_Payment_Wallet_JioMoney" tests="2" time="265.754" ignored="0" failures="1" timestamp="13 Mar 2019 11:28:36 GMT" skipped="1" hostname="sysadm-PC" errors="0">
  <testcase name="HotelComJioMoney" time="192.431" classname="testScriptsIndiaHotels.HotelCom_Payment_Wallet_JioMoney">
    <skipped/>
  </testcase> <!-- HotelComJioMoney -->
  <testcase name="HotelComJioMoney" time="73.323" classname="testScriptsIndiaHotels.HotelCom_Payment_Wallet_JioMoney">
    <failure type="java.lang.AssertionError" message="expected [true] but found [false]">
      <![CDATA[java.lang.AssertionError: expected [true] but found [false]
	at org.testng.Assert.fail(Assert.java:94)
	at org.testng.Assert.failNotEquals(Assert.java:513)
	at org.testng.Assert.assertTrue(Assert.java:42)
	at org.testng.Assert.assertTrue(Assert.java:52)
	at domainServices.IndiaHotels.hotelCom_ItineraryPage(IndiaHotels.java:2535)
	at testScriptsIndiaHotels.HotelCom_Payment_Wallet_JioMoney.HotelComJioMoney(HotelCom_Payment_Wallet_JioMoney.java:22)
	at sun.reflect.NativeMethodAccessorImpl.invoke0(Native Method)
	at sun.reflect.NativeMethodAccessorImpl.invoke(Unknown Source)
	at sun.reflect.DelegatingMethodAccessorImpl.invoke(Unknown Source)
	at java.lang.reflect.Method.invoke(Unknown Source)
	at org.testng.internal.MethodInvocationHelper.invokeMethod(MethodInvocationHelper.java:104)
	at org.testng.internal.Invoker.invokeMethod(Invoker.java:645)
	at org.testng.internal.Invoker.retryFailed(Invoker.java:998)
	at org.testng.internal.Invoker.invokeTestMethods(Invoker.java:1200)
	at org.testng.internal.TestMethodWorker.invokeTestMethods(TestMethodWorker.java:129)
	at org.testng.internal.TestMethodWorker.run(TestMethodWorker.java:112)
	at java.util.concurrent.ThreadPoolExecutor.runWorker(Unknown Source)
	at java.util.concurrent.ThreadPoolExecutor$Worker.run(Unknown Source)
	at java.lang.Thread.run(Unknown Source)
]]>
    </failure>
  </testcase> <!-- HotelComJioMoney -->
</testsuite> <!-- testScriptsIndiaHotels.HotelCom_Payment_Wallet_JioMoney -->
