<?xml version="1.0" encoding="UTF-8"?>
<!-- Generated by org.testng.reporters.JUnitReportReporter -->
<testsuite skipped="0" hostname="sysadm-Latitude-3470" name="tripServicesProd.TS_GET_Air_Refunded" tests="1" failures="0" timestamp="21 Feb 2020 07:56:37 GMT" time="27.290" errors="0">
  <testcase name="getAirRefunded" time="27.290" classname="tripServicesProd.TS_GET_Air_Refunded"/>
</testsuite> <!-- tripServicesProd.TS_GET_Air_Refunded -->
