<?xml version="1.0" encoding="UTF-8"?>
<!-- Generated by org.testng.reporters.JUnitReportReporter -->
<testsuite skipped="0" hostname="sysadm-Latitude-3480" name="accountsAPI.IdentityService_Getresource" tests="1" failures="0" timestamp="28 May 2020 10:59:09 GMT" time="1.591" errors="0">
  <testcase name="identtiyservice_getresource" time="1.591" classname="accountsAPI.IdentityService_Getresource"/>
</testsuite> <!-- accountsAPI.IdentityService_Getresource -->
