<?xml version="1.0" encoding="UTF-8"?>
<!-- Generated by org.testng.reporters.JUnitReportReporter -->
<testsuite skipped="0" hostname="IT3786-kirankumar" name="paymentsAPI.API_ROR" tests="1" failures="0" timestamp="03 Mar 2020 11:01:24 GMT" time="5.541" errors="0">
  <testcase name="ROR_MultiSearch_Pay" time="5.541" classname="paymentsAPI.API_ROR"/>
</testsuite> <!-- paymentsAPI.API_ROR -->
