<?xml version="1.0" encoding="UTF-8"?>
<!-- Generated by org.testng.reporters.JUnitReportReporter -->
<testsuite skipped="0" hostname="sysadm-IT3407" name="paymentsUI.PaymentUI_Coupon" tests="2" failures="0" timestamp="25 Mar 2020 13:23:11 GMT" time="62.405" errors="0">
  <testcase name="getPayURL" time="0.032" classname="paymentsUI.PaymentUI_Coupon"/>
  <testcase name="couponPayment" time="62.373" classname="paymentsUI.PaymentUI_Coupon"/>
</testsuite> <!-- paymentsUI.PaymentUI_Coupon -->
