<?xml version="1.0" encoding="UTF-8"?>
<!-- Generated by org.testng.reporters.JUnitReportReporter -->
<testsuite skipped="0" hostname="sysadm-Latitude-3480" name="tripServicesProd.Accounts_FetchtripdetailsByBookedUserid" tests="1" failures="0" timestamp="09 Mar 2020 03:42:32 GMT" time="3.592" errors="0">
  <testcase name="Accounts_FetchByBookedUserid" time="3.592" classname="tripServicesProd.Accounts_FetchtripdetailsByBookedUserid"/>
</testsuite> <!-- tripServicesProd.Accounts_FetchtripdetailsByBookedUserid -->
