<?xml version="1.0" encoding="UTF-8"?>
<!-- Generated by org.testng.reporters.JUnitReportReporter -->
<testsuite name="com.cleartrip.platform.emailhook.GmailSignin" tests="1" time="26.121" ignored="0" failures="0" timestamp="25 Feb 2019 04:29:42 GMT" skipped="0" hostname="sysadm-PC" errors="0">
  <testcase name="emailhook" time="26.121" classname="com.cleartrip.platform.emailhook.GmailSignin"/>
</testsuite> <!-- com.cleartrip.platform.emailhook.GmailSignin -->
