<?xml version="1.0" encoding="UTF-8"?>
<!-- Generated by org.testng.reporters.JUnitReportReporter -->
<testsuite skipped="0" hostname="sysadm-IT3407" name="paymentsAPI.API_storeCard" tests="3" failures="0" timestamp="19 Mar 2020 17:48:59 GMT" time="951.346" errors="0">
  <testcase name="Wallet_storeCard" time="489.014" classname="paymentsAPI.API_storeCard"/>
  <testcase name="Wallet_validateCard" time="115.637" classname="paymentsAPI.API_storeCard"/>
  <testcase name="Wallet_getCard_DeleteCard" time="346.695" classname="paymentsAPI.API_storeCard"/>
</testsuite> <!-- paymentsAPI.API_storeCard -->
