<?xml version="1.0" encoding="UTF-8"?>
<!-- Generated by org.testng.reporters.JUnitReportReporter -->
<testsuite skipped="0" hostname="sysadm-Latitude-3470" name="tripServices.Accounts_Depositaccount" tests="1" failures="0" timestamp="11 Feb 2020 04:34:26 GMT" time="3.989" errors="0">
  <testcase name="Accounts_FetchByPersonid" time="3.989" classname="tripServices.Accounts_Depositaccount"/>
</testsuite> <!-- tripServices.Accounts_Depositaccount -->
