<?xml version="1.0" encoding="UTF-8"?>
<!-- Generated by org.testng.reporters.JUnitReportReporter -->
<testsuite skipped="0" hostname="sysadm-Latitude-3480" name="tripServicesProd.TS_Coupon_Validation" tests="1" failures="0" timestamp="02 Apr 2020 02:57:54 GMT" time="12.591" errors="0">
  <testcase name="couponValidation" time="12.591" classname="tripServicesProd.TS_Coupon_Validation"/>
</testsuite> <!-- tripServicesProd.TS_Coupon_Validation -->
