<?xml version="1.0" encoding="UTF-8"?>
<!-- Generated by org.testng.reporters.JUnitReportReporter -->
<testsuite skipped="0" hostname="sysadm-Latitude-3480" name="tripServices.AppNotification" tests="1" failures="0" timestamp="23 Mar 2020 05:25:08 GMT" time="0.519" errors="0">
  <testcase name="appnotification" time="0.519" classname="tripServices.AppNotification"/>
</testsuite> <!-- tripServices.AppNotification -->
