<?xml version="1.0" encoding="UTF-8"?>
<!-- Generated by org.testng.reporters.JUnitReportReporter -->
<testsuite name="testScriptsAccounts.Account_Link_Check" tests="1" time="65.850" ignored="0" failures="0" timestamp="08 Oct 2019 04:29:28 GMT" skipped="0" hostname="sysadm-PC" errors="0">
  <testcase name="queuesSanity" time="65.850" classname="testScriptsAccounts.Account_Link_Check"/>
</testsuite> <!-- testScriptsAccounts.Account_Link_Check -->
