<?xml version="1.0" encoding="UTF-8"?>
<!-- Generated by org.testng.reporters.JUnitReportReporter -->
<testsuite name="com.cleartrip.platform.whatsapp.Whatsappdeliveryfeedback" tests="1" time="1.534" ignored="0" failures="0" timestamp="04 Jan 2019 05:03:10 GMT" skipped="0" hostname="sysadm-PC" errors="1">
  <testcase name="message" time="1.534" classname="com.cleartrip.platform.whatsapp.Whatsappdeliveryfeedback">
    <error type="org.apache.http.ConnectionClosedException" message="Premature end of chunk coded message body: closing chunk expected">
      <![CDATA[org.apache.http.ConnectionClosedException: Premature end of chunk coded message body: closing chunk expected
	at org.apache.http.impl.io.ChunkedInputStream.getChunkSize(ChunkedInputStream.java:266)
	at org.apache.http.impl.io.ChunkedInputStream.nextChunk(ChunkedInputStream.java:225)
	at org.apache.http.impl.io.ChunkedInputStream.read(ChunkedInputStream.java:184)
	at org.apache.http.conn.EofSensorInputStream.read(EofSensorInputStream.java:135)
	at sun.nio.cs.StreamDecoder.readBytes(Unknown Source)
	at sun.nio.cs.StreamDecoder.implRead(Unknown Source)
	at sun.nio.cs.StreamDecoder.read(Unknown Source)
	at java.io.InputStreamReader.read(Unknown Source)
	at java.io.BufferedReader.fill(Unknown Source)
	at java.io.BufferedReader.read1(Unknown Source)
	at java.io.BufferedReader.read(Unknown Source)
	at java.io.Reader.read(Unknown Source)
	at java_io_Reader$read.call(Unknown Source)
	at com.jayway.restassured.internal.RestAssuredResponseImpl.convertStreamToString(RestAssuredResponseImpl.groovy:366)
	at com.jayway.restassured.internal.RestAssuredResponseImpl.this$2$convertStreamToString(RestAssuredResponseImpl.groovy)
	at sun.reflect.NativeMethodAccessorImpl.invoke0(Native Method)
	at sun.reflect.NativeMethodAccessorImpl.invoke(Unknown Source)
	at sun.reflect.DelegatingMethodAccessorImpl.invoke(Unknown Source)
	at java.lang.reflect.Method.invoke(Unknown Source)
	at org.codehaus.groovy.runtime.callsite.PogoMetaMethodSite$PogoCachedMethodSiteNoUnwrapNoCoerce.invoke(PogoMetaMethodSite.java:210)
	at org.codehaus.groovy.runtime.callsite.PogoMetaMethodSite.callCurrent(PogoMetaMethodSite.java:59)
	at org.codehaus.groovy.runtime.callsite.CallSiteArray.defaultCallCurrent(CallSiteArray.java:51)
	at org.codehaus.groovy.runtime.callsite.AbstractCallSite.callCurrent(AbstractCallSite.java:157)
	at org.codehaus.groovy.runtime.callsite.AbstractCallSite.callCurrent(AbstractCallSite.java:169)
	at com.jayway.restassured.internal.RestAssuredResponseImpl.asString(RestAssuredResponseImpl.groovy:144)
	at com.cleartrip.platform.whatsapp.Whatsappdeliveryfeedback.message(Whatsappdeliveryfeedback.java:39)
	at sun.reflect.NativeMethodAccessorImpl.invoke0(Native Method)
	at sun.reflect.NativeMethodAccessorImpl.invoke(Unknown Source)
	at sun.reflect.DelegatingMethodAccessorImpl.invoke(Unknown Source)
	at java.lang.reflect.Method.invoke(Unknown Source)
	at org.testng.internal.MethodInvocationHelper.invokeMethod(MethodInvocationHelper.java:104)
	at org.testng.internal.Invoker.invokeMethod(Invoker.java:645)
	at org.testng.internal.Invoker.invokeTestMethod(Invoker.java:851)
	at org.testng.internal.Invoker.invokeTestMethods(Invoker.java:1177)
	at org.testng.internal.TestMethodWorker.invokeTestMethods(TestMethodWorker.java:129)
	at org.testng.internal.TestMethodWorker.run(TestMethodWorker.java:112)
	at org.testng.TestRunner.privateRun(TestRunner.java:756)
	at org.testng.TestRunner.run(TestRunner.java:610)
	at org.testng.SuiteRunner.runTest(SuiteRunner.java:387)
	at org.testng.SuiteRunner.runSequentially(SuiteRunner.java:382)
	at org.testng.SuiteRunner.privateRun(SuiteRunner.java:340)
	at org.testng.SuiteRunner.run(SuiteRunner.java:289)
	at org.testng.SuiteRunnerWorker.runSuite(SuiteRunnerWorker.java:52)
	at org.testng.SuiteRunnerWorker.run(SuiteRunnerWorker.java:86)
	at org.testng.TestNG.runSuitesSequentially(TestNG.java:1293)
	at org.testng.TestNG.runSuitesLocally(TestNG.java:1218)
	at org.testng.TestNG.runSuites(TestNG.java:1133)
	at org.testng.TestNG.run(TestNG.java:1104)
	at org.testng.remote.AbstractRemoteTestNG.run(AbstractRemoteTestNG.java:114)
	at org.testng.remote.RemoteTestNG.initAndRun(RemoteTestNG.java:251)
	at org.testng.remote.RemoteTestNG.main(RemoteTestNG.java:77)
]]>
    </error>
  </testcase> <!-- message -->
</testsuite> <!-- com.cleartrip.platform.whatsapp.Whatsappdeliveryfeedback -->
