<?xml version="1.0" encoding="UTF-8"?>
<!-- Generated by org.testng.reporters.JUnitReportReporter -->
<testsuite name="testScriptsAccounts.Homepage_LoginAndSignout" tests="2" time="63.646" ignored="0" failures="0" timestamp="08 Oct 2019 04:29:28 GMT" skipped="0" hostname="sysadm-PC" errors="0">
  <testcase name="resetpassword" time="11.877" classname="testScriptsAccounts.Homepage_LoginAndSignout"/>
  <testcase name="accountsHomePageLogin" time="51.769" classname="testScriptsAccounts.Homepage_LoginAndSignout"/>
</testsuite> <!-- testScriptsAccounts.Homepage_LoginAndSignout -->
