<?xml version="1.0" encoding="UTF-8"?>
<!-- Generated by org.testng.reporters.JUnitReportReporter -->
<testsuite skipped="0" hostname="sysadm-IT3407" name="paymentsAPI.API_CTpay_Status" tests="1" failures="0" timestamp="18 Mar 2020 17:54:27 GMT" time="2.532" errors="0">
  <testcase name="PaymentCtPayStatus" time="2.532" classname="paymentsAPI.API_CTpay_Status"/>
</testsuite> <!-- paymentsAPI.API_CTpay_Status -->
