<?xml version="1.0" encoding="UTF-8"?>
<!-- Generated by org.testng.reporters.JUnitReportReporter -->
<testsuite skipped="0" hostname="sysadm-Latitude-3480" name="tripServicesProd.TS_POST_GetAllTrips" tests="1" failures="0" timestamp="09 Mar 2020 03:42:31 GMT" time="4.869" errors="0">
  <testcase name="airPostCall" time="4.869" classname="tripServicesProd.TS_POST_GetAllTrips"/>
</testsuite> <!-- tripServicesProd.TS_POST_GetAllTrips -->
