<?xml version="1.0" encoding="UTF-8"?>
<!-- Generated by org.testng.reporters.JUnitReportReporter -->
<testsuite skipped="0" hostname="sysadm-Latitude-3480" name="tripServicesProd.TS_GET_Air_Refunded" tests="1" failures="0" timestamp="07 Apr 2020 03:23:34 GMT" time="7.208" errors="0">
  <testcase name="getAirRefunded" time="7.208" classname="tripServicesProd.TS_GET_Air_Refunded"/>
</testsuite> <!-- tripServicesProd.TS_GET_Air_Refunded -->
