<?xml version="1.0" encoding="UTF-8"?>
<!-- Generated by org.testng.reporters.JUnitReportReporter -->
<testsuite skipped="0" hostname="sysadm-Latitude-3480" name="emailprod.GeneratePKPass" tests="1" failures="0" timestamp="20 Mar 2020 10:50:56 GMT" time="0.947" errors="0">
  <testcase name="generatePKPass" time="0.947" classname="emailprod.GeneratePKPass"/>
</testsuite> <!-- emailprod.GeneratePKPass -->
