<?xml version="1.0" encoding="UTF-8"?>
<!-- Generated by org.testng.reporters.JUnitReportReporter -->
<testsuite skipped="0" hostname="sysadm-Latitude-3480" name="tripServicesProd.Accounts_FetchtripdetailsByBookedUserid" tests="1" failures="0" timestamp="29 Apr 2020 03:15:37 GMT" time="5.315" errors="0">
  <testcase name="Accounts_FetchByBookedUserid" time="5.315" classname="tripServicesProd.Accounts_FetchtripdetailsByBookedUserid"/>
</testsuite> <!-- tripServicesProd.Accounts_FetchtripdetailsByBookedUserid -->
