<?xml version="1.0" encoding="UTF-8"?>
<!-- Generated by org.testng.reporters.JUnitReportReporter -->
<testsuite skipped="0" hostname="sysadm-Latitude-3480" name="tripServices.AppNotification" tests="1" failures="0" timestamp="05 Mar 2020 08:49:01 GMT" time="1.595" errors="0">
  <testcase name="appnotification" time="1.595" classname="tripServices.AppNotification"/>
</testsuite> <!-- tripServices.AppNotification -->
