<?xml version="1.0" encoding="UTF-8"?>
<!-- Generated by org.testng.reporters.JUnitReportReporter -->
<testsuite name="testScriptsAccounts.B2CMYTrips" tests="1" time="115.457" ignored="0" failures="0" timestamp="26 Mar 2019 04:39:06 GMT" skipped="0" hostname="sysadm-PC" errors="0">
  <testcase name="B2CTripsPage" time="115.457" classname="testScriptsAccounts.B2CMYTrips"/>
</testsuite> <!-- testScriptsAccounts.B2CMYTrips -->
