<?xml version="1.0" encoding="UTF-8"?>
<!-- Generated by org.testng.reporters.JUnitReportReporter -->
<testsuite skipped="0" hostname="sysadm-Latitude-3480" name="tripServices.TS_PUT_Trips" tests="1" failures="0" timestamp="09 Nov 2020 08:10:53 GMT" time="4.195" errors="0">
  <testcase name="PutTrips" time="4.195" classname="tripServices.TS_PUT_Trips"/>
</testsuite> <!-- tripServices.TS_PUT_Trips -->
