<?xml version="1.0" encoding="UTF-8"?>
<!-- Generated by org.testng.reporters.JUnitReportReporter -->
<testsuite name="testScriptsTrains.IRCTC_Username_Validationn" tests="1" time="98.745" ignored="0" failures="0" timestamp="11 Apr 2019 04:50:13 GMT" skipped="0" hostname="sysadm-PC" errors="0">
  <testcase name="B2cTrains_IRCTC_Username_Validation" time="98.745" classname="testScriptsTrains.IRCTC_Username_Validationn"/>
</testsuite> <!-- testScriptsTrains.IRCTC_Username_Validationn -->
