<?xml version="1.0" encoding="UTF-8"?>
<!-- Generated by org.testng.reporters.JUnitReportReporter -->
<testsuite skipped="0" hostname="sysadm-PC" name="accountsAPI.Identtiyservice_get_tokenthroughCode" tests="1" failures="0" timestamp="15 Jun 2020 06:48:40 GMT" time="3.526" errors="0">
  <testcase name="identtiyservice_get_tokenthroughCode" time="3.526" classname="accountsAPI.Identtiyservice_get_tokenthroughCode"/>
</testsuite> <!-- accountsAPI.Identtiyservice_get_tokenthroughCode -->
