<?xml version="1.0" encoding="UTF-8"?>
<!-- Generated by org.testng.reporters.JUnitReportReporter -->
<testsuite skipped="0" hostname="sysadm-Latitude-3470" name="tripServicesProd.Accounts_FetchtripdetailsByUserid" tests="1" failures="0" timestamp="21 Feb 2020 07:56:37 GMT" time="3.516" errors="0">
  <testcase name="Accounts_FetchByUserid" time="3.516" classname="tripServicesProd.Accounts_FetchtripdetailsByUserid"/>
</testsuite> <!-- tripServicesProd.Accounts_FetchtripdetailsByUserid -->
