<?xml version="1.0" encoding="UTF-8"?>
<!-- Generated by org.testng.reporters.JUnitReportReporter -->
<testsuite skipped="0" hostname="sysadm-IT3407" name="paymentsAPI.API_Binmanager_Get_Card" tests="1" failures="0" timestamp="19 Mar 2020 16:46:55 GMT" time="97.260" errors="0">
  <testcase name="Get_Card" time="97.260" classname="paymentsAPI.API_Binmanager_Get_Card"/>
</testsuite> <!-- paymentsAPI.API_Binmanager_Get_Card -->
