<?xml version="1.0" encoding="UTF-8"?>
<!-- Generated by org.testng.reporters.JUnitReportReporter -->
<testsuite skipped="0" hostname="sysadm-Latitude-3480" name="tripServicesProd.TS_Get_TripDetails_CommValue" tests="2" failures="0" timestamp="02 Apr 2020 02:57:54 GMT" time="17.077" errors="0">
  <testcase name="phoneasCommunicationValue" time="4.944" classname="tripServicesProd.TS_Get_TripDetails_CommValue"/>
  <testcase name="emailasCommunicationValue" time="12.133" classname="tripServicesProd.TS_Get_TripDetails_CommValue"/>
</testsuite> <!-- tripServicesProd.TS_Get_TripDetails_CommValue -->
