<?xml version="1.0" encoding="UTF-8"?>
<!-- Generated by org.testng.reporters.JUnitReportReporter -->
<testsuite skipped="0" hostname="sysadm-Latitude-3480" name="tripServices.TS_MF_MFilter" tests="1" failures="0" timestamp="30 Apr 2020 07:49:03 GMT" time="0.379" errors="0">
  <testcase name="mFilterCall" time="0.379" classname="tripServices.TS_MF_MFilter"/>
</testsuite> <!-- tripServices.TS_MF_MFilter -->
