<?xml version="1.0" encoding="UTF-8"?>
<!-- Generated by org.testng.reporters.JUnitReportReporter -->
<testsuite skipped="0" hostname="sysadm-IT3407" name="paymentsUI.PaymentsUI_NB" tests="3" failures="0" timestamp="25 Mar 2020 11:19:51 GMT" time="22.475" errors="0">
  <testcase name="getPayURL" time="0.037" classname="paymentsUI.PaymentsUI_NB"/>
  <testcase name="cancelNBPayment" time="14.415" classname="paymentsUI.PaymentsUI_NB"/>
  <testcase name="successfulNBPayment" time="8.023" classname="paymentsUI.PaymentsUI_NB"/>
</testsuite> <!-- paymentsUI.PaymentsUI_NB -->
