<?xml version="1.0" encoding="UTF-8"?>
<!-- Generated by org.testng.reporters.JUnitReportReporter -->
<testsuite skipped="0" hostname="sysadm-Latitude-3470" name="whatsappService.WhatsappDeliveryFeedback" tests="1" failures="0" timestamp="10 Feb 2020 10:49:46 GMT" time="11.436" errors="0">
  <testcase name="message" time="11.436" classname="whatsappService.WhatsappDeliveryFeedback"/>
</testsuite> <!-- whatsappService.WhatsappDeliveryFeedback -->
