<?xml version="1.0" encoding="UTF-8"?>
<!-- Generated by org.testng.reporters.JUnitReportReporter -->
<testsuite skipped="0" hostname="sysadm-Latitude-3480" name="tripServicesProd.Accounts_FetchtripdetailsByBookedUserid" tests="1" failures="0" timestamp="02 Apr 2020 02:57:54 GMT" time="6.390" errors="0">
  <testcase name="Accounts_FetchByBookedUserid" time="6.390" classname="tripServicesProd.Accounts_FetchtripdetailsByBookedUserid"/>
</testsuite> <!-- tripServicesProd.Accounts_FetchtripdetailsByBookedUserid -->
