<?xml version="1.0" encoding="UTF-8"?>
<!-- Generated by org.testng.reporters.JUnitReportReporter -->
<testsuite name="testScriptsAccounts.CT_Config" tests="1" time="125.403" ignored="0" failures="0" timestamp="20 Sep 2019 04:52:51 GMT" skipped="0" hostname="sysadm-PC" errors="0">
  <testcase name="peopleDepositAccount" time="125.403" classname="testScriptsAccounts.CT_Config"/>
</testsuite> <!-- testScriptsAccounts.CT_Config -->
