<?xml version="1.0" encoding="UTF-8"?>
<!-- Generated by org.testng.reporters.JUnitReportReporter -->
<testsuite skipped="0" hostname="sysadm-Latitude-3480" name="ct_config.Fetch_ctconfig" tests="1" failures="0" timestamp="26 Apr 2020 08:24:58 GMT" time="5.826" errors="0">
  <testcase name="fetchResourcefromNFS_GFS" time="5.826" classname="ct_config.Fetch_ctconfig"/>
</testsuite> <!-- ct_config.Fetch_ctconfig -->
