<?xml version="1.0" encoding="UTF-8"?>
<!-- Generated by org.testng.reporters.JUnitReportReporter -->
<testsuite name="com.cleartrip.platform.accounts.AccountsRegister_API" tests="1" time="4.849" ignored="0" failures="0" timestamp="25 Apr 2019 10:28:29 GMT" skipped="0" hostname="sysadm-PC" errors="0">
  <testcase name="AccountRegister" time="4.849" classname="com.cleartrip.platform.accounts.AccountsRegister_API"/>
</testsuite> <!-- com.cleartrip.platform.accounts.AccountsRegister_API -->
