<?xml version="1.0" encoding="UTF-8"?>
<!-- Generated by org.testng.reporters.JUnitReportReporter -->
<testsuite name="com.cleartrip.payment.nodejs.Payment_NodeJS_AirIntl_B2C_CC" tests="1" time="26.100" ignored="0" failures="0" timestamp="17 Sep 2019 04:58:43 GMT" skipped="0" hostname="sysadm-PC" errors="0">
  <testcase name="paymentNodeJS_IntlAir_B2C_CC" time="26.100" classname="com.cleartrip.payment.nodejs.Payment_NodeJS_AirIntl_B2C_CC"/>
</testsuite> <!-- com.cleartrip.payment.nodejs.Payment_NodeJS_AirIntl_B2C_CC -->
