<?xml version="1.0" encoding="UTF-8"?>
<!-- Generated by org.testng.reporters.JUnitReportReporter -->
<testsuite skipped="0" hostname="sysadm-Latitude-3480" name="tripServices.TS_Post_ArchivedTrips" tests="1" failures="0" timestamp="02 Jun 2020 10:05:53 GMT" time="37.524" errors="0">
  <testcase name="upcomingTripsPostCall" time="37.524" classname="tripServices.TS_Post_ArchivedTrips"/>
</testsuite> <!-- tripServices.TS_Post_ArchivedTrips -->
