<?xml version="1.0" encoding="UTF-8"?>
<!-- Generated by org.testng.reporters.JUnitReportReporter -->
<testsuite skipped="0" hostname="sysadm-Latitude-3470" name="whatsappService.WhatsappWebhookMessage" tests="1" failures="0" timestamp="10 Feb 2020 10:49:46 GMT" time="0.414" errors="0">
  <testcase name="message" time="0.414" classname="whatsappService.WhatsappWebhookMessage"/>
</testsuite> <!-- whatsappService.WhatsappWebhookMessage -->
