<?xml version="1.0" encoding="UTF-8"?>
<!-- Generated by org.testng.reporters.JUnitReportReporter -->
<testsuite skipped="0" hostname="sysadm-Latitude-3470" name="tripServicesProd.TS_LogBooking_Hotel" tests="1" failures="0" timestamp="21 Feb 2020 07:56:37 GMT" time="0.118" errors="0">
  <testcase name="hotelPostCall" time="0.118" classname="tripServicesProd.TS_LogBooking_Hotel"/>
</testsuite> <!-- tripServicesProd.TS_LogBooking_Hotel -->
