<?xml version="1.0" encoding="UTF-8"?>
<!-- Generated by org.testng.reporters.JUnitReportReporter -->
<testsuite skipped="0" hostname="sysadm-Latitude-3480" name="tripServicesProd.Accounts_ExistingUser" tests="1" failures="0" timestamp="07 Apr 2020 03:23:34 GMT" time="8.529" errors="0">
  <testcase name="Accounts_ExistingUsers" time="8.529" classname="tripServicesProd.Accounts_ExistingUser"/>
</testsuite> <!-- tripServicesProd.Accounts_ExistingUser -->
