<?xml version="1.0" encoding="UTF-8"?>
<!-- Generated by org.testng.reporters.JUnitReportReporter -->
<testsuite skipped="1" hostname="sysadm-Latitude-3480" name="paymentsAPI.API_Promo_Used" tests="2" failures="0" timestamp="05 Mar 2020 05:12:34 GMT" time="4.609" errors="0">
  <testcase name="PaymentCtPayCreate" time="4.006" classname="paymentsAPI.API_Promo_Used">
    <skipped/>
  </testcase> <!-- PaymentCtPayCreate -->
  <testcase name="PaymentCtPayCreate" time="0.603" classname="paymentsAPI.API_Promo_Used"/>
</testsuite> <!-- paymentsAPI.API_Promo_Used -->
