<?xml version="1.0" encoding="UTF-8"?>
<!-- Generated by org.testng.reporters.JUnitReportReporter -->
<testsuite skipped="0" hostname="sysadm-IT3407" name="paymentsAPI.API_ROR_Writes" tests="12" failures="1" timestamp="21 Mar 2020 14:55:17 GMT" time="3285.226" errors="0">
  <testcase name="ROR_Create_Refunds" time="593.345" classname="paymentsAPI.API_ROR_Writes"/>
  <testcase name="ROR_Update_Payment" time="162.268" classname="paymentsAPI.API_ROR_Writes"/>
  <testcase name="ROR_Fetch_RefundByID" time="91.119" classname="paymentsAPI.API_ROR_Writes"/>
  <testcase name="ROR_Search_ProfileList" time="567.903" classname="paymentsAPI.API_ROR_Writes"/>
  <testcase name="ROR_Create_Payments" time="409.907" classname="paymentsAPI.API_ROR_Writes"/>
  <testcase name="ROR_Fetch_PaymentByID" time="71.250" classname="paymentsAPI.API_ROR_Writes"/>
  <testcase name="ROR_Update_ProfileList" time="127.712" classname="paymentsAPI.API_ROR_Writes"/>
  <testcase name="ROR_Create_ProfileList" time="227.389" classname="paymentsAPI.API_ROR_Writes"/>
  <testcase name="ROR_Recon" time="195.317" classname="paymentsAPI.API_ROR_Writes">
    <failure type="junit.framework.AssertionFailedError">
      <![CDATA[junit.framework.AssertionFailedError
at junit.framework.Assert.fail(Assert.java:48)
at junit.framework.Assert.assertTrue(Assert.java:20)
at junit.framework.Assert.assertTrue(Assert.java:27)
at paymentsAPI.API_PaymentCommon1.validation(API_PaymentCommon1.java:1372)
at paymentsAPI.API_ROR_Writes.ROR_Recon(API_ROR_Writes.java:93)
at sun.reflect.NativeMethodAccessorImpl.invoke0(Native Method)
at sun.reflect.NativeMethodAccessorImpl.invoke(Unknown Source)
at sun.reflect.DelegatingMethodAccessorImpl.invoke(Unknown Source)
at java.lang.reflect.Method.invoke(Unknown Source)
at org.testng.internal.MethodInvocationHelper.invokeMethod(MethodInvocationHelper.java:124)
at org.testng.internal.Invoker.invokeMethod(Invoker.java:583)
at org.testng.internal.Invoker.invokeTestMethod(Invoker.java:719)
at org.testng.internal.Invoker.invokeTestMethods(Invoker.java:989)
at org.testng.internal.TestMethodWorker.invokeTestMethods(TestMethodWorker.java:125)
at org.testng.internal.TestMethodWorker.run(TestMethodWorker.java:109)
at org.testng.TestRunner.privateRun(TestRunner.java:648)
at org.testng.TestRunner.run(TestRunner.java:505)
at org.testng.SuiteRunner.runTest(SuiteRunner.java:455)
at org.testng.SuiteRunner.runSequentially(SuiteRunner.java:450)
at org.testng.SuiteRunner.privateRun(SuiteRunner.java:415)
at org.testng.SuiteRunner.run(SuiteRunner.java:364)
at org.testng.SuiteRunnerWorker.runSuite(SuiteRunnerWorker.java:52)
at org.testng.SuiteRunnerWorker.run(SuiteRunnerWorker.java:84)
at org.testng.TestNG.runSuitesSequentially(TestNG.java:1208)
at org.testng.TestNG.runSuitesLocally(TestNG.java:1137)
at org.testng.TestNG.runSuites(TestNG.java:1049)
at org.testng.TestNG.run(TestNG.java:1017)
at org.testng.remote.AbstractRemoteTestNG.run(AbstractRemoteTestNG.java:115)
at org.testng.remote.RemoteTestNG.initAndRun(RemoteTestNG.java:251)
at org.testng.remote.RemoteTestNG.main(RemoteTestNG.java:77)
]]>
    </failure>
  </testcase> <!-- ROR_Recon -->
  <testcase name="ROR_Fetch_ProfileList" time="313.734" classname="paymentsAPI.API_ROR_Writes"/>
  <testcase name="ROR_MultiSearch_Pay" time="302.948" classname="paymentsAPI.API_ROR_Writes"/>
  <testcase name="ROR_Update_Refunds" time="222.334" classname="paymentsAPI.API_ROR_Writes"/>
</testsuite> <!-- paymentsAPI.API_ROR_Writes -->
