<?xml version="1.0" encoding="UTF-8"?>
<!-- Generated by org.testng.reporters.JUnitReportReporter -->
<testsuite skipped="0" hostname="sysadm-Latitude-3480" name="tripServicesProd.Accounts_Notes" tests="1" failures="0" timestamp="02 Mar 2020 04:30:37 GMT" time="0.070" errors="0">
  <testcase name="Accounts_ExistingUsers" time="0.070" classname="tripServicesProd.Accounts_Notes"/>
</testsuite> <!-- tripServicesProd.Accounts_Notes -->
