<?xml version="1.0" encoding="UTF-8"?>
<!-- Generated by org.testng.reporters.JUnitReportReporter -->
<testsuite skipped="0" hostname="IT3786-kirankumar" name="paymentsAPI.API_Binmanager_Get_Card" tests="1" failures="0" timestamp="11 Feb 2020 09:34:06 GMT" time="2.510" errors="0">
  <testcase name="Get_Card" time="2.510" classname="paymentsAPI.API_Binmanager_Get_Card"/>
</testsuite> <!-- paymentsAPI.API_Binmanager_Get_Card -->
