<?xml version="1.0" encoding="UTF-8"?>
<!-- Generated by org.testng.reporters.JUnitReportReporter -->
<testsuite skipped="0" hostname="sysadm-Latitude-3480" name="tripServicesProd.Accounts_FetchtripdetailsByUserid" tests="1" failures="0" timestamp="24 Mar 2020 03:10:09 GMT" time="5.055" errors="0">
  <testcase name="Accounts_FetchByUserid" time="5.055" classname="tripServicesProd.Accounts_FetchtripdetailsByUserid"/>
</testsuite> <!-- tripServicesProd.Accounts_FetchtripdetailsByUserid -->
