<?xml version="1.0" encoding="UTF-8"?>
<!-- Generated by org.testng.reporters.JUnitReportReporter -->
<testsuite skipped="0" hostname="sysadm-Latitude-3470" name="tripServices1.Accounts_FetchtripdetailsByPersonid" tests="1" failures="0" timestamp="11 Feb 2020 09:37:25 GMT" time="3.404" errors="0">
  <testcase name="Accounts_FetchByPersonid" time="3.404" classname="tripServices1.Accounts_FetchtripdetailsByPersonid"/>
</testsuite> <!-- tripServices1.Accounts_FetchtripdetailsByPersonid -->
