<?xml version="1.0" encoding="UTF-8"?>
<!-- Generated by org.testng.reporters.JUnitReportReporter -->
<testsuite name="com.cleartrip.platform.tripServices.TS_GraphQL" tests="1" time="2.672" ignored="0" failures="0" timestamp="07 Oct 2019 06:28:47 GMT" skipped="0" hostname="sysadm-PC" errors="0">
  <testcase name="postGraphQL" time="2.672" classname="com.cleartrip.platform.tripServices.TS_GraphQL"/>
</testsuite> <!-- com.cleartrip.platform.tripServices.TS_GraphQL -->
