<?xml version="1.0" encoding="UTF-8"?>
<!-- Generated by org.testng.reporters.JUnitReportReporter -->
<testsuite name="testScriptsTrains.Modify_Search" tests="1" time="161.837" ignored="0" failures="0" timestamp="02 Apr 2019 04:51:12 GMT" skipped="0" hostname="sysadm-PC" errors="0">
  <testcase name="TrainsModifySearch" time="161.837" classname="testScriptsTrains.Modify_Search"/>
</testsuite> <!-- testScriptsTrains.Modify_Search -->
