<?xml version="1.0" encoding="UTF-8"?>
<!-- Generated by org.testng.reporters.JUnitReportReporter -->
<testsuite skipped="0" hostname="IT3786-kirankumar" name="paymentsUI.Payment_NodeJS_CC" tests="1" failures="0" timestamp="20 Feb 2020 05:14:53 GMT" time="12.841" errors="0">
  <testcase name="paymentNodeJS_CC" time="12.841" classname="paymentsUI.Payment_NodeJS_CC"/>
</testsuite> <!-- paymentsUI.Payment_NodeJS_CC -->
