<?xml version="1.0" encoding="UTF-8"?>
<!-- Generated by org.testng.reporters.JUnitReportReporter -->
<testsuite skipped="3" hostname="sysadm-Latitude-3480" name="paymentsAPI.API_RewardPayback" tests="12" failures="1" timestamp="05 Mar 2020 05:12:34 GMT" time="8.747" errors="0">
  <testcase name="RewardPayBack_RewardCheckMobileLinked" time="0.660" classname="paymentsAPI.API_RewardPayback"/>
  <testcase name="RewardPayBack_CheckCardLinked" time="1.168" classname="paymentsAPI.API_RewardPayback"/>
  <testcase name="RewardPayback_CheckBalance_Mobile" time="0.590" classname="paymentsAPI.API_RewardPayback"/>
  <testcase name="RewardPayback_CheckBalance_Card" time="0.631" classname="paymentsAPI.API_RewardPayback"/>
  <testcase name="RewardPayback_ValidateCardDetails" time="0.052" classname="paymentsAPI.API_RewardPayback"/>
  <testcase name="RewardPayback_redeemPoints" time="1.470" classname="paymentsAPI.API_RewardPayback">
    <skipped/>
  </testcase> <!-- RewardPayback_redeemPoints -->
  <testcase name="RewardPayback_redeemPoints" time="1.462" classname="paymentsAPI.API_RewardPayback">
    <failure type="junit.framework.AssertionFailedError">
      <![CDATA[junit.framework.AssertionFailedError
at junit.framework.Assert.fail(Assert.java:48)
at junit.framework.Assert.assertTrue(Assert.java:20)
at junit.framework.Assert.assertTrue(Assert.java:27)
at paymentsAPI.API_PaymentCommon1.validation_RewardPayback(API_PaymentCommon1.java:3510)
at paymentsAPI.API_RewardPayback.RewardPayback_redeemPoints(API_RewardPayback.java:94)
at sun.reflect.NativeMethodAccessorImpl.invoke0(Native Method)
at sun.reflect.NativeMethodAccessorImpl.invoke(NativeMethodAccessorImpl.java:62)
at sun.reflect.DelegatingMethodAccessorImpl.invoke(DelegatingMethodAccessorImpl.java:43)
at java.lang.reflect.Method.invoke(Method.java:498)
at org.testng.internal.MethodInvocationHelper.invokeMethod(MethodInvocationHelper.java:124)
at org.testng.internal.Invoker.invokeMethod(Invoker.java:583)
at org.testng.internal.Invoker.retryFailed(Invoker.java:839)
at org.testng.internal.Invoker.invokeTestMethods(Invoker.java:1010)
at org.testng.internal.TestMethodWorker.invokeTestMethods(TestMethodWorker.java:125)
at org.testng.internal.TestMethodWorker.run(TestMethodWorker.java:109)
at java.util.concurrent.ThreadPoolExecutor.runWorker(ThreadPoolExecutor.java:1149)
at java.util.concurrent.ThreadPoolExecutor$Worker.run(ThreadPoolExecutor.java:624)
at java.lang.Thread.run(Thread.java:748)
]]>
    </failure>
  </testcase> <!-- RewardPayback_redeemPoints -->
  <testcase name="RewardPayback_CheckEarnPoints" time="0.031" classname="paymentsAPI.API_RewardPayback"/>
  <testcase name="RewardPayback_refundPoints" time="0.000" classname="paymentsAPI.API_RewardPayback">
    <skipped/>
  </testcase> <!-- RewardPayback_refundPoints -->
  <testcase name="RewardPayback_earnNotUsed" time="1.337" classname="paymentsAPI.API_RewardPayback"/>
  <testcase name="RewardPayback_reverseEarnNotUsed" time="1.346" classname="paymentsAPI.API_RewardPayback"/>
  <testcase name="RewardPayback_forgotPassword" classname="paymentsAPI.API_RewardPayback">
    <skipped/>
  </testcase> <!-- RewardPayback_forgotPassword -->
</testsuite> <!-- paymentsAPI.API_RewardPayback -->
