<?xml version="1.0" encoding="UTF-8"?>
<!-- Generated by org.testng.reporters.JUnitReportReporter -->
<testsuite skipped="0" hostname="sysadm-Latitude-3470" name="tripServices1.TS_GET_SUPPLIER" tests="1" failures="0" timestamp="11 Feb 2020 09:37:25 GMT" time="43.317" errors="0">
  <testcase name="getSupplier" time="43.317" classname="tripServices1.TS_GET_SUPPLIER"/>
</testsuite> <!-- tripServices1.TS_GET_SUPPLIER -->
