<?xml version="1.0" encoding="UTF-8"?>
<!-- Generated by org.testng.reporters.JUnitReportReporter -->
<testsuite skipped="0" hostname="sysadm-Latitude-3480" name="tripServices.TS_Get_TripDetails_CommValue" tests="2" failures="0" timestamp="30 Apr 2020 07:49:03 GMT" time="11.734" errors="0">
  <testcase name="phoneasCommunicationValue" time="5.533" classname="tripServices.TS_Get_TripDetails_CommValue"/>
  <testcase name="emailasCommunicationValue" time="6.201" classname="tripServices.TS_Get_TripDetails_CommValue"/>
</testsuite> <!-- tripServices.TS_Get_TripDetails_CommValue -->
