<?xml version="1.0" encoding="UTF-8"?>
<!-- Generated by org.testng.reporters.JUnitReportReporter -->
<testsuite skipped="0" hostname="sysadm-Latitude-3480" name="tripServices.TS_PUT_Trips" tests="1" failures="0" timestamp="30 Apr 2020 07:49:03 GMT" time="2.320" errors="0">
  <testcase name="PutTrips" time="2.320" classname="tripServices.TS_PUT_Trips"/>
</testsuite> <!-- tripServices.TS_PUT_Trips -->
