<?xml version="1.0" encoding="UTF-8"?>
<!-- Generated by org.testng.reporters.JUnitReportReporter -->
<testsuite name="com.cleartrip.payment.nodejs.Payment_NodeJS_Activity_Mobile_CC" tests="1" time="16.751" ignored="0" failures="0" timestamp="17 Sep 2019 04:48:27 GMT" skipped="0" hostname="sysadm-PC" errors="0">
  <testcase name="paymentNodeJS_Acty_Mobile_CC" time="16.751" classname="com.cleartrip.payment.nodejs.Payment_NodeJS_Activity_Mobile_CC"/>
</testsuite> <!-- com.cleartrip.payment.nodejs.Payment_NodeJS_Activity_Mobile_CC -->
