<?xml version="1.0" encoding="UTF-8"?>
<!-- Generated by org.testng.reporters.JUnitReportReporter -->
<testsuite skipped="0" hostname="sysadm-PC" name="tripServices.TS_GET_Trips_API_Versioning" tests="1" failures="0" timestamp="17 Jan 2020 05:13:48 GMT" time="32.151" errors="0">
  <testcase name="getTripService" time="32.151" classname="tripServices.TS_GET_Trips_API_Versioning"/>
</testsuite> <!-- tripServices.TS_GET_Trips_API_Versioning -->
