<?xml version="1.0" encoding="UTF-8"?>
<!-- Generated by org.testng.reporters.JUnitReportReporter -->
<testsuite skipped="0" hostname="sysadm-Latitude-3470" name="paymentsUI.Payment_NodeJS_CC_US" tests="1" failures="0" timestamp="17 Feb 2020 10:37:49 GMT" time="16.470" errors="0">
  <testcase name="paymentNodeJS_CCUS" time="16.470" classname="paymentsUI.Payment_NodeJS_CC_US"/>
</testsuite> <!-- paymentsUI.Payment_NodeJS_CC_US -->
