<?xml version="1.0" encoding="UTF-8"?>
<!-- Generated by org.testng.reporters.JUnitReportReporter -->
<testsuite skipped="0" hostname="sysadm-Latitude-3470" name="tripServicesProd.TS_TripQuery" tests="1" failures="0" timestamp="21 Feb 2020 07:56:37 GMT" time="1.131" errors="0">
  <testcase name="postTripQuery" time="1.131" classname="tripServicesProd.TS_TripQuery"/>
</testsuite> <!-- tripServicesProd.TS_TripQuery -->
