<?xml version="1.0" encoding="UTF-8"?>
<!-- Generated by org.testng.reporters.JUnitReportReporter -->
<testsuite name="com.cleartrip.platform.tripServices.TS_Get_ProductType_BookType" tests="1" time="9.815" ignored="0" failures="0" timestamp="21 Mar 2019 09:09:22 GMT" skipped="0" hostname="sysadm-PC" errors="0">
  <testcase name="getProducttypeBookingType" time="9.815" classname="com.cleartrip.platform.tripServices.TS_Get_ProductType_BookType"/>
</testsuite> <!-- com.cleartrip.platform.tripServices.TS_Get_ProductType_BookType -->
