<?xml version="1.0" encoding="UTF-8"?>
<!-- Generated by org.testng.reporters.JUnitReportReporter -->
<testsuite skipped="0" hostname="sysadm-Latitude-3480" name="tripServicesProd.TS_GET_SUPPLIER" tests="1" failures="0" timestamp="02 Apr 2020 02:57:54 GMT" time="123.963" errors="0">
  <testcase name="getSupplier" time="123.963" classname="tripServicesProd.TS_GET_SUPPLIER"/>
</testsuite> <!-- tripServicesProd.TS_GET_SUPPLIER -->
