<?xml version="1.0" encoding="UTF-8"?>
<!-- Generated by org.testng.reporters.JUnitReportReporter -->
<testsuite name="com.cleartrip.platform.tripServices.TripserviceGetCall_Finance" tests="1" time="2.956" ignored="0" failures="0" timestamp="14 Mar 2019 06:05:09 GMT" skipped="0" hostname="sysadm-PC" errors="0">
  <testcase name="airPostCall" time="2.956" classname="com.cleartrip.platform.tripServices.TripserviceGetCall_Finance"/>
</testsuite> <!-- com.cleartrip.platform.tripServices.TripserviceGetCall_Finance -->
