<?xml version="1.0" encoding="UTF-8"?>
<!-- Generated by org.testng.reporters.JUnitReportReporter -->
<testsuite skipped="0" hostname="sysadm-Latitude-3470" name="paymentsAPI.API_Binmanager_Add_MC_Credit" tests="1" failures="0" timestamp="13 Feb 2020 05:33:23 GMT" time="2.755" errors="0">
  <testcase name="binmanager_MC_Credit" time="2.755" classname="paymentsAPI.API_Binmanager_Add_MC_Credit"/>
</testsuite> <!-- paymentsAPI.API_Binmanager_Add_MC_Credit -->
