<?xml version="1.0" encoding="UTF-8"?>
<!-- Generated by org.testng.reporters.JUnitReportReporter -->
<testsuite skipped="0" hostname="sysadm-Latitude-3480" name="tripServices.Accounts_FetchtripdetailsByUserid" tests="1" failures="0" timestamp="02 Mar 2020 04:47:01 GMT" time="6.764" errors="0">
  <testcase name="Accounts_FetchByUserid" time="6.764" classname="tripServices.Accounts_FetchtripdetailsByUserid"/>
</testsuite> <!-- tripServices.Accounts_FetchtripdetailsByUserid -->
