<?xml version="1.0" encoding="UTF-8"?>
<!-- Generated by org.testng.reporters.JUnitReportReporter -->
<testsuite skipped="0" hostname="sysadm-Latitude-3470" name="tripServicesProd.TS_TripQuery" tests="1" failures="0" timestamp="11 Feb 2020 10:37:16 GMT" time="1.138" errors="0">
  <testcase name="postTripQuery" time="1.138" classname="tripServicesProd.TS_TripQuery"/>
</testsuite> <!-- tripServicesProd.TS_TripQuery -->
