<?xml version="1.0" encoding="UTF-8"?>
<!-- Generated by org.testng.reporters.JUnitReportReporter -->
<testsuite skipped="0" hostname="sysadm-Latitude-3480" name="tripServices.Accounts_FetchtripdetailsByTripid" tests="1" failures="0" timestamp="02 Mar 2020 04:47:00 GMT" time="8.432" errors="0">
  <testcase name="Accounts_FetchByTripid" time="8.432" classname="tripServices.Accounts_FetchtripdetailsByTripid"/>
</testsuite> <!-- tripServices.Accounts_FetchtripdetailsByTripid -->
