<?xml version="1.0" encoding="UTF-8"?>
<!-- Generated by org.testng.reporters.JUnitReportReporter -->
<testsuite skipped="0" hostname="sysadm-Latitude-3480" name="tripServicesProd.TS_Coupon_Validation" tests="1" failures="0" timestamp="07 Apr 2020 03:23:34 GMT" time="5.664" errors="0">
  <testcase name="couponValidation" time="5.664" classname="tripServicesProd.TS_Coupon_Validation"/>
</testsuite> <!-- tripServicesProd.TS_Coupon_Validation -->
