<?xml version="1.0" encoding="UTF-8"?>
<!-- Generated by org.testng.reporters.JUnitReportReporter -->
<testsuite skipped="0" hostname="sysadm-Latitude-3480" name="tripServicesProd.TS_GET_TripcountbyPNR" tests="1" failures="0" timestamp="09 Mar 2020 03:42:31 GMT" time="44.543" errors="0">
  <testcase name="getTripcount" time="44.543" classname="tripServicesProd.TS_GET_TripcountbyPNR"/>
</testsuite> <!-- tripServicesProd.TS_GET_TripcountbyPNR -->
