<?xml version="1.0" encoding="UTF-8"?>
<!-- Generated by org.testng.reporters.JUnitReportReporter -->
<testsuite name="com.cleartrip.platform.tripServices.TS_POST_EmailByTxnId" tests="1" time="0.157" ignored="0" failures="0" timestamp="07 Oct 2019 06:28:47 GMT" skipped="0" hostname="sysadm-PC" errors="0">
  <testcase name="getEmail" time="0.157" classname="com.cleartrip.platform.tripServices.TS_POST_EmailByTxnId"/>
</testsuite> <!-- com.cleartrip.platform.tripServices.TS_POST_EmailByTxnId -->
