<?xml version="1.0" encoding="UTF-8"?>
<!-- Generated by org.testng.reporters.JUnitReportReporter -->
<testsuite name="com.cleartrip.platform.tripServices.TS_UpdateBooking_Local" tests="2" time="51.020" ignored="0" failures="0" timestamp="07 Oct 2019 06:28:48 GMT" skipped="1" hostname="sysadm-PC" errors="0">
  <testcase name="Tripservicelocalputcall" time="25.309" classname="com.cleartrip.platform.tripServices.TS_UpdateBooking_Local">
    <skipped/>
  </testcase> <!-- Tripservicelocalputcall -->
  <testcase name="Tripservicelocalputcall" time="25.711" classname="com.cleartrip.platform.tripServices.TS_UpdateBooking_Local"/>
</testsuite> <!-- com.cleartrip.platform.tripServices.TS_UpdateBooking_Local -->
