<?xml version="1.0" encoding="UTF-8"?>
<!-- Generated by org.testng.reporters.JUnitReportReporter -->
<testsuite skipped="0" hostname="sysadm-IT3407" name="paymentsUI.Payment_NodeJS_GV_CC_AE" tests="1" failures="0" timestamp="23 Mar 2020 09:20:07 GMT" time="44.175" errors="0">
  <testcase name="paymentNodeJS_GV" time="44.175" classname="paymentsUI.Payment_NodeJS_GV_CC_AE"/>
</testsuite> <!-- paymentsUI.Payment_NodeJS_GV_CC_AE -->
