<?xml version="1.0" encoding="UTF-8"?>
<!-- Generated by org.testng.reporters.JUnitReportReporter -->
<testsuite skipped="0" hostname="sysadm-Latitude-3480" name="tripServices.TS_GET_CancelledInsurance" tests="1" failures="0" timestamp="24 Apr 2020 09:57:19 GMT" time="0.614" errors="0">
  <testcase name="getCancelledInsurance" time="0.614" classname="tripServices.TS_GET_CancelledInsurance"/>
</testsuite> <!-- tripServices.TS_GET_CancelledInsurance -->
