<?xml version="1.0" encoding="UTF-8"?>
<!-- Generated by org.testng.reporters.JUnitReportReporter -->
<testsuite skipped="0" hostname="IT3786-kirankumar" name="paymentsUI.PaymentUI_ErrorValidationUPIWalletAndNB" tests="1" failures="0" timestamp="11 Mar 2020 06:52:39 GMT" time="22.598" errors="0">
  <testcase name="errorValidations" time="22.598" classname="paymentsUI.PaymentUI_ErrorValidationUPIWalletAndNB"/>
</testsuite> <!-- paymentsUI.PaymentUI_ErrorValidationUPIWalletAndNB -->
