<?xml version="1.0" encoding="UTF-8"?>
<!-- Generated by org.testng.reporters.JUnitReportReporter -->
<testsuite skipped="0" hostname="sysadm-Latitude-3480" name="tripServices.TS_MF_MFilter" tests="1" failures="0" timestamp="28 May 2020 10:59:10 GMT" time="3.809" errors="0">
  <testcase name="mFilterCall" time="3.809" classname="tripServices.TS_MF_MFilter"/>
</testsuite> <!-- tripServices.TS_MF_MFilter -->
