<?xml version="1.0" encoding="UTF-8"?>
<!-- Generated by org.testng.reporters.JUnitReportReporter -->
<testsuite skipped="0" hostname="sysadm-Latitude-3480" name="tripServices.TS_Update_Air_Module" tests="1" failures="0" timestamp="02 Mar 2020 04:47:00 GMT" time="18.388" errors="0">
  <testcase name="airPostCall" time="18.388" classname="tripServices.TS_Update_Air_Module"/>
</testsuite> <!-- tripServices.TS_Update_Air_Module -->
