<?xml version="1.0" encoding="UTF-8"?>
<!-- Generated by org.testng.reporters.JUnitReportReporter -->
<testsuite name="testScriptsAccounts.MWTrips" tests="1" time="18.815" ignored="0" failures="0" timestamp="11 Feb 2019 07:40:05 GMT" skipped="0" hostname="sysadm-PC" errors="0">
  <testcase name="mwMyTrips" time="18.815" classname="testScriptsAccounts.MWTrips"/>
</testsuite> <!-- testScriptsAccounts.MWTrips -->
