<?xml version="1.0" encoding="UTF-8"?>
<!-- Generated by org.testng.reporters.JUnitReportReporter -->
<testsuite skipped="0" hostname="sysadm-Latitude-3470" name="smsserviceprod.DomesticSMS" tests="1" failures="0" timestamp="11 Feb 2020 09:56:26 GMT" time="2.577" errors="0">
  <testcase name="smsservice" time="2.577" classname="smsserviceprod.DomesticSMS"/>
</testsuite> <!-- smsserviceprod.DomesticSMS -->
