<?xml version="1.0" encoding="UTF-8"?>
<!-- Generated by org.testng.reporters.JUnitReportReporter -->
<testsuite skipped="0" hostname="sysadm-Latitude-3480" name="tripServicesProd.Accounts_ExistingUser" tests="1" failures="0" timestamp="02 Apr 2020 02:57:54 GMT" time="7.821" errors="0">
  <testcase name="Accounts_ExistingUsers" time="7.821" classname="tripServicesProd.Accounts_ExistingUser"/>
</testsuite> <!-- tripServicesProd.Accounts_ExistingUser -->
