<?xml version="1.0" encoding="UTF-8"?>
<!-- Generated by org.testng.reporters.JUnitReportReporter -->
<testsuite skipped="0" hostname="sysadm-Latitude-3480" name="tripServices.TS_ProductType_Userid_Air" tests="1" failures="0" timestamp="09 Nov 2020 08:10:53 GMT" time="0.210" errors="0">
  <testcase name="producttype_userid_air" time="0.210" classname="tripServices.TS_ProductType_Userid_Air"/>
</testsuite> <!-- tripServices.TS_ProductType_Userid_Air -->
