<?xml version="1.0" encoding="UTF-8"?>
<!-- Generated by org.testng.reporters.JUnitReportReporter -->
<testsuite skipped="0" hostname="sysadm-Latitude-3480" name="paymentsAPI.API_Binmanager" tests="1" failures="0" timestamp="05 Mar 2020 05:12:34 GMT" time="1.133" errors="0">
  <testcase name="binmanager_qaurl" time="1.133" classname="paymentsAPI.API_Binmanager"/>
</testsuite> <!-- paymentsAPI.API_Binmanager -->
