<?xml version="1.0" encoding="UTF-8"?>
<!-- Generated by org.testng.reporters.JUnitReportReporter -->
<testsuite name="com.cleartrip.platform.whatsappService.WhatsappOptinFlowStatus" tests="1" time="0.067" ignored="0" failures="0" timestamp="07 Oct 2019 06:28:48 GMT" skipped="0" hostname="sysadm-PC" errors="0">
  <testcase name="message" time="0.067" classname="com.cleartrip.platform.whatsappService.WhatsappOptinFlowStatus"/>
</testsuite> <!-- com.cleartrip.platform.whatsappService.WhatsappOptinFlowStatus -->
