<?xml version="1.0" encoding="UTF-8"?>
<!-- Generated by org.testng.reporters.JUnitReportReporter -->
<testsuite skipped="0" hostname="sysadm-Latitude-3480" name="tripServices.TS_Post_UpcomingTrips" tests="1" failures="0" timestamp="23 Mar 2020 05:25:08 GMT" time="0.906" errors="0">
  <testcase name="upcomingTripsPostCall" time="0.906" classname="tripServices.TS_Post_UpcomingTrips"/>
</testsuite> <!-- tripServices.TS_Post_UpcomingTrips -->
