<?xml version="1.0" encoding="UTF-8"?>
<!-- Generated by org.testng.reporters.JUnitReportReporter -->
<testsuite skipped="0" hostname="sysadm-IT3407" name="paymentsAPI.API_Navison_Air" tests="1" failures="0" timestamp="18 Mar 2020 18:30:05 GMT" time="326.179" errors="0">
  <testcase name="paymentCC_API" time="326.179" classname="paymentsAPI.API_Navison_Air"/>
</testsuite> <!-- paymentsAPI.API_Navison_Air -->
