<?xml version="1.0" encoding="UTF-8"?>
<!-- Generated by org.testng.reporters.JUnitReportReporter -->
<testsuite skipped="0" hostname="sysadm-Latitude-3480" name="tripServicesProd.TS_GET_FinanceAllTrips_Hotel" tests="1" failures="0" timestamp="28 Apr 2020 03:08:33 GMT" time="10.199" errors="0">
  <testcase name="getTripService" time="10.199" classname="tripServicesProd.TS_GET_FinanceAllTrips_Hotel"/>
</testsuite> <!-- tripServicesProd.TS_GET_FinanceAllTrips_Hotel -->
